000 (013.010.000) 03/06 18:48:32 Job submitted from host: <128.83.144.121:48069>
...
001 (013.010.000) 03/06 18:49:12 Job executing on host: <128.83.144.48:41187>
...
006 (013.010.000) 03/06 18:49:21 Image size of job updated: 102604
	3  -  MemoryUsage of job (MB)
	2252  -  ResidentSetSize of job (KB)
...
006 (013.010.000) 03/06 18:54:21 Image size of job updated: 37035476
	2193  -  MemoryUsage of job (MB)
	2244844  -  ResidentSetSize of job (KB)
...
006 (013.010.000) 03/06 18:59:21 Image size of job updated: 37035476
	2233  -  MemoryUsage of job (MB)
	2286024  -  ResidentSetSize of job (KB)
...
006 (013.010.000) 03/06 19:04:22 Image size of job updated: 37035476
	2234  -  MemoryUsage of job (MB)
	2287560  -  ResidentSetSize of job (KB)
...
006 (013.010.000) 03/06 19:09:23 Image size of job updated: 37035476
	2235  -  MemoryUsage of job (MB)
	2288564  -  ResidentSetSize of job (KB)
...
006 (013.010.000) 03/06 19:14:23 Image size of job updated: 37035476
	2237  -  MemoryUsage of job (MB)
	2290664  -  ResidentSetSize of job (KB)
...
006 (013.010.000) 03/06 19:24:25 Image size of job updated: 37035476
	2243  -  MemoryUsage of job (MB)
	2296300  -  ResidentSetSize of job (KB)
...
006 (013.010.000) 03/06 19:34:25 Image size of job updated: 37035476
	2247  -  MemoryUsage of job (MB)
	2300868  -  ResidentSetSize of job (KB)
...
006 (013.010.000) 03/06 19:39:26 Image size of job updated: 37035476
	2249  -  MemoryUsage of job (MB)
	2302936  -  ResidentSetSize of job (KB)
...
006 (013.010.000) 03/06 19:44:27 Image size of job updated: 37035476
	2253  -  MemoryUsage of job (MB)
	2306560  -  ResidentSetSize of job (KB)
...
006 (013.010.000) 03/06 19:49:27 Image size of job updated: 37035476
	2263  -  MemoryUsage of job (MB)
	2316852  -  ResidentSetSize of job (KB)
...
006 (013.010.000) 03/06 19:54:27 Image size of job updated: 37035476
	2267  -  MemoryUsage of job (MB)
	2320484  -  ResidentSetSize of job (KB)
...
006 (013.010.000) 03/06 19:59:28 Image size of job updated: 37035476
	2280  -  MemoryUsage of job (MB)
	2333888  -  ResidentSetSize of job (KB)
...
005 (013.010.000) 03/06 19:59:47 Job terminated.
	(1) Normal termination (return value 0)
		Usr 0 01:12:24, Sys 0 00:00:04  -  Run Remote Usage
		Usr 0 00:00:00, Sys 0 00:00:00  -  Run Local Usage
		Usr 0 01:12:24, Sys 0 00:00:04  -  Total Remote Usage
		Usr 0 00:00:00, Sys 0 00:00:00  -  Total Local Usage
	0  -  Run Bytes Sent By Job
	0  -  Run Bytes Received By Job
	0  -  Total Bytes Sent By Job
	0  -  Total Bytes Received By Job
	Partitionable Resources :    Usage  Request Allocated
	   Cpus                 :                 1         1
	   Disk (KB)            :       10       10   4691980
	   Gpus                 :                           0
	   Memory (MB)          :     2280        1      4027
...
