000 (023.016.000) 03/04 12:55:07 Job submitted from host: <128.83.130.128:56193>
...
001 (023.016.000) 03/04 12:55:20 Job executing on host: <128.83.144.84:41463>
...
006 (023.016.000) 03/04 12:55:29 Image size of job updated: 37035476
	322  -  MemoryUsage of job (MB)
	329348  -  ResidentSetSize of job (KB)
...
006 (023.016.000) 03/04 12:58:32 Image size of job updated: 37701116
	322  -  MemoryUsage of job (MB)
	329348  -  ResidentSetSize of job (KB)
...
004 (023.016.000) 03/04 12:58:32 Job was evicted.
	(0) Job was not checkpointed.
		Usr 0 00:04:55, Sys 0 00:00:01  -  Run Remote Usage
		Usr 0 00:00:00, Sys 0 00:00:00  -  Run Local Usage
	0  -  Run Bytes Sent By Job
	0  -  Run Bytes Received By Job
	Partitionable Resources :    Usage  Request Allocated
	   Cpus                 :                 1         1
	   Disk (KB)            :       10       10   7541874
	   Gpus                 :                           0
	   Memory (MB)          :      322        1      4027
...
009 (023.016.000) 03/04 12:58:33 Job was aborted by the user.
	via condor_rm (by user harshal)
...
000 (043.016.000) 03/04 13:04:19 Job submitted from host: <128.83.130.128:56193>
...
001 (043.016.000) 03/04 13:04:31 Job executing on host: <128.83.144.155:50520>
...
006 (043.016.000) 03/04 13:04:40 Image size of job updated: 29536764
	68  -  MemoryUsage of job (MB)
	69580  -  ResidentSetSize of job (KB)
...
006 (043.016.000) 03/04 13:09:41 Image size of job updated: 30202404
	3104  -  MemoryUsage of job (MB)
	3178204  -  ResidentSetSize of job (KB)
...
004 (043.016.000) 03/04 13:10:25 Job was evicted.
	(0) Job was not checkpointed.
		Usr 0 00:06:01, Sys 0 00:00:01  -  Run Remote Usage
		Usr 0 00:00:00, Sys 0 00:00:00  -  Run Local Usage
	0  -  Run Bytes Sent By Job
	0  -  Run Bytes Received By Job
	Partitionable Resources :    Usage  Request Allocated
	   Cpus                 :                 1         1
	   Disk (KB)            :       10       10   8863364
	   Gpus                 :                           0
	   Memory (MB)          :     3104        1      4028
...
009 (043.016.000) 03/04 13:10:25 Job was aborted by the user.
	via condor_rm (by user harshal)
...
000 (063.016.000) 03/04 13:12:13 Job submitted from host: <128.83.130.128:56193>
...
001 (063.016.000) 03/04 13:12:26 Job executing on host: <128.83.144.149:47710>
...
006 (063.016.000) 03/04 13:12:34 Image size of job updated: 29539332
	345  -  MemoryUsage of job (MB)
	352732  -  ResidentSetSize of job (KB)
...
006 (063.016.000) 03/04 13:17:34 Image size of job updated: 30202404
	2194  -  MemoryUsage of job (MB)
	2245748  -  ResidentSetSize of job (KB)
...
006 (063.016.000) 03/04 13:22:34 Image size of job updated: 30202404
	2208  -  MemoryUsage of job (MB)
	2260272  -  ResidentSetSize of job (KB)
...
006 (063.016.000) 03/04 13:27:35 Image size of job updated: 30202404
	2212  -  MemoryUsage of job (MB)
	2265000  -  ResidentSetSize of job (KB)
...
006 (063.016.000) 03/04 13:32:35 Image size of job updated: 30202404
	2219  -  MemoryUsage of job (MB)
	2272092  -  ResidentSetSize of job (KB)
...
006 (063.016.000) 03/04 13:37:35 Image size of job updated: 30202404
	2224  -  MemoryUsage of job (MB)
	2277152  -  ResidentSetSize of job (KB)
...
004 (063.016.000) 03/04 13:43:28 Job was evicted.
	(0) Job was not checkpointed.
		Usr 0 00:59:01, Sys 0 00:00:03  -  Run Remote Usage
		Usr 0 00:00:00, Sys 0 00:00:00  -  Run Local Usage
	0  -  Run Bytes Sent By Job
	0  -  Run Bytes Received By Job
	Partitionable Resources :    Usage  Request Allocated
	   Cpus                 :                 1         1
	   Disk (KB)            :       10       10   8862079
	   Gpus                 :                           0
	   Memory (MB)          :     2224        1      4028
...
009 (063.016.000) 03/04 13:43:28 Job was aborted by the user.
	via condor_rm (by user harshal)
...
000 (085.016.000) 03/04 13:47:41 Job submitted from host: <128.83.130.128:56193>
...
001 (085.016.000) 03/04 13:47:53 Job executing on host: <128.83.144.155:50520>
...
006 (085.016.000) 03/04 13:48:02 Image size of job updated: 29536748
	34  -  MemoryUsage of job (MB)
	33948  -  ResidentSetSize of job (KB)
...
006 (085.016.000) 03/04 13:49:09 Image size of job updated: 30335532
	34  -  MemoryUsage of job (MB)
	33948  -  ResidentSetSize of job (KB)
...
004 (085.016.000) 03/04 13:49:09 Job was evicted.
	(0) Job was not checkpointed.
		Usr 0 00:01:31, Sys 0 00:00:00  -  Run Remote Usage
		Usr 0 00:00:00, Sys 0 00:00:00  -  Run Local Usage
	0  -  Run Bytes Sent By Job
	0  -  Run Bytes Received By Job
	Partitionable Resources :    Usage  Request Allocated
	   Cpus                 :                 1         1
	   Disk (KB)            :       10       10   8863364
	   Gpus                 :                           0
	   Memory (MB)          :       34        1      4028
...
009 (085.016.000) 03/04 13:49:09 Job was aborted by the user.
	via condor_rm (by user harshal)
...
000 (108.016.000) 03/04 13:50:13 Job submitted from host: <128.83.130.128:56193>
...
001 (108.016.000) 03/04 13:50:27 Job executing on host: <128.83.144.148:58982>
...
006 (108.016.000) 03/04 13:50:36 Image size of job updated: 102588
	3  -  MemoryUsage of job (MB)
	2252  -  ResidentSetSize of job (KB)
...
006 (108.016.000) 03/04 13:55:37 Image size of job updated: 30202404
	3101  -  MemoryUsage of job (MB)
	3175052  -  ResidentSetSize of job (KB)
...
000 (132.016.000) 03/04 14:25:15 Job submitted from host: <128.83.130.128:56193>
...
001 (132.016.000) 03/04 14:25:30 Job executing on host: <128.83.144.168:32955>
...
006 (132.016.000) 03/04 14:25:39 Image size of job updated: 37035476
	354  -  MemoryUsage of job (MB)
	362448  -  ResidentSetSize of job (KB)
...
006 (132.016.000) 03/04 14:30:40 Image size of job updated: 37701116
	2210  -  MemoryUsage of job (MB)
	2262096  -  ResidentSetSize of job (KB)
...
006 (132.016.000) 03/04 14:35:40 Image size of job updated: 37701116
	3210  -  MemoryUsage of job (MB)
	3286584  -  ResidentSetSize of job (KB)
...
006 (132.016.000) 03/04 14:40:40 Image size of job updated: 37701116
	3814  -  MemoryUsage of job (MB)
	3905196  -  ResidentSetSize of job (KB)
...
006 (132.016.000) 03/04 15:05:45 Image size of job updated: 37701116
	4044  -  MemoryUsage of job (MB)
	4140872  -  ResidentSetSize of job (KB)
...
006 (132.016.000) 03/04 16:35:56 Image size of job updated: 37701116
	4673  -  MemoryUsage of job (MB)
	4784912  -  ResidentSetSize of job (KB)
...
006 (132.016.000) 03/04 20:16:18 Image size of job updated: 37701116
	4684  -  MemoryUsage of job (MB)
	4795472  -  ResidentSetSize of job (KB)
...
006 (132.016.000) 03/04 20:21:19 Image size of job updated: 37701116
	4694  -  MemoryUsage of job (MB)
	4805780  -  ResidentSetSize of job (KB)
...
006 (132.016.000) 03/04 20:26:20 Image size of job updated: 37701116
	4710  -  MemoryUsage of job (MB)
	4822608  -  ResidentSetSize of job (KB)
...
006 (132.016.000) 03/04 20:31:20 Image size of job updated: 37701116
	4720  -  MemoryUsage of job (MB)
	4832832  -  ResidentSetSize of job (KB)
...
006 (132.016.000) 03/04 20:36:20 Image size of job updated: 37701116
	4734  -  MemoryUsage of job (MB)
	4846608  -  ResidentSetSize of job (KB)
...
005 (132.016.000) 03/04 23:53:55 Job terminated.
	(1) Normal termination (return value 0)
		Usr 1 09:46:17, Sys 0 00:01:05  -  Run Remote Usage
		Usr 0 00:00:00, Sys 0 00:00:00  -  Run Local Usage
		Usr 1 09:46:17, Sys 0 00:01:05  -  Total Remote Usage
		Usr 0 00:00:00, Sys 0 00:00:00  -  Total Local Usage
	0  -  Run Bytes Sent By Job
	0  -  Run Bytes Received By Job
	0  -  Total Bytes Sent By Job
	0  -  Total Bytes Received By Job
	Partitionable Resources :    Usage  Request Allocated
	   Cpus                 :                 1         1
	   Disk (KB)            :       10       10   7541874
	   Gpus                 :                           0
	   Memory (MB)          :     4734        1      4027
...
006 (108.016.000) 03/05 00:01:40 Image size of job updated: 30202404
	3318  -  MemoryUsage of job (MB)
	3397344  -  ResidentSetSize of job (KB)
...
006 (108.016.000) 03/05 00:06:42 Image size of job updated: 30202404
	3321  -  MemoryUsage of job (MB)
	3399872  -  ResidentSetSize of job (KB)
...
006 (108.016.000) 03/05 00:11:42 Image size of job updated: 30202404
	3325  -  MemoryUsage of job (MB)
	3403940  -  ResidentSetSize of job (KB)
...
006 (108.016.000) 03/05 00:16:42 Image size of job updated: 30202404
	3330  -  MemoryUsage of job (MB)
	3409036  -  ResidentSetSize of job (KB)
...
006 (108.016.000) 03/05 00:21:43 Image size of job updated: 30202404
	3332  -  MemoryUsage of job (MB)
	3411056  -  ResidentSetSize of job (KB)
...
006 (108.016.000) 03/05 00:26:44 Image size of job updated: 30202404
	3336  -  MemoryUsage of job (MB)
	3415116  -  ResidentSetSize of job (KB)
...
006 (108.016.000) 03/05 00:31:44 Image size of job updated: 30202404
	3338  -  MemoryUsage of job (MB)
	3417136  -  ResidentSetSize of job (KB)
...
006 (108.016.000) 03/05 00:36:44 Image size of job updated: 30202404
	3342  -  MemoryUsage of job (MB)
	3421204  -  ResidentSetSize of job (KB)
...
006 (108.016.000) 03/05 00:41:45 Image size of job updated: 30202404
	3342  -  MemoryUsage of job (MB)
	3421684  -  ResidentSetSize of job (KB)
...
006 (108.016.000) 03/05 02:01:53 Image size of job updated: 30202404
	3628  -  MemoryUsage of job (MB)
	3715032  -  ResidentSetSize of job (KB)
...
006 (108.016.000) 03/05 04:27:09 Image size of job updated: 30202404
	4024  -  MemoryUsage of job (MB)
	4120240  -  ResidentSetSize of job (KB)
...
006 (108.016.000) 03/05 05:52:18 Image size of job updated: 30202404
	4274  -  MemoryUsage of job (MB)
	4376044  -  ResidentSetSize of job (KB)
...
006 (108.016.000) 03/05 07:57:32 Image size of job updated: 30202404
	4465  -  MemoryUsage of job (MB)
	4571948  -  ResidentSetSize of job (KB)
...
006 (108.016.000) 03/05 08:02:32 Image size of job updated: 30202404
	4566  -  MemoryUsage of job (MB)
	4675148  -  ResidentSetSize of job (KB)
...
006 (108.016.000) 03/05 08:07:33 Image size of job updated: 30202404
	4571  -  MemoryUsage of job (MB)
	4680224  -  ResidentSetSize of job (KB)
...
006 (108.016.000) 03/05 08:12:34 Image size of job updated: 30202404
	4577  -  MemoryUsage of job (MB)
	4686312  -  ResidentSetSize of job (KB)
...
006 (108.016.000) 03/05 08:17:34 Image size of job updated: 30202404
	4769  -  MemoryUsage of job (MB)
	4883396  -  ResidentSetSize of job (KB)
...
006 (108.016.000) 03/05 08:22:35 Image size of job updated: 30202404
	4775  -  MemoryUsage of job (MB)
	4888968  -  ResidentSetSize of job (KB)
...
006 (108.016.000) 03/05 08:27:36 Image size of job updated: 30202404
	4784  -  MemoryUsage of job (MB)
	4898128  -  ResidentSetSize of job (KB)
...
006 (108.016.000) 03/05 08:32:36 Image size of job updated: 30202404
	4789  -  MemoryUsage of job (MB)
	4903200  -  ResidentSetSize of job (KB)
...
006 (108.016.000) 03/05 08:37:36 Image size of job updated: 30202404
	4795  -  MemoryUsage of job (MB)
	4909800  -  ResidentSetSize of job (KB)
...
006 (108.016.000) 03/05 08:42:38 Image size of job updated: 30202404
	4805  -  MemoryUsage of job (MB)
	4919988  -  ResidentSetSize of job (KB)
...
001 (108.016.000) 03/05 14:51:49 Job executing on host: <128.83.130.161:54625>
...
006 (108.016.000) 03/05 14:51:58 Image size of job updated: 35560244
	4883  -  MemoryUsage of job (MB)
	5000000  -  ResidentSetSize of job (KB)
...
006 (108.016.000) 03/05 14:56:59 Image size of job updated: 37701116
	5424  -  MemoryUsage of job (MB)
	5553652  -  ResidentSetSize of job (KB)
...
006 (108.016.000) 03/05 15:02:00 Image size of job updated: 37701116
	5426  -  MemoryUsage of job (MB)
	5556176  -  ResidentSetSize of job (KB)
...
006 (108.016.000) 03/05 15:07:00 Image size of job updated: 37701116
	5439  -  MemoryUsage of job (MB)
	5568876  -  ResidentSetSize of job (KB)
...
006 (108.016.000) 03/05 15:12:01 Image size of job updated: 37701116
	5450  -  MemoryUsage of job (MB)
	5580572  -  ResidentSetSize of job (KB)
...
006 (108.016.000) 03/05 15:17:02 Image size of job updated: 37701116
	5460  -  MemoryUsage of job (MB)
	5590724  -  ResidentSetSize of job (KB)
...
006 (108.016.000) 03/05 15:22:02 Image size of job updated: 37701116
	5475  -  MemoryUsage of job (MB)
	5605988  -  ResidentSetSize of job (KB)
...
006 (108.016.000) 03/05 15:27:02 Image size of job updated: 37701116
	5486  -  MemoryUsage of job (MB)
	5617184  -  ResidentSetSize of job (KB)
...
006 (108.016.000) 03/05 15:32:03 Image size of job updated: 37701116
	5917  -  MemoryUsage of job (MB)
	6058980  -  ResidentSetSize of job (KB)
...
006 (108.016.000) 03/05 15:37:03 Image size of job updated: 37701116
	5931  -  MemoryUsage of job (MB)
	6072328  -  ResidentSetSize of job (KB)
...
006 (108.016.000) 03/05 15:42:03 Image size of job updated: 37701116
	5942  -  MemoryUsage of job (MB)
	6084524  -  ResidentSetSize of job (KB)
...
006 (108.016.000) 03/05 15:47:04 Image size of job updated: 37701116
	5951  -  MemoryUsage of job (MB)
	6093172  -  ResidentSetSize of job (KB)
...
006 (108.016.000) 03/05 15:52:05 Image size of job updated: 37701116
	5965  -  MemoryUsage of job (MB)
	6107436  -  ResidentSetSize of job (KB)
...
006 (108.016.000) 03/05 15:57:05 Image size of job updated: 37701116
	5976  -  MemoryUsage of job (MB)
	6118636  -  ResidentSetSize of job (KB)
...
006 (108.016.000) 03/05 16:02:05 Image size of job updated: 37701116
	5988  -  MemoryUsage of job (MB)
	6130836  -  ResidentSetSize of job (KB)
...
006 (108.016.000) 03/05 16:07:06 Image size of job updated: 37701116
	5997  -  MemoryUsage of job (MB)
	6139992  -  ResidentSetSize of job (KB)
...
006 (108.016.000) 03/05 16:12:06 Image size of job updated: 37701116
	6009  -  MemoryUsage of job (MB)
	6152204  -  ResidentSetSize of job (KB)
...
006 (108.016.000) 03/05 16:17:06 Image size of job updated: 37701116
	6026  -  MemoryUsage of job (MB)
	6170036  -  ResidentSetSize of job (KB)
...
006 (108.016.000) 03/05 16:22:07 Image size of job updated: 37701116
	6036  -  MemoryUsage of job (MB)
	6180208  -  ResidentSetSize of job (KB)
...
006 (108.016.000) 03/05 16:27:08 Image size of job updated: 37701116
	6048  -  MemoryUsage of job (MB)
	6192924  -  ResidentSetSize of job (KB)
...
006 (108.016.000) 03/05 16:32:08 Image size of job updated: 37701116
	6057  -  MemoryUsage of job (MB)
	6201576  -  ResidentSetSize of job (KB)
...
006 (108.016.000) 03/05 16:37:09 Image size of job updated: 37701116
	6067  -  MemoryUsage of job (MB)
	6212248  -  ResidentSetSize of job (KB)
...
006 (108.016.000) 03/05 16:42:10 Image size of job updated: 37701116
	6080  -  MemoryUsage of job (MB)
	6225480  -  ResidentSetSize of job (KB)
...
006 (108.016.000) 03/05 16:47:10 Image size of job updated: 37701116
	6094  -  MemoryUsage of job (MB)
	6239260  -  ResidentSetSize of job (KB)
...
006 (108.016.000) 03/05 16:52:10 Image size of job updated: 37701116
	6104  -  MemoryUsage of job (MB)
	6249952  -  ResidentSetSize of job (KB)
...
006 (108.016.000) 03/05 16:57:11 Image size of job updated: 37701116
	6116  -  MemoryUsage of job (MB)
	6262656  -  ResidentSetSize of job (KB)
...
006 (108.016.000) 03/05 17:02:11 Image size of job updated: 37701116
	6126  -  MemoryUsage of job (MB)
	6272320  -  ResidentSetSize of job (KB)
...
006 (108.016.000) 03/05 17:07:11 Image size of job updated: 37701116
	6136  -  MemoryUsage of job (MB)
	6283032  -  ResidentSetSize of job (KB)
...
006 (108.016.000) 03/05 17:12:12 Image size of job updated: 37701116
	6147  -  MemoryUsage of job (MB)
	6294236  -  ResidentSetSize of job (KB)
...
006 (108.016.000) 03/05 17:17:13 Image size of job updated: 37701116
	6158  -  MemoryUsage of job (MB)
	6305444  -  ResidentSetSize of job (KB)
...
006 (108.016.000) 03/05 17:22:13 Image size of job updated: 37701116
	6168  -  MemoryUsage of job (MB)
	6315100  -  ResidentSetSize of job (KB)
...
006 (108.016.000) 03/05 17:27:13 Image size of job updated: 37701116
	6177  -  MemoryUsage of job (MB)
	6324268  -  ResidentSetSize of job (KB)
...
006 (108.016.000) 03/05 17:32:14 Image size of job updated: 37701116
	6189  -  MemoryUsage of job (MB)
	6337008  -  ResidentSetSize of job (KB)
...
006 (108.016.000) 03/05 17:37:15 Image size of job updated: 37701116
	6200  -  MemoryUsage of job (MB)
	6348200  -  ResidentSetSize of job (KB)
...
006 (108.016.000) 03/05 17:42:15 Image size of job updated: 37701116
	6211  -  MemoryUsage of job (MB)
	6359912  -  ResidentSetSize of job (KB)
...
006 (108.016.000) 03/05 17:47:16 Image size of job updated: 37701116
	6223  -  MemoryUsage of job (MB)
	6371620  -  ResidentSetSize of job (KB)
...
006 (108.016.000) 03/05 17:52:17 Image size of job updated: 37701116
	6232  -  MemoryUsage of job (MB)
	6380756  -  ResidentSetSize of job (KB)
...
006 (108.016.000) 03/05 17:57:17 Image size of job updated: 37701116
	6243  -  MemoryUsage of job (MB)
	6391968  -  ResidentSetSize of job (KB)
...
006 (108.016.000) 03/05 18:02:17 Image size of job updated: 37701116
	6254  -  MemoryUsage of job (MB)
	6403668  -  ResidentSetSize of job (KB)
...
006 (108.016.000) 03/05 18:07:18 Image size of job updated: 37701116
	6268  -  MemoryUsage of job (MB)
	6417412  -  ResidentSetSize of job (KB)
...
006 (108.016.000) 03/05 18:12:19 Image size of job updated: 37701116
	6280  -  MemoryUsage of job (MB)
	6429828  -  ResidentSetSize of job (KB)
...
006 (108.016.000) 03/05 18:17:19 Image size of job updated: 37701116
	6289  -  MemoryUsage of job (MB)
	6439488  -  ResidentSetSize of job (KB)
...
006 (108.016.000) 03/05 18:22:20 Image size of job updated: 37701116
	6299  -  MemoryUsage of job (MB)
	6449664  -  ResidentSetSize of job (KB)
...
006 (108.016.000) 03/05 18:27:21 Image size of job updated: 37701116
	6311  -  MemoryUsage of job (MB)
	6462412  -  ResidentSetSize of job (KB)
...
006 (108.016.000) 03/05 18:32:21 Image size of job updated: 37701116
	6324  -  MemoryUsage of job (MB)
	6475144  -  ResidentSetSize of job (KB)
...
006 (108.016.000) 03/05 18:37:21 Image size of job updated: 37701116
	6335  -  MemoryUsage of job (MB)
	6486332  -  ResidentSetSize of job (KB)
...
006 (108.016.000) 03/05 18:42:23 Image size of job updated: 37701116
	6345  -  MemoryUsage of job (MB)
	6496496  -  ResidentSetSize of job (KB)
...
006 (108.016.000) 03/05 18:47:23 Image size of job updated: 37701116
	6355  -  MemoryUsage of job (MB)
	6507188  -  ResidentSetSize of job (KB)
...
006 (108.016.000) 03/05 18:52:23 Image size of job updated: 37701116
	6365  -  MemoryUsage of job (MB)
	6516848  -  ResidentSetSize of job (KB)
...
006 (108.016.000) 03/05 18:57:24 Image size of job updated: 37701116
	6412  -  MemoryUsage of job (MB)
	6564868  -  ResidentSetSize of job (KB)
...
006 (108.016.000) 03/05 19:02:25 Image size of job updated: 37701116
	6468  -  MemoryUsage of job (MB)
	6622372  -  ResidentSetSize of job (KB)
...
006 (108.016.000) 03/05 19:07:25 Image size of job updated: 37701116
	6475  -  MemoryUsage of job (MB)
	6629968  -  ResidentSetSize of job (KB)
...
006 (108.016.000) 03/05 19:12:25 Image size of job updated: 37701116
	6491  -  MemoryUsage of job (MB)
	6646256  -  ResidentSetSize of job (KB)
...
006 (108.016.000) 03/05 19:17:26 Image size of job updated: 37701116
	6499  -  MemoryUsage of job (MB)
	6654884  -  ResidentSetSize of job (KB)
...
006 (108.016.000) 03/05 19:22:26 Image size of job updated: 37701116
	6508  -  MemoryUsage of job (MB)
	6664016  -  ResidentSetSize of job (KB)
...
005 (108.016.000) 03/05 23:29:30 Job terminated.
	(1) Normal termination (return value 0)
		Usr 1 12:25:55, Sys 0 00:00:51  -  Run Remote Usage
		Usr 0 00:00:00, Sys 0 00:00:00  -  Run Local Usage
		Usr 1 12:25:55, Sys 0 00:00:51  -  Total Remote Usage
		Usr 0 00:00:00, Sys 0 00:00:00  -  Total Local Usage
	0  -  Run Bytes Sent By Job
	0  -  Run Bytes Received By Job
	0  -  Total Bytes Sent By Job
	0  -  Total Bytes Received By Job
	Partitionable Resources :    Usage  Request Allocated
	   Cpus                 :                 1         1
	   Disk (KB)            :       10       10   1911591
	   Gpus                 :                           0
	   Memory (MB)          :     6508     4883     24188
...
