000 (013.015.000) 03/06 18:48:32 Job submitted from host: <128.83.144.121:48069>
...
001 (013.015.000) 03/06 18:49:09 Job executing on host: <128.83.139.148:54099>
...
006 (013.015.000) 03/06 18:49:18 Image size of job updated: 37035272
	35  -  MemoryUsage of job (MB)
	35344  -  ResidentSetSize of job (KB)
...
006 (013.015.000) 03/06 18:54:19 Image size of job updated: 37035476
	781  -  MemoryUsage of job (MB)
	799024  -  ResidentSetSize of job (KB)
...
006 (013.015.000) 03/06 18:59:19 Image size of job updated: 37035476
	818  -  MemoryUsage of job (MB)
	837236  -  ResidentSetSize of job (KB)
...
006 (013.015.000) 03/06 19:14:21 Image size of job updated: 37035476
	843  -  MemoryUsage of job (MB)
	863000  -  ResidentSetSize of job (KB)
...
006 (013.015.000) 03/06 19:19:21 Image size of job updated: 37035476
	898  -  MemoryUsage of job (MB)
	918996  -  ResidentSetSize of job (KB)
...
006 (013.015.000) 03/06 19:44:25 Image size of job updated: 37035476
	1049  -  MemoryUsage of job (MB)
	1073176  -  ResidentSetSize of job (KB)
...
006 (013.015.000) 03/06 19:49:25 Image size of job updated: 37035476
	1058  -  MemoryUsage of job (MB)
	1082528  -  ResidentSetSize of job (KB)
...
006 (013.015.000) 03/06 19:54:25 Image size of job updated: 37035476
	1210  -  MemoryUsage of job (MB)
	1238344  -  ResidentSetSize of job (KB)
...
005 (013.015.000) 03/06 20:16:57 Job terminated.
	(1) Normal termination (return value 0)
		Usr 0 01:30:20, Sys 0 00:00:06  -  Run Remote Usage
		Usr 0 00:00:00, Sys 0 00:00:00  -  Run Local Usage
		Usr 0 01:30:20, Sys 0 00:00:06  -  Total Remote Usage
		Usr 0 00:00:00, Sys 0 00:00:00  -  Total Local Usage
	0  -  Run Bytes Sent By Job
	0  -  Run Bytes Received By Job
	0  -  Total Bytes Sent By Job
	0  -  Total Bytes Received By Job
	Partitionable Resources :    Usage  Request Allocated
	   Cpus                 :                 1         1
	   Disk (KB)            :       10       10   7541874
	   Gpus                 :                           0
	   Memory (MB)          :     1210        1      4027
...
