000 (013.003.000) 03/06 18:48:32 Job submitted from host: <128.83.144.121:48069>
...
001 (013.003.000) 03/06 18:49:12 Job executing on host: <128.83.144.48:41187>
...
006 (013.003.000) 03/06 18:49:21 Image size of job updated: 102608
	3  -  MemoryUsage of job (MB)
	2252  -  ResidentSetSize of job (KB)
...
006 (013.003.000) 03/06 18:54:21 Image size of job updated: 37035476
	2087  -  MemoryUsage of job (MB)
	2136424  -  ResidentSetSize of job (KB)
...
005 (013.003.000) 03/06 19:17:55 Job terminated.
	(1) Normal termination (return value 0)
		Usr 0 00:29:10, Sys 0 00:00:02  -  Run Remote Usage
		Usr 0 00:00:00, Sys 0 00:00:00  -  Run Local Usage
		Usr 0 00:29:10, Sys 0 00:00:02  -  Total Remote Usage
		Usr 0 00:00:00, Sys 0 00:00:00  -  Total Local Usage
	0  -  Run Bytes Sent By Job
	0  -  Run Bytes Received By Job
	0  -  Total Bytes Sent By Job
	0  -  Total Bytes Received By Job
	Partitionable Resources :    Usage  Request Allocated
	   Cpus                 :                 1         1
	   Disk (KB)            :       10       10   4691980
	   Gpus                 :                           0
	   Memory (MB)          :     2087        1      4027
...
