000 (023.015.000) 03/04 12:55:07 Job submitted from host: <128.83.130.128:56193>
...
001 (023.015.000) 03/04 12:55:20 Job executing on host: <128.83.144.84:41463>
...
006 (023.015.000) 03/04 12:55:28 Image size of job updated: 37035476
	375  -  MemoryUsage of job (MB)
	383892  -  ResidentSetSize of job (KB)
...
006 (023.015.000) 03/04 12:58:32 Image size of job updated: 37701116
	375  -  MemoryUsage of job (MB)
	383892  -  ResidentSetSize of job (KB)
...
004 (023.015.000) 03/04 12:58:32 Job was evicted.
	(0) Job was not checkpointed.
		Usr 0 00:04:54, Sys 0 00:00:00  -  Run Remote Usage
		Usr 0 00:00:00, Sys 0 00:00:00  -  Run Local Usage
	0  -  Run Bytes Sent By Job
	0  -  Run Bytes Received By Job
	Partitionable Resources :    Usage  Request Allocated
	   Cpus                 :                 1         1
	   Disk (KB)            :       10       10   7541874
	   Gpus                 :                           0
	   Memory (MB)          :      375        1      4027
...
009 (023.015.000) 03/04 12:58:34 Job was aborted by the user.
	via condor_rm (by user harshal)
...
000 (043.015.000) 03/04 13:04:19 Job submitted from host: <128.83.130.128:56193>
...
001 (043.015.000) 03/04 13:04:31 Job executing on host: <128.83.144.155:50520>
...
006 (043.015.000) 03/04 13:04:40 Image size of job updated: 29536764
	97  -  MemoryUsage of job (MB)
	98980  -  ResidentSetSize of job (KB)
...
006 (043.015.000) 03/04 13:09:41 Image size of job updated: 30202404
	3119  -  MemoryUsage of job (MB)
	3192876  -  ResidentSetSize of job (KB)
...
004 (043.015.000) 03/04 13:10:25 Job was evicted.
	(0) Job was not checkpointed.
		Usr 0 00:06:02, Sys 0 00:00:01  -  Run Remote Usage
		Usr 0 00:00:00, Sys 0 00:00:00  -  Run Local Usage
	0  -  Run Bytes Sent By Job
	0  -  Run Bytes Received By Job
	Partitionable Resources :    Usage  Request Allocated
	   Cpus                 :                 1         1
	   Disk (KB)            :       10       10   8863364
	   Gpus                 :                           0
	   Memory (MB)          :     3119        1      4028
...
009 (043.015.000) 03/04 13:10:25 Job was aborted by the user.
	via condor_rm (by user harshal)
...
000 (063.015.000) 03/04 13:12:13 Job submitted from host: <128.83.130.128:56193>
...
001 (063.015.000) 03/04 13:12:25 Job executing on host: <128.83.144.149:47710>
...
006 (063.015.000) 03/04 13:12:34 Image size of job updated: 29539332
	340  -  MemoryUsage of job (MB)
	347460  -  ResidentSetSize of job (KB)
...
006 (063.015.000) 03/04 13:17:35 Image size of job updated: 30202404
	1174  -  MemoryUsage of job (MB)
	1202008  -  ResidentSetSize of job (KB)
...
006 (063.015.000) 03/04 13:22:35 Image size of job updated: 30202404
	1475  -  MemoryUsage of job (MB)
	1510264  -  ResidentSetSize of job (KB)
...
006 (063.015.000) 03/04 13:27:36 Image size of job updated: 30202404
	1763  -  MemoryUsage of job (MB)
	1804316  -  ResidentSetSize of job (KB)
...
006 (063.015.000) 03/04 13:32:37 Image size of job updated: 30202404
	1769  -  MemoryUsage of job (MB)
	1811424  -  ResidentSetSize of job (KB)
...
006 (063.015.000) 03/04 13:37:37 Image size of job updated: 30202404
	1774  -  MemoryUsage of job (MB)
	1815640  -  ResidentSetSize of job (KB)
...
006 (063.015.000) 03/04 13:42:37 Image size of job updated: 30202404
	1781  -  MemoryUsage of job (MB)
	1822760  -  ResidentSetSize of job (KB)
...
004 (063.015.000) 03/04 13:43:28 Job was evicted.
	(0) Job was not checkpointed.
		Usr 0 01:00:28, Sys 0 00:00:02  -  Run Remote Usage
		Usr 0 00:00:00, Sys 0 00:00:00  -  Run Local Usage
	0  -  Run Bytes Sent By Job
	0  -  Run Bytes Received By Job
	Partitionable Resources :    Usage  Request Allocated
	   Cpus                 :                 1         1
	   Disk (KB)            :       10       10   8862079
	   Gpus                 :                           0
	   Memory (MB)          :     1781        1      4028
...
009 (063.015.000) 03/04 13:43:28 Job was aborted by the user.
	via condor_rm (by user harshal)
...
000 (085.015.000) 03/04 13:47:41 Job submitted from host: <128.83.130.128:56193>
...
001 (085.015.000) 03/04 13:47:53 Job executing on host: <128.83.144.155:50520>
...
006 (085.015.000) 03/04 13:48:01 Image size of job updated: 29536764
	42  -  MemoryUsage of job (MB)
	42832  -  ResidentSetSize of job (KB)
...
006 (085.015.000) 03/04 13:49:09 Image size of job updated: 30335532
	42  -  MemoryUsage of job (MB)
	42832  -  ResidentSetSize of job (KB)
...
004 (085.015.000) 03/04 13:49:09 Job was evicted.
	(0) Job was not checkpointed.
		Usr 0 00:01:32, Sys 0 00:00:00  -  Run Remote Usage
		Usr 0 00:00:00, Sys 0 00:00:00  -  Run Local Usage
	0  -  Run Bytes Sent By Job
	0  -  Run Bytes Received By Job
	Partitionable Resources :    Usage  Request Allocated
	   Cpus                 :                 1         1
	   Disk (KB)            :       10       10   8863364
	   Gpus                 :                           0
	   Memory (MB)          :       42        1      4028
...
009 (085.015.000) 03/04 13:49:09 Job was aborted by the user.
	via condor_rm (by user harshal)
...
000 (108.015.000) 03/04 13:50:13 Job submitted from host: <128.83.130.128:56193>
...
001 (108.015.000) 03/04 13:50:27 Job executing on host: <128.83.144.148:58982>
...
006 (108.015.000) 03/04 13:50:36 Image size of job updated: 102588
	3  -  MemoryUsage of job (MB)
	2248  -  ResidentSetSize of job (KB)
...
006 (108.015.000) 03/04 13:55:37 Image size of job updated: 30202404
	3202  -  MemoryUsage of job (MB)
	3278572  -  ResidentSetSize of job (KB)
...
006 (108.015.000) 03/04 14:00:37 Image size of job updated: 30202404
	3232  -  MemoryUsage of job (MB)
	3308840  -  ResidentSetSize of job (KB)
...
006 (108.015.000) 03/04 14:15:39 Image size of job updated: 30202404
	3239  -  MemoryUsage of job (MB)
	3315728  -  ResidentSetSize of job (KB)
...
006 (108.015.000) 03/04 14:20:39 Image size of job updated: 30202404
	3241  -  MemoryUsage of job (MB)
	3318736  -  ResidentSetSize of job (KB)
...
000 (132.015.000) 03/04 14:25:15 Job submitted from host: <128.83.130.128:56193>
...
001 (132.015.000) 03/04 14:25:26 Job executing on host: <128.83.144.155:50520>
...
006 (132.015.000) 03/04 14:25:34 Image size of job updated: 25195512
	13  -  MemoryUsage of job (MB)
	12396  -  ResidentSetSize of job (KB)
...
006 (108.015.000) 03/04 14:25:40 Image size of job updated: 30202404
	3246  -  MemoryUsage of job (MB)
	3323772  -  ResidentSetSize of job (KB)
...
006 (108.015.000) 03/04 14:30:41 Image size of job updated: 30202404
	3250  -  MemoryUsage of job (MB)
	3327152  -  ResidentSetSize of job (KB)
...
006 (132.015.000) 03/04 14:30:44 Image size of job updated: 30202404
	1849  -  MemoryUsage of job (MB)
	1893112  -  ResidentSetSize of job (KB)
...
010 (132.015.000) 03/04 14:33:29 Job was suspended.
	Number of processes actually suspended: 1
...
011 (132.015.000) 03/04 14:34:31 Job was unsuspended.
...
006 (108.015.000) 03/04 14:35:41 Image size of job updated: 30202404
	3256  -  MemoryUsage of job (MB)
	3333436  -  ResidentSetSize of job (KB)
...
006 (108.015.000) 03/04 14:40:41 Image size of job updated: 30202404
	3258  -  MemoryUsage of job (MB)
	3335944  -  ResidentSetSize of job (KB)
...
006 (108.015.000) 03/04 14:45:42 Image size of job updated: 30202404
	3266  -  MemoryUsage of job (MB)
	3344080  -  ResidentSetSize of job (KB)
...
006 (108.015.000) 03/04 14:50:42 Image size of job updated: 30202404
	3276  -  MemoryUsage of job (MB)
	3354184  -  ResidentSetSize of job (KB)
...
005 (132.015.000) 03/04 14:51:32 Job terminated.
	(0) Abnormal termination (signal 6)
	(0) No core file
		Usr 0 00:09:01, Sys 0 00:00:06  -  Run Remote Usage
		Usr 0 00:00:00, Sys 0 00:00:00  -  Run Local Usage
		Usr 0 00:09:01, Sys 0 00:00:06  -  Total Remote Usage
		Usr 0 00:00:00, Sys 0 00:00:00  -  Total Local Usage
	0  -  Run Bytes Sent By Job
	0  -  Run Bytes Received By Job
	0  -  Total Bytes Sent By Job
	0  -  Total Bytes Received By Job
	Partitionable Resources :    Usage  Request Allocated
	   Cpus                 :                 1         1
	   Disk (KB)            :       10       10   8863364
	   Gpus                 :                           0
	   Memory (MB)          :     1849        1      4028
...
006 (108.015.000) 03/04 14:55:42 Image size of job updated: 30202404
	3284  -  MemoryUsage of job (MB)
	3362336  -  ResidentSetSize of job (KB)
...
006 (108.015.000) 03/04 15:00:43 Image size of job updated: 30202404
	3286  -  MemoryUsage of job (MB)
	3364316  -  ResidentSetSize of job (KB)
...
006 (108.015.000) 03/04 15:05:44 Image size of job updated: 30202404
	3290  -  MemoryUsage of job (MB)
	3368460  -  ResidentSetSize of job (KB)
...
006 (108.015.000) 03/04 15:10:44 Image size of job updated: 30202404
	3295  -  MemoryUsage of job (MB)
	3374044  -  ResidentSetSize of job (KB)
...
006 (108.015.000) 03/04 15:15:45 Image size of job updated: 30202404
	3298  -  MemoryUsage of job (MB)
	3376492  -  ResidentSetSize of job (KB)
...
006 (108.015.000) 03/04 15:20:46 Image size of job updated: 30202404
	3302  -  MemoryUsage of job (MB)
	3380524  -  ResidentSetSize of job (KB)
...
006 (108.015.000) 03/04 15:25:46 Image size of job updated: 30202404
	3308  -  MemoryUsage of job (MB)
	3386588  -  ResidentSetSize of job (KB)
...
006 (108.015.000) 03/04 15:30:46 Image size of job updated: 30202404
	3313  -  MemoryUsage of job (MB)
	3391648  -  ResidentSetSize of job (KB)
...
006 (108.015.000) 03/04 15:35:47 Image size of job updated: 30202404
	3316  -  MemoryUsage of job (MB)
	3395172  -  ResidentSetSize of job (KB)
...
006 (108.015.000) 03/04 15:40:48 Image size of job updated: 30202404
	3322  -  MemoryUsage of job (MB)
	3401264  -  ResidentSetSize of job (KB)
...
006 (108.015.000) 03/04 15:45:48 Image size of job updated: 30202404
	3327  -  MemoryUsage of job (MB)
	3406832  -  ResidentSetSize of job (KB)
...
006 (108.015.000) 03/04 15:50:49 Image size of job updated: 30202404
	3335  -  MemoryUsage of job (MB)
	3414464  -  ResidentSetSize of job (KB)
...
006 (108.015.000) 03/04 15:55:50 Image size of job updated: 30202404
	3337  -  MemoryUsage of job (MB)
	3416980  -  ResidentSetSize of job (KB)
...
006 (108.015.000) 03/04 16:00:50 Image size of job updated: 30202404
	3341  -  MemoryUsage of job (MB)
	3420516  -  ResidentSetSize of job (KB)
...
006 (108.015.000) 03/04 16:05:50 Image size of job updated: 30202404
	3344  -  MemoryUsage of job (MB)
	3424080  -  ResidentSetSize of job (KB)
...
006 (108.015.000) 03/04 16:10:51 Image size of job updated: 30202404
	3347  -  MemoryUsage of job (MB)
	3427120  -  ResidentSetSize of job (KB)
...
006 (108.015.000) 03/04 16:15:51 Image size of job updated: 30202404
	3353  -  MemoryUsage of job (MB)
	3433216  -  ResidentSetSize of job (KB)
...
006 (108.015.000) 03/04 16:20:51 Image size of job updated: 30202404
	3358  -  MemoryUsage of job (MB)
	3437784  -  ResidentSetSize of job (KB)
...
006 (108.015.000) 03/04 16:25:52 Image size of job updated: 30202404
	3364  -  MemoryUsage of job (MB)
	3444400  -  ResidentSetSize of job (KB)
...
006 (108.015.000) 03/04 16:30:53 Image size of job updated: 30202404
	3369  -  MemoryUsage of job (MB)
	3449484  -  ResidentSetSize of job (KB)
...
006 (108.015.000) 03/04 16:35:53 Image size of job updated: 30202404
	3379  -  MemoryUsage of job (MB)
	3459164  -  ResidentSetSize of job (KB)
...
006 (108.015.000) 03/04 16:40:54 Image size of job updated: 30202404
	3379  -  MemoryUsage of job (MB)
	3459624  -  ResidentSetSize of job (KB)
...
006 (108.015.000) 03/04 16:45:55 Image size of job updated: 30202404
	3383  -  MemoryUsage of job (MB)
	3463672  -  ResidentSetSize of job (KB)
...
006 (108.015.000) 03/04 16:50:55 Image size of job updated: 30202404
	3388  -  MemoryUsage of job (MB)
	3468736  -  ResidentSetSize of job (KB)
...
006 (108.015.000) 03/04 16:55:55 Image size of job updated: 30202404
	3391  -  MemoryUsage of job (MB)
	3472284  -  ResidentSetSize of job (KB)
...
006 (108.015.000) 03/04 17:00:56 Image size of job updated: 30202404
	3394  -  MemoryUsage of job (MB)
	3474812  -  ResidentSetSize of job (KB)
...
006 (108.015.000) 03/04 17:05:57 Image size of job updated: 30202404
	3403  -  MemoryUsage of job (MB)
	3484508  -  ResidentSetSize of job (KB)
...
006 (108.015.000) 03/04 17:10:57 Image size of job updated: 30202404
	3406  -  MemoryUsage of job (MB)
	3487604  -  ResidentSetSize of job (KB)
...
006 (108.015.000) 03/04 17:15:58 Image size of job updated: 30202404
	3411  -  MemoryUsage of job (MB)
	3492164  -  ResidentSetSize of job (KB)
...
006 (108.015.000) 03/04 17:20:59 Image size of job updated: 30202404
	3413  -  MemoryUsage of job (MB)
	3494704  -  ResidentSetSize of job (KB)
...
006 (108.015.000) 03/04 17:25:59 Image size of job updated: 30202404
	3417  -  MemoryUsage of job (MB)
	3498740  -  ResidentSetSize of job (KB)
...
006 (108.015.000) 03/04 17:30:59 Image size of job updated: 30202404
	3423  -  MemoryUsage of job (MB)
	3504344  -  ResidentSetSize of job (KB)
...
006 (108.015.000) 03/04 17:36:00 Image size of job updated: 30202404
	3426  -  MemoryUsage of job (MB)
	3507888  -  ResidentSetSize of job (KB)
...
006 (108.015.000) 03/04 17:41:00 Image size of job updated: 30202404
	3430  -  MemoryUsage of job (MB)
	3511428  -  ResidentSetSize of job (KB)
...
006 (108.015.000) 03/04 17:46:00 Image size of job updated: 30202404
	3433  -  MemoryUsage of job (MB)
	3514468  -  ResidentSetSize of job (KB)
...
006 (108.015.000) 03/04 17:51:01 Image size of job updated: 30202404
	3438  -  MemoryUsage of job (MB)
	3519536  -  ResidentSetSize of job (KB)
...
006 (108.015.000) 03/04 18:01:02 Image size of job updated: 30202404
	3444  -  MemoryUsage of job (MB)
	3526124  -  ResidentSetSize of job (KB)
...
006 (108.015.000) 03/04 18:06:03 Image size of job updated: 30202404
	3448  -  MemoryUsage of job (MB)
	3530684  -  ResidentSetSize of job (KB)
...
006 (108.015.000) 03/04 18:11:04 Image size of job updated: 30202404
	3451  -  MemoryUsage of job (MB)
	3533216  -  ResidentSetSize of job (KB)
...
006 (108.015.000) 03/04 18:16:04 Image size of job updated: 30202404
	3452  -  MemoryUsage of job (MB)
	3534720  -  ResidentSetSize of job (KB)
...
006 (108.015.000) 03/04 18:21:04 Image size of job updated: 30202404
	3457  -  MemoryUsage of job (MB)
	3539284  -  ResidentSetSize of job (KB)
...
006 (108.015.000) 03/04 18:26:05 Image size of job updated: 30202404
	3460  -  MemoryUsage of job (MB)
	3542824  -  ResidentSetSize of job (KB)
...
006 (108.015.000) 03/04 18:31:06 Image size of job updated: 30202404
	3464  -  MemoryUsage of job (MB)
	3546376  -  ResidentSetSize of job (KB)
...
006 (108.015.000) 03/04 18:36:06 Image size of job updated: 30202404
	3471  -  MemoryUsage of job (MB)
	3553520  -  ResidentSetSize of job (KB)
...
006 (108.015.000) 03/04 18:41:07 Image size of job updated: 30202404
	3472  -  MemoryUsage of job (MB)
	3554516  -  ResidentSetSize of job (KB)
...
006 (108.015.000) 03/04 18:46:08 Image size of job updated: 30202404
	3476  -  MemoryUsage of job (MB)
	3558600  -  ResidentSetSize of job (KB)
...
006 (108.015.000) 03/04 18:51:08 Image size of job updated: 30202404
	3479  -  MemoryUsage of job (MB)
	3561644  -  ResidentSetSize of job (KB)
...
006 (108.015.000) 03/04 18:56:08 Image size of job updated: 30202404
	3482  -  MemoryUsage of job (MB)
	3564680  -  ResidentSetSize of job (KB)
...
006 (108.015.000) 03/04 19:01:09 Image size of job updated: 30202404
	3485  -  MemoryUsage of job (MB)
	3567712  -  ResidentSetSize of job (KB)
...
006 (108.015.000) 03/04 19:06:09 Image size of job updated: 30202404
	3489  -  MemoryUsage of job (MB)
	3571784  -  ResidentSetSize of job (KB)
...
006 (108.015.000) 03/04 19:11:09 Image size of job updated: 30202404
	3491  -  MemoryUsage of job (MB)
	3574308  -  ResidentSetSize of job (KB)
...
006 (108.015.000) 03/04 19:16:10 Image size of job updated: 30202404
	3496  -  MemoryUsage of job (MB)
	3579404  -  ResidentSetSize of job (KB)
...
006 (108.015.000) 03/04 19:21:11 Image size of job updated: 30202404
	3498  -  MemoryUsage of job (MB)
	3581944  -  ResidentSetSize of job (KB)
...
006 (108.015.000) 03/04 19:26:11 Image size of job updated: 30202404
	3501  -  MemoryUsage of job (MB)
	3584472  -  ResidentSetSize of job (KB)
...
006 (108.015.000) 03/04 19:31:12 Image size of job updated: 30202404
	3504  -  MemoryUsage of job (MB)
	3588012  -  ResidentSetSize of job (KB)
...
006 (108.015.000) 03/04 19:36:13 Image size of job updated: 30202404
	3508  -  MemoryUsage of job (MB)
	3592072  -  ResidentSetSize of job (KB)
...
006 (108.015.000) 03/04 19:41:13 Image size of job updated: 30202404
	3513  -  MemoryUsage of job (MB)
	3597168  -  ResidentSetSize of job (KB)
...
006 (108.015.000) 03/04 19:46:13 Image size of job updated: 30202404
	3517  -  MemoryUsage of job (MB)
	3600716  -  ResidentSetSize of job (KB)
...
006 (108.015.000) 03/04 19:51:14 Image size of job updated: 30202404
	3521  -  MemoryUsage of job (MB)
	3605296  -  ResidentSetSize of job (KB)
...
006 (108.015.000) 03/04 19:56:14 Image size of job updated: 30202404
	3525  -  MemoryUsage of job (MB)
	3609360  -  ResidentSetSize of job (KB)
...
006 (108.015.000) 03/04 20:06:15 Image size of job updated: 30202404
	3530  -  MemoryUsage of job (MB)
	3613900  -  ResidentSetSize of job (KB)
...
006 (108.015.000) 03/04 20:11:16 Image size of job updated: 30202404
	3533  -  MemoryUsage of job (MB)
	3616944  -  ResidentSetSize of job (KB)
...
006 (108.015.000) 03/04 20:16:16 Image size of job updated: 30202404
	3537  -  MemoryUsage of job (MB)
	3621000  -  ResidentSetSize of job (KB)
...
006 (108.015.000) 03/04 20:21:17 Image size of job updated: 30202404
	3542  -  MemoryUsage of job (MB)
	3626096  -  ResidentSetSize of job (KB)
...
006 (108.015.000) 03/04 20:26:18 Image size of job updated: 30202404
	3544  -  MemoryUsage of job (MB)
	3628624  -  ResidentSetSize of job (KB)
...
006 (108.015.000) 03/04 20:31:18 Image size of job updated: 30202404
	3548  -  MemoryUsage of job (MB)
	3632180  -  ResidentSetSize of job (KB)
...
006 (108.015.000) 03/04 20:36:18 Image size of job updated: 30202404
	3554  -  MemoryUsage of job (MB)
	3638288  -  ResidentSetSize of job (KB)
...
006 (108.015.000) 03/04 20:41:19 Image size of job updated: 30202404
	3556  -  MemoryUsage of job (MB)
	3640824  -  ResidentSetSize of job (KB)
...
006 (108.015.000) 03/04 20:46:19 Image size of job updated: 30202404
	3561  -  MemoryUsage of job (MB)
	3645924  -  ResidentSetSize of job (KB)
...
006 (108.015.000) 03/04 20:51:19 Image size of job updated: 30202404
	3561  -  MemoryUsage of job (MB)
	3646392  -  ResidentSetSize of job (KB)
...
006 (108.015.000) 03/04 20:56:20 Image size of job updated: 30202404
	3565  -  MemoryUsage of job (MB)
	3649932  -  ResidentSetSize of job (KB)
...
006 (108.015.000) 03/04 21:01:21 Image size of job updated: 30202404
	3569  -  MemoryUsage of job (MB)
	3653992  -  ResidentSetSize of job (KB)
...
006 (108.015.000) 03/04 21:06:21 Image size of job updated: 30202404
	3572  -  MemoryUsage of job (MB)
	3657536  -  ResidentSetSize of job (KB)
...
006 (108.015.000) 03/04 21:11:22 Image size of job updated: 30202404
	3577  -  MemoryUsage of job (MB)
	3662628  -  ResidentSetSize of job (KB)
...
006 (108.015.000) 03/04 21:16:23 Image size of job updated: 30202404
	3579  -  MemoryUsage of job (MB)
	3664116  -  ResidentSetSize of job (KB)
...
006 (108.015.000) 03/04 21:21:23 Image size of job updated: 30202404
	3585  -  MemoryUsage of job (MB)
	3670232  -  ResidentSetSize of job (KB)
...
006 (108.015.000) 03/04 21:26:23 Image size of job updated: 30202404
	3586  -  MemoryUsage of job (MB)
	3671740  -  ResidentSetSize of job (KB)
...
006 (108.015.000) 03/04 21:31:24 Image size of job updated: 30202404
	3590  -  MemoryUsage of job (MB)
	3675804  -  ResidentSetSize of job (KB)
...
006 (108.015.000) 03/04 21:36:25 Image size of job updated: 30202404
	3594  -  MemoryUsage of job (MB)
	3679872  -  ResidentSetSize of job (KB)
...
006 (108.015.000) 03/04 21:41:25 Image size of job updated: 30202404
	3598  -  MemoryUsage of job (MB)
	3683424  -  ResidentSetSize of job (KB)
...
006 (108.015.000) 03/04 21:46:26 Image size of job updated: 30202404
	3603  -  MemoryUsage of job (MB)
	3689012  -  ResidentSetSize of job (KB)
...
006 (108.015.000) 03/04 21:51:27 Image size of job updated: 30202404
	3607  -  MemoryUsage of job (MB)
	3693088  -  ResidentSetSize of job (KB)
...
006 (108.015.000) 03/04 21:56:27 Image size of job updated: 30202404
	3611  -  MemoryUsage of job (MB)
	3697152  -  ResidentSetSize of job (KB)
...
006 (108.015.000) 03/04 22:01:27 Image size of job updated: 30202404
	3615  -  MemoryUsage of job (MB)
	3701728  -  ResidentSetSize of job (KB)
...
006 (108.015.000) 03/04 22:06:28 Image size of job updated: 30202404
	3617  -  MemoryUsage of job (MB)
	3703228  -  ResidentSetSize of job (KB)
...
006 (108.015.000) 03/04 22:11:28 Image size of job updated: 30202404
	3621  -  MemoryUsage of job (MB)
	3707808  -  ResidentSetSize of job (KB)
...
006 (108.015.000) 03/04 22:16:28 Image size of job updated: 30202404
	3624  -  MemoryUsage of job (MB)
	3710844  -  ResidentSetSize of job (KB)
...
006 (108.015.000) 03/04 22:21:30 Image size of job updated: 30202404
	3630  -  MemoryUsage of job (MB)
	3716444  -  ResidentSetSize of job (KB)
...
006 (108.015.000) 03/04 22:26:30 Image size of job updated: 30202404
	3632  -  MemoryUsage of job (MB)
	3718456  -  ResidentSetSize of job (KB)
...
006 (108.015.000) 03/04 22:31:30 Image size of job updated: 30202404
	3635  -  MemoryUsage of job (MB)
	3721492  -  ResidentSetSize of job (KB)
...
006 (108.015.000) 03/04 22:36:32 Image size of job updated: 30202404
	3638  -  MemoryUsage of job (MB)
	3724520  -  ResidentSetSize of job (KB)
...
006 (108.015.000) 03/04 22:41:32 Image size of job updated: 30202404
	3643  -  MemoryUsage of job (MB)
	3730128  -  ResidentSetSize of job (KB)
...
006 (108.015.000) 03/04 22:46:32 Image size of job updated: 30202404
	3645  -  MemoryUsage of job (MB)
	3732136  -  ResidentSetSize of job (KB)
...
006 (108.015.000) 03/04 22:51:33 Image size of job updated: 30202404
	3650  -  MemoryUsage of job (MB)
	3736700  -  ResidentSetSize of job (KB)
...
006 (108.015.000) 03/04 22:56:34 Image size of job updated: 30202404
	3653  -  MemoryUsage of job (MB)
	3740260  -  ResidentSetSize of job (KB)
...
006 (108.015.000) 03/04 23:01:34 Image size of job updated: 30202404
	3655  -  MemoryUsage of job (MB)
	3742288  -  ResidentSetSize of job (KB)
...
006 (108.015.000) 03/04 23:06:35 Image size of job updated: 30202404
	3659  -  MemoryUsage of job (MB)
	3746360  -  ResidentSetSize of job (KB)
...
006 (108.015.000) 03/04 23:11:36 Image size of job updated: 30202404
	3661  -  MemoryUsage of job (MB)
	3748380  -  ResidentSetSize of job (KB)
...
006 (108.015.000) 03/04 23:16:36 Image size of job updated: 30202404
	3666  -  MemoryUsage of job (MB)
	3753472  -  ResidentSetSize of job (KB)
...
006 (108.015.000) 03/04 23:21:36 Image size of job updated: 30202404
	3669  -  MemoryUsage of job (MB)
	3756500  -  ResidentSetSize of job (KB)
...
006 (108.015.000) 03/04 23:26:37 Image size of job updated: 30202404
	3672  -  MemoryUsage of job (MB)
	3759544  -  ResidentSetSize of job (KB)
...
006 (108.015.000) 03/04 23:31:38 Image size of job updated: 30202404
	3675  -  MemoryUsage of job (MB)
	3763092  -  ResidentSetSize of job (KB)
...
006 (108.015.000) 03/04 23:36:38 Image size of job updated: 30202404
	3679  -  MemoryUsage of job (MB)
	3766648  -  ResidentSetSize of job (KB)
...
006 (108.015.000) 03/04 23:41:39 Image size of job updated: 30202404
	3685  -  MemoryUsage of job (MB)
	3772760  -  ResidentSetSize of job (KB)
...
006 (108.015.000) 03/04 23:51:40 Image size of job updated: 30202404
	3690  -  MemoryUsage of job (MB)
	3778332  -  ResidentSetSize of job (KB)
...
006 (108.015.000) 03/04 23:56:40 Image size of job updated: 30202404
	3693  -  MemoryUsage of job (MB)
	3781376  -  ResidentSetSize of job (KB)
...
006 (108.015.000) 03/05 00:01:42 Image size of job updated: 30202404
	3697  -  MemoryUsage of job (MB)
	3785436  -  ResidentSetSize of job (KB)
...
006 (108.015.000) 03/05 00:06:42 Image size of job updated: 30202404
	3700  -  MemoryUsage of job (MB)
	3787976  -  ResidentSetSize of job (KB)
...
006 (108.015.000) 03/05 00:11:42 Image size of job updated: 30202404
	3704  -  MemoryUsage of job (MB)
	3792040  -  ResidentSetSize of job (KB)
...
006 (108.015.000) 03/05 00:16:43 Image size of job updated: 30202404
	3708  -  MemoryUsage of job (MB)
	3796616  -  ResidentSetSize of job (KB)
...
006 (108.015.000) 03/05 00:21:44 Image size of job updated: 30202404
	3712  -  MemoryUsage of job (MB)
	3800680  -  ResidentSetSize of job (KB)
...
006 (108.015.000) 03/05 00:26:44 Image size of job updated: 30202404
	3715  -  MemoryUsage of job (MB)
	3803712  -  ResidentSetSize of job (KB)
...
006 (108.015.000) 03/05 02:56:59 Image size of job updated: 30202404
	3766  -  MemoryUsage of job (MB)
	3855904  -  ResidentSetSize of job (KB)
...
006 (108.015.000) 03/05 04:12:07 Image size of job updated: 30202404
	3802  -  MemoryUsage of job (MB)
	3892492  -  ResidentSetSize of job (KB)
...
006 (108.015.000) 03/05 04:17:08 Image size of job updated: 30202404
	3806  -  MemoryUsage of job (MB)
	3896688  -  ResidentSetSize of job (KB)
...
006 (108.015.000) 03/05 04:22:08 Image size of job updated: 30202404
	3811  -  MemoryUsage of job (MB)
	3902280  -  ResidentSetSize of job (KB)
...
006 (108.015.000) 03/05 04:27:09 Image size of job updated: 30202404
	3815  -  MemoryUsage of job (MB)
	3905840  -  ResidentSetSize of job (KB)
...
006 (108.015.000) 03/05 04:32:10 Image size of job updated: 30202404
	3818  -  MemoryUsage of job (MB)
	3909392  -  ResidentSetSize of job (KB)
...
006 (108.015.000) 03/05 04:37:10 Image size of job updated: 30202404
	3824  -  MemoryUsage of job (MB)
	3914992  -  ResidentSetSize of job (KB)
...
006 (108.015.000) 03/05 04:42:10 Image size of job updated: 30202404
	3939  -  MemoryUsage of job (MB)
	4032724  -  ResidentSetSize of job (KB)
...
006 (108.015.000) 03/05 04:47:11 Image size of job updated: 30202404
	3939  -  MemoryUsage of job (MB)
	4033408  -  ResidentSetSize of job (KB)
...
006 (108.015.000) 03/05 04:52:11 Image size of job updated: 30202404
	3941  -  MemoryUsage of job (MB)
	4035428  -  ResidentSetSize of job (KB)
...
006 (108.015.000) 03/05 04:57:11 Image size of job updated: 30202404
	3947  -  MemoryUsage of job (MB)
	4041020  -  ResidentSetSize of job (KB)
...
006 (108.015.000) 03/05 05:02:12 Image size of job updated: 30202404
	3951  -  MemoryUsage of job (MB)
	4045588  -  ResidentSetSize of job (KB)
...
006 (108.015.000) 03/05 05:07:13 Image size of job updated: 30202404
	3955  -  MemoryUsage of job (MB)
	4049652  -  ResidentSetSize of job (KB)
...
006 (108.015.000) 03/05 05:12:13 Image size of job updated: 30202404
	4254  -  MemoryUsage of job (MB)
	4355796  -  ResidentSetSize of job (KB)
...
006 (108.015.000) 03/05 05:17:14 Image size of job updated: 30202404
	4260  -  MemoryUsage of job (MB)
	4361392  -  ResidentSetSize of job (KB)
...
006 (108.015.000) 03/05 05:22:15 Image size of job updated: 30202404
	4461  -  MemoryUsage of job (MB)
	4567948  -  ResidentSetSize of job (KB)
...
006 (108.015.000) 03/05 05:27:15 Image size of job updated: 30202404
	4465  -  MemoryUsage of job (MB)
	4572012  -  ResidentSetSize of job (KB)
...
006 (108.015.000) 03/05 05:32:15 Image size of job updated: 30202404
	4468  -  MemoryUsage of job (MB)
	4575048  -  ResidentSetSize of job (KB)
...
006 (108.015.000) 03/05 05:37:16 Image size of job updated: 30202404
	4475  -  MemoryUsage of job (MB)
	4581668  -  ResidentSetSize of job (KB)
...
006 (108.015.000) 03/05 05:42:16 Image size of job updated: 30202404
	4479  -  MemoryUsage of job (MB)
	4585728  -  ResidentSetSize of job (KB)
...
006 (108.015.000) 03/05 05:47:16 Image size of job updated: 30202404
	4481  -  MemoryUsage of job (MB)
	4587744  -  ResidentSetSize of job (KB)
...
006 (108.015.000) 03/05 05:52:17 Image size of job updated: 30202404
	4485  -  MemoryUsage of job (MB)
	4592316  -  ResidentSetSize of job (KB)
...
006 (108.015.000) 03/05 05:57:18 Image size of job updated: 30202404
	4490  -  MemoryUsage of job (MB)
	4597408  -  ResidentSetSize of job (KB)
...
006 (108.015.000) 03/05 06:02:18 Image size of job updated: 30202404
	4494  -  MemoryUsage of job (MB)
	4601468  -  ResidentSetSize of job (KB)
...
006 (108.015.000) 03/05 06:07:18 Image size of job updated: 30202404
	4498  -  MemoryUsage of job (MB)
	4605524  -  ResidentSetSize of job (KB)
...
006 (108.015.000) 03/05 06:12:19 Image size of job updated: 30202404
	4504  -  MemoryUsage of job (MB)
	4611112  -  ResidentSetSize of job (KB)
...
006 (108.015.000) 03/05 06:17:19 Image size of job updated: 30202404
	4508  -  MemoryUsage of job (MB)
	4615680  -  ResidentSetSize of job (KB)
...
006 (108.015.000) 03/05 06:22:19 Image size of job updated: 30202404
	4512  -  MemoryUsage of job (MB)
	4620244  -  ResidentSetSize of job (KB)
...
006 (108.015.000) 03/05 06:27:20 Image size of job updated: 30202404
	4518  -  MemoryUsage of job (MB)
	4625828  -  ResidentSetSize of job (KB)
...
006 (108.015.000) 03/05 06:32:21 Image size of job updated: 30202404
	4524  -  MemoryUsage of job (MB)
	4631932  -  ResidentSetSize of job (KB)
...
006 (108.015.000) 03/05 06:37:21 Image size of job updated: 30202404
	4529  -  MemoryUsage of job (MB)
	4637520  -  ResidentSetSize of job (KB)
...
006 (108.015.000) 03/05 06:42:22 Image size of job updated: 30202404
	4531  -  MemoryUsage of job (MB)
	4639528  -  ResidentSetSize of job (KB)
...
006 (108.015.000) 03/05 06:47:23 Image size of job updated: 30202404
	4538  -  MemoryUsage of job (MB)
	4646136  -  ResidentSetSize of job (KB)
...
006 (108.015.000) 03/05 06:52:23 Image size of job updated: 30202404
	4543  -  MemoryUsage of job (MB)
	4651728  -  ResidentSetSize of job (KB)
...
006 (108.015.000) 03/05 06:57:23 Image size of job updated: 30202404
	4544  -  MemoryUsage of job (MB)
	4652208  -  ResidentSetSize of job (KB)
...
006 (108.015.000) 03/05 08:22:32 Image size of job updated: 30202404
	4692  -  MemoryUsage of job (MB)
	4803844  -  ResidentSetSize of job (KB)
...
001 (108.015.000) 03/05 14:51:49 Job executing on host: <128.83.130.161:54625>
...
006 (108.015.000) 03/05 14:57:00 Image size of job updated: 37703004
	5235  -  MemoryUsage of job (MB)
	5360536  -  ResidentSetSize of job (KB)
...
006 (108.015.000) 03/05 21:02:37 Image size of job updated: 37703004
	5310  -  MemoryUsage of job (MB)
	5436976  -  ResidentSetSize of job (KB)
...
005 (108.015.000) 03/05 23:02:38 Job terminated.
	(1) Normal termination (return value 0)
		Usr 1 10:21:15, Sys 0 00:00:44  -  Run Remote Usage
		Usr 0 00:00:00, Sys 0 00:00:00  -  Run Local Usage
		Usr 1 10:21:15, Sys 0 00:00:44  -  Total Remote Usage
		Usr 0 00:00:00, Sys 0 00:00:00  -  Total Local Usage
	0  -  Run Bytes Sent By Job
	0  -  Run Bytes Received By Job
	0  -  Total Bytes Sent By Job
	0  -  Total Bytes Received By Job
	Partitionable Resources :    Usage  Request Allocated
	   Cpus                 :                 1         1
	   Disk (KB)            :       10       10   1911591
	   Gpus                 :                           0
	   Memory (MB)          :     5310     4883     24188
...
