000 (013.013.000) 03/06 18:48:32 Job submitted from host: <128.83.144.121:48069>
...
001 (013.013.000) 03/06 18:49:12 Job executing on host: <128.83.144.48:41187>
...
006 (013.013.000) 03/06 18:49:21 Image size of job updated: 10
	2  -  MemoryUsage of job (MB)
	2012  -  ResidentSetSize of job (KB)
...
006 (013.013.000) 03/06 18:54:21 Image size of job updated: 37035476
	2181  -  MemoryUsage of job (MB)
	2232904  -  ResidentSetSize of job (KB)
...
006 (013.013.000) 03/06 18:59:21 Image size of job updated: 37035476
	2222  -  MemoryUsage of job (MB)
	2274492  -  ResidentSetSize of job (KB)
...
006 (013.013.000) 03/06 19:04:22 Image size of job updated: 37035476
	2224  -  MemoryUsage of job (MB)
	2277068  -  ResidentSetSize of job (KB)
...
006 (013.013.000) 03/06 19:14:23 Image size of job updated: 37035476
	2228  -  MemoryUsage of job (MB)
	2280624  -  ResidentSetSize of job (KB)
...
006 (013.013.000) 03/06 19:24:24 Image size of job updated: 37035476
	2231  -  MemoryUsage of job (MB)
	2283728  -  ResidentSetSize of job (KB)
...
006 (013.013.000) 03/06 19:29:25 Image size of job updated: 37035476
	2232  -  MemoryUsage of job (MB)
	2284736  -  ResidentSetSize of job (KB)
...
006 (013.013.000) 03/06 19:34:25 Image size of job updated: 37035476
	2242  -  MemoryUsage of job (MB)
	2295484  -  ResidentSetSize of job (KB)
...
006 (013.013.000) 03/06 19:39:26 Image size of job updated: 37035476
	2249  -  MemoryUsage of job (MB)
	2302112  -  ResidentSetSize of job (KB)
...
006 (013.013.000) 03/06 19:44:27 Image size of job updated: 37035476
	2262  -  MemoryUsage of job (MB)
	2315988  -  ResidentSetSize of job (KB)
...
006 (013.013.000) 03/06 19:49:27 Image size of job updated: 37035476
	2264  -  MemoryUsage of job (MB)
	2318100  -  ResidentSetSize of job (KB)
...
006 (013.013.000) 03/06 19:54:27 Image size of job updated: 37035476
	2272  -  MemoryUsage of job (MB)
	2326336  -  ResidentSetSize of job (KB)
...
006 (013.013.000) 03/06 19:59:28 Image size of job updated: 37035476
	2277  -  MemoryUsage of job (MB)
	2331492  -  ResidentSetSize of job (KB)
...
006 (013.013.000) 03/06 20:04:29 Image size of job updated: 37035476
	2280  -  MemoryUsage of job (MB)
	2334676  -  ResidentSetSize of job (KB)
...
006 (013.013.000) 03/06 20:09:29 Image size of job updated: 37035476
	2295  -  MemoryUsage of job (MB)
	2349584  -  ResidentSetSize of job (KB)
...
006 (013.013.000) 03/06 20:14:30 Image size of job updated: 37035476
	2303  -  MemoryUsage of job (MB)
	2357528  -  ResidentSetSize of job (KB)
...
005 (013.013.000) 03/06 20:17:20 Job terminated.
	(1) Normal termination (return value 0)
		Usr 0 01:30:32, Sys 0 00:00:06  -  Run Remote Usage
		Usr 0 00:00:00, Sys 0 00:00:00  -  Run Local Usage
		Usr 0 01:30:32, Sys 0 00:00:06  -  Total Remote Usage
		Usr 0 00:00:00, Sys 0 00:00:00  -  Total Local Usage
	0  -  Run Bytes Sent By Job
	0  -  Run Bytes Received By Job
	0  -  Total Bytes Sent By Job
	0  -  Total Bytes Received By Job
	Partitionable Resources :    Usage  Request Allocated
	   Cpus                 :                 1         1
	   Disk (KB)            :       10       10   4691980
	   Gpus                 :                           0
	   Memory (MB)          :     2303        1      4027
...
