000 (023.003.000) 03/04 12:55:07 Job submitted from host: <128.83.130.128:56193>
...
001 (023.003.000) 03/04 12:55:18 Job executing on host: <128.83.144.48:41187>
...
006 (023.003.000) 03/04 12:55:27 Image size of job updated: 102608
	3  -  MemoryUsage of job (MB)
	2252  -  ResidentSetSize of job (KB)
...
010 (023.003.000) 03/04 12:58:23 Job was suspended.
	Number of processes actually suspended: 1
...
006 (023.003.000) 03/04 12:58:23 Image size of job updated: 37701116
	857  -  MemoryUsage of job (MB)
	876932  -  ResidentSetSize of job (KB)
...
006 (023.003.000) 03/04 12:58:41 Image size of job updated: 37702964
	857  -  MemoryUsage of job (MB)
	876932  -  ResidentSetSize of job (KB)
...
004 (023.003.000) 03/04 12:58:41 Job was evicted.
	(0) Job was not checkpointed.
		Usr 0 00:01:12, Sys 0 00:00:03  -  Run Remote Usage
		Usr 0 00:00:00, Sys 0 00:00:00  -  Run Local Usage
	0  -  Run Bytes Sent By Job
	0  -  Run Bytes Received By Job
	Partitionable Resources :    Usage  Request Allocated
	   Cpus                 :                 1         1
	   Disk (KB)            :       10       10   4691970
	   Gpus                 :                           0
	   Memory (MB)          :      857        1      4027
...
009 (023.003.000) 03/04 12:58:41 Job was aborted by the user.
	via condor_rm (by user harshal)
...
000 (043.003.000) 03/04 13:04:19 Job submitted from host: <128.83.130.128:56193>
...
001 (043.003.000) 03/04 13:04:31 Job executing on host: <128.83.144.155:50520>
...
006 (043.003.000) 03/04 13:04:40 Image size of job updated: 29536764
	96  -  MemoryUsage of job (MB)
	97976  -  ResidentSetSize of job (KB)
...
006 (043.003.000) 03/04 13:09:41 Image size of job updated: 30202404
	1669  -  MemoryUsage of job (MB)
	1708516  -  ResidentSetSize of job (KB)
...
006 (043.003.000) 03/04 13:10:25 Image size of job updated: 30335532
	1669  -  MemoryUsage of job (MB)
	1708516  -  ResidentSetSize of job (KB)
...
004 (043.003.000) 03/04 13:10:25 Job was evicted.
	(0) Job was not checkpointed.
		Usr 0 00:06:06, Sys 0 00:00:01  -  Run Remote Usage
		Usr 0 00:00:00, Sys 0 00:00:00  -  Run Local Usage
	0  -  Run Bytes Sent By Job
	0  -  Run Bytes Received By Job
	Partitionable Resources :    Usage  Request Allocated
	   Cpus                 :                 1         1
	   Disk (KB)            :       10       10   8863364
	   Gpus                 :                           0
	   Memory (MB)          :     1669        1      4028
...
009 (043.003.000) 03/04 13:10:25 Job was aborted by the user.
	via condor_rm (by user harshal)
...
000 (063.003.000) 03/04 13:12:13 Job submitted from host: <128.83.130.128:56193>
...
001 (063.003.000) 03/04 13:12:27 Job executing on host: <128.83.120.212:52194>
...
006 (063.003.000) 03/04 13:12:36 Image size of job updated: 16913152
	12  -  MemoryUsage of job (MB)
	11468  -  ResidentSetSize of job (KB)
...
006 (063.003.000) 03/04 13:18:25 Image size of job updated: 21643180
	1942  -  MemoryUsage of job (MB)
	1987704  -  ResidentSetSize of job (KB)
...
010 (063.003.000) 03/04 13:20:37 Job was suspended.
	Number of processes actually suspended: 1
...
006 (063.003.000) 03/04 13:20:38 Image size of job updated: 21643180
	1995  -  MemoryUsage of job (MB)
	2041940  -  ResidentSetSize of job (KB)
...
011 (063.003.000) 03/04 13:22:27 Job was unsuspended.
...
006 (063.003.000) 03/04 13:22:27 Image size of job updated: 21643180
	1995  -  MemoryUsage of job (MB)
	2042320  -  ResidentSetSize of job (KB)
...
006 (063.003.000) 03/04 13:22:38 Image size of job updated: 21643180
	2075  -  MemoryUsage of job (MB)
	2124724  -  ResidentSetSize of job (KB)
...
006 (063.003.000) 03/04 13:27:40 Image size of job updated: 21643180
	5112  -  MemoryUsage of job (MB)
	5234400  -  ResidentSetSize of job (KB)
...
010 (063.003.000) 03/04 13:27:56 Job was suspended.
	Number of processes actually suspended: 1
...
006 (063.003.000) 03/04 13:27:56 Image size of job updated: 21643180
	5120  -  MemoryUsage of job (MB)
	5242684  -  ResidentSetSize of job (KB)
...
011 (063.003.000) 03/04 13:28:11 Job was unsuspended.
...
006 (063.003.000) 03/04 13:43:43 Image size of job updated: 21644208
	5120  -  MemoryUsage of job (MB)
	5242684  -  ResidentSetSize of job (KB)
...
004 (063.003.000) 03/04 13:43:43 Job was evicted.
	(0) Job was not checkpointed.
		Usr 0 00:07:56, Sys 0 00:00:08  -  Run Remote Usage
		Usr 0 00:00:00, Sys 0 00:00:00  -  Run Local Usage
	0  -  Run Bytes Sent By Job
	0  -  Run Bytes Received By Job
	Partitionable Resources :    Usage  Request Allocated
	   Cpus                 :                 1         1
	   Disk (KB)            :       10       10    473526
	   Gpus                 :                           0
	   Memory (MB)          :     5120        1      2684
...
009 (063.003.000) 03/04 13:43:43 Job was aborted by the user.
	via condor_rm (by user harshal)
...
000 (085.003.000) 03/04 13:47:41 Job submitted from host: <128.83.130.128:56193>
...
001 (085.003.000) 03/04 13:47:53 Job executing on host: <128.83.120.18:58771>
...
006 (085.003.000) 03/04 13:48:02 Image size of job updated: 102592
	3  -  MemoryUsage of job (MB)
	2260  -  ResidentSetSize of job (KB)
...
006 (085.003.000) 03/04 13:49:09 Image size of job updated: 30335532
	3  -  MemoryUsage of job (MB)
	2260  -  ResidentSetSize of job (KB)
...
004 (085.003.000) 03/04 13:49:09 Job was evicted.
	(0) Job was not checkpointed.
		Usr 0 00:01:15, Sys 0 00:00:00  -  Run Remote Usage
		Usr 0 00:00:00, Sys 0 00:00:00  -  Run Local Usage
	0  -  Run Bytes Sent By Job
	0  -  Run Bytes Received By Job
	Partitionable Resources :    Usage  Request Allocated
	   Cpus                 :                 1         1
	   Disk (KB)            :       10       10   8863364
	   Gpus                 :                           0
	   Memory (MB)          :        3        1      4028
...
009 (085.003.000) 03/04 13:49:10 Job was aborted by the user.
	via condor_rm (by user harshal)
...
000 (108.003.000) 03/04 13:50:13 Job submitted from host: <128.83.130.128:56193>
...
001 (108.003.000) 03/04 13:50:25 Job executing on host: <128.83.144.148:58982>
...
006 (108.003.000) 03/04 13:50:34 Image size of job updated: 29536768
	195  -  MemoryUsage of job (MB)
	198900  -  ResidentSetSize of job (KB)
...
006 (108.003.000) 03/04 13:55:35 Image size of job updated: 30202404
	6011  -  MemoryUsage of job (MB)
	6154780  -  ResidentSetSize of job (KB)
...
006 (108.003.000) 03/04 14:00:35 Image size of job updated: 30202404
	6151  -  MemoryUsage of job (MB)
	6298536  -  ResidentSetSize of job (KB)
...
000 (132.003.000) 03/04 14:25:15 Job submitted from host: <128.83.130.128:56193>
...
001 (132.003.000) 03/04 14:25:27 Job executing on host: <128.83.120.18:58771>
...
006 (132.003.000) 03/04 14:25:36 Image size of job updated: 29536764
	90  -  MemoryUsage of job (MB)
	91664  -  ResidentSetSize of job (KB)
...
006 (132.003.000) 03/04 14:30:38 Image size of job updated: 30202404
	2848  -  MemoryUsage of job (MB)
	2915648  -  ResidentSetSize of job (KB)
...
010 (132.003.000) 03/04 14:33:07 Job was suspended.
	Number of processes actually suspended: 1
...
011 (132.003.000) 03/04 14:33:54 Job was unsuspended.
...
006 (132.003.000) 03/04 14:55:39 Image size of job updated: 30202404
	3019  -  MemoryUsage of job (MB)
	3091264  -  ResidentSetSize of job (KB)
...
006 (132.003.000) 03/04 15:00:39 Image size of job updated: 30202404
	6033  -  MemoryUsage of job (MB)
	6176912  -  ResidentSetSize of job (KB)
...
005 (132.003.000) 03/04 21:41:38 Job terminated.
	(1) Normal termination (return value 0)
		Usr 0 20:52:06, Sys 0 00:04:15  -  Run Remote Usage
		Usr 0 00:00:00, Sys 0 00:00:00  -  Run Local Usage
		Usr 0 20:52:06, Sys 0 00:04:15  -  Total Remote Usage
		Usr 0 00:00:00, Sys 0 00:00:00  -  Total Local Usage
	0  -  Run Bytes Sent By Job
	0  -  Run Bytes Received By Job
	0  -  Total Bytes Sent By Job
	0  -  Total Bytes Received By Job
	Partitionable Resources :    Usage  Request Allocated
	   Cpus                 :                 1         1
	   Disk (KB)            :       10       10   8863364
	   Gpus                 :                           0
	   Memory (MB)          :     6033        1      4028
...
005 (108.003.000) 03/05 07:00:48 Job terminated.
	(1) Normal termination (return value 0)
		Usr 0 22:01:07, Sys 0 00:00:50  -  Run Remote Usage
		Usr 0 00:00:00, Sys 0 00:00:00  -  Run Local Usage
		Usr 0 22:01:07, Sys 0 00:00:50  -  Total Remote Usage
		Usr 0 00:00:00, Sys 0 00:00:00  -  Total Local Usage
	0  -  Run Bytes Sent By Job
	0  -  Run Bytes Received By Job
	0  -  Total Bytes Sent By Job
	0  -  Total Bytes Received By Job
	Partitionable Resources :    Usage  Request Allocated
	   Cpus                 :                 1         1
	   Disk (KB)            :       10       10   8863313
	   Gpus                 :                           0
	   Memory (MB)          :     6151        1      4028
...
