000 (013.012.000) 03/06 18:48:32 Job submitted from host: <128.83.144.121:48069>
...
001 (013.012.000) 03/06 18:49:12 Job executing on host: <128.83.144.48:41187>
...
006 (013.012.000) 03/06 18:49:21 Image size of job updated: 102604
	3  -  MemoryUsage of job (MB)
	2248  -  ResidentSetSize of job (KB)
...
006 (013.012.000) 03/06 18:54:21 Image size of job updated: 37035476
	2179  -  MemoryUsage of job (MB)
	2230600  -  ResidentSetSize of job (KB)
...
006 (013.012.000) 03/06 18:59:21 Image size of job updated: 37035476
	2195  -  MemoryUsage of job (MB)
	2246988  -  ResidentSetSize of job (KB)
...
006 (013.012.000) 03/06 19:04:22 Image size of job updated: 37035476
	2198  -  MemoryUsage of job (MB)
	2250544  -  ResidentSetSize of job (KB)
...
006 (013.012.000) 03/06 19:14:23 Image size of job updated: 37035476
	2203  -  MemoryUsage of job (MB)
	2255208  -  ResidentSetSize of job (KB)
...
006 (013.012.000) 03/06 19:19:23 Image size of job updated: 37035476
	2207  -  MemoryUsage of job (MB)
	2259468  -  ResidentSetSize of job (KB)
...
006 (013.012.000) 03/06 19:24:24 Image size of job updated: 37035476
	2209  -  MemoryUsage of job (MB)
	2261552  -  ResidentSetSize of job (KB)
...
006 (013.012.000) 03/06 19:29:24 Image size of job updated: 37035476
	2215  -  MemoryUsage of job (MB)
	2267520  -  ResidentSetSize of job (KB)
...
006 (013.012.000) 03/06 19:34:24 Image size of job updated: 37035476
	2220  -  MemoryUsage of job (MB)
	2272284  -  ResidentSetSize of job (KB)
...
006 (013.012.000) 03/06 19:39:25 Image size of job updated: 37035476
	2232  -  MemoryUsage of job (MB)
	2285120  -  ResidentSetSize of job (KB)
...
006 (013.012.000) 03/06 19:44:26 Image size of job updated: 37035476
	2232  -  MemoryUsage of job (MB)
	2285132  -  ResidentSetSize of job (KB)
...
006 (013.012.000) 03/06 19:49:26 Image size of job updated: 37035476
	2244  -  MemoryUsage of job (MB)
	2296916  -  ResidentSetSize of job (KB)
...
006 (013.012.000) 03/06 19:54:26 Image size of job updated: 37035476
	2250  -  MemoryUsage of job (MB)
	2303232  -  ResidentSetSize of job (KB)
...
006 (013.012.000) 03/06 19:59:27 Image size of job updated: 37035476
	2255  -  MemoryUsage of job (MB)
	2308928  -  ResidentSetSize of job (KB)
...
006 (013.012.000) 03/06 20:04:28 Image size of job updated: 37035476
	2261  -  MemoryUsage of job (MB)
	2314636  -  ResidentSetSize of job (KB)
...
006 (013.012.000) 03/06 20:09:28 Image size of job updated: 37035476
	2268  -  MemoryUsage of job (MB)
	2322412  -  ResidentSetSize of job (KB)
...
005 (013.012.000) 03/06 20:11:24 Job terminated.
	(1) Normal termination (return value 0)
		Usr 0 01:24:19, Sys 0 00:00:07  -  Run Remote Usage
		Usr 0 00:00:00, Sys 0 00:00:00  -  Run Local Usage
		Usr 0 01:24:19, Sys 0 00:00:07  -  Total Remote Usage
		Usr 0 00:00:00, Sys 0 00:00:00  -  Total Local Usage
	0  -  Run Bytes Sent By Job
	0  -  Run Bytes Received By Job
	0  -  Total Bytes Sent By Job
	0  -  Total Bytes Received By Job
	Partitionable Resources :    Usage  Request Allocated
	   Cpus                 :                 1         1
	   Disk (KB)            :       10       10   4691980
	   Gpus                 :                           0
	   Memory (MB)          :     2268        1      4027
...
