State #0 "O"
initialWeight=0.0, finalWeight=0.0
#destinations=47
-> O
-> NNP
-> ,
-> CD
-> NNS
-> JJ
-> MD
-> VB
-> DT
-> NN
-> IN
-> .
-> VBZ
-> VBG
-> CC
-> VBD
-> VBN
-> RB
-> TO
-> PRP
-> RBR
-> WDT
-> VBP
-> PRP$
-> JJS
-> POS
-> ``
-> EX
-> ''
-> WP
-> :
-> JJR
-> WRB
-> RP
-> $
-> NNPS
-> WP$
-> (
-> )
-> PDT
-> RBS
-> FW
-> UH
-> SYM
-> LS
-> #
-> VBG|NN
State #1 "NNP"
initialWeight=0.0, finalWeight=0.0
#destinations=47
-> O
-> NNP
-> ,
-> CD
-> NNS
-> JJ
-> MD
-> VB
-> DT
-> NN
-> IN
-> .
-> VBZ
-> VBG
-> CC
-> VBD
-> VBN
-> RB
-> TO
-> PRP
-> RBR
-> WDT
-> VBP
-> PRP$
-> JJS
-> POS
-> ``
-> EX
-> ''
-> WP
-> :
-> JJR
-> WRB
-> RP
-> $
-> NNPS
-> WP$
-> (
-> )
-> PDT
-> RBS
-> FW
-> UH
-> SYM
-> LS
-> #
-> VBG|NN
State #2 ","
initialWeight=0.0, finalWeight=0.0
#destinations=47
-> O
-> NNP
-> ,
-> CD
-> NNS
-> JJ
-> MD
-> VB
-> DT
-> NN
-> IN
-> .
-> VBZ
-> VBG
-> CC
-> VBD
-> VBN
-> RB
-> TO
-> PRP
-> RBR
-> WDT
-> VBP
-> PRP$
-> JJS
-> POS
-> ``
-> EX
-> ''
-> WP
-> :
-> JJR
-> WRB
-> RP
-> $
-> NNPS
-> WP$
-> (
-> )
-> PDT
-> RBS
-> FW
-> UH
-> SYM
-> LS
-> #
-> VBG|NN
State #3 "CD"
initialWeight=0.0, finalWeight=0.0
#destinations=47
-> O
-> NNP
-> ,
-> CD
-> NNS
-> JJ
-> MD
-> VB
-> DT
-> NN
-> IN
-> .
-> VBZ
-> VBG
-> CC
-> VBD
-> VBN
-> RB
-> TO
-> PRP
-> RBR
-> WDT
-> VBP
-> PRP$
-> JJS
-> POS
-> ``
-> EX
-> ''
-> WP
-> :
-> JJR
-> WRB
-> RP
-> $
-> NNPS
-> WP$
-> (
-> )
-> PDT
-> RBS
-> FW
-> UH
-> SYM
-> LS
-> #
-> VBG|NN
State #4 "NNS"
initialWeight=0.0, finalWeight=0.0
#destinations=47
-> O
-> NNP
-> ,
-> CD
-> NNS
-> JJ
-> MD
-> VB
-> DT
-> NN
-> IN
-> .
-> VBZ
-> VBG
-> CC
-> VBD
-> VBN
-> RB
-> TO
-> PRP
-> RBR
-> WDT
-> VBP
-> PRP$
-> JJS
-> POS
-> ``
-> EX
-> ''
-> WP
-> :
-> JJR
-> WRB
-> RP
-> $
-> NNPS
-> WP$
-> (
-> )
-> PDT
-> RBS
-> FW
-> UH
-> SYM
-> LS
-> #
-> VBG|NN
State #5 "JJ"
initialWeight=0.0, finalWeight=0.0
#destinations=47
-> O
-> NNP
-> ,
-> CD
-> NNS
-> JJ
-> MD
-> VB
-> DT
-> NN
-> IN
-> .
-> VBZ
-> VBG
-> CC
-> VBD
-> VBN
-> RB
-> TO
-> PRP
-> RBR
-> WDT
-> VBP
-> PRP$
-> JJS
-> POS
-> ``
-> EX
-> ''
-> WP
-> :
-> JJR
-> WRB
-> RP
-> $
-> NNPS
-> WP$
-> (
-> )
-> PDT
-> RBS
-> FW
-> UH
-> SYM
-> LS
-> #
-> VBG|NN
State #6 "MD"
initialWeight=0.0, finalWeight=0.0
#destinations=47
-> O
-> NNP
-> ,
-> CD
-> NNS
-> JJ
-> MD
-> VB
-> DT
-> NN
-> IN
-> .
-> VBZ
-> VBG
-> CC
-> VBD
-> VBN
-> RB
-> TO
-> PRP
-> RBR
-> WDT
-> VBP
-> PRP$
-> JJS
-> POS
-> ``
-> EX
-> ''
-> WP
-> :
-> JJR
-> WRB
-> RP
-> $
-> NNPS
-> WP$
-> (
-> )
-> PDT
-> RBS
-> FW
-> UH
-> SYM
-> LS
-> #
-> VBG|NN
State #7 "VB"
initialWeight=0.0, finalWeight=0.0
#destinations=47
-> O
-> NNP
-> ,
-> CD
-> NNS
-> JJ
-> MD
-> VB
-> DT
-> NN
-> IN
-> .
-> VBZ
-> VBG
-> CC
-> VBD
-> VBN
-> RB
-> TO
-> PRP
-> RBR
-> WDT
-> VBP
-> PRP$
-> JJS
-> POS
-> ``
-> EX
-> ''
-> WP
-> :
-> JJR
-> WRB
-> RP
-> $
-> NNPS
-> WP$
-> (
-> )
-> PDT
-> RBS
-> FW
-> UH
-> SYM
-> LS
-> #
-> VBG|NN
State #8 "DT"
initialWeight=0.0, finalWeight=0.0
#destinations=47
-> O
-> NNP
-> ,
-> CD
-> NNS
-> JJ
-> MD
-> VB
-> DT
-> NN
-> IN
-> .
-> VBZ
-> VBG
-> CC
-> VBD
-> VBN
-> RB
-> TO
-> PRP
-> RBR
-> WDT
-> VBP
-> PRP$
-> JJS
-> POS
-> ``
-> EX
-> ''
-> WP
-> :
-> JJR
-> WRB
-> RP
-> $
-> NNPS
-> WP$
-> (
-> )
-> PDT
-> RBS
-> FW
-> UH
-> SYM
-> LS
-> #
-> VBG|NN
State #9 "NN"
initialWeight=0.0, finalWeight=0.0
#destinations=47
-> O
-> NNP
-> ,
-> CD
-> NNS
-> JJ
-> MD
-> VB
-> DT
-> NN
-> IN
-> .
-> VBZ
-> VBG
-> CC
-> VBD
-> VBN
-> RB
-> TO
-> PRP
-> RBR
-> WDT
-> VBP
-> PRP$
-> JJS
-> POS
-> ``
-> EX
-> ''
-> WP
-> :
-> JJR
-> WRB
-> RP
-> $
-> NNPS
-> WP$
-> (
-> )
-> PDT
-> RBS
-> FW
-> UH
-> SYM
-> LS
-> #
-> VBG|NN
State #10 "IN"
initialWeight=0.0, finalWeight=0.0
#destinations=47
-> O
-> NNP
-> ,
-> CD
-> NNS
-> JJ
-> MD
-> VB
-> DT
-> NN
-> IN
-> .
-> VBZ
-> VBG
-> CC
-> VBD
-> VBN
-> RB
-> TO
-> PRP
-> RBR
-> WDT
-> VBP
-> PRP$
-> JJS
-> POS
-> ``
-> EX
-> ''
-> WP
-> :
-> JJR
-> WRB
-> RP
-> $
-> NNPS
-> WP$
-> (
-> )
-> PDT
-> RBS
-> FW
-> UH
-> SYM
-> LS
-> #
-> VBG|NN
State #11 "."
initialWeight=0.0, finalWeight=0.0
#destinations=47
-> O
-> NNP
-> ,
-> CD
-> NNS
-> JJ
-> MD
-> VB
-> DT
-> NN
-> IN
-> .
-> VBZ
-> VBG
-> CC
-> VBD
-> VBN
-> RB
-> TO
-> PRP
-> RBR
-> WDT
-> VBP
-> PRP$
-> JJS
-> POS
-> ``
-> EX
-> ''
-> WP
-> :
-> JJR
-> WRB
-> RP
-> $
-> NNPS
-> WP$
-> (
-> )
-> PDT
-> RBS
-> FW
-> UH
-> SYM
-> LS
-> #
-> VBG|NN
State #12 "VBZ"
initialWeight=0.0, finalWeight=0.0
#destinations=47
-> O
-> NNP
-> ,
-> CD
-> NNS
-> JJ
-> MD
-> VB
-> DT
-> NN
-> IN
-> .
-> VBZ
-> VBG
-> CC
-> VBD
-> VBN
-> RB
-> TO
-> PRP
-> RBR
-> WDT
-> VBP
-> PRP$
-> JJS
-> POS
-> ``
-> EX
-> ''
-> WP
-> :
-> JJR
-> WRB
-> RP
-> $
-> NNPS
-> WP$
-> (
-> )
-> PDT
-> RBS
-> FW
-> UH
-> SYM
-> LS
-> #
-> VBG|NN
State #13 "VBG"
initialWeight=0.0, finalWeight=0.0
#destinations=47
-> O
-> NNP
-> ,
-> CD
-> NNS
-> JJ
-> MD
-> VB
-> DT
-> NN
-> IN
-> .
-> VBZ
-> VBG
-> CC
-> VBD
-> VBN
-> RB
-> TO
-> PRP
-> RBR
-> WDT
-> VBP
-> PRP$
-> JJS
-> POS
-> ``
-> EX
-> ''
-> WP
-> :
-> JJR
-> WRB
-> RP
-> $
-> NNPS
-> WP$
-> (
-> )
-> PDT
-> RBS
-> FW
-> UH
-> SYM
-> LS
-> #
-> VBG|NN
State #14 "CC"
initialWeight=0.0, finalWeight=0.0
#destinations=47
-> O
-> NNP
-> ,
-> CD
-> NNS
-> JJ
-> MD
-> VB
-> DT
-> NN
-> IN
-> .
-> VBZ
-> VBG
-> CC
-> VBD
-> VBN
-> RB
-> TO
-> PRP
-> RBR
-> WDT
-> VBP
-> PRP$
-> JJS
-> POS
-> ``
-> EX
-> ''
-> WP
-> :
-> JJR
-> WRB
-> RP
-> $
-> NNPS
-> WP$
-> (
-> )
-> PDT
-> RBS
-> FW
-> UH
-> SYM
-> LS
-> #
-> VBG|NN
State #15 "VBD"
initialWeight=0.0, finalWeight=0.0
#destinations=47
-> O
-> NNP
-> ,
-> CD
-> NNS
-> JJ
-> MD
-> VB
-> DT
-> NN
-> IN
-> .
-> VBZ
-> VBG
-> CC
-> VBD
-> VBN
-> RB
-> TO
-> PRP
-> RBR
-> WDT
-> VBP
-> PRP$
-> JJS
-> POS
-> ``
-> EX
-> ''
-> WP
-> :
-> JJR
-> WRB
-> RP
-> $
-> NNPS
-> WP$
-> (
-> )
-> PDT
-> RBS
-> FW
-> UH
-> SYM
-> LS
-> #
-> VBG|NN
State #16 "VBN"
initialWeight=0.0, finalWeight=0.0
#destinations=47
-> O
-> NNP
-> ,
-> CD
-> NNS
-> JJ
-> MD
-> VB
-> DT
-> NN
-> IN
-> .
-> VBZ
-> VBG
-> CC
-> VBD
-> VBN
-> RB
-> TO
-> PRP
-> RBR
-> WDT
-> VBP
-> PRP$
-> JJS
-> POS
-> ``
-> EX
-> ''
-> WP
-> :
-> JJR
-> WRB
-> RP
-> $
-> NNPS
-> WP$
-> (
-> )
-> PDT
-> RBS
-> FW
-> UH
-> SYM
-> LS
-> #
-> VBG|NN
State #17 "RB"
initialWeight=0.0, finalWeight=0.0
#destinations=47
-> O
-> NNP
-> ,
-> CD
-> NNS
-> JJ
-> MD
-> VB
-> DT
-> NN
-> IN
-> .
-> VBZ
-> VBG
-> CC
-> VBD
-> VBN
-> RB
-> TO
-> PRP
-> RBR
-> WDT
-> VBP
-> PRP$
-> JJS
-> POS
-> ``
-> EX
-> ''
-> WP
-> :
-> JJR
-> WRB
-> RP
-> $
-> NNPS
-> WP$
-> (
-> )
-> PDT
-> RBS
-> FW
-> UH
-> SYM
-> LS
-> #
-> VBG|NN
State #18 "TO"
initialWeight=0.0, finalWeight=0.0
#destinations=47
-> O
-> NNP
-> ,
-> CD
-> NNS
-> JJ
-> MD
-> VB
-> DT
-> NN
-> IN
-> .
-> VBZ
-> VBG
-> CC
-> VBD
-> VBN
-> RB
-> TO
-> PRP
-> RBR
-> WDT
-> VBP
-> PRP$
-> JJS
-> POS
-> ``
-> EX
-> ''
-> WP
-> :
-> JJR
-> WRB
-> RP
-> $
-> NNPS
-> WP$
-> (
-> )
-> PDT
-> RBS
-> FW
-> UH
-> SYM
-> LS
-> #
-> VBG|NN
State #19 "PRP"
initialWeight=0.0, finalWeight=0.0
#destinations=47
-> O
-> NNP
-> ,
-> CD
-> NNS
-> JJ
-> MD
-> VB
-> DT
-> NN
-> IN
-> .
-> VBZ
-> VBG
-> CC
-> VBD
-> VBN
-> RB
-> TO
-> PRP
-> RBR
-> WDT
-> VBP
-> PRP$
-> JJS
-> POS
-> ``
-> EX
-> ''
-> WP
-> :
-> JJR
-> WRB
-> RP
-> $
-> NNPS
-> WP$
-> (
-> )
-> PDT
-> RBS
-> FW
-> UH
-> SYM
-> LS
-> #
-> VBG|NN
State #20 "RBR"
initialWeight=0.0, finalWeight=0.0
#destinations=47
-> O
-> NNP
-> ,
-> CD
-> NNS
-> JJ
-> MD
-> VB
-> DT
-> NN
-> IN
-> .
-> VBZ
-> VBG
-> CC
-> VBD
-> VBN
-> RB
-> TO
-> PRP
-> RBR
-> WDT
-> VBP
-> PRP$
-> JJS
-> POS
-> ``
-> EX
-> ''
-> WP
-> :
-> JJR
-> WRB
-> RP
-> $
-> NNPS
-> WP$
-> (
-> )
-> PDT
-> RBS
-> FW
-> UH
-> SYM
-> LS
-> #
-> VBG|NN
State #21 "WDT"
initialWeight=0.0, finalWeight=0.0
#destinations=47
-> O
-> NNP
-> ,
-> CD
-> NNS
-> JJ
-> MD
-> VB
-> DT
-> NN
-> IN
-> .
-> VBZ
-> VBG
-> CC
-> VBD
-> VBN
-> RB
-> TO
-> PRP
-> RBR
-> WDT
-> VBP
-> PRP$
-> JJS
-> POS
-> ``
-> EX
-> ''
-> WP
-> :
-> JJR
-> WRB
-> RP
-> $
-> NNPS
-> WP$
-> (
-> )
-> PDT
-> RBS
-> FW
-> UH
-> SYM
-> LS
-> #
-> VBG|NN
State #22 "VBP"
initialWeight=0.0, finalWeight=0.0
#destinations=47
-> O
-> NNP
-> ,
-> CD
-> NNS
-> JJ
-> MD
-> VB
-> DT
-> NN
-> IN
-> .
-> VBZ
-> VBG
-> CC
-> VBD
-> VBN
-> RB
-> TO
-> PRP
-> RBR
-> WDT
-> VBP
-> PRP$
-> JJS
-> POS
-> ``
-> EX
-> ''
-> WP
-> :
-> JJR
-> WRB
-> RP
-> $
-> NNPS
-> WP$
-> (
-> )
-> PDT
-> RBS
-> FW
-> UH
-> SYM
-> LS
-> #
-> VBG|NN
State #23 "PRP$"
initialWeight=0.0, finalWeight=0.0
#destinations=47
-> O
-> NNP
-> ,
-> CD
-> NNS
-> JJ
-> MD
-> VB
-> DT
-> NN
-> IN
-> .
-> VBZ
-> VBG
-> CC
-> VBD
-> VBN
-> RB
-> TO
-> PRP
-> RBR
-> WDT
-> VBP
-> PRP$
-> JJS
-> POS
-> ``
-> EX
-> ''
-> WP
-> :
-> JJR
-> WRB
-> RP
-> $
-> NNPS
-> WP$
-> (
-> )
-> PDT
-> RBS
-> FW
-> UH
-> SYM
-> LS
-> #
-> VBG|NN
State #24 "JJS"
initialWeight=0.0, finalWeight=0.0
#destinations=47
-> O
-> NNP
-> ,
-> CD
-> NNS
-> JJ
-> MD
-> VB
-> DT
-> NN
-> IN
-> .
-> VBZ
-> VBG
-> CC
-> VBD
-> VBN
-> RB
-> TO
-> PRP
-> RBR
-> WDT
-> VBP
-> PRP$
-> JJS
-> POS
-> ``
-> EX
-> ''
-> WP
-> :
-> JJR
-> WRB
-> RP
-> $
-> NNPS
-> WP$
-> (
-> )
-> PDT
-> RBS
-> FW
-> UH
-> SYM
-> LS
-> #
-> VBG|NN
State #25 "POS"
initialWeight=0.0, finalWeight=0.0
#destinations=47
-> O
-> NNP
-> ,
-> CD
-> NNS
-> JJ
-> MD
-> VB
-> DT
-> NN
-> IN
-> .
-> VBZ
-> VBG
-> CC
-> VBD
-> VBN
-> RB
-> TO
-> PRP
-> RBR
-> WDT
-> VBP
-> PRP$
-> JJS
-> POS
-> ``
-> EX
-> ''
-> WP
-> :
-> JJR
-> WRB
-> RP
-> $
-> NNPS
-> WP$
-> (
-> )
-> PDT
-> RBS
-> FW
-> UH
-> SYM
-> LS
-> #
-> VBG|NN
State #26 "``"
initialWeight=0.0, finalWeight=0.0
#destinations=47
-> O
-> NNP
-> ,
-> CD
-> NNS
-> JJ
-> MD
-> VB
-> DT
-> NN
-> IN
-> .
-> VBZ
-> VBG
-> CC
-> VBD
-> VBN
-> RB
-> TO
-> PRP
-> RBR
-> WDT
-> VBP
-> PRP$
-> JJS
-> POS
-> ``
-> EX
-> ''
-> WP
-> :
-> JJR
-> WRB
-> RP
-> $
-> NNPS
-> WP$
-> (
-> )
-> PDT
-> RBS
-> FW
-> UH
-> SYM
-> LS
-> #
-> VBG|NN
State #27 "EX"
initialWeight=0.0, finalWeight=0.0
#destinations=47
-> O
-> NNP
-> ,
-> CD
-> NNS
-> JJ
-> MD
-> VB
-> DT
-> NN
-> IN
-> .
-> VBZ
-> VBG
-> CC
-> VBD
-> VBN
-> RB
-> TO
-> PRP
-> RBR
-> WDT
-> VBP
-> PRP$
-> JJS
-> POS
-> ``
-> EX
-> ''
-> WP
-> :
-> JJR
-> WRB
-> RP
-> $
-> NNPS
-> WP$
-> (
-> )
-> PDT
-> RBS
-> FW
-> UH
-> SYM
-> LS
-> #
-> VBG|NN
State #28 "''"
initialWeight=0.0, finalWeight=0.0
#destinations=47
-> O
-> NNP
-> ,
-> CD
-> NNS
-> JJ
-> MD
-> VB
-> DT
-> NN
-> IN
-> .
-> VBZ
-> VBG
-> CC
-> VBD
-> VBN
-> RB
-> TO
-> PRP
-> RBR
-> WDT
-> VBP
-> PRP$
-> JJS
-> POS
-> ``
-> EX
-> ''
-> WP
-> :
-> JJR
-> WRB
-> RP
-> $
-> NNPS
-> WP$
-> (
-> )
-> PDT
-> RBS
-> FW
-> UH
-> SYM
-> LS
-> #
-> VBG|NN
State #29 "WP"
initialWeight=0.0, finalWeight=0.0
#destinations=47
-> O
-> NNP
-> ,
-> CD
-> NNS
-> JJ
-> MD
-> VB
-> DT
-> NN
-> IN
-> .
-> VBZ
-> VBG
-> CC
-> VBD
-> VBN
-> RB
-> TO
-> PRP
-> RBR
-> WDT
-> VBP
-> PRP$
-> JJS
-> POS
-> ``
-> EX
-> ''
-> WP
-> :
-> JJR
-> WRB
-> RP
-> $
-> NNPS
-> WP$
-> (
-> )
-> PDT
-> RBS
-> FW
-> UH
-> SYM
-> LS
-> #
-> VBG|NN
State #30 ":"
initialWeight=0.0, finalWeight=0.0
#destinations=47
-> O
-> NNP
-> ,
-> CD
-> NNS
-> JJ
-> MD
-> VB
-> DT
-> NN
-> IN
-> .
-> VBZ
-> VBG
-> CC
-> VBD
-> VBN
-> RB
-> TO
-> PRP
-> RBR
-> WDT
-> VBP
-> PRP$
-> JJS
-> POS
-> ``
-> EX
-> ''
-> WP
-> :
-> JJR
-> WRB
-> RP
-> $
-> NNPS
-> WP$
-> (
-> )
-> PDT
-> RBS
-> FW
-> UH
-> SYM
-> LS
-> #
-> VBG|NN
State #31 "JJR"
initialWeight=0.0, finalWeight=0.0
#destinations=47
-> O
-> NNP
-> ,
-> CD
-> NNS
-> JJ
-> MD
-> VB
-> DT
-> NN
-> IN
-> .
-> VBZ
-> VBG
-> CC
-> VBD
-> VBN
-> RB
-> TO
-> PRP
-> RBR
-> WDT
-> VBP
-> PRP$
-> JJS
-> POS
-> ``
-> EX
-> ''
-> WP
-> :
-> JJR
-> WRB
-> RP
-> $
-> NNPS
-> WP$
-> (
-> )
-> PDT
-> RBS
-> FW
-> UH
-> SYM
-> LS
-> #
-> VBG|NN
State #32 "WRB"
initialWeight=0.0, finalWeight=0.0
#destinations=47
-> O
-> NNP
-> ,
-> CD
-> NNS
-> JJ
-> MD
-> VB
-> DT
-> NN
-> IN
-> .
-> VBZ
-> VBG
-> CC
-> VBD
-> VBN
-> RB
-> TO
-> PRP
-> RBR
-> WDT
-> VBP
-> PRP$
-> JJS
-> POS
-> ``
-> EX
-> ''
-> WP
-> :
-> JJR
-> WRB
-> RP
-> $
-> NNPS
-> WP$
-> (
-> )
-> PDT
-> RBS
-> FW
-> UH
-> SYM
-> LS
-> #
-> VBG|NN
State #33 "RP"
initialWeight=0.0, finalWeight=0.0
#destinations=47
-> O
-> NNP
-> ,
-> CD
-> NNS
-> JJ
-> MD
-> VB
-> DT
-> NN
-> IN
-> .
-> VBZ
-> VBG
-> CC
-> VBD
-> VBN
-> RB
-> TO
-> PRP
-> RBR
-> WDT
-> VBP
-> PRP$
-> JJS
-> POS
-> ``
-> EX
-> ''
-> WP
-> :
-> JJR
-> WRB
-> RP
-> $
-> NNPS
-> WP$
-> (
-> )
-> PDT
-> RBS
-> FW
-> UH
-> SYM
-> LS
-> #
-> VBG|NN
State #34 "$"
initialWeight=0.0, finalWeight=0.0
#destinations=47
-> O
-> NNP
-> ,
-> CD
-> NNS
-> JJ
-> MD
-> VB
-> DT
-> NN
-> IN
-> .
-> VBZ
-> VBG
-> CC
-> VBD
-> VBN
-> RB
-> TO
-> PRP
-> RBR
-> WDT
-> VBP
-> PRP$
-> JJS
-> POS
-> ``
-> EX
-> ''
-> WP
-> :
-> JJR
-> WRB
-> RP
-> $
-> NNPS
-> WP$
-> (
-> )
-> PDT
-> RBS
-> FW
-> UH
-> SYM
-> LS
-> #
-> VBG|NN
State #35 "NNPS"
initialWeight=0.0, finalWeight=0.0
#destinations=47
-> O
-> NNP
-> ,
-> CD
-> NNS
-> JJ
-> MD
-> VB
-> DT
-> NN
-> IN
-> .
-> VBZ
-> VBG
-> CC
-> VBD
-> VBN
-> RB
-> TO
-> PRP
-> RBR
-> WDT
-> VBP
-> PRP$
-> JJS
-> POS
-> ``
-> EX
-> ''
-> WP
-> :
-> JJR
-> WRB
-> RP
-> $
-> NNPS
-> WP$
-> (
-> )
-> PDT
-> RBS
-> FW
-> UH
-> SYM
-> LS
-> #
-> VBG|NN
State #36 "WP$"
initialWeight=0.0, finalWeight=0.0
#destinations=47
-> O
-> NNP
-> ,
-> CD
-> NNS
-> JJ
-> MD
-> VB
-> DT
-> NN
-> IN
-> .
-> VBZ
-> VBG
-> CC
-> VBD
-> VBN
-> RB
-> TO
-> PRP
-> RBR
-> WDT
-> VBP
-> PRP$
-> JJS
-> POS
-> ``
-> EX
-> ''
-> WP
-> :
-> JJR
-> WRB
-> RP
-> $
-> NNPS
-> WP$
-> (
-> )
-> PDT
-> RBS
-> FW
-> UH
-> SYM
-> LS
-> #
-> VBG|NN
State #37 "("
initialWeight=0.0, finalWeight=0.0
#destinations=47
-> O
-> NNP
-> ,
-> CD
-> NNS
-> JJ
-> MD
-> VB
-> DT
-> NN
-> IN
-> .
-> VBZ
-> VBG
-> CC
-> VBD
-> VBN
-> RB
-> TO
-> PRP
-> RBR
-> WDT
-> VBP
-> PRP$
-> JJS
-> POS
-> ``
-> EX
-> ''
-> WP
-> :
-> JJR
-> WRB
-> RP
-> $
-> NNPS
-> WP$
-> (
-> )
-> PDT
-> RBS
-> FW
-> UH
-> SYM
-> LS
-> #
-> VBG|NN
State #38 ")"
initialWeight=0.0, finalWeight=0.0
#destinations=47
-> O
-> NNP
-> ,
-> CD
-> NNS
-> JJ
-> MD
-> VB
-> DT
-> NN
-> IN
-> .
-> VBZ
-> VBG
-> CC
-> VBD
-> VBN
-> RB
-> TO
-> PRP
-> RBR
-> WDT
-> VBP
-> PRP$
-> JJS
-> POS
-> ``
-> EX
-> ''
-> WP
-> :
-> JJR
-> WRB
-> RP
-> $
-> NNPS
-> WP$
-> (
-> )
-> PDT
-> RBS
-> FW
-> UH
-> SYM
-> LS
-> #
-> VBG|NN
State #39 "PDT"
initialWeight=0.0, finalWeight=0.0
#destinations=47
-> O
-> NNP
-> ,
-> CD
-> NNS
-> JJ
-> MD
-> VB
-> DT
-> NN
-> IN
-> .
-> VBZ
-> VBG
-> CC
-> VBD
-> VBN
-> RB
-> TO
-> PRP
-> RBR
-> WDT
-> VBP
-> PRP$
-> JJS
-> POS
-> ``
-> EX
-> ''
-> WP
-> :
-> JJR
-> WRB
-> RP
-> $
-> NNPS
-> WP$
-> (
-> )
-> PDT
-> RBS
-> FW
-> UH
-> SYM
-> LS
-> #
-> VBG|NN
State #40 "RBS"
initialWeight=0.0, finalWeight=0.0
#destinations=47
-> O
-> NNP
-> ,
-> CD
-> NNS
-> JJ
-> MD
-> VB
-> DT
-> NN
-> IN
-> .
-> VBZ
-> VBG
-> CC
-> VBD
-> VBN
-> RB
-> TO
-> PRP
-> RBR
-> WDT
-> VBP
-> PRP$
-> JJS
-> POS
-> ``
-> EX
-> ''
-> WP
-> :
-> JJR
-> WRB
-> RP
-> $
-> NNPS
-> WP$
-> (
-> )
-> PDT
-> RBS
-> FW
-> UH
-> SYM
-> LS
-> #
-> VBG|NN
State #41 "FW"
initialWeight=0.0, finalWeight=0.0
#destinations=47
-> O
-> NNP
-> ,
-> CD
-> NNS
-> JJ
-> MD
-> VB
-> DT
-> NN
-> IN
-> .
-> VBZ
-> VBG
-> CC
-> VBD
-> VBN
-> RB
-> TO
-> PRP
-> RBR
-> WDT
-> VBP
-> PRP$
-> JJS
-> POS
-> ``
-> EX
-> ''
-> WP
-> :
-> JJR
-> WRB
-> RP
-> $
-> NNPS
-> WP$
-> (
-> )
-> PDT
-> RBS
-> FW
-> UH
-> SYM
-> LS
-> #
-> VBG|NN
State #42 "UH"
initialWeight=0.0, finalWeight=0.0
#destinations=47
-> O
-> NNP
-> ,
-> CD
-> NNS
-> JJ
-> MD
-> VB
-> DT
-> NN
-> IN
-> .
-> VBZ
-> VBG
-> CC
-> VBD
-> VBN
-> RB
-> TO
-> PRP
-> RBR
-> WDT
-> VBP
-> PRP$
-> JJS
-> POS
-> ``
-> EX
-> ''
-> WP
-> :
-> JJR
-> WRB
-> RP
-> $
-> NNPS
-> WP$
-> (
-> )
-> PDT
-> RBS
-> FW
-> UH
-> SYM
-> LS
-> #
-> VBG|NN
State #43 "SYM"
initialWeight=0.0, finalWeight=0.0
#destinations=47
-> O
-> NNP
-> ,
-> CD
-> NNS
-> JJ
-> MD
-> VB
-> DT
-> NN
-> IN
-> .
-> VBZ
-> VBG
-> CC
-> VBD
-> VBN
-> RB
-> TO
-> PRP
-> RBR
-> WDT
-> VBP
-> PRP$
-> JJS
-> POS
-> ``
-> EX
-> ''
-> WP
-> :
-> JJR
-> WRB
-> RP
-> $
-> NNPS
-> WP$
-> (
-> )
-> PDT
-> RBS
-> FW
-> UH
-> SYM
-> LS
-> #
-> VBG|NN
State #44 "LS"
initialWeight=0.0, finalWeight=0.0
#destinations=47
-> O
-> NNP
-> ,
-> CD
-> NNS
-> JJ
-> MD
-> VB
-> DT
-> NN
-> IN
-> .
-> VBZ
-> VBG
-> CC
-> VBD
-> VBN
-> RB
-> TO
-> PRP
-> RBR
-> WDT
-> VBP
-> PRP$
-> JJS
-> POS
-> ``
-> EX
-> ''
-> WP
-> :
-> JJR
-> WRB
-> RP
-> $
-> NNPS
-> WP$
-> (
-> )
-> PDT
-> RBS
-> FW
-> UH
-> SYM
-> LS
-> #
-> VBG|NN
State #45 "#"
initialWeight=0.0, finalWeight=0.0
#destinations=47
-> O
-> NNP
-> ,
-> CD
-> NNS
-> JJ
-> MD
-> VB
-> DT
-> NN
-> IN
-> .
-> VBZ
-> VBG
-> CC
-> VBD
-> VBN
-> RB
-> TO
-> PRP
-> RBR
-> WDT
-> VBP
-> PRP$
-> JJS
-> POS
-> ``
-> EX
-> ''
-> WP
-> :
-> JJR
-> WRB
-> RP
-> $
-> NNPS
-> WP$
-> (
-> )
-> PDT
-> RBS
-> FW
-> UH
-> SYM
-> LS
-> #
-> VBG|NN
State #46 "VBG|NN"
initialWeight=0.0, finalWeight=0.0
#destinations=47
-> O
-> NNP
-> ,
-> CD
-> NNS
-> JJ
-> MD
-> VB
-> DT
-> NN
-> IN
-> .
-> VBZ
-> VBG
-> CC
-> VBD
-> VBN
-> RB
-> TO
-> PRP
-> RBR
-> WDT
-> VBP
-> PRP$
-> JJS
-> POS
-> ``
-> EX
-> ''
-> WP
-> :
-> JJR
-> WRB
-> RP
-> $
-> NNPS
-> WP$
-> (
-> )
-> PDT
-> RBS
-> FW
-> UH
-> SYM
-> LS
-> #
-> VBG|NN
#
# A fatal error has been detected by the Java Runtime Environment:
#
#  SIGSEGV (0xb) at pc=0x00002ab6949f9ef3, pid=26134, tid=46963718457088
#
# JRE version: Java(TM) SE Runtime Environment (8.0_74-b02) (build 1.8.0_74-b02)
# Java VM: Java HotSpot(TM) 64-Bit Server VM (25.74-b02 mixed mode linux-amd64 compressed oops)
# Problematic frame:
# C  [libc.so.6+0x7fef3]# [ timer expired, abort... ]
