000 (2635.008.000) 04/03 14:51:08 Job submitted from host: <128.83.144.174:47204>
...
001 (2635.008.000) 04/03 14:51:53 Job executing on host: <128.83.144.70:53241>
...
006 (2635.008.000) 04/03 14:52:02 Image size of job updated: 32870548
	15  -  MemoryUsage of job (MB)
	15024  -  ResidentSetSize of job (KB)
...
006 (2635.008.000) 04/03 14:57:03 Image size of job updated: 34347984
	2498  -  MemoryUsage of job (MB)
	2557528  -  ResidentSetSize of job (KB)
...
005 (2635.008.000) 04/03 15:01:37 Job terminated.
	(1) Normal termination (return value 0)
		Usr 0 00:09:50, Sys 0 00:00:03  -  Run Remote Usage
		Usr 0 00:00:00, Sys 0 00:00:00  -  Run Local Usage
		Usr 0 00:09:50, Sys 0 00:00:03  -  Total Remote Usage
		Usr 0 00:00:00, Sys 0 00:00:00  -  Total Local Usage
	0  -  Run Bytes Sent By Job
	0  -  Run Bytes Received By Job
	0  -  Total Bytes Sent By Job
	0  -  Total Bytes Received By Job
	Partitionable Resources :    Usage  Request Allocated
	   Cpus                 :                 1         1
	   Disk (KB)            :       10       10   4691980
	   Gpus                 :                           0
	   Memory (MB)          :     2498        1      3523
...
