000 (2635.007.000) 04/03 14:51:08 Job submitted from host: <128.83.144.174:47204>
...
001 (2635.007.000) 04/03 14:51:53 Job executing on host: <128.83.144.70:53241>
...
006 (2635.007.000) 04/03 14:52:01 Image size of job updated: 33149628
	25  -  MemoryUsage of job (MB)
	24920  -  ResidentSetSize of job (KB)
...
006 (2635.007.000) 04/03 14:57:01 Image size of job updated: 34347984
	2457  -  MemoryUsage of job (MB)
	2515648  -  ResidentSetSize of job (KB)
...
005 (2635.007.000) 04/03 15:00:44 Job terminated.
	(1) Normal termination (return value 0)
		Usr 0 00:08:59, Sys 0 00:00:03  -  Run Remote Usage
		Usr 0 00:00:00, Sys 0 00:00:00  -  Run Local Usage
		Usr 0 00:08:59, Sys 0 00:00:03  -  Total Remote Usage
		Usr 0 00:00:00, Sys 0 00:00:00  -  Total Local Usage
	0  -  Run Bytes Sent By Job
	0  -  Run Bytes Received By Job
	0  -  Total Bytes Sent By Job
	0  -  Total Bytes Received By Job
	Partitionable Resources :    Usage  Request Allocated
	   Cpus                 :                 1         1
	   Disk (KB)            :       10       10   4691980
	   Gpus                 :                           0
	   Memory (MB)          :     2457        1      3523
...
