000 (2635.004.000) 04/03 14:51:08 Job submitted from host: <128.83.144.174:47204>
...
001 (2635.004.000) 04/03 14:51:52 Job executing on host: <128.83.144.70:53241>
...
006 (2635.004.000) 04/03 14:52:00 Image size of job updated: 34347984
	138  -  MemoryUsage of job (MB)
	140652  -  ResidentSetSize of job (KB)
...
006 (2635.004.000) 04/03 14:57:00 Image size of job updated: 34347984
	2373  -  MemoryUsage of job (MB)
	2429364  -  ResidentSetSize of job (KB)
...
005 (2635.004.000) 04/03 14:57:46 Job terminated.
	(1) Normal termination (return value 0)
		Usr 0 00:06:04, Sys 0 00:00:03  -  Run Remote Usage
		Usr 0 00:00:00, Sys 0 00:00:00  -  Run Local Usage
		Usr 0 00:06:04, Sys 0 00:00:03  -  Total Remote Usage
		Usr 0 00:00:00, Sys 0 00:00:00  -  Total Local Usage
	0  -  Run Bytes Sent By Job
	0  -  Run Bytes Received By Job
	0  -  Total Bytes Sent By Job
	0  -  Total Bytes Received By Job
	Partitionable Resources :    Usage  Request Allocated
	   Cpus                 :                 1         1
	   Disk (KB)            :       10       10   4691980
	   Gpus                 :                           0
	   Memory (MB)          :     2373        1      3523
...
