000 (012.000.000) 03/04 12:55:05 Job submitted from host: <128.83.130.128:56193>
...
001 (012.000.000) 03/04 12:55:16 Job executing on host: <128.83.139.150:52130>
...
006 (012.000.000) 03/04 12:55:25 Image size of job updated: 37701116
	187  -  MemoryUsage of job (MB)
	191036  -  ResidentSetSize of job (KB)
...
005 (012.000.000) 03/04 12:57:41 Job terminated.
	(1) Normal termination (return value 0)
		Usr 0 00:03:39, Sys 0 00:00:00  -  Run Remote Usage
		Usr 0 00:00:00, Sys 0 00:00:00  -  Run Local Usage
		Usr 0 00:03:39, Sys 0 00:00:00  -  Total Remote Usage
		Usr 0 00:00:00, Sys 0 00:00:00  -  Total Local Usage
	0  -  Run Bytes Sent By Job
	0  -  Run Bytes Received By Job
	0  -  Total Bytes Sent By Job
	0  -  Total Bytes Received By Job
	Partitionable Resources :    Usage  Request Allocated
	   Cpus                 :                 1         1
	   Disk (KB)            :       10       10   7540597
	   Gpus                 :                           0
	   Memory (MB)          :      187        1      4027
...
000 (032.000.000) 03/04 13:04:18 Job submitted from host: <128.83.130.128:56193>
...
001 (032.000.000) 03/04 13:04:29 Job executing on host: <128.83.139.150:52130>
...
006 (032.000.000) 03/04 13:04:38 Image size of job updated: 37701116
	235  -  MemoryUsage of job (MB)
	240588  -  ResidentSetSize of job (KB)
...
005 (032.000.000) 03/04 13:06:42 Job terminated.
	(1) Normal termination (return value 0)
		Usr 0 00:03:40, Sys 0 00:00:01  -  Run Remote Usage
		Usr 0 00:00:00, Sys 0 00:00:00  -  Run Local Usage
		Usr 0 00:03:40, Sys 0 00:00:01  -  Total Remote Usage
		Usr 0 00:00:00, Sys 0 00:00:00  -  Total Local Usage
	0  -  Run Bytes Sent By Job
	0  -  Run Bytes Received By Job
	0  -  Total Bytes Sent By Job
	0  -  Total Bytes Received By Job
	Partitionable Resources :    Usage  Request Allocated
	   Cpus                 :                 1         1
	   Disk (KB)            :       10       10   7540596
	   Gpus                 :                           0
	   Memory (MB)          :      235        1      4027
...
000 (052.000.000) 03/04 13:12:12 Job submitted from host: <128.83.130.128:56193>
...
001 (052.000.000) 03/04 13:12:26 Job executing on host: <128.83.144.84:41463>
...
006 (052.000.000) 03/04 13:12:35 Image size of job updated: 37701116
	266  -  MemoryUsage of job (MB)
	271400  -  ResidentSetSize of job (KB)
...
005 (052.000.000) 03/04 13:14:53 Job terminated.
	(1) Normal termination (return value 0)
		Usr 0 00:03:27, Sys 0 00:00:01  -  Run Remote Usage
		Usr 0 00:00:00, Sys 0 00:00:00  -  Run Local Usage
		Usr 0 00:03:27, Sys 0 00:00:01  -  Total Remote Usage
		Usr 0 00:00:00, Sys 0 00:00:00  -  Total Local Usage
	0  -  Run Bytes Sent By Job
	0  -  Run Bytes Received By Job
	0  -  Total Bytes Sent By Job
	0  -  Total Bytes Received By Job
	Partitionable Resources :    Usage  Request Allocated
	   Cpus                 :                 1         1
	   Disk (KB)            :       10       10   7541874
	   Gpus                 :                           0
	   Memory (MB)          :      266        1      4027
...
000 (072.000.000) 03/04 13:47:39 Job submitted from host: <128.83.130.128:56193>
...
001 (072.000.000) 03/04 13:47:51 Job executing on host: <128.83.144.84:41463>
...
006 (072.000.000) 03/04 13:48:00 Image size of job updated: 37701116
	211  -  MemoryUsage of job (MB)
	215380  -  ResidentSetSize of job (KB)
...
004 (072.000.000) 03/04 13:49:09 Job was evicted.
	(0) Job was not checkpointed.
		Usr 0 00:01:49, Sys 0 00:00:00  -  Run Remote Usage
		Usr 0 00:00:00, Sys 0 00:00:00  -  Run Local Usage
	0  -  Run Bytes Sent By Job
	0  -  Run Bytes Received By Job
	Partitionable Resources :    Usage  Request Allocated
	   Cpus                 :                 1         1
	   Disk (KB)            :       10       10   7541873
	   Gpus                 :                           0
	   Memory (MB)          :      211        1      4027
...
009 (072.000.000) 03/04 13:49:10 Job was aborted by the user.
	via condor_rm (by user harshal)
...
000 (094.000.000) 03/04 13:50:12 Job submitted from host: <128.83.130.128:56193>
...
001 (094.000.000) 03/04 13:50:22 Job executing on host: <128.83.139.150:52130>
...
006 (094.000.000) 03/04 13:50:31 Image size of job updated: 37701116
	233  -  MemoryUsage of job (MB)
	237916  -  ResidentSetSize of job (KB)
...
005 (094.000.000) 03/04 13:52:23 Job terminated.
	(1) Normal termination (return value 0)
		Usr 0 00:03:36, Sys 0 00:00:01  -  Run Remote Usage
		Usr 0 00:00:00, Sys 0 00:00:00  -  Run Local Usage
		Usr 0 00:03:36, Sys 0 00:00:01  -  Total Remote Usage
		Usr 0 00:00:00, Sys 0 00:00:00  -  Total Local Usage
	0  -  Run Bytes Sent By Job
	0  -  Run Bytes Received By Job
	0  -  Total Bytes Sent By Job
	0  -  Total Bytes Received By Job
	Partitionable Resources :    Usage  Request Allocated
	   Cpus                 :                 1         1
	   Disk (KB)            :       10       10   7540596
	   Gpus                 :                           0
	   Memory (MB)          :      233        1      4027
...
000 (118.000.000) 03/04 14:25:13 Job submitted from host: <128.83.130.128:56193>
...
001 (118.000.000) 03/04 14:25:26 Job executing on host: <128.83.144.168:32955>
...
006 (118.000.000) 03/04 14:25:35 Image size of job updated: 37701116
	189  -  MemoryUsage of job (MB)
	192784  -  ResidentSetSize of job (KB)
...
005 (118.000.000) 03/04 14:28:53 Job terminated.
	(1) Normal termination (return value 0)
		Usr 0 00:03:23, Sys 0 00:00:01  -  Run Remote Usage
		Usr 0 00:00:00, Sys 0 00:00:00  -  Run Local Usage
		Usr 0 00:03:23, Sys 0 00:00:01  -  Total Remote Usage
		Usr 0 00:00:00, Sys 0 00:00:00  -  Total Local Usage
	0  -  Run Bytes Sent By Job
	0  -  Run Bytes Received By Job
	0  -  Total Bytes Sent By Job
	0  -  Total Bytes Received By Job
	Partitionable Resources :    Usage  Request Allocated
	   Cpus                 :                 1         1
	   Disk (KB)            :       10       10   7541874
	   Gpus                 :                           0
	   Memory (MB)          :      189        1      4027
...
