000 (012.004.000) 03/04 12:55:05 Job submitted from host: <128.83.130.128:56193>
...
001 (012.004.000) 03/04 12:55:16 Job executing on host: <128.83.139.150:52130>
...
006 (012.004.000) 03/04 12:55:25 Image size of job updated: 37701116
	221  -  MemoryUsage of job (MB)
	226244  -  ResidentSetSize of job (KB)
...
005 (012.004.000) 03/04 12:57:40 Job terminated.
	(1) Normal termination (return value 0)
		Usr 0 00:03:21, Sys 0 00:00:01  -  Run Remote Usage
		Usr 0 00:00:00, Sys 0 00:00:00  -  Run Local Usage
		Usr 0 00:03:21, Sys 0 00:00:01  -  Total Remote Usage
		Usr 0 00:00:00, Sys 0 00:00:00  -  Total Local Usage
	0  -  Run Bytes Sent By Job
	0  -  Run Bytes Received By Job
	0  -  Total Bytes Sent By Job
	0  -  Total Bytes Received By Job
	Partitionable Resources :    Usage  Request Allocated
	   Cpus                 :                 1         1
	   Disk (KB)            :       10       10   7540597
	   Gpus                 :                           0
	   Memory (MB)          :      221        1      4027
...
000 (032.004.000) 03/04 13:04:18 Job submitted from host: <128.83.130.128:56193>
...
001 (032.004.000) 03/04 13:04:29 Job executing on host: <128.83.139.150:52130>
...
006 (032.004.000) 03/04 13:04:38 Image size of job updated: 37701116
	223  -  MemoryUsage of job (MB)
	227488  -  ResidentSetSize of job (KB)
...
005 (032.004.000) 03/04 13:06:42 Job terminated.
	(1) Normal termination (return value 0)
		Usr 0 00:03:26, Sys 0 00:00:01  -  Run Remote Usage
		Usr 0 00:00:00, Sys 0 00:00:00  -  Run Local Usage
		Usr 0 00:03:26, Sys 0 00:00:01  -  Total Remote Usage
		Usr 0 00:00:00, Sys 0 00:00:00  -  Total Local Usage
	0  -  Run Bytes Sent By Job
	0  -  Run Bytes Received By Job
	0  -  Total Bytes Sent By Job
	0  -  Total Bytes Received By Job
	Partitionable Resources :    Usage  Request Allocated
	   Cpus                 :                 1         1
	   Disk (KB)            :       10       10   7540596
	   Gpus                 :                           0
	   Memory (MB)          :      223        1      4027
...
000 (052.004.000) 03/04 13:12:12 Job submitted from host: <128.83.130.128:56193>
...
001 (052.004.000) 03/04 13:12:26 Job executing on host: <128.83.144.84:41463>
...
006 (052.004.000) 03/04 13:12:35 Image size of job updated: 37701116
	226  -  MemoryUsage of job (MB)
	231192  -  ResidentSetSize of job (KB)
...
005 (052.004.000) 03/04 13:14:52 Job terminated.
	(1) Normal termination (return value 0)
		Usr 0 00:03:30, Sys 0 00:00:01  -  Run Remote Usage
		Usr 0 00:00:00, Sys 0 00:00:00  -  Run Local Usage
		Usr 0 00:03:30, Sys 0 00:00:01  -  Total Remote Usage
		Usr 0 00:00:00, Sys 0 00:00:00  -  Total Local Usage
	0  -  Run Bytes Sent By Job
	0  -  Run Bytes Received By Job
	0  -  Total Bytes Sent By Job
	0  -  Total Bytes Received By Job
	Partitionable Resources :    Usage  Request Allocated
	   Cpus                 :                 1         1
	   Disk (KB)            :       10       10   7541874
	   Gpus                 :                           0
	   Memory (MB)          :      226        1      4027
...
000 (072.004.000) 03/04 13:47:39 Job submitted from host: <128.83.130.128:56193>
...
001 (072.004.000) 03/04 13:47:51 Job executing on host: <128.83.144.84:41463>
...
006 (072.004.000) 03/04 13:48:00 Image size of job updated: 37701116
	282  -  MemoryUsage of job (MB)
	288008  -  ResidentSetSize of job (KB)
...
006 (072.004.000) 03/04 13:49:09 Image size of job updated: 37703056
	282  -  MemoryUsage of job (MB)
	288008  -  ResidentSetSize of job (KB)
...
004 (072.004.000) 03/04 13:49:09 Job was evicted.
	(0) Job was not checkpointed.
		Usr 0 00:01:49, Sys 0 00:00:00  -  Run Remote Usage
		Usr 0 00:00:00, Sys 0 00:00:00  -  Run Local Usage
	0  -  Run Bytes Sent By Job
	0  -  Run Bytes Received By Job
	Partitionable Resources :    Usage  Request Allocated
	   Cpus                 :                 1         1
	   Disk (KB)            :       10       10   7541873
	   Gpus                 :                           0
	   Memory (MB)          :      282        1      4027
...
009 (072.004.000) 03/04 13:49:10 Job was aborted by the user.
	via condor_rm (by user harshal)
...
000 (094.004.000) 03/04 13:50:12 Job submitted from host: <128.83.130.128:56193>
...
001 (094.004.000) 03/04 13:50:22 Job executing on host: <128.83.120.18:58771>
...
006 (094.004.000) 03/04 13:50:31 Image size of job updated: 29537708
	88  -  MemoryUsage of job (MB)
	89160  -  ResidentSetSize of job (KB)
...
006 (094.004.000) 03/04 13:53:12 Image size of job updated: 30202404
	88  -  MemoryUsage of job (MB)
	89160  -  ResidentSetSize of job (KB)
...
005 (094.004.000) 03/04 13:53:12 Job terminated.
	(1) Normal termination (return value 0)
		Usr 0 00:03:34, Sys 0 00:00:01  -  Run Remote Usage
		Usr 0 00:00:00, Sys 0 00:00:00  -  Run Local Usage
		Usr 0 00:03:34, Sys 0 00:00:01  -  Total Remote Usage
		Usr 0 00:00:00, Sys 0 00:00:00  -  Total Local Usage
	0  -  Run Bytes Sent By Job
	0  -  Run Bytes Received By Job
	0  -  Total Bytes Sent By Job
	0  -  Total Bytes Received By Job
	Partitionable Resources :    Usage  Request Allocated
	   Cpus                 :                 1         1
	   Disk (KB)            :       10       10   8863364
	   Gpus                 :                           0
	   Memory (MB)          :       88        1      4028
...
000 (118.004.000) 03/04 14:25:13 Job submitted from host: <128.83.130.128:56193>
...
001 (118.004.000) 03/04 14:25:26 Job executing on host: <128.83.144.168:32955>
...
006 (118.004.000) 03/04 14:25:35 Image size of job updated: 37701116
	192  -  MemoryUsage of job (MB)
	195776  -  ResidentSetSize of job (KB)
...
005 (118.004.000) 03/04 14:28:55 Job terminated.
	(1) Normal termination (return value 0)
		Usr 0 00:03:32, Sys 0 00:00:00  -  Run Remote Usage
		Usr 0 00:00:00, Sys 0 00:00:00  -  Run Local Usage
		Usr 0 00:03:32, Sys 0 00:00:00  -  Total Remote Usage
		Usr 0 00:00:00, Sys 0 00:00:00  -  Total Local Usage
	0  -  Run Bytes Sent By Job
	0  -  Run Bytes Received By Job
	0  -  Total Bytes Sent By Job
	0  -  Total Bytes Received By Job
	Partitionable Resources :    Usage  Request Allocated
	   Cpus                 :                 1         1
	   Disk (KB)            :       10       10   7541874
	   Gpus                 :                           0
	   Memory (MB)          :      192        1      4027
...
