000 (012.006.000) 03/04 12:55:05 Job submitted from host: <128.83.130.128:56193>
...
001 (012.006.000) 03/04 12:55:16 Job executing on host: <128.83.139.150:52130>
...
006 (012.006.000) 03/04 12:55:25 Image size of job updated: 37701116
	205  -  MemoryUsage of job (MB)
	209832  -  ResidentSetSize of job (KB)
...
005 (012.006.000) 03/04 12:57:55 Job terminated.
	(1) Normal termination (return value 0)
		Usr 0 00:03:46, Sys 0 00:00:01  -  Run Remote Usage
		Usr 0 00:00:00, Sys 0 00:00:00  -  Run Local Usage
		Usr 0 00:03:46, Sys 0 00:00:01  -  Total Remote Usage
		Usr 0 00:00:00, Sys 0 00:00:00  -  Total Local Usage
	0  -  Run Bytes Sent By Job
	0  -  Run Bytes Received By Job
	0  -  Total Bytes Sent By Job
	0  -  Total Bytes Received By Job
	Partitionable Resources :    Usage  Request Allocated
	   Cpus                 :                 1         1
	   Disk (KB)            :       10       10   7540597
	   Gpus                 :                           0
	   Memory (MB)          :      205        1      4027
...
000 (032.006.000) 03/04 13:04:18 Job submitted from host: <128.83.130.128:56193>
...
001 (032.006.000) 03/04 13:04:31 Job executing on host: <128.83.139.146:48339>
...
006 (032.006.000) 03/04 13:04:39 Image size of job updated: 37036420
	84  -  MemoryUsage of job (MB)
	85936  -  ResidentSetSize of job (KB)
...
006 (032.006.000) 03/04 13:08:23 Image size of job updated: 37701116
	84  -  MemoryUsage of job (MB)
	85936  -  ResidentSetSize of job (KB)
...
005 (032.006.000) 03/04 13:08:23 Job terminated.
	(1) Normal termination (return value 0)
		Usr 0 00:04:00, Sys 0 00:00:01  -  Run Remote Usage
		Usr 0 00:00:00, Sys 0 00:00:00  -  Run Local Usage
		Usr 0 00:04:00, Sys 0 00:00:01  -  Total Remote Usage
		Usr 0 00:00:00, Sys 0 00:00:00  -  Total Local Usage
	0  -  Run Bytes Sent By Job
	0  -  Run Bytes Received By Job
	0  -  Total Bytes Sent By Job
	0  -  Total Bytes Received By Job
	Partitionable Resources :    Usage  Request Allocated
	   Cpus                 :                 1         1
	   Disk (KB)            :       10       10   7541874
	   Gpus                 :                           0
	   Memory (MB)          :       84        1      4027
...
000 (052.006.000) 03/04 13:12:12 Job submitted from host: <128.83.130.128:56193>
...
001 (052.006.000) 03/04 13:12:26 Job executing on host: <128.83.144.84:41463>
...
006 (052.006.000) 03/04 13:12:35 Image size of job updated: 37701116
	250  -  MemoryUsage of job (MB)
	255452  -  ResidentSetSize of job (KB)
...
005 (052.006.000) 03/04 13:15:07 Job terminated.
	(1) Normal termination (return value 0)
		Usr 0 00:03:57, Sys 0 00:00:00  -  Run Remote Usage
		Usr 0 00:00:00, Sys 0 00:00:00  -  Run Local Usage
		Usr 0 00:03:57, Sys 0 00:00:00  -  Total Remote Usage
		Usr 0 00:00:00, Sys 0 00:00:00  -  Total Local Usage
	0  -  Run Bytes Sent By Job
	0  -  Run Bytes Received By Job
	0  -  Total Bytes Sent By Job
	0  -  Total Bytes Received By Job
	Partitionable Resources :    Usage  Request Allocated
	   Cpus                 :                 1         1
	   Disk (KB)            :       10       10   7541874
	   Gpus                 :                           0
	   Memory (MB)          :      250        1      4027
...
000 (072.006.000) 03/04 13:47:39 Job submitted from host: <128.83.130.128:56193>
...
001 (072.006.000) 03/04 13:47:51 Job executing on host: <128.83.144.84:41463>
...
006 (072.006.000) 03/04 13:48:00 Image size of job updated: 37701116
	235  -  MemoryUsage of job (MB)
	239908  -  ResidentSetSize of job (KB)
...
004 (072.006.000) 03/04 13:49:09 Job was evicted.
	(0) Job was not checkpointed.
		Usr 0 00:01:49, Sys 0 00:00:00  -  Run Remote Usage
		Usr 0 00:00:00, Sys 0 00:00:00  -  Run Local Usage
	0  -  Run Bytes Sent By Job
	0  -  Run Bytes Received By Job
	Partitionable Resources :    Usage  Request Allocated
	   Cpus                 :                 1         1
	   Disk (KB)            :       10       10   7541873
	   Gpus                 :                           0
	   Memory (MB)          :      235        1      4027
...
009 (072.006.000) 03/04 13:49:10 Job was aborted by the user.
	via condor_rm (by user harshal)
...
000 (094.006.000) 03/04 13:50:12 Job submitted from host: <128.83.130.128:56193>
...
001 (094.006.000) 03/04 13:50:22 Job executing on host: <128.83.120.18:58771>
...
006 (094.006.000) 03/04 13:50:31 Image size of job updated: 29536764
	98  -  MemoryUsage of job (MB)
	99540  -  ResidentSetSize of job (KB)
...
006 (094.006.000) 03/04 13:53:26 Image size of job updated: 30202404
	98  -  MemoryUsage of job (MB)
	99540  -  ResidentSetSize of job (KB)
...
005 (094.006.000) 03/04 13:53:26 Job terminated.
	(1) Normal termination (return value 0)
		Usr 0 00:03:57, Sys 0 00:00:00  -  Run Remote Usage
		Usr 0 00:00:00, Sys 0 00:00:00  -  Run Local Usage
		Usr 0 00:03:57, Sys 0 00:00:00  -  Total Remote Usage
		Usr 0 00:00:00, Sys 0 00:00:00  -  Total Local Usage
	0  -  Run Bytes Sent By Job
	0  -  Run Bytes Received By Job
	0  -  Total Bytes Sent By Job
	0  -  Total Bytes Received By Job
	Partitionable Resources :    Usage  Request Allocated
	   Cpus                 :                 1         1
	   Disk (KB)            :       10       10   8863364
	   Gpus                 :                           0
	   Memory (MB)          :       98        1      4028
...
000 (118.006.000) 03/04 14:25:13 Job submitted from host: <128.83.130.128:56193>
...
001 (118.006.000) 03/04 14:25:26 Job executing on host: <128.83.144.168:32955>
...
006 (118.006.000) 03/04 14:25:35 Image size of job updated: 37701116
	211  -  MemoryUsage of job (MB)
	215140  -  ResidentSetSize of job (KB)
...
005 (118.006.000) 03/04 14:29:14 Job terminated.
	(1) Normal termination (return value 0)
		Usr 0 00:03:50, Sys 0 00:00:00  -  Run Remote Usage
		Usr 0 00:00:00, Sys 0 00:00:00  -  Run Local Usage
		Usr 0 00:03:50, Sys 0 00:00:00  -  Total Remote Usage
		Usr 0 00:00:00, Sys 0 00:00:00  -  Total Local Usage
	0  -  Run Bytes Sent By Job
	0  -  Run Bytes Received By Job
	0  -  Total Bytes Sent By Job
	0  -  Total Bytes Received By Job
	Partitionable Resources :    Usage  Request Allocated
	   Cpus                 :                 1         1
	   Disk (KB)            :       10       10   7541874
	   Gpus                 :                           0
	   Memory (MB)          :      211        1      4027
...
