000 (012.007.000) 03/04 12:55:05 Job submitted from host: <128.83.130.128:56193>
...
001 (012.007.000) 03/04 12:55:15 Job executing on host: <128.83.139.5:45293>
...
006 (012.007.000) 03/04 12:55:23 Image size of job updated: 37702852
	206  -  MemoryUsage of job (MB)
	210484  -  ResidentSetSize of job (KB)
...
004 (012.007.000) 03/04 12:58:33 Job was evicted.
	(0) Job was not checkpointed.
		Usr 0 00:03:19, Sys 0 00:00:01  -  Run Remote Usage
		Usr 0 00:00:00, Sys 0 00:00:00  -  Run Local Usage
	0  -  Run Bytes Sent By Job
	0  -  Run Bytes Received By Job
	Partitionable Resources :    Usage  Request Allocated
	   Cpus                 :                 1         1
	   Disk (KB)            :       10       10   4690005
	   Gpus                 :                           0
	   Memory (MB)          :      206        1      4027
...
009 (012.007.000) 03/04 12:58:34 Job was aborted by the user.
	via condor_rm (by user harshal)
...
000 (032.007.000) 03/04 13:04:18 Job submitted from host: <128.83.130.128:56193>
...
001 (032.007.000) 03/04 13:04:28 Job executing on host: <128.83.139.146:48339>
...
006 (032.007.000) 03/04 13:04:37 Image size of job updated: 37035476
	161  -  MemoryUsage of job (MB)
	164820  -  ResidentSetSize of job (KB)
...
006 (032.007.000) 03/04 13:08:10 Image size of job updated: 37701116
	161  -  MemoryUsage of job (MB)
	164820  -  ResidentSetSize of job (KB)
...
005 (032.007.000) 03/04 13:08:10 Job terminated.
	(1) Normal termination (return value 0)
		Usr 0 00:03:40, Sys 0 00:00:00  -  Run Remote Usage
		Usr 0 00:00:00, Sys 0 00:00:00  -  Run Local Usage
		Usr 0 00:03:40, Sys 0 00:00:00  -  Total Remote Usage
		Usr 0 00:00:00, Sys 0 00:00:00  -  Total Local Usage
	0  -  Run Bytes Sent By Job
	0  -  Run Bytes Received By Job
	0  -  Total Bytes Sent By Job
	0  -  Total Bytes Received By Job
	Partitionable Resources :    Usage  Request Allocated
	   Cpus                 :                 1         1
	   Disk (KB)            :       10       10   7541874
	   Gpus                 :                           0
	   Memory (MB)          :      161        1      4027
...
000 (052.007.000) 03/04 13:12:12 Job submitted from host: <128.83.130.128:56193>
...
001 (052.007.000) 03/04 13:12:26 Job executing on host: <128.83.144.84:41463>
...
006 (052.007.000) 03/04 13:12:35 Image size of job updated: 37701116
	235  -  MemoryUsage of job (MB)
	239932  -  ResidentSetSize of job (KB)
...
005 (052.007.000) 03/04 13:15:00 Job terminated.
	(1) Normal termination (return value 0)
		Usr 0 00:03:44, Sys 0 00:00:01  -  Run Remote Usage
		Usr 0 00:00:00, Sys 0 00:00:00  -  Run Local Usage
		Usr 0 00:03:44, Sys 0 00:00:01  -  Total Remote Usage
		Usr 0 00:00:00, Sys 0 00:00:00  -  Total Local Usage
	0  -  Run Bytes Sent By Job
	0  -  Run Bytes Received By Job
	0  -  Total Bytes Sent By Job
	0  -  Total Bytes Received By Job
	Partitionable Resources :    Usage  Request Allocated
	   Cpus                 :                 1         1
	   Disk (KB)            :       10       10   7541874
	   Gpus                 :                           0
	   Memory (MB)          :      235        1      4027
...
000 (072.007.000) 03/04 13:47:39 Job submitted from host: <128.83.130.128:56193>
...
001 (072.007.000) 03/04 13:47:51 Job executing on host: <128.83.144.84:41463>
...
006 (072.007.000) 03/04 13:48:00 Image size of job updated: 37701116
	232  -  MemoryUsage of job (MB)
	236688  -  ResidentSetSize of job (KB)
...
004 (072.007.000) 03/04 13:49:09 Job was evicted.
	(0) Job was not checkpointed.
		Usr 0 00:01:54, Sys 0 00:00:00  -  Run Remote Usage
		Usr 0 00:00:00, Sys 0 00:00:00  -  Run Local Usage
	0  -  Run Bytes Sent By Job
	0  -  Run Bytes Received By Job
	Partitionable Resources :    Usage  Request Allocated
	   Cpus                 :                 1         1
	   Disk (KB)            :       10       10   7541873
	   Gpus                 :                           0
	   Memory (MB)          :      232        1      4027
...
009 (072.007.000) 03/04 13:49:10 Job was aborted by the user.
	via condor_rm (by user harshal)
...
000 (094.007.000) 03/04 13:50:12 Job submitted from host: <128.83.130.128:56193>
...
001 (094.007.000) 03/04 13:50:22 Job executing on host: <128.83.120.18:58771>
...
006 (094.007.000) 03/04 13:50:31 Image size of job updated: 29536764
	82  -  MemoryUsage of job (MB)
	83744  -  ResidentSetSize of job (KB)
...
006 (094.007.000) 03/04 13:53:14 Image size of job updated: 30202404
	82  -  MemoryUsage of job (MB)
	83744  -  ResidentSetSize of job (KB)
...
005 (094.007.000) 03/04 13:53:14 Job terminated.
	(1) Normal termination (return value 0)
		Usr 0 00:03:35, Sys 0 00:00:00  -  Run Remote Usage
		Usr 0 00:00:00, Sys 0 00:00:00  -  Run Local Usage
		Usr 0 00:03:35, Sys 0 00:00:00  -  Total Remote Usage
		Usr 0 00:00:00, Sys 0 00:00:00  -  Total Local Usage
	0  -  Run Bytes Sent By Job
	0  -  Run Bytes Received By Job
	0  -  Total Bytes Sent By Job
	0  -  Total Bytes Received By Job
	Partitionable Resources :    Usage  Request Allocated
	   Cpus                 :                 1         1
	   Disk (KB)            :       10       10   8863364
	   Gpus                 :                           0
	   Memory (MB)          :       82        1      4028
...
000 (118.007.000) 03/04 14:25:13 Job submitted from host: <128.83.130.128:56193>
...
001 (118.007.000) 03/04 14:25:26 Job executing on host: <128.83.144.168:32955>
...
006 (118.007.000) 03/04 14:25:35 Image size of job updated: 37701116
	195  -  MemoryUsage of job (MB)
	198728  -  ResidentSetSize of job (KB)
...
005 (118.007.000) 03/04 14:29:06 Job terminated.
	(1) Normal termination (return value 0)
		Usr 0 00:03:35, Sys 0 00:00:01  -  Run Remote Usage
		Usr 0 00:00:00, Sys 0 00:00:00  -  Run Local Usage
		Usr 0 00:03:35, Sys 0 00:00:01  -  Total Remote Usage
		Usr 0 00:00:00, Sys 0 00:00:00  -  Total Local Usage
	0  -  Run Bytes Sent By Job
	0  -  Run Bytes Received By Job
	0  -  Total Bytes Sent By Job
	0  -  Total Bytes Received By Job
	Partitionable Resources :    Usage  Request Allocated
	   Cpus                 :                 1         1
	   Disk (KB)            :       10       10   7541874
	   Gpus                 :                           0
	   Memory (MB)          :      195        1      4027
...
