000 (012.008.000) 03/04 12:55:05 Job submitted from host: <128.83.130.128:56193>
...
001 (012.008.000) 03/04 12:55:16 Job executing on host: <128.83.139.5:45293>
...
006 (012.008.000) 03/04 12:55:25 Image size of job updated: 37701116
	251  -  MemoryUsage of job (MB)
	256760  -  ResidentSetSize of job (KB)
...
004 (012.008.000) 03/04 12:58:33 Job was evicted.
	(0) Job was not checkpointed.
		Usr 0 00:03:18, Sys 0 00:00:01  -  Run Remote Usage
		Usr 0 00:00:00, Sys 0 00:00:00  -  Run Local Usage
	0  -  Run Bytes Sent By Job
	0  -  Run Bytes Received By Job
	Partitionable Resources :    Usage  Request Allocated
	   Cpus                 :                 1         1
	   Disk (KB)            :       10       10   4690005
	   Gpus                 :                           0
	   Memory (MB)          :      251        1      4027
...
009 (012.008.000) 03/04 12:58:34 Job was aborted by the user.
	via condor_rm (by user harshal)
...
000 (032.008.000) 03/04 13:04:18 Job submitted from host: <128.83.130.128:56193>
...
001 (032.008.000) 03/04 13:04:28 Job executing on host: <128.83.139.146:48339>
...
006 (032.008.000) 03/04 13:04:37 Image size of job updated: 37035476
	159  -  MemoryUsage of job (MB)
	161852  -  ResidentSetSize of job (KB)
...
006 (032.008.000) 03/04 13:08:18 Image size of job updated: 37701116
	159  -  MemoryUsage of job (MB)
	161852  -  ResidentSetSize of job (KB)
...
005 (032.008.000) 03/04 13:08:18 Job terminated.
	(1) Normal termination (return value 0)
		Usr 0 00:03:55, Sys 0 00:00:01  -  Run Remote Usage
		Usr 0 00:00:00, Sys 0 00:00:00  -  Run Local Usage
		Usr 0 00:03:55, Sys 0 00:00:01  -  Total Remote Usage
		Usr 0 00:00:00, Sys 0 00:00:00  -  Total Local Usage
	0  -  Run Bytes Sent By Job
	0  -  Run Bytes Received By Job
	0  -  Total Bytes Sent By Job
	0  -  Total Bytes Received By Job
	Partitionable Resources :    Usage  Request Allocated
	   Cpus                 :                 1         1
	   Disk (KB)            :       10       10   7541874
	   Gpus                 :                           0
	   Memory (MB)          :      159        1      4027
...
000 (052.008.000) 03/04 13:12:12 Job submitted from host: <128.83.130.128:56193>
...
001 (052.008.000) 03/04 13:12:26 Job executing on host: <128.83.144.84:41463>
...
006 (052.008.000) 03/04 13:12:35 Image size of job updated: 37701116
	270  -  MemoryUsage of job (MB)
	275916  -  ResidentSetSize of job (KB)
...
005 (052.008.000) 03/04 13:15:06 Job terminated.
	(1) Normal termination (return value 0)
		Usr 0 00:03:48, Sys 0 00:00:01  -  Run Remote Usage
		Usr 0 00:00:00, Sys 0 00:00:00  -  Run Local Usage
		Usr 0 00:03:48, Sys 0 00:00:01  -  Total Remote Usage
		Usr 0 00:00:00, Sys 0 00:00:00  -  Total Local Usage
	0  -  Run Bytes Sent By Job
	0  -  Run Bytes Received By Job
	0  -  Total Bytes Sent By Job
	0  -  Total Bytes Received By Job
	Partitionable Resources :    Usage  Request Allocated
	   Cpus                 :                 1         1
	   Disk (KB)            :       10       10   7541874
	   Gpus                 :                           0
	   Memory (MB)          :      270        1      4027
...
000 (072.008.000) 03/04 13:47:39 Job submitted from host: <128.83.130.128:56193>
...
001 (072.008.000) 03/04 13:47:51 Job executing on host: <128.83.144.84:41463>
...
006 (072.008.000) 03/04 13:48:00 Image size of job updated: 37701116
	237  -  MemoryUsage of job (MB)
	241848  -  ResidentSetSize of job (KB)
...
004 (072.008.000) 03/04 13:49:09 Job was evicted.
	(0) Job was not checkpointed.
		Usr 0 00:01:50, Sys 0 00:00:00  -  Run Remote Usage
		Usr 0 00:00:00, Sys 0 00:00:00  -  Run Local Usage
	0  -  Run Bytes Sent By Job
	0  -  Run Bytes Received By Job
	Partitionable Resources :    Usage  Request Allocated
	   Cpus                 :                 1         1
	   Disk (KB)            :       10       10   7541873
	   Gpus                 :                           0
	   Memory (MB)          :      237        1      4027
...
009 (072.008.000) 03/04 13:49:10 Job was aborted by the user.
	via condor_rm (by user harshal)
...
000 (094.008.000) 03/04 13:50:12 Job submitted from host: <128.83.130.128:56193>
...
001 (094.008.000) 03/04 13:50:22 Job executing on host: <128.83.120.18:58771>
...
006 (094.008.000) 03/04 13:50:31 Image size of job updated: 29536764
	86  -  MemoryUsage of job (MB)
	87252  -  ResidentSetSize of job (KB)
...
006 (094.008.000) 03/04 13:53:28 Image size of job updated: 30202404
	86  -  MemoryUsage of job (MB)
	87252  -  ResidentSetSize of job (KB)
...
005 (094.008.000) 03/04 13:53:28 Job terminated.
	(1) Normal termination (return value 0)
		Usr 0 00:04:00, Sys 0 00:00:00  -  Run Remote Usage
		Usr 0 00:00:00, Sys 0 00:00:00  -  Run Local Usage
		Usr 0 00:04:00, Sys 0 00:00:00  -  Total Remote Usage
		Usr 0 00:00:00, Sys 0 00:00:00  -  Total Local Usage
	0  -  Run Bytes Sent By Job
	0  -  Run Bytes Received By Job
	0  -  Total Bytes Sent By Job
	0  -  Total Bytes Received By Job
	Partitionable Resources :    Usage  Request Allocated
	   Cpus                 :                 1         1
	   Disk (KB)            :       10       10   8863364
	   Gpus                 :                           0
	   Memory (MB)          :       86        1      4028
...
000 (118.008.000) 03/04 14:25:13 Job submitted from host: <128.83.130.128:56193>
...
001 (118.008.000) 03/04 14:25:26 Job executing on host: <128.83.144.168:32955>
...
006 (118.008.000) 03/04 14:25:35 Image size of job updated: 37701116
	207  -  MemoryUsage of job (MB)
	211140  -  ResidentSetSize of job (KB)
...
005 (118.008.000) 03/04 14:29:10 Job terminated.
	(1) Normal termination (return value 0)
		Usr 0 00:03:48, Sys 0 00:00:01  -  Run Remote Usage
		Usr 0 00:00:00, Sys 0 00:00:00  -  Run Local Usage
		Usr 0 00:03:48, Sys 0 00:00:01  -  Total Remote Usage
		Usr 0 00:00:00, Sys 0 00:00:00  -  Total Local Usage
	0  -  Run Bytes Sent By Job
	0  -  Run Bytes Received By Job
	0  -  Total Bytes Sent By Job
	0  -  Total Bytes Received By Job
	Partitionable Resources :    Usage  Request Allocated
	   Cpus                 :                 1         1
	   Disk (KB)            :       10       10   7541874
	   Gpus                 :                           0
	   Memory (MB)          :      207        1      4027
...
