000 (009.001.000) 03/04 12:29:42 Job submitted from host: <128.83.130.128:56193>
...
001 (009.001.000) 03/04 12:30:05 Job executing on host: <128.83.144.168:32955>
...
006 (009.001.000) 03/04 12:30:11 Image size of job updated: 37035476
	0  -  MemoryUsage of job (MB)
	0  -  ResidentSetSize of job (KB)
...
005 (009.001.000) 03/04 12:30:11 Job terminated.
	(1) Normal termination (return value 0)
		Usr 0 00:00:11, Sys 0 00:00:00  -  Run Remote Usage
		Usr 0 00:00:00, Sys 0 00:00:00  -  Run Local Usage
		Usr 0 00:00:11, Sys 0 00:00:00  -  Total Remote Usage
		Usr 0 00:00:00, Sys 0 00:00:00  -  Total Local Usage
	0  -  Run Bytes Sent By Job
	0  -  Run Bytes Received By Job
	0  -  Total Bytes Sent By Job
	0  -  Total Bytes Received By Job
	Partitionable Resources :    Usage  Request Allocated
	   Cpus                 :                 1         1
	   Disk (KB)            :       10       10   7541874
	   Gpus                 :                           0
	   Memory (MB)          :        0        1      4027
...
000 (010.001.000) 03/04 12:55:05 Job submitted from host: <128.83.130.128:56193>
...
001 (010.001.000) 03/04 12:55:14 Job executing on host: <128.83.139.150:52130>
...
006 (010.001.000) 03/04 12:55:23 Image size of job updated: 37037616
	587  -  MemoryUsage of job (MB)
	600348  -  ResidentSetSize of job (KB)
...
006 (010.001.000) 03/04 12:55:23 Image size of job updated: 37102040
	587  -  MemoryUsage of job (MB)
	600348  -  ResidentSetSize of job (KB)
...
005 (010.001.000) 03/04 12:55:23 Job terminated.
	(1) Normal termination (return value 0)
		Usr 0 00:00:09, Sys 0 00:00:00  -  Run Remote Usage
		Usr 0 00:00:00, Sys 0 00:00:00  -  Run Local Usage
		Usr 0 00:00:09, Sys 0 00:00:00  -  Total Remote Usage
		Usr 0 00:00:00, Sys 0 00:00:00  -  Total Local Usage
	0  -  Run Bytes Sent By Job
	0  -  Run Bytes Received By Job
	0  -  Total Bytes Sent By Job
	0  -  Total Bytes Received By Job
	Partitionable Resources :    Usage  Request Allocated
	   Cpus                 :                 1         1
	   Disk (KB)            :       10       10   7540597
	   Gpus                 :                           0
	   Memory (MB)          :      587        1      4027
...
000 (030.001.000) 03/04 13:04:18 Job submitted from host: <128.83.130.128:56193>
...
001 (030.001.000) 03/04 13:04:27 Job executing on host: <128.83.139.150:52130>
...
006 (030.001.000) 03/04 13:04:35 Image size of job updated: 37037544
	0  -  MemoryUsage of job (MB)
	0  -  ResidentSetSize of job (KB)
...
005 (030.001.000) 03/04 13:04:35 Job terminated.
	(1) Normal termination (return value 0)
		Usr 0 00:00:08, Sys 0 00:00:00  -  Run Remote Usage
		Usr 0 00:00:00, Sys 0 00:00:00  -  Run Local Usage
		Usr 0 00:00:08, Sys 0 00:00:00  -  Total Remote Usage
		Usr 0 00:00:00, Sys 0 00:00:00  -  Total Local Usage
	0  -  Run Bytes Sent By Job
	0  -  Run Bytes Received By Job
	0  -  Total Bytes Sent By Job
	0  -  Total Bytes Received By Job
	Partitionable Resources :    Usage  Request Allocated
	   Cpus                 :                 1         1
	   Disk (KB)            :       10       10   7540596
	   Gpus                 :                           0
	   Memory (MB)          :        0        1      4027
...
000 (050.001.000) 03/04 13:12:12 Job submitted from host: <128.83.130.128:56193>
...
001 (050.001.000) 03/04 13:12:23 Job executing on host: <128.83.144.84:41463>
...
006 (050.001.000) 03/04 13:12:31 Image size of job updated: 37035476
	572  -  MemoryUsage of job (MB)
	584864  -  ResidentSetSize of job (KB)
...
005 (050.001.000) 03/04 13:12:32 Job terminated.
	(1) Normal termination (return value 0)
		Usr 0 00:00:13, Sys 0 00:00:00  -  Run Remote Usage
		Usr 0 00:00:00, Sys 0 00:00:00  -  Run Local Usage
		Usr 0 00:00:13, Sys 0 00:00:00  -  Total Remote Usage
		Usr 0 00:00:00, Sys 0 00:00:00  -  Total Local Usage
	0  -  Run Bytes Sent By Job
	0  -  Run Bytes Received By Job
	0  -  Total Bytes Sent By Job
	0  -  Total Bytes Received By Job
	Partitionable Resources :    Usage  Request Allocated
	   Cpus                 :                 1         1
	   Disk (KB)            :       10       10   7541874
	   Gpus                 :                           0
	   Memory (MB)          :      572        1      4027
...
000 (070.001.000) 03/04 13:47:39 Job submitted from host: <128.83.130.128:56193>
...
001 (070.001.000) 03/04 13:47:49 Job executing on host: <128.83.144.84:41463>
...
006 (070.001.000) 03/04 13:47:55 Image size of job updated: 37102040
	0  -  MemoryUsage of job (MB)
	0  -  ResidentSetSize of job (KB)
...
005 (070.001.000) 03/04 13:47:55 Job terminated.
	(1) Normal termination (return value 0)
		Usr 0 00:00:08, Sys 0 00:00:00  -  Run Remote Usage
		Usr 0 00:00:00, Sys 0 00:00:00  -  Run Local Usage
		Usr 0 00:00:08, Sys 0 00:00:00  -  Total Remote Usage
		Usr 0 00:00:00, Sys 0 00:00:00  -  Total Local Usage
	0  -  Run Bytes Sent By Job
	0  -  Run Bytes Received By Job
	0  -  Total Bytes Sent By Job
	0  -  Total Bytes Received By Job
	Partitionable Resources :    Usage  Request Allocated
	   Cpus                 :                 1         1
	   Disk (KB)            :       10       10   7541873
	   Gpus                 :                           0
	   Memory (MB)          :        0        1      4027
...
000 (092.001.000) 03/04 13:50:11 Job submitted from host: <128.83.130.128:56193>
...
001 (092.001.000) 03/04 13:50:21 Job executing on host: <128.83.144.84:41463>
...
006 (092.001.000) 03/04 13:50:27 Image size of job updated: 37035476
	0  -  MemoryUsage of job (MB)
	0  -  ResidentSetSize of job (KB)
...
005 (092.001.000) 03/04 13:50:27 Job terminated.
	(1) Normal termination (return value 0)
		Usr 0 00:00:07, Sys 0 00:00:00  -  Run Remote Usage
		Usr 0 00:00:00, Sys 0 00:00:00  -  Run Local Usage
		Usr 0 00:00:07, Sys 0 00:00:00  -  Total Remote Usage
		Usr 0 00:00:00, Sys 0 00:00:00  -  Total Local Usage
	0  -  Run Bytes Sent By Job
	0  -  Run Bytes Received By Job
	0  -  Total Bytes Sent By Job
	0  -  Total Bytes Received By Job
	Partitionable Resources :    Usage  Request Allocated
	   Cpus                 :                 1         1
	   Disk (KB)            :       10       10   7541873
	   Gpus                 :                           0
	   Memory (MB)          :        0        1      4027
...
000 (116.001.000) 03/04 14:25:13 Job submitted from host: <128.83.130.128:56193>
...
001 (116.001.000) 03/04 14:25:23 Job executing on host: <128.83.144.168:32955>
...
006 (116.001.000) 03/04 14:25:31 Image size of job updated: 37037152
	576  -  MemoryUsage of job (MB)
	589620  -  ResidentSetSize of job (KB)
...
006 (116.001.000) 03/04 14:25:31 Image size of job updated: 37102040
	576  -  MemoryUsage of job (MB)
	589620  -  ResidentSetSize of job (KB)
...
005 (116.001.000) 03/04 14:25:31 Job terminated.
	(1) Normal termination (return value 0)
		Usr 0 00:00:13, Sys 0 00:00:00  -  Run Remote Usage
		Usr 0 00:00:00, Sys 0 00:00:00  -  Run Local Usage
		Usr 0 00:00:13, Sys 0 00:00:00  -  Total Remote Usage
		Usr 0 00:00:00, Sys 0 00:00:00  -  Total Local Usage
	0  -  Run Bytes Sent By Job
	0  -  Run Bytes Received By Job
	0  -  Total Bytes Sent By Job
	0  -  Total Bytes Received By Job
	Partitionable Resources :    Usage  Request Allocated
	   Cpus                 :                 1         1
	   Disk (KB)            :       10       10   7541874
	   Gpus                 :                           0
	   Memory (MB)          :      576        1      4027
...
