000 (009.004.000) 03/04 12:29:42 Job submitted from host: <128.83.130.128:56193>
...
001 (009.004.000) 03/04 12:30:05 Job executing on host: <128.83.144.168:32955>
...
006 (009.004.000) 03/04 12:30:11 Image size of job updated: 37035476
	0  -  MemoryUsage of job (MB)
	0  -  ResidentSetSize of job (KB)
...
005 (009.004.000) 03/04 12:30:11 Job terminated.
	(1) Normal termination (return value 0)
		Usr 0 00:00:10, Sys 0 00:00:00  -  Run Remote Usage
		Usr 0 00:00:00, Sys 0 00:00:00  -  Run Local Usage
		Usr 0 00:00:10, Sys 0 00:00:00  -  Total Remote Usage
		Usr 0 00:00:00, Sys 0 00:00:00  -  Total Local Usage
	0  -  Run Bytes Sent By Job
	0  -  Run Bytes Received By Job
	0  -  Total Bytes Sent By Job
	0  -  Total Bytes Received By Job
	Partitionable Resources :    Usage  Request Allocated
	   Cpus                 :                 1         1
	   Disk (KB)            :       10       10   7541874
	   Gpus                 :                           0
	   Memory (MB)          :        0        1      4027
...
000 (010.004.000) 03/04 12:55:05 Job submitted from host: <128.83.130.128:56193>
...
001 (010.004.000) 03/04 12:55:14 Job executing on host: <128.83.139.150:52130>
...
006 (010.004.000) 03/04 12:55:23 Image size of job updated: 37035476
	563  -  MemoryUsage of job (MB)
	576076  -  ResidentSetSize of job (KB)
...
005 (010.004.000) 03/04 12:55:23 Job terminated.
	(1) Normal termination (return value 0)
		Usr 0 00:00:08, Sys 0 00:00:00  -  Run Remote Usage
		Usr 0 00:00:00, Sys 0 00:00:00  -  Run Local Usage
		Usr 0 00:00:08, Sys 0 00:00:00  -  Total Remote Usage
		Usr 0 00:00:00, Sys 0 00:00:00  -  Total Local Usage
	0  -  Run Bytes Sent By Job
	0  -  Run Bytes Received By Job
	0  -  Total Bytes Sent By Job
	0  -  Total Bytes Received By Job
	Partitionable Resources :    Usage  Request Allocated
	   Cpus                 :                 1         1
	   Disk (KB)            :       10       10   7540597
	   Gpus                 :                           0
	   Memory (MB)          :      563        1      4027
...
000 (030.004.000) 03/04 13:04:18 Job submitted from host: <128.83.130.128:56193>
...
001 (030.004.000) 03/04 13:04:27 Job executing on host: <128.83.139.150:52130>
...
006 (030.004.000) 03/04 13:04:35 Image size of job updated: 37035476
	0  -  MemoryUsage of job (MB)
	0  -  ResidentSetSize of job (KB)
...
005 (030.004.000) 03/04 13:04:35 Job terminated.
	(1) Normal termination (return value 0)
		Usr 0 00:00:02, Sys 0 00:00:00  -  Run Remote Usage
		Usr 0 00:00:00, Sys 0 00:00:00  -  Run Local Usage
		Usr 0 00:00:02, Sys 0 00:00:00  -  Total Remote Usage
		Usr 0 00:00:00, Sys 0 00:00:00  -  Total Local Usage
	0  -  Run Bytes Sent By Job
	0  -  Run Bytes Received By Job
	0  -  Total Bytes Sent By Job
	0  -  Total Bytes Received By Job
	Partitionable Resources :    Usage  Request Allocated
	   Cpus                 :                 1         1
	   Disk (KB)            :       10       10   7540596
	   Gpus                 :                           0
	   Memory (MB)          :        0        1      4027
...
000 (050.004.000) 03/04 13:12:12 Job submitted from host: <128.83.130.128:56193>
...
001 (050.004.000) 03/04 13:12:23 Job executing on host: <128.83.144.84:41463>
...
006 (050.004.000) 03/04 13:12:31 Image size of job updated: 37035476
	574  -  MemoryUsage of job (MB)
	586932  -  ResidentSetSize of job (KB)
...
005 (050.004.000) 03/04 13:12:31 Job terminated.
	(1) Normal termination (return value 0)
		Usr 0 00:00:11, Sys 0 00:00:00  -  Run Remote Usage
		Usr 0 00:00:00, Sys 0 00:00:00  -  Run Local Usage
		Usr 0 00:00:11, Sys 0 00:00:00  -  Total Remote Usage
		Usr 0 00:00:00, Sys 0 00:00:00  -  Total Local Usage
	0  -  Run Bytes Sent By Job
	0  -  Run Bytes Received By Job
	0  -  Total Bytes Sent By Job
	0  -  Total Bytes Received By Job
	Partitionable Resources :    Usage  Request Allocated
	   Cpus                 :                 1         1
	   Disk (KB)            :       10       10   7541874
	   Gpus                 :                           0
	   Memory (MB)          :      574        1      4027
...
000 (070.004.000) 03/04 13:47:39 Job submitted from host: <128.83.130.128:56193>
...
001 (070.004.000) 03/04 13:47:49 Job executing on host: <128.83.144.84:41463>
...
006 (070.004.000) 03/04 13:47:55 Image size of job updated: 37035476
	0  -  MemoryUsage of job (MB)
	0  -  ResidentSetSize of job (KB)
...
005 (070.004.000) 03/04 13:47:55 Job terminated.
	(1) Normal termination (return value 0)
		Usr 0 00:00:08, Sys 0 00:00:00  -  Run Remote Usage
		Usr 0 00:00:00, Sys 0 00:00:00  -  Run Local Usage
		Usr 0 00:00:08, Sys 0 00:00:00  -  Total Remote Usage
		Usr 0 00:00:00, Sys 0 00:00:00  -  Total Local Usage
	0  -  Run Bytes Sent By Job
	0  -  Run Bytes Received By Job
	0  -  Total Bytes Sent By Job
	0  -  Total Bytes Received By Job
	Partitionable Resources :    Usage  Request Allocated
	   Cpus                 :                 1         1
	   Disk (KB)            :       10       10   7541873
	   Gpus                 :                           0
	   Memory (MB)          :        0        1      4027
...
000 (092.004.000) 03/04 13:50:11 Job submitted from host: <128.83.130.128:56193>
...
001 (092.004.000) 03/04 13:50:21 Job executing on host: <128.83.144.84:41463>
...
006 (092.004.000) 03/04 13:50:26 Image size of job updated: 37035476
	0  -  MemoryUsage of job (MB)
	0  -  ResidentSetSize of job (KB)
...
005 (092.004.000) 03/04 13:50:26 Job terminated.
	(1) Normal termination (return value 0)
		Usr 0 00:00:06, Sys 0 00:00:00  -  Run Remote Usage
		Usr 0 00:00:00, Sys 0 00:00:00  -  Run Local Usage
		Usr 0 00:00:06, Sys 0 00:00:00  -  Total Remote Usage
		Usr 0 00:00:00, Sys 0 00:00:00  -  Total Local Usage
	0  -  Run Bytes Sent By Job
	0  -  Run Bytes Received By Job
	0  -  Total Bytes Sent By Job
	0  -  Total Bytes Received By Job
	Partitionable Resources :    Usage  Request Allocated
	   Cpus                 :                 1         1
	   Disk (KB)            :       10       10   7541873
	   Gpus                 :                           0
	   Memory (MB)          :        0        1      4027
...
000 (116.004.000) 03/04 14:25:13 Job submitted from host: <128.83.130.128:56193>
...
001 (116.004.000) 03/04 14:25:23 Job executing on host: <128.83.144.168:32955>
...
006 (116.004.000) 03/04 14:25:30 Image size of job updated: 37035476
	0  -  MemoryUsage of job (MB)
	0  -  ResidentSetSize of job (KB)
...
005 (116.004.000) 03/04 14:25:30 Job terminated.
	(1) Normal termination (return value 0)
		Usr 0 00:00:07, Sys 0 00:00:00  -  Run Remote Usage
		Usr 0 00:00:00, Sys 0 00:00:00  -  Run Local Usage
		Usr 0 00:00:07, Sys 0 00:00:00  -  Total Remote Usage
		Usr 0 00:00:00, Sys 0 00:00:00  -  Total Local Usage
	0  -  Run Bytes Sent By Job
	0  -  Run Bytes Received By Job
	0  -  Total Bytes Sent By Job
	0  -  Total Bytes Received By Job
	Partitionable Resources :    Usage  Request Allocated
	   Cpus                 :                 1         1
	   Disk (KB)            :       10       10   7541874
	   Gpus                 :                           0
	   Memory (MB)          :        0        1      4027
...
