Number of features in training data: 412
Number of predicates: 412
Labels: O VB DT NNS IN NNP TO WDT VBP VBZ NN PRP VBG VBN CD MD RB CC JJ WRB RP PDT WP EX UH POS JJS VBD RBS SYM RBR JJR NNPS
Preparing O
Preparing VB
Preparing DT
Preparing NNS
Preparing IN
Preparing NNP
Preparing TO
Preparing WDT
Preparing VBP
Preparing VBZ
Preparing NN
Preparing PRP
Preparing VBG
Preparing VBN
Preparing CD
Preparing MD
Preparing RB
Preparing CC
Preparing JJ
Preparing WRB
Preparing RP
Preparing PDT
Preparing WP
Preparing EX
Preparing UH
Preparing POS
Preparing JJS
Preparing VBD
Preparing RBS
Preparing SYM
Preparing RBR
Preparing JJR
Preparing NNPS
Training on 462 instances
Testing on 115 instances
getValue() (observed log-likelihood) = -33577.84905335891
getValue() (log-likelihood) = -33577.84905335891
HMM finished one iteration of maximizer, i=0
getValue() (observed log-likelihood) = -17599.658567536033
getValue() (log-likelihood) = -17599.658567536033
HMM finished one iteration of maximizer, i=1
getValue() (observed log-likelihood) = -17602.975025207983
getValue() (log-likelihood) = -17602.975025207983
HMM finished one iteration of maximizer, i=2
getValue() (observed log-likelihood) = -17604.953630107313
getValue() (log-likelihood) = -17604.953630107313
HMM finished one iteration of maximizer, i=3
getValue() (observed log-likelihood) = -17606.193979106847
getValue() (log-likelihood) = -17606.193979106847
HMM finished one iteration of maximizer, i=4
getValue() (observed log-likelihood) = -17607.001908565886
getValue() (log-likelihood) = -17607.001908565886
HMM finished one iteration of maximizer, i=5
getValue() (observed log-likelihood) = -17607.546556452446
getValue() (log-likelihood) = -17607.546556452446
HMM finished one iteration of maximizer, i=6
getValue() (observed log-likelihood) = -17607.925521913643
getValue() (log-likelihood) = -17607.925521913643
HMM finished one iteration of maximizer, i=7
getValue() (observed log-likelihood) = -17608.19690377662
getValue() (log-likelihood) = -17608.19690377662
HMM finished one iteration of maximizer, i=8
getValue() (observed log-likelihood) = -17608.396296691426
getValue() (log-likelihood) = -17608.396296691426
HMM finished one iteration of maximizer, i=9
getValue() (observed log-likelihood) = -17608.54613219294
getValue() (log-likelihood) = -17608.54613219294
HMM finished one iteration of maximizer, i=10
getValue() (observed log-likelihood) = -17608.660944158633
getValue() (log-likelihood) = -17608.660944158633
HMM finished one iteration of maximizer, i=11
getValue() (observed log-likelihood) = -17608.750407348183
getValue() (log-likelihood) = -17608.750407348183
HMM finished one iteration of maximizer, i=12
getValue() (observed log-likelihood) = -17608.821131267894
getValue() (log-likelihood) = -17608.821131267894
HMM finished one iteration of maximizer, i=13
getValue() (observed log-likelihood) = -17608.877743095487
getValue() (log-likelihood) = -17608.877743095487
HMM finished one iteration of maximizer, i=14
getValue() (observed log-likelihood) = -17608.923556044494
getValue() (log-likelihood) = -17608.923556044494
HMM finished one iteration of maximizer, i=15
getValue() (observed log-likelihood) = -17608.960991156448
getValue() (log-likelihood) = -17608.960991156448
HMM finished one iteration of maximizer, i=16
getValue() (observed log-likelihood) = -17608.99184955883
getValue() (log-likelihood) = -17608.99184955883
HMM finished one iteration of maximizer, i=17
getValue() (observed log-likelihood) = -17609.017492243165
getValue() (log-likelihood) = -17609.017492243165
HMM finished one iteration of maximizer, i=18
getValue() (observed log-likelihood) = -17609.038961488117
getValue() (log-likelihood) = -17609.038961488117
HMM finished one iteration of maximizer, i=19
getValue() (observed log-likelihood) = -17609.057064689354
getValue() (log-likelihood) = -17609.057064689354
HMM finished one iteration of maximizer, i=20
getValue() (observed log-likelihood) = -17609.072433451995
getValue() (log-likelihood) = -17609.072433451995
HMM finished one iteration of maximizer, i=21
getValue() (observed log-likelihood) = -17609.085566053436
getValue() (log-likelihood) = -17609.085566053436
HMM finished one iteration of maximizer, i=22
getValue() (observed log-likelihood) = -17609.096858491353
getValue() (log-likelihood) = -17609.096858491353
HMM finished one iteration of maximizer, i=23
getValue() (observed log-likelihood) = -17609.10662753554
getValue() (log-likelihood) = -17609.10662753554
HMM finished one iteration of maximizer, i=24
getValue() (observed log-likelihood) = -17609.11512807292
getValue() (log-likelihood) = -17609.11512807292
HMM finished one iteration of maximizer, i=25
getValue() (observed log-likelihood) = -17609.122566309285
getValue() (log-likelihood) = -17609.122566309285
HMM finished one iteration of maximizer, i=26
getValue() (observed log-likelihood) = -17609.129109916095
getValue() (log-likelihood) = -17609.129109916095
HMM finished one iteration of maximizer, i=27
getValue() (observed log-likelihood) = -17609.134895895142
getValue() (log-likelihood) = -17609.134895895142
HMM finished one iteration of maximizer, i=28
getValue() (observed log-likelihood) = -17609.140036717694
getValue() (log-likelihood) = -17609.140036717694
HMM finished one iteration of maximizer, i=29
getValue() (observed log-likelihood) = -17609.14462514648
getValue() (log-likelihood) = -17609.14462514648
HMM finished one iteration of maximizer, i=30
getValue() (observed log-likelihood) = -17609.148738043797
getValue() (log-likelihood) = -17609.148738043797
HMM finished one iteration of maximizer, i=31
getValue() (observed log-likelihood) = -17609.15243939233
getValue() (log-likelihood) = -17609.15243939233
HMM finished one iteration of maximizer, i=32
getValue() (observed log-likelihood) = -17609.155782702503
getValue() (log-likelihood) = -17609.155782702503
HMM finished one iteration of maximizer, i=33
getValue() (observed log-likelihood) = -17609.15881293794
getValue() (log-likelihood) = -17609.15881293794
HMM finished one iteration of maximizer, i=34
getValue() (observed log-likelihood) = -17609.161568060965
getValue() (log-likelihood) = -17609.161568060965
HMM finished one iteration of maximizer, i=35
getValue() (observed log-likelihood) = -17609.164080277118
getValue() (log-likelihood) = -17609.164080277118
HMM finished one iteration of maximizer, i=36
getValue() (observed log-likelihood) = -17609.16637704126
getValue() (log-likelihood) = -17609.16637704126
HMM finished one iteration of maximizer, i=37
getValue() (observed log-likelihood) = -17609.168481872326
getValue() (log-likelihood) = -17609.168481872326
HMM finished one iteration of maximizer, i=38
getValue() (observed log-likelihood) = -17609.17041501613
getValue() (log-likelihood) = -17609.17041501613
HMM finished one iteration of maximizer, i=39
getValue() (observed log-likelihood) = -17609.172193985596
getValue() (log-likelihood) = -17609.172193985596
HMM finished one iteration of maximizer, i=40
getValue() (observed log-likelihood) = -17609.173834002602
getValue() (log-likelihood) = -17609.173834002602
HMM finished one iteration of maximizer, i=41
getValue() (observed log-likelihood) = -17609.175348360437
getValue() (log-likelihood) = -17609.175348360437
HMM finished one iteration of maximizer, i=42
getValue() (observed log-likelihood) = -17609.176748721977
getValue() (log-likelihood) = -17609.176748721977
HMM finished one iteration of maximizer, i=43
getValue() (observed log-likelihood) = -17609.178045365898
getValue() (log-likelihood) = -17609.178045365898
HMM finished one iteration of maximizer, i=44
getValue() (observed log-likelihood) = -17609.179247390573
getValue() (log-likelihood) = -17609.179247390573
HMM finished one iteration of maximizer, i=45
getValue() (observed log-likelihood) = -17609.18036288324
getValue() (log-likelihood) = -17609.18036288324
HMM finished one iteration of maximizer, i=46
getValue() (observed log-likelihood) = -17609.181399061366
getValue() (log-likelihood) = -17609.181399061366
HMM finished one iteration of maximizer, i=47
getValue() (observed log-likelihood) = -17609.182362390646
getValue() (log-likelihood) = -17609.182362390646
HMM finished one iteration of maximizer, i=48
HMM training has converged, i=48
Evaluator iteration=49 cost=NA (not Optimizable.ByValue)
Training accuracy=0.8835034013605442 OOV-Accuracy=NaN
Testing accuracy=0.8787878787878788 OOV-Accuracy=0.2
Trainer by likelihood done

