000 (2632.005.000) 04/03 14:51:08 Job submitted from host: <128.83.144.174:47204>
...
001 (2632.005.000) 04/03 14:51:50 Job executing on host: <128.83.144.55:43006>
...
006 (2632.005.000) 04/03 14:51:59 Image size of job updated: 37035476
	532  -  MemoryUsage of job (MB)
	544104  -  ResidentSetSize of job (KB)
...
006 (2632.005.000) 04/03 14:57:00 Image size of job updated: 37035476
	2487  -  MemoryUsage of job (MB)
	2546240  -  ResidentSetSize of job (KB)
...
005 (2632.005.000) 04/03 15:00:27 Job terminated.
	(1) Normal termination (return value 0)
		Usr 0 00:07:00, Sys 0 00:00:06  -  Run Remote Usage
		Usr 0 00:00:00, Sys 0 00:00:00  -  Run Local Usage
		Usr 0 00:07:00, Sys 0 00:00:06  -  Total Remote Usage
		Usr 0 00:00:00, Sys 0 00:00:00  -  Total Local Usage
	0  -  Run Bytes Sent By Job
	0  -  Run Bytes Received By Job
	0  -  Total Bytes Sent By Job
	0  -  Total Bytes Received By Job
	Partitionable Resources :    Usage  Request Allocated
	   Cpus                 :                 1         1
	   Disk (KB)            :       10       10   7541872
	   Gpus                 :                           0
	   Memory (MB)          :     2487        1      4027
...
