000 (2632.003.000) 04/03 14:51:08 Job submitted from host: <128.83.144.174:47204>
...
001 (2632.003.000) 04/03 14:51:50 Job executing on host: <128.83.144.154:53764>
...
006 (2632.003.000) 04/03 14:51:58 Image size of job updated: 29536764
	642  -  MemoryUsage of job (MB)
	656916  -  ResidentSetSize of job (KB)
...
006 (2632.003.000) 04/03 14:56:58 Image size of job updated: 29536764
	2133  -  MemoryUsage of job (MB)
	2184036  -  ResidentSetSize of job (KB)
...
005 (2632.003.000) 04/03 14:57:30 Job terminated.
	(1) Normal termination (return value 0)
		Usr 0 00:05:59, Sys 0 00:00:03  -  Run Remote Usage
		Usr 0 00:00:00, Sys 0 00:00:00  -  Run Local Usage
		Usr 0 00:05:59, Sys 0 00:00:03  -  Total Remote Usage
		Usr 0 00:00:00, Sys 0 00:00:00  -  Total Local Usage
	0  -  Run Bytes Sent By Job
	0  -  Run Bytes Received By Job
	0  -  Total Bytes Sent By Job
	0  -  Total Bytes Received By Job
	Partitionable Resources :    Usage  Request Allocated
	   Cpus                 :                 1         1
	   Disk (KB)            :       10       10   8862222
	   Gpus                 :                           0
	   Memory (MB)          :     2133        1      4028
...
