000 (2632.004.000) 04/03 14:51:08 Job submitted from host: <128.83.144.174:47204>
...
001 (2632.004.000) 04/03 14:51:49 Job executing on host: <128.83.144.55:43006>
...
006 (2632.004.000) 04/03 14:51:58 Image size of job updated: 37035476
	593  -  MemoryUsage of job (MB)
	606808  -  ResidentSetSize of job (KB)
...
006 (2632.004.000) 04/03 14:56:59 Image size of job updated: 37035476
	2411  -  MemoryUsage of job (MB)
	2468716  -  ResidentSetSize of job (KB)
...
005 (2632.004.000) 04/03 14:58:51 Job terminated.
	(1) Normal termination (return value 0)
		Usr 0 00:06:16, Sys 0 00:00:04  -  Run Remote Usage
		Usr 0 00:00:00, Sys 0 00:00:00  -  Run Local Usage
		Usr 0 00:06:16, Sys 0 00:00:04  -  Total Remote Usage
		Usr 0 00:00:00, Sys 0 00:00:00  -  Total Local Usage
	0  -  Run Bytes Sent By Job
	0  -  Run Bytes Received By Job
	0  -  Total Bytes Sent By Job
	0  -  Total Bytes Received By Job
	Partitionable Resources :    Usage  Request Allocated
	   Cpus                 :                 1         1
	   Disk (KB)            :       10       10   7541872
	   Gpus                 :                           0
	   Memory (MB)          :     2411        1      4027
...
