000 (2632.007.000) 04/03 14:51:08 Job submitted from host: <128.83.144.174:47204>
...
001 (2632.007.000) 04/03 14:51:50 Job executing on host: <128.83.144.55:43006>
...
006 (2632.007.000) 04/03 14:51:59 Image size of job updated: 37038052
	611  -  MemoryUsage of job (MB)
	624868  -  ResidentSetSize of job (KB)
...
006 (2632.007.000) 04/03 14:57:00 Image size of job updated: 37038052
	2649  -  MemoryUsage of job (MB)
	2712048  -  ResidentSetSize of job (KB)
...
005 (2632.007.000) 04/03 14:59:43 Job terminated.
	(1) Normal termination (return value 0)
		Usr 0 00:07:46, Sys 0 00:00:03  -  Run Remote Usage
		Usr 0 00:00:00, Sys 0 00:00:00  -  Run Local Usage
		Usr 0 00:07:46, Sys 0 00:00:03  -  Total Remote Usage
		Usr 0 00:00:00, Sys 0 00:00:00  -  Total Local Usage
	0  -  Run Bytes Sent By Job
	0  -  Run Bytes Received By Job
	0  -  Total Bytes Sent By Job
	0  -  Total Bytes Received By Job
	Partitionable Resources :    Usage  Request Allocated
	   Cpus                 :                 1         1
	   Disk (KB)            :       10       10   7541872
	   Gpus                 :                           0
	   Memory (MB)          :     2649        1      4027
...
