000 (2632.010.000) 04/03 14:51:08 Job submitted from host: <128.83.144.174:47204>
...
001 (2632.010.000) 04/03 14:51:50 Job executing on host: <128.83.144.55:43006>
...
006 (2632.010.000) 04/03 14:51:58 Image size of job updated: 37035476
	601  -  MemoryUsage of job (MB)
	615196  -  ResidentSetSize of job (KB)
...
006 (2632.010.000) 04/03 14:56:58 Image size of job updated: 37035476
	2832  -  MemoryUsage of job (MB)
	2899188  -  ResidentSetSize of job (KB)
...
005 (2632.010.000) 04/03 15:01:21 Job terminated.
	(1) Normal termination (return value 0)
		Usr 0 00:09:10, Sys 0 00:00:04  -  Run Remote Usage
		Usr 0 00:00:00, Sys 0 00:00:00  -  Run Local Usage
		Usr 0 00:09:10, Sys 0 00:00:04  -  Total Remote Usage
		Usr 0 00:00:00, Sys 0 00:00:00  -  Total Local Usage
	0  -  Run Bytes Sent By Job
	0  -  Run Bytes Received By Job
	0  -  Total Bytes Sent By Job
	0  -  Total Bytes Received By Job
	Partitionable Resources :    Usage  Request Allocated
	   Cpus                 :                 1         1
	   Disk (KB)            :       10       10   7541872
	   Gpus                 :                           0
	   Memory (MB)          :     2832        1      4027
...
