000 (2636.009.000) 04/03 14:51:08 Job submitted from host: <128.83.144.174:47204>
...
001 (2636.009.000) 04/03 14:51:53 Job executing on host: <128.83.144.70:53241>
...
006 (2636.009.000) 04/03 14:52:02 Image size of job updated: 102608
	3  -  MemoryUsage of job (MB)
	2248  -  ResidentSetSize of job (KB)
...
006 (2636.009.000) 04/03 14:57:03 Image size of job updated: 34347984
	2536  -  MemoryUsage of job (MB)
	2596340  -  ResidentSetSize of job (KB)
...
006 (2636.009.000) 04/03 15:02:04 Image size of job updated: 34347984
	3811  -  MemoryUsage of job (MB)
	3902384  -  ResidentSetSize of job (KB)
...
006 (2636.009.000) 04/03 15:07:04 Image size of job updated: 34347984
	4685  -  MemoryUsage of job (MB)
	4796776  -  ResidentSetSize of job (KB)
...
005 (2636.009.000) 04/03 15:07:19 Job terminated.
	(1) Normal termination (return value 0)
		Usr 0 00:15:31, Sys 0 00:00:07  -  Run Remote Usage
		Usr 0 00:00:00, Sys 0 00:00:00  -  Run Local Usage
		Usr 0 00:15:31, Sys 0 00:00:07  -  Total Remote Usage
		Usr 0 00:00:00, Sys 0 00:00:00  -  Total Local Usage
	0  -  Run Bytes Sent By Job
	0  -  Run Bytes Received By Job
	0  -  Total Bytes Sent By Job
	0  -  Total Bytes Received By Job
	Partitionable Resources :    Usage  Request Allocated
	   Cpus                 :                 1         1
	   Disk (KB)            :       10       10   4691980
	   Gpus                 :                           0
	   Memory (MB)          :     4685        1      3523
...
