000 (017.009.000) 03/04 12:55:06 Job submitted from host: <128.83.130.128:56193>
...
001 (017.009.000) 03/04 12:55:19 Job executing on host: <128.83.139.147:42722>
...
006 (017.009.000) 03/04 12:55:28 Image size of job updated: 102612
	3  -  MemoryUsage of job (MB)
	2256  -  ResidentSetSize of job (KB)
...
006 (017.009.000) 03/04 12:58:32 Image size of job updated: 37701116
	3  -  MemoryUsage of job (MB)
	2256  -  ResidentSetSize of job (KB)
...
004 (017.009.000) 03/04 12:58:32 Job was evicted.
	(0) Job was not checkpointed.
		Usr 0 00:03:39, Sys 0 00:00:01  -  Run Remote Usage
		Usr 0 00:00:00, Sys 0 00:00:00  -  Run Local Usage
	0  -  Run Bytes Sent By Job
	0  -  Run Bytes Received By Job
	Partitionable Resources :    Usage  Request Allocated
	   Cpus                 :                 1         1
	   Disk (KB)            :       10       10   7541874
	   Gpus                 :                           0
	   Memory (MB)          :        3        1      4027
...
009 (017.009.000) 03/04 12:58:32 Job was aborted by the user.
	via condor_rm (by user harshal)
...
000 (037.009.000) 03/04 13:04:19 Job submitted from host: <128.83.130.128:56193>
...
001 (037.009.000) 03/04 13:04:31 Job executing on host: <128.83.120.18:58771>
...
006 (037.009.000) 03/04 13:04:40 Image size of job updated: 28404972
	21  -  MemoryUsage of job (MB)
	20744  -  ResidentSetSize of job (KB)
...
006 (037.009.000) 03/04 13:09:15 Image size of job updated: 30202404
	21  -  MemoryUsage of job (MB)
	20744  -  ResidentSetSize of job (KB)
...
005 (037.009.000) 03/04 13:09:15 Job terminated.
	(1) Normal termination (return value 0)
		Usr 0 00:06:13, Sys 0 00:00:01  -  Run Remote Usage
		Usr 0 00:00:00, Sys 0 00:00:00  -  Run Local Usage
		Usr 0 00:06:13, Sys 0 00:00:01  -  Total Remote Usage
		Usr 0 00:00:00, Sys 0 00:00:00  -  Total Local Usage
	0  -  Run Bytes Sent By Job
	0  -  Run Bytes Received By Job
	0  -  Total Bytes Sent By Job
	0  -  Total Bytes Received By Job
	Partitionable Resources :    Usage  Request Allocated
	   Cpus                 :                 1         1
	   Disk (KB)            :       10       10   8863364
	   Gpus                 :                           0
	   Memory (MB)          :       21        1      4028
...
000 (057.009.000) 03/04 13:12:13 Job submitted from host: <128.83.130.128:56193>
...
001 (057.009.000) 03/04 13:12:25 Job executing on host: <128.83.120.18:58771>
...
006 (057.009.000) 03/04 13:12:34 Image size of job updated: 30202404
	287  -  MemoryUsage of job (MB)
	292876  -  ResidentSetSize of job (KB)
...
005 (057.009.000) 03/04 13:15:12 Job terminated.
	(1) Normal termination (return value 0)
		Usr 0 00:06:16, Sys 0 00:00:01  -  Run Remote Usage
		Usr 0 00:00:00, Sys 0 00:00:00  -  Run Local Usage
		Usr 0 00:06:16, Sys 0 00:00:01  -  Total Remote Usage
		Usr 0 00:00:00, Sys 0 00:00:00  -  Total Local Usage
	0  -  Run Bytes Sent By Job
	0  -  Run Bytes Received By Job
	0  -  Total Bytes Sent By Job
	0  -  Total Bytes Received By Job
	Partitionable Resources :    Usage  Request Allocated
	   Cpus                 :                 1         1
	   Disk (KB)            :       10       10   8863364
	   Gpus                 :                           0
	   Memory (MB)          :      287        1      4028
...
000 (077.009.000) 03/04 13:47:40 Job submitted from host: <128.83.130.128:56193>
...
001 (077.009.000) 03/04 13:47:53 Job executing on host: <128.83.139.146:48339>
...
006 (077.009.000) 03/04 13:48:02 Image size of job updated: 37035476
	52  -  MemoryUsage of job (MB)
	53116  -  ResidentSetSize of job (KB)
...
006 (077.009.000) 03/04 13:49:09 Image size of job updated: 37834244
	52  -  MemoryUsage of job (MB)
	53116  -  ResidentSetSize of job (KB)
...
004 (077.009.000) 03/04 13:49:09 Job was evicted.
	(0) Job was not checkpointed.
		Usr 0 00:01:18, Sys 0 00:00:00  -  Run Remote Usage
		Usr 0 00:00:00, Sys 0 00:00:00  -  Run Local Usage
	0  -  Run Bytes Sent By Job
	0  -  Run Bytes Received By Job
	Partitionable Resources :    Usage  Request Allocated
	   Cpus                 :                 1         1
	   Disk (KB)            :       10       10   7541874
	   Gpus                 :                           0
	   Memory (MB)          :       52        1      4027
...
009 (077.009.000) 03/04 13:49:11 Job was aborted by the user.
	via condor_rm (by user harshal)
...
000 (099.009.000) 03/04 13:50:12 Job submitted from host: <128.83.130.128:56193>
...
001 (099.009.000) 03/04 13:50:25 Job executing on host: <128.83.144.149:47710>
...
006 (099.009.000) 03/04 13:50:34 Image size of job updated: 10
	2  -  MemoryUsage of job (MB)
	2016  -  ResidentSetSize of job (KB)
...
006 (099.009.000) 03/04 13:55:19 Image size of job updated: 30202404
	2  -  MemoryUsage of job (MB)
	2016  -  ResidentSetSize of job (KB)
...
005 (099.009.000) 03/04 13:55:19 Job terminated.
	(1) Normal termination (return value 0)
		Usr 0 00:06:12, Sys 0 00:00:01  -  Run Remote Usage
		Usr 0 00:00:00, Sys 0 00:00:00  -  Run Local Usage
		Usr 0 00:06:12, Sys 0 00:00:01  -  Total Remote Usage
		Usr 0 00:00:00, Sys 0 00:00:00  -  Total Local Usage
	0  -  Run Bytes Sent By Job
	0  -  Run Bytes Received By Job
	0  -  Total Bytes Sent By Job
	0  -  Total Bytes Received By Job
	Partitionable Resources :    Usage  Request Allocated
	   Cpus                 :                 1         1
	   Disk (KB)            :       10       10   8862063
	   Gpus                 :                           0
	   Memory (MB)          :        2        1      4028
...
000 (123.009.000) 03/04 14:25:14 Job submitted from host: <128.83.130.128:56193>
...
001 (123.009.000) 03/04 14:25:26 Job executing on host: <128.83.139.146:48339>
...
006 (123.009.000) 03/04 14:25:35 Image size of job updated: 102608
	3  -  MemoryUsage of job (MB)
	2260  -  ResidentSetSize of job (KB)
...
006 (123.009.000) 03/04 14:30:29 Image size of job updated: 37701116
	3  -  MemoryUsage of job (MB)
	2260  -  ResidentSetSize of job (KB)
...
005 (123.009.000) 03/04 14:30:29 Job terminated.
	(1) Normal termination (return value 0)
		Usr 0 00:06:20, Sys 0 00:00:00  -  Run Remote Usage
		Usr 0 00:00:00, Sys 0 00:00:00  -  Run Local Usage
		Usr 0 00:06:20, Sys 0 00:00:00  -  Total Remote Usage
		Usr 0 00:00:00, Sys 0 00:00:00  -  Total Local Usage
	0  -  Run Bytes Sent By Job
	0  -  Run Bytes Received By Job
	0  -  Total Bytes Sent By Job
	0  -  Total Bytes Received By Job
	Partitionable Resources :    Usage  Request Allocated
	   Cpus                 :                 1         1
	   Disk (KB)            :       10       10   7541874
	   Gpus                 :                           0
	   Memory (MB)          :        3        1      4027
...
