000 (017.002.000) 03/04 12:55:06 Job submitted from host: <128.83.130.128:56193>
...
001 (017.002.000) 03/04 12:55:19 Job executing on host: <128.83.139.147:42722>
...
006 (017.002.000) 03/04 12:55:28 Image size of job updated: 102604
	3  -  MemoryUsage of job (MB)
	2256  -  ResidentSetSize of job (KB)
...
006 (017.002.000) 03/04 12:58:32 Image size of job updated: 37701116
	3  -  MemoryUsage of job (MB)
	2256  -  ResidentSetSize of job (KB)
...
004 (017.002.000) 03/04 12:58:32 Job was evicted.
	(0) Job was not checkpointed.
		Usr 0 00:03:39, Sys 0 00:00:01  -  Run Remote Usage
		Usr 0 00:00:00, Sys 0 00:00:00  -  Run Local Usage
	0  -  Run Bytes Sent By Job
	0  -  Run Bytes Received By Job
	Partitionable Resources :    Usage  Request Allocated
	   Cpus                 :                 1         1
	   Disk (KB)            :       10       10   7541874
	   Gpus                 :                           0
	   Memory (MB)          :        3        1      4027
...
009 (017.002.000) 03/04 12:58:33 Job was aborted by the user.
	via condor_rm (by user harshal)
...
000 (037.002.000) 03/04 13:04:19 Job submitted from host: <128.83.130.128:56193>
...
001 (037.002.000) 03/04 13:04:31 Job executing on host: <128.83.120.18:58771>
...
006 (037.002.000) 03/04 13:04:39 Image size of job updated: 29536752
	39  -  MemoryUsage of job (MB)
	39856  -  ResidentSetSize of job (KB)
...
006 (037.002.000) 03/04 13:09:13 Image size of job updated: 30202404
	39  -  MemoryUsage of job (MB)
	39856  -  ResidentSetSize of job (KB)
...
005 (037.002.000) 03/04 13:09:13 Job terminated.
	(1) Normal termination (return value 0)
		Usr 0 00:06:03, Sys 0 00:00:00  -  Run Remote Usage
		Usr 0 00:00:00, Sys 0 00:00:00  -  Run Local Usage
		Usr 0 00:06:03, Sys 0 00:00:00  -  Total Remote Usage
		Usr 0 00:00:00, Sys 0 00:00:00  -  Total Local Usage
	0  -  Run Bytes Sent By Job
	0  -  Run Bytes Received By Job
	0  -  Total Bytes Sent By Job
	0  -  Total Bytes Received By Job
	Partitionable Resources :    Usage  Request Allocated
	   Cpus                 :                 1         1
	   Disk (KB)            :       10       10   8863364
	   Gpus                 :                           0
	   Memory (MB)          :       39        1      4028
...
000 (057.002.000) 03/04 13:12:13 Job submitted from host: <128.83.130.128:56193>
...
001 (057.002.000) 03/04 13:12:25 Job executing on host: <128.83.120.18:58771>
...
006 (057.002.000) 03/04 13:12:33 Image size of job updated: 29537708
	97  -  MemoryUsage of job (MB)
	98796  -  ResidentSetSize of job (KB)
...
006 (057.002.000) 03/04 13:15:09 Image size of job updated: 30202404
	97  -  MemoryUsage of job (MB)
	98796  -  ResidentSetSize of job (KB)
...
005 (057.002.000) 03/04 13:15:10 Job terminated.
	(1) Normal termination (return value 0)
		Usr 0 00:06:06, Sys 0 00:00:01  -  Run Remote Usage
		Usr 0 00:00:00, Sys 0 00:00:00  -  Run Local Usage
		Usr 0 00:06:06, Sys 0 00:00:01  -  Total Remote Usage
		Usr 0 00:00:00, Sys 0 00:00:00  -  Total Local Usage
	0  -  Run Bytes Sent By Job
	0  -  Run Bytes Received By Job
	0  -  Total Bytes Sent By Job
	0  -  Total Bytes Received By Job
	Partitionable Resources :    Usage  Request Allocated
	   Cpus                 :                 1         1
	   Disk (KB)            :       10       10   8863364
	   Gpus                 :                           0
	   Memory (MB)          :       97        1      4028
...
000 (077.002.000) 03/04 13:47:40 Job submitted from host: <128.83.130.128:56193>
...
001 (077.002.000) 03/04 13:47:53 Job executing on host: <128.83.139.146:48339>
...
006 (077.002.000) 03/04 13:48:02 Image size of job updated: 37035476
	48  -  MemoryUsage of job (MB)
	48600  -  ResidentSetSize of job (KB)
...
006 (077.002.000) 03/04 13:49:09 Image size of job updated: 37834244
	48  -  MemoryUsage of job (MB)
	48600  -  ResidentSetSize of job (KB)
...
004 (077.002.000) 03/04 13:49:09 Job was evicted.
	(0) Job was not checkpointed.
		Usr 0 00:01:20, Sys 0 00:00:00  -  Run Remote Usage
		Usr 0 00:00:00, Sys 0 00:00:00  -  Run Local Usage
	0  -  Run Bytes Sent By Job
	0  -  Run Bytes Received By Job
	Partitionable Resources :    Usage  Request Allocated
	   Cpus                 :                 1         1
	   Disk (KB)            :       10       10   7541874
	   Gpus                 :                           0
	   Memory (MB)          :       48        1      4027
...
009 (077.002.000) 03/04 13:49:12 Job was aborted by the user.
	via condor_rm (by user harshal)
...
000 (099.002.000) 03/04 13:50:12 Job submitted from host: <128.83.130.128:56193>
...
001 (099.002.000) 03/04 13:50:25 Job executing on host: <128.83.144.149:47710>
...
006 (099.002.000) 03/04 13:50:34 Image size of job updated: 102584
	3  -  MemoryUsage of job (MB)
	2248  -  ResidentSetSize of job (KB)
...
006 (099.002.000) 03/04 13:55:14 Image size of job updated: 30202404
	3  -  MemoryUsage of job (MB)
	2248  -  ResidentSetSize of job (KB)
...
005 (099.002.000) 03/04 13:55:14 Job terminated.
	(1) Normal termination (return value 0)
		Usr 0 00:05:42, Sys 0 00:00:01  -  Run Remote Usage
		Usr 0 00:00:00, Sys 0 00:00:00  -  Run Local Usage
		Usr 0 00:05:42, Sys 0 00:00:01  -  Total Remote Usage
		Usr 0 00:00:00, Sys 0 00:00:00  -  Total Local Usage
	0  -  Run Bytes Sent By Job
	0  -  Run Bytes Received By Job
	0  -  Total Bytes Sent By Job
	0  -  Total Bytes Received By Job
	Partitionable Resources :    Usage  Request Allocated
	   Cpus                 :                 1         1
	   Disk (KB)            :       10       10   8862063
	   Gpus                 :                           0
	   Memory (MB)          :        3        1      4028
...
000 (123.002.000) 03/04 14:25:14 Job submitted from host: <128.83.130.128:56193>
...
001 (123.002.000) 03/04 14:25:26 Job executing on host: <128.83.139.146:48339>
...
006 (123.002.000) 03/04 14:25:35 Image size of job updated: 36170968
	27  -  MemoryUsage of job (MB)
	27352  -  ResidentSetSize of job (KB)
...
006 (123.002.000) 03/04 14:30:22 Image size of job updated: 37701116
	27  -  MemoryUsage of job (MB)
	27352  -  ResidentSetSize of job (KB)
...
005 (123.002.000) 03/04 14:30:22 Job terminated.
	(1) Normal termination (return value 0)
		Usr 0 00:06:05, Sys 0 00:00:01  -  Run Remote Usage
		Usr 0 00:00:00, Sys 0 00:00:00  -  Run Local Usage
		Usr 0 00:06:05, Sys 0 00:00:01  -  Total Remote Usage
		Usr 0 00:00:00, Sys 0 00:00:00  -  Total Local Usage
	0  -  Run Bytes Sent By Job
	0  -  Run Bytes Received By Job
	0  -  Total Bytes Sent By Job
	0  -  Total Bytes Received By Job
	Partitionable Resources :    Usage  Request Allocated
	   Cpus                 :                 1         1
	   Disk (KB)            :       10       10   7541874
	   Gpus                 :                           0
	   Memory (MB)          :       27        1      4027
...
