000 (017.003.000) 03/04 12:55:06 Job submitted from host: <128.83.130.128:56193>
...
001 (017.003.000) 03/04 12:55:19 Job executing on host: <128.83.139.147:42722>
...
006 (017.003.000) 03/04 12:55:28 Image size of job updated: 102612
	3  -  MemoryUsage of job (MB)
	2260  -  ResidentSetSize of job (KB)
...
006 (017.003.000) 03/04 12:58:32 Image size of job updated: 37701116
	3  -  MemoryUsage of job (MB)
	2260  -  ResidentSetSize of job (KB)
...
004 (017.003.000) 03/04 12:58:32 Job was evicted.
	(0) Job was not checkpointed.
		Usr 0 00:03:41, Sys 0 00:00:01  -  Run Remote Usage
		Usr 0 00:00:00, Sys 0 00:00:00  -  Run Local Usage
	0  -  Run Bytes Sent By Job
	0  -  Run Bytes Received By Job
	Partitionable Resources :    Usage  Request Allocated
	   Cpus                 :                 1         1
	   Disk (KB)            :       10       10   7541874
	   Gpus                 :                           0
	   Memory (MB)          :        3        1      4027
...
009 (017.003.000) 03/04 12:58:33 Job was aborted by the user.
	via condor_rm (by user harshal)
...
000 (037.003.000) 03/04 13:04:19 Job submitted from host: <128.83.130.128:56193>
...
001 (037.003.000) 03/04 13:04:31 Job executing on host: <128.83.120.18:58771>
...
006 (037.003.000) 03/04 13:04:39 Image size of job updated: 29536748
	40  -  MemoryUsage of job (MB)
	40596  -  ResidentSetSize of job (KB)
...
006 (037.003.000) 03/04 13:09:10 Image size of job updated: 30202404
	40  -  MemoryUsage of job (MB)
	40596  -  ResidentSetSize of job (KB)
...
005 (037.003.000) 03/04 13:09:10 Job terminated.
	(1) Normal termination (return value 0)
		Usr 0 00:05:36, Sys 0 00:00:00  -  Run Remote Usage
		Usr 0 00:00:00, Sys 0 00:00:00  -  Run Local Usage
		Usr 0 00:05:36, Sys 0 00:00:00  -  Total Remote Usage
		Usr 0 00:00:00, Sys 0 00:00:00  -  Total Local Usage
	0  -  Run Bytes Sent By Job
	0  -  Run Bytes Received By Job
	0  -  Total Bytes Sent By Job
	0  -  Total Bytes Received By Job
	Partitionable Resources :    Usage  Request Allocated
	   Cpus                 :                 1         1
	   Disk (KB)            :       10       10   8863364
	   Gpus                 :                           0
	   Memory (MB)          :       40        1      4028
...
000 (057.003.000) 03/04 13:12:13 Job submitted from host: <128.83.130.128:56193>
...
001 (057.003.000) 03/04 13:12:25 Job executing on host: <128.83.120.18:58771>
...
006 (057.003.000) 03/04 13:12:33 Image size of job updated: 29536764
	94  -  MemoryUsage of job (MB)
	96184  -  ResidentSetSize of job (KB)
...
006 (057.003.000) 03/04 13:15:09 Image size of job updated: 30202404
	94  -  MemoryUsage of job (MB)
	96184  -  ResidentSetSize of job (KB)
...
005 (057.003.000) 03/04 13:15:09 Job terminated.
	(1) Normal termination (return value 0)
		Usr 0 00:05:54, Sys 0 00:00:01  -  Run Remote Usage
		Usr 0 00:00:00, Sys 0 00:00:00  -  Run Local Usage
		Usr 0 00:05:54, Sys 0 00:00:01  -  Total Remote Usage
		Usr 0 00:00:00, Sys 0 00:00:00  -  Total Local Usage
	0  -  Run Bytes Sent By Job
	0  -  Run Bytes Received By Job
	0  -  Total Bytes Sent By Job
	0  -  Total Bytes Received By Job
	Partitionable Resources :    Usage  Request Allocated
	   Cpus                 :                 1         1
	   Disk (KB)            :       10       10   8863364
	   Gpus                 :                           0
	   Memory (MB)          :       94        1      4028
...
000 (077.003.000) 03/04 13:47:40 Job submitted from host: <128.83.130.128:56193>
...
001 (077.003.000) 03/04 13:47:53 Job executing on host: <128.83.139.146:48339>
...
006 (077.003.000) 03/04 13:48:02 Image size of job updated: 37035476
	40  -  MemoryUsage of job (MB)
	40884  -  ResidentSetSize of job (KB)
...
006 (077.003.000) 03/04 13:49:09 Image size of job updated: 37701116
	40  -  MemoryUsage of job (MB)
	40884  -  ResidentSetSize of job (KB)
...
004 (077.003.000) 03/04 13:49:09 Job was evicted.
	(0) Job was not checkpointed.
		Usr 0 00:01:19, Sys 0 00:00:00  -  Run Remote Usage
		Usr 0 00:00:00, Sys 0 00:00:00  -  Run Local Usage
	0  -  Run Bytes Sent By Job
	0  -  Run Bytes Received By Job
	Partitionable Resources :    Usage  Request Allocated
	   Cpus                 :                 1         1
	   Disk (KB)            :       10       10   7541874
	   Gpus                 :                           0
	   Memory (MB)          :       40        1      4027
...
009 (077.003.000) 03/04 13:49:11 Job was aborted by the user.
	via condor_rm (by user harshal)
...
000 (099.003.000) 03/04 13:50:12 Job submitted from host: <128.83.130.128:56193>
...
001 (099.003.000) 03/04 13:50:25 Job executing on host: <128.83.144.149:47710>
...
006 (099.003.000) 03/04 13:50:34 Image size of job updated: 102592
	3  -  MemoryUsage of job (MB)
	2260  -  ResidentSetSize of job (KB)
...
006 (099.003.000) 03/04 13:55:14 Image size of job updated: 30202404
	3  -  MemoryUsage of job (MB)
	2260  -  ResidentSetSize of job (KB)
...
005 (099.003.000) 03/04 13:55:14 Job terminated.
	(1) Normal termination (return value 0)
		Usr 0 00:05:54, Sys 0 00:00:00  -  Run Remote Usage
		Usr 0 00:00:00, Sys 0 00:00:00  -  Run Local Usage
		Usr 0 00:05:54, Sys 0 00:00:00  -  Total Remote Usage
		Usr 0 00:00:00, Sys 0 00:00:00  -  Total Local Usage
	0  -  Run Bytes Sent By Job
	0  -  Run Bytes Received By Job
	0  -  Total Bytes Sent By Job
	0  -  Total Bytes Received By Job
	Partitionable Resources :    Usage  Request Allocated
	   Cpus                 :                 1         1
	   Disk (KB)            :       10       10   8862063
	   Gpus                 :                           0
	   Memory (MB)          :        3        1      4028
...
000 (123.003.000) 03/04 14:25:14 Job submitted from host: <128.83.130.128:56193>
...
001 (123.003.000) 03/04 14:25:26 Job executing on host: <128.83.139.146:48339>
...
006 (123.003.000) 03/04 14:25:35 Image size of job updated: 31945108
	15  -  MemoryUsage of job (MB)
	15032  -  ResidentSetSize of job (KB)
...
006 (123.003.000) 03/04 14:30:25 Image size of job updated: 37701116
	15  -  MemoryUsage of job (MB)
	15032  -  ResidentSetSize of job (KB)
...
005 (123.003.000) 03/04 14:30:25 Job terminated.
	(1) Normal termination (return value 0)
		Usr 0 00:06:02, Sys 0 00:00:01  -  Run Remote Usage
		Usr 0 00:00:00, Sys 0 00:00:00  -  Run Local Usage
		Usr 0 00:06:02, Sys 0 00:00:01  -  Total Remote Usage
		Usr 0 00:00:00, Sys 0 00:00:00  -  Total Local Usage
	0  -  Run Bytes Sent By Job
	0  -  Run Bytes Received By Job
	0  -  Total Bytes Sent By Job
	0  -  Total Bytes Received By Job
	Partitionable Resources :    Usage  Request Allocated
	   Cpus                 :                 1         1
	   Disk (KB)            :       10       10   7541874
	   Gpus                 :                           0
	   Memory (MB)          :       15        1      4027
...
