000 (017.007.000) 03/04 12:55:06 Job submitted from host: <128.83.130.128:56193>
...
001 (017.007.000) 03/04 12:55:19 Job executing on host: <128.83.139.147:42722>
...
006 (017.007.000) 03/04 12:55:28 Image size of job updated: 102608
	3  -  MemoryUsage of job (MB)
	2256  -  ResidentSetSize of job (KB)
...
006 (017.007.000) 03/04 12:58:31 Image size of job updated: 37701116
	3  -  MemoryUsage of job (MB)
	2256  -  ResidentSetSize of job (KB)
...
005 (017.007.000) 03/04 12:58:31 Job terminated.
	(1) Normal termination (return value 0)
		Usr 0 00:03:35, Sys 0 00:00:00  -  Run Remote Usage
		Usr 0 00:00:00, Sys 0 00:00:00  -  Run Local Usage
		Usr 0 00:03:35, Sys 0 00:00:00  -  Total Remote Usage
		Usr 0 00:00:00, Sys 0 00:00:00  -  Total Local Usage
	0  -  Run Bytes Sent By Job
	0  -  Run Bytes Received By Job
	0  -  Total Bytes Sent By Job
	0  -  Total Bytes Received By Job
	Partitionable Resources :    Usage  Request Allocated
	   Cpus                 :                 1         1
	   Disk (KB)            :       10       10   7541874
	   Gpus                 :                           0
	   Memory (MB)          :        3        1      4027
...
000 (037.007.000) 03/04 13:04:19 Job submitted from host: <128.83.130.128:56193>
...
001 (037.007.000) 03/04 13:04:31 Job executing on host: <128.83.120.18:58771>
...
006 (037.007.000) 03/04 13:04:40 Image size of job updated: 29270304
	25  -  MemoryUsage of job (MB)
	25528  -  ResidentSetSize of job (KB)
...
006 (037.007.000) 03/04 13:08:08 Image size of job updated: 30202404
	25  -  MemoryUsage of job (MB)
	25528  -  ResidentSetSize of job (KB)
...
005 (037.007.000) 03/04 13:08:08 Job terminated.
	(1) Normal termination (return value 0)
		Usr 0 00:03:39, Sys 0 00:00:00  -  Run Remote Usage
		Usr 0 00:00:00, Sys 0 00:00:00  -  Run Local Usage
		Usr 0 00:03:39, Sys 0 00:00:00  -  Total Remote Usage
		Usr 0 00:00:00, Sys 0 00:00:00  -  Total Local Usage
	0  -  Run Bytes Sent By Job
	0  -  Run Bytes Received By Job
	0  -  Total Bytes Sent By Job
	0  -  Total Bytes Received By Job
	Partitionable Resources :    Usage  Request Allocated
	   Cpus                 :                 1         1
	   Disk (KB)            :       10       10   8863364
	   Gpus                 :                           0
	   Memory (MB)          :       25        1      4028
...
000 (057.007.000) 03/04 13:12:13 Job submitted from host: <128.83.130.128:56193>
...
001 (057.007.000) 03/04 13:12:25 Job executing on host: <128.83.120.18:58771>
...
006 (057.007.000) 03/04 13:12:34 Image size of job updated: 30202404
	235  -  MemoryUsage of job (MB)
	239724  -  ResidentSetSize of job (KB)
...
005 (057.007.000) 03/04 13:14:32 Job terminated.
	(1) Normal termination (return value 0)
		Usr 0 00:03:42, Sys 0 00:00:01  -  Run Remote Usage
		Usr 0 00:00:00, Sys 0 00:00:00  -  Run Local Usage
		Usr 0 00:03:42, Sys 0 00:00:01  -  Total Remote Usage
		Usr 0 00:00:00, Sys 0 00:00:00  -  Total Local Usage
	0  -  Run Bytes Sent By Job
	0  -  Run Bytes Received By Job
	0  -  Total Bytes Sent By Job
	0  -  Total Bytes Received By Job
	Partitionable Resources :    Usage  Request Allocated
	   Cpus                 :                 1         1
	   Disk (KB)            :       10       10   8863364
	   Gpus                 :                           0
	   Memory (MB)          :      235        1      4028
...
000 (077.007.000) 03/04 13:47:40 Job submitted from host: <128.83.130.128:56193>
...
001 (077.007.000) 03/04 13:47:53 Job executing on host: <128.83.139.146:48339>
...
006 (077.007.000) 03/04 13:48:02 Image size of job updated: 37035476
	48  -  MemoryUsage of job (MB)
	48796  -  ResidentSetSize of job (KB)
...
006 (077.007.000) 03/04 13:49:09 Image size of job updated: 37701116
	48  -  MemoryUsage of job (MB)
	48796  -  ResidentSetSize of job (KB)
...
004 (077.007.000) 03/04 13:49:09 Job was evicted.
	(0) Job was not checkpointed.
		Usr 0 00:01:22, Sys 0 00:00:00  -  Run Remote Usage
		Usr 0 00:00:00, Sys 0 00:00:00  -  Run Local Usage
	0  -  Run Bytes Sent By Job
	0  -  Run Bytes Received By Job
	Partitionable Resources :    Usage  Request Allocated
	   Cpus                 :                 1         1
	   Disk (KB)            :       10       10   7541874
	   Gpus                 :                           0
	   Memory (MB)          :       48        1      4027
...
009 (077.007.000) 03/04 13:49:11 Job was aborted by the user.
	via condor_rm (by user harshal)
...
000 (099.007.000) 03/04 13:50:12 Job submitted from host: <128.83.130.128:56193>
...
001 (099.007.000) 03/04 13:50:25 Job executing on host: <128.83.144.149:47710>
...
006 (099.007.000) 03/04 13:50:34 Image size of job updated: 102588
	3  -  MemoryUsage of job (MB)
	2252  -  ResidentSetSize of job (KB)
...
006 (099.007.000) 03/04 13:54:12 Image size of job updated: 30202404
	3  -  MemoryUsage of job (MB)
	2252  -  ResidentSetSize of job (KB)
...
005 (099.007.000) 03/04 13:54:12 Job terminated.
	(1) Normal termination (return value 0)
		Usr 0 00:03:52, Sys 0 00:00:00  -  Run Remote Usage
		Usr 0 00:00:00, Sys 0 00:00:00  -  Run Local Usage
		Usr 0 00:03:52, Sys 0 00:00:00  -  Total Remote Usage
		Usr 0 00:00:00, Sys 0 00:00:00  -  Total Local Usage
	0  -  Run Bytes Sent By Job
	0  -  Run Bytes Received By Job
	0  -  Total Bytes Sent By Job
	0  -  Total Bytes Received By Job
	Partitionable Resources :    Usage  Request Allocated
	   Cpus                 :                 1         1
	   Disk (KB)            :       10       10   8862063
	   Gpus                 :                           0
	   Memory (MB)          :        3        1      4028
...
000 (123.007.000) 03/04 14:25:14 Job submitted from host: <128.83.130.128:56193>
...
001 (123.007.000) 03/04 14:25:26 Job executing on host: <128.83.139.146:48339>
...
006 (123.007.000) 03/04 14:25:35 Image size of job updated: 102612
	3  -  MemoryUsage of job (MB)
	2256  -  ResidentSetSize of job (KB)
...
006 (123.007.000) 03/04 14:29:11 Image size of job updated: 37701116
	3  -  MemoryUsage of job (MB)
	2256  -  ResidentSetSize of job (KB)
...
005 (123.007.000) 03/04 14:29:11 Job terminated.
	(1) Normal termination (return value 0)
		Usr 0 00:03:58, Sys 0 00:00:00  -  Run Remote Usage
		Usr 0 00:00:00, Sys 0 00:00:00  -  Run Local Usage
		Usr 0 00:03:58, Sys 0 00:00:00  -  Total Remote Usage
		Usr 0 00:00:00, Sys 0 00:00:00  -  Total Local Usage
	0  -  Run Bytes Sent By Job
	0  -  Run Bytes Received By Job
	0  -  Total Bytes Sent By Job
	0  -  Total Bytes Received By Job
	Partitionable Resources :    Usage  Request Allocated
	   Cpus                 :                 1         1
	   Disk (KB)            :       10       10   7541874
	   Gpus                 :                           0
	   Memory (MB)          :        3        1      4027
...
