000 (2634.007.000) 04/03 14:51:08 Job submitted from host: <128.83.144.174:47204>
...
001 (2634.007.000) 04/03 14:51:52 Job executing on host: <128.83.144.70:53241>
...
006 (2634.007.000) 04/03 14:52:01 Image size of job updated: 34347980
	47  -  MemoryUsage of job (MB)
	47120  -  ResidentSetSize of job (KB)
...
006 (2634.007.000) 04/03 14:57:02 Image size of job updated: 34347984
	5962  -  MemoryUsage of job (MB)
	6104468  -  ResidentSetSize of job (KB)
...
006 (2634.007.000) 04/03 15:02:02 Image size of job updated: 34347984
	9292  -  MemoryUsage of job (MB)
	9514552  -  ResidentSetSize of job (KB)
...
006 (2634.007.000) 04/03 15:07:02 Image size of job updated: 34347984
	9384  -  MemoryUsage of job (MB)
	9609000  -  ResidentSetSize of job (KB)
...
005 (2634.007.000) 04/03 15:57:36 Job terminated.
	(1) Normal termination (return value 0)
		Usr 0 01:09:24, Sys 0 00:00:26  -  Run Remote Usage
		Usr 0 00:00:00, Sys 0 00:00:00  -  Run Local Usage
		Usr 0 01:09:24, Sys 0 00:00:26  -  Total Remote Usage
		Usr 0 00:00:00, Sys 0 00:00:00  -  Total Local Usage
	0  -  Run Bytes Sent By Job
	0  -  Run Bytes Received By Job
	0  -  Total Bytes Sent By Job
	0  -  Total Bytes Received By Job
	Partitionable Resources :    Usage  Request Allocated
	   Cpus                 :                 1         1
	   Disk (KB)            :       10       10   4691980
	   Gpus                 :                           0
	   Memory (MB)          :     9384        1      3523
...
