000 (2634.008.000) 04/03 14:51:08 Job submitted from host: <128.83.144.174:47204>
...
001 (2634.008.000) 04/03 14:51:51 Job executing on host: <128.83.144.70:53241>
...
006 (2634.008.000) 04/03 14:51:59 Image size of job updated: 34347984
	323  -  MemoryUsage of job (MB)
	329840  -  ResidentSetSize of job (KB)
...
006 (2634.008.000) 04/03 14:56:59 Image size of job updated: 34347984
	7356  -  MemoryUsage of job (MB)
	7532312  -  ResidentSetSize of job (KB)
...
006 (2634.008.000) 04/03 15:02:00 Image size of job updated: 34347984
	9529  -  MemoryUsage of job (MB)
	9757244  -  ResidentSetSize of job (KB)
...
005 (2634.008.000) 04/03 16:10:37 Job terminated.
	(1) Normal termination (return value 0)
		Usr 0 01:24:09, Sys 0 00:00:38  -  Run Remote Usage
		Usr 0 00:00:00, Sys 0 00:00:00  -  Run Local Usage
		Usr 0 01:24:09, Sys 0 00:00:38  -  Total Remote Usage
		Usr 0 00:00:00, Sys 0 00:00:00  -  Total Local Usage
	0  -  Run Bytes Sent By Job
	0  -  Run Bytes Received By Job
	0  -  Total Bytes Sent By Job
	0  -  Total Bytes Received By Job
	Partitionable Resources :    Usage  Request Allocated
	   Cpus                 :                 1         1
	   Disk (KB)            :       10       10   4691980
	   Gpus                 :                           0
	   Memory (MB)          :     9529        1      3523
...
