000 (2634.006.000) 04/03 14:51:08 Job submitted from host: <128.83.144.174:47204>
...
001 (2634.006.000) 04/03 14:51:52 Job executing on host: <128.83.144.55:43006>
...
006 (2634.006.000) 04/03 14:52:00 Image size of job updated: 37035476
	277  -  MemoryUsage of job (MB)
	282888  -  ResidentSetSize of job (KB)
...
006 (2634.006.000) 04/03 14:57:00 Image size of job updated: 37035476
	5820  -  MemoryUsage of job (MB)
	5958912  -  ResidentSetSize of job (KB)
...
010 (2634.006.000) 04/03 14:59:30 Job was suspended.
	Number of processes actually suspended: 1
...
006 (2634.006.000) 04/03 14:59:30 Image size of job updated: 37035476
	6787  -  MemoryUsage of job (MB)
	6949092  -  ResidentSetSize of job (KB)
...
011 (2634.006.000) 04/03 15:09:31 Job was unsuspended.
...
004 (2634.006.000) 04/03 15:09:37 Job was evicted.
	(0) Job was not checkpointed.
		Usr 0 00:05:44, Sys 0 00:00:12  -  Run Remote Usage
		Usr 0 00:00:00, Sys 0 00:00:00  -  Run Local Usage
	0  -  Run Bytes Sent By Job
	0  -  Run Bytes Received By Job
	Partitionable Resources :    Usage  Request Allocated
	   Cpus                 :                 1         1
	   Disk (KB)            :       10       10   7541872
	   Gpus                 :                           0
	   Memory (MB)          :     6787        1      4027
...
001 (2634.006.000) 04/03 15:14:20 Job executing on host: <128.83.139.6:35999>
...
006 (2634.006.000) 04/03 15:19:30 Image size of job updated: 37500000
	10292  -  MemoryUsage of job (MB)
	10538356  -  ResidentSetSize of job (KB)
...
005 (2634.006.000) 04/03 16:23:51 Job terminated.
	(1) Normal termination (return value 0)
		Usr 0 01:13:42, Sys 0 00:00:38  -  Run Remote Usage
		Usr 0 00:00:00, Sys 0 00:00:00  -  Run Local Usage
		Usr 0 01:13:42, Sys 0 00:00:38  -  Total Remote Usage
		Usr 0 00:00:00, Sys 0 00:00:00  -  Total Local Usage
	0  -  Run Bytes Sent By Job
	0  -  Run Bytes Received By Job
	0  -  Total Bytes Sent By Job
	0  -  Total Bytes Received By Job
	Partitionable Resources :    Usage  Request Allocated
	   Cpus                 :                 1         1
	   Disk (KB)            :       10       10   1702933
	   Gpus                 :                           0
	   Memory (MB)          :    10292     7325     12899
...
