000 (2634.000.000) 04/03 14:51:08 Job submitted from host: <128.83.144.174:47204>
...
001 (2634.000.000) 04/03 14:51:52 Job executing on host: <128.83.144.55:43006>
...
006 (2634.000.000) 04/03 14:52:00 Image size of job updated: 37035476
	266  -  MemoryUsage of job (MB)
	272348  -  ResidentSetSize of job (KB)
...
006 (2634.000.000) 04/03 14:57:00 Image size of job updated: 37035476
	8460  -  MemoryUsage of job (MB)
	8662940  -  ResidentSetSize of job (KB)
...
010 (2634.000.000) 04/03 14:59:59 Job was suspended.
	Number of processes actually suspended: 1
...
011 (2634.000.000) 04/03 15:01:34 Job was unsuspended.
...
006 (2634.000.000) 04/03 15:12:02 Image size of job updated: 37035476
	9891  -  MemoryUsage of job (MB)
	10128212  -  ResidentSetSize of job (KB)
...
006 (2634.000.000) 04/03 15:17:02 Image size of job updated: 37035476
	10182  -  MemoryUsage of job (MB)
	10425604  -  ResidentSetSize of job (KB)
...
006 (2634.000.000) 04/03 15:22:03 Image size of job updated: 37035476
	10307  -  MemoryUsage of job (MB)
	10554144  -  ResidentSetSize of job (KB)
...
005 (2634.000.000) 04/03 15:34:14 Job terminated.
	(1) Normal termination (return value 0)
		Usr 0 00:24:26, Sys 0 00:00:27  -  Run Remote Usage
		Usr 0 00:00:00, Sys 0 00:00:00  -  Run Local Usage
		Usr 0 00:24:26, Sys 0 00:00:27  -  Total Remote Usage
		Usr 0 00:00:00, Sys 0 00:00:00  -  Total Local Usage
	0  -  Run Bytes Sent By Job
	0  -  Run Bytes Received By Job
	0  -  Total Bytes Sent By Job
	0  -  Total Bytes Received By Job
	Partitionable Resources :    Usage  Request Allocated
	   Cpus                 :                 1         1
	   Disk (KB)            :       10       10   7541872
	   Gpus                 :                           0
	   Memory (MB)          :    10307        1      4027
...
