000 (2634.009.000) 04/03 14:51:08 Job submitted from host: <128.83.144.174:47204>
...
001 (2634.009.000) 04/03 14:51:51 Job executing on host: <128.83.144.70:53241>
...
006 (2634.009.000) 04/03 14:52:00 Image size of job updated: 34347984
	322  -  MemoryUsage of job (MB)
	329448  -  ResidentSetSize of job (KB)
...
006 (2634.009.000) 04/03 14:57:01 Image size of job updated: 34347984
	6132  -  MemoryUsage of job (MB)
	6278500  -  ResidentSetSize of job (KB)
...
006 (2634.009.000) 04/03 15:02:02 Image size of job updated: 34347984
	9513  -  MemoryUsage of job (MB)
	9740792  -  ResidentSetSize of job (KB)
...
005 (2634.009.000) 04/03 16:19:17 Job terminated.
	(1) Normal termination (return value 0)
		Usr 0 01:32:57, Sys 0 00:00:38  -  Run Remote Usage
		Usr 0 00:00:00, Sys 0 00:00:00  -  Run Local Usage
		Usr 0 01:32:57, Sys 0 00:00:38  -  Total Remote Usage
		Usr 0 00:00:00, Sys 0 00:00:00  -  Total Local Usage
	0  -  Run Bytes Sent By Job
	0  -  Run Bytes Received By Job
	0  -  Total Bytes Sent By Job
	0  -  Total Bytes Received By Job
	Partitionable Resources :    Usage  Request Allocated
	   Cpus                 :                 1         1
	   Disk (KB)            :       10       10   4691980
	   Gpus                 :                           0
	   Memory (MB)          :     9513        1      3523
...
