000 (2631.006.000) 04/03 14:51:08 Job submitted from host: <128.83.144.174:47204>
...
001 (2631.006.000) 04/03 14:51:49 Job executing on host: <128.83.144.154:53764>
...
006 (2631.006.000) 04/03 14:51:57 Image size of job updated: 29539340
	647  -  MemoryUsage of job (MB)
	662136  -  ResidentSetSize of job (KB)
...
006 (2631.006.000) 04/03 14:56:57 Image size of job updated: 29539340
	2415  -  MemoryUsage of job (MB)
	2472696  -  ResidentSetSize of job (KB)
...
006 (2631.006.000) 04/03 15:01:58 Image size of job updated: 29539340
	3971  -  MemoryUsage of job (MB)
	4065572  -  ResidentSetSize of job (KB)
...
005 (2631.006.000) 04/03 15:03:53 Job terminated.
	(1) Normal termination (return value 0)
		Usr 0 00:12:20, Sys 0 00:00:07  -  Run Remote Usage
		Usr 0 00:00:00, Sys 0 00:00:00  -  Run Local Usage
		Usr 0 00:12:20, Sys 0 00:00:07  -  Total Remote Usage
		Usr 0 00:00:00, Sys 0 00:00:00  -  Total Local Usage
	0  -  Run Bytes Sent By Job
	0  -  Run Bytes Received By Job
	0  -  Total Bytes Sent By Job
	0  -  Total Bytes Received By Job
	Partitionable Resources :    Usage  Request Allocated
	   Cpus                 :                 1         1
	   Disk (KB)            :       10       10   8862222
	   Gpus                 :                           0
	   Memory (MB)          :     3971        1      4028
...
