000 (2631.001.000) 04/03 14:51:08 Job submitted from host: <128.83.144.174:47204>
...
001 (2631.001.000) 04/03 14:51:49 Job executing on host: <128.83.144.154:53764>
...
006 (2631.001.000) 04/03 14:51:57 Image size of job updated: 29536764
	60  -  MemoryUsage of job (MB)
	60420  -  ResidentSetSize of job (KB)
...
006 (2631.001.000) 04/03 14:56:57 Image size of job updated: 29536764
	2196  -  MemoryUsage of job (MB)
	2248292  -  ResidentSetSize of job (KB)
...
005 (2631.001.000) 04/03 14:58:26 Job terminated.
	(1) Normal termination (return value 0)
		Usr 0 00:06:45, Sys 0 00:00:03  -  Run Remote Usage
		Usr 0 00:00:00, Sys 0 00:00:00  -  Run Local Usage
		Usr 0 00:06:45, Sys 0 00:00:03  -  Total Remote Usage
		Usr 0 00:00:00, Sys 0 00:00:00  -  Total Local Usage
	0  -  Run Bytes Sent By Job
	0  -  Run Bytes Received By Job
	0  -  Total Bytes Sent By Job
	0  -  Total Bytes Received By Job
	Partitionable Resources :    Usage  Request Allocated
	   Cpus                 :                 1         1
	   Disk (KB)            :       10       10   8862221
	   Gpus                 :                           0
	   Memory (MB)          :     2196        1      4028
...
