000 (2631.002.000) 04/03 14:51:08 Job submitted from host: <128.83.144.174:47204>
...
001 (2631.002.000) 04/03 14:51:49 Job executing on host: <128.83.144.154:53764>
...
006 (2631.002.000) 04/03 14:51:57 Image size of job updated: 29536764
	632  -  MemoryUsage of job (MB)
	646812  -  ResidentSetSize of job (KB)
...
006 (2631.002.000) 04/03 14:56:57 Image size of job updated: 29536764
	2156  -  MemoryUsage of job (MB)
	2207140  -  ResidentSetSize of job (KB)
...
005 (2631.002.000) 04/03 14:59:24 Job terminated.
	(1) Normal termination (return value 0)
		Usr 0 00:07:51, Sys 0 00:00:03  -  Run Remote Usage
		Usr 0 00:00:00, Sys 0 00:00:00  -  Run Local Usage
		Usr 0 00:07:51, Sys 0 00:00:03  -  Total Remote Usage
		Usr 0 00:00:00, Sys 0 00:00:00  -  Total Local Usage
	0  -  Run Bytes Sent By Job
	0  -  Run Bytes Received By Job
	0  -  Total Bytes Sent By Job
	0  -  Total Bytes Received By Job
	Partitionable Resources :    Usage  Request Allocated
	   Cpus                 :                 1         1
	   Disk (KB)            :       10       10   8862222
	   Gpus                 :                           0
	   Memory (MB)          :     2156        1      4028
...
