000 (2631.009.000) 04/03 14:51:08 Job submitted from host: <128.83.144.174:47204>
...
001 (2631.009.000) 04/03 14:51:49 Job executing on host: <128.83.144.154:53764>
...
006 (2631.009.000) 04/03 14:51:58 Image size of job updated: 29536764
	662  -  MemoryUsage of job (MB)
	677548  -  ResidentSetSize of job (KB)
...
006 (2631.009.000) 04/03 14:56:59 Image size of job updated: 29536764
	3638  -  MemoryUsage of job (MB)
	3725164  -  ResidentSetSize of job (KB)
...
006 (2631.009.000) 04/03 15:02:00 Image size of job updated: 29536764
	3639  -  MemoryUsage of job (MB)
	3725900  -  ResidentSetSize of job (KB)
...
006 (2631.009.000) 04/03 15:07:00 Image size of job updated: 29536764
	3685  -  MemoryUsage of job (MB)
	3773080  -  ResidentSetSize of job (KB)
...
005 (2631.009.000) 04/03 15:08:09 Job terminated.
	(1) Normal termination (return value 0)
		Usr 0 00:16:30, Sys 0 00:00:08  -  Run Remote Usage
		Usr 0 00:00:00, Sys 0 00:00:00  -  Run Local Usage
		Usr 0 00:16:30, Sys 0 00:00:08  -  Total Remote Usage
		Usr 0 00:00:00, Sys 0 00:00:00  -  Total Local Usage
	0  -  Run Bytes Sent By Job
	0  -  Run Bytes Received By Job
	0  -  Total Bytes Sent By Job
	0  -  Total Bytes Received By Job
	Partitionable Resources :    Usage  Request Allocated
	   Cpus                 :                 1         1
	   Disk (KB)            :       10       10   8862221
	   Gpus                 :                           0
	   Memory (MB)          :     3685        1      4028
...
