000 (2631.007.000) 04/03 14:51:08 Job submitted from host: <128.83.144.174:47204>
...
001 (2631.007.000) 04/03 14:51:49 Job executing on host: <128.83.144.154:53764>
...
006 (2631.007.000) 04/03 14:51:57 Image size of job updated: 29536764
	642  -  MemoryUsage of job (MB)
	656820  -  ResidentSetSize of job (KB)
...
006 (2631.007.000) 04/03 14:56:57 Image size of job updated: 29536764
	2955  -  MemoryUsage of job (MB)
	3025864  -  ResidentSetSize of job (KB)
...
006 (2631.007.000) 04/03 15:01:58 Image size of job updated: 29536764
	3943  -  MemoryUsage of job (MB)
	4036884  -  ResidentSetSize of job (KB)
...
005 (2631.007.000) 04/03 15:05:50 Job terminated.
	(1) Normal termination (return value 0)
		Usr 0 00:14:25, Sys 0 00:00:06  -  Run Remote Usage
		Usr 0 00:00:00, Sys 0 00:00:00  -  Run Local Usage
		Usr 0 00:14:25, Sys 0 00:00:06  -  Total Remote Usage
		Usr 0 00:00:00, Sys 0 00:00:00  -  Total Local Usage
	0  -  Run Bytes Sent By Job
	0  -  Run Bytes Received By Job
	0  -  Total Bytes Sent By Job
	0  -  Total Bytes Received By Job
	Partitionable Resources :    Usage  Request Allocated
	   Cpus                 :                 1         1
	   Disk (KB)            :       10       10   8862222
	   Gpus                 :                           0
	   Memory (MB)          :     3943        1      4028
...
