000 (2631.012.000) 04/03 14:51:08 Job submitted from host: <128.83.144.174:47204>
...
001 (2631.012.000) 04/03 14:51:50 Job executing on host: <128.83.144.154:53764>
...
006 (2631.012.000) 04/03 14:51:58 Image size of job updated: 29536764
	639  -  MemoryUsage of job (MB)
	654048  -  ResidentSetSize of job (KB)
...
006 (2631.012.000) 04/03 14:56:58 Image size of job updated: 29536764
	3709  -  MemoryUsage of job (MB)
	3797812  -  ResidentSetSize of job (KB)
...
006 (2631.012.000) 04/03 15:01:59 Image size of job updated: 29536764
	3717  -  MemoryUsage of job (MB)
	3805480  -  ResidentSetSize of job (KB)
...
006 (2631.012.000) 04/03 15:07:00 Image size of job updated: 29536764
	3748  -  MemoryUsage of job (MB)
	3837528  -  ResidentSetSize of job (KB)
...
005 (2631.012.000) 04/03 15:07:59 Job terminated.
	(1) Normal termination (return value 0)
		Usr 0 00:16:20, Sys 0 00:00:06  -  Run Remote Usage
		Usr 0 00:00:00, Sys 0 00:00:00  -  Run Local Usage
		Usr 0 00:16:20, Sys 0 00:00:06  -  Total Remote Usage
		Usr 0 00:00:00, Sys 0 00:00:00  -  Total Local Usage
	0  -  Run Bytes Sent By Job
	0  -  Run Bytes Received By Job
	0  -  Total Bytes Sent By Job
	0  -  Total Bytes Received By Job
	Partitionable Resources :    Usage  Request Allocated
	   Cpus                 :                 1         1
	   Disk (KB)            :       10       10   8862222
	   Gpus                 :                           0
	   Memory (MB)          :     3748        1      4028
...
