000 (2631.010.000) 04/03 14:51:08 Job submitted from host: <128.83.144.174:47204>
...
001 (2631.010.000) 04/03 14:51:49 Job executing on host: <128.83.144.154:53764>
...
006 (2631.010.000) 04/03 14:51:58 Image size of job updated: 29539340
	655  -  MemoryUsage of job (MB)
	669860  -  ResidentSetSize of job (KB)
...
006 (2631.010.000) 04/03 14:56:59 Image size of job updated: 29539340
	3699  -  MemoryUsage of job (MB)
	3787160  -  ResidentSetSize of job (KB)
...
006 (2631.010.000) 04/03 15:01:59 Image size of job updated: 29539340
	3700  -  MemoryUsage of job (MB)
	3787908  -  ResidentSetSize of job (KB)
...
006 (2631.010.000) 04/03 15:07:00 Image size of job updated: 29539340
	3740  -  MemoryUsage of job (MB)
	3828928  -  ResidentSetSize of job (KB)
...
005 (2631.010.000) 04/03 15:08:28 Job terminated.
	(1) Normal termination (return value 0)
		Usr 0 00:16:52, Sys 0 00:00:05  -  Run Remote Usage
		Usr 0 00:00:00, Sys 0 00:00:00  -  Run Local Usage
		Usr 0 00:16:52, Sys 0 00:00:05  -  Total Remote Usage
		Usr 0 00:00:00, Sys 0 00:00:00  -  Total Local Usage
	0  -  Run Bytes Sent By Job
	0  -  Run Bytes Received By Job
	0  -  Total Bytes Sent By Job
	0  -  Total Bytes Received By Job
	Partitionable Resources :    Usage  Request Allocated
	   Cpus                 :                 1         1
	   Disk (KB)            :       10       10   8862222
	   Gpus                 :                           0
	   Memory (MB)          :     3740        1      4028
...
