000 (028.000.000) 03/04 12:55:08 Job submitted from host: <128.83.130.128:56193>
...
001 (028.000.000) 03/04 12:55:20 Job executing on host: <128.83.144.84:41463>
...
006 (028.000.000) 03/04 12:55:29 Image size of job updated: 37035476
	333  -  MemoryUsage of job (MB)
	340424  -  ResidentSetSize of job (KB)
...
006 (028.000.000) 03/04 12:58:32 Image size of job updated: 37701116
	333  -  MemoryUsage of job (MB)
	340424  -  ResidentSetSize of job (KB)
...
004 (028.000.000) 03/04 12:58:32 Job was evicted.
	(0) Job was not checkpointed.
		Usr 0 00:04:58, Sys 0 00:00:00  -  Run Remote Usage
		Usr 0 00:00:00, Sys 0 00:00:00  -  Run Local Usage
	0  -  Run Bytes Sent By Job
	0  -  Run Bytes Received By Job
	Partitionable Resources :    Usage  Request Allocated
	   Cpus                 :                 1         1
	   Disk (KB)            :       10       10   7541874
	   Gpus                 :                           0
	   Memory (MB)          :      333        1      4027
...
009 (028.000.000) 03/04 12:58:34 Job was aborted by the user.
	via condor_rm (by user harshal)
...
000 (048.000.000) 03/04 13:04:20 Job submitted from host: <128.83.130.128:56193>
...
001 (048.000.000) 03/04 13:04:32 Job executing on host: <128.83.144.155:50520>
...
006 (048.000.000) 03/04 13:04:41 Image size of job updated: 102584
	3  -  MemoryUsage of job (MB)
	2248  -  ResidentSetSize of job (KB)
...
006 (048.000.000) 03/04 13:09:42 Image size of job updated: 30202404
	3108  -  MemoryUsage of job (MB)
	3181720  -  ResidentSetSize of job (KB)
...
004 (048.000.000) 03/04 13:10:25 Job was evicted.
	(0) Job was not checkpointed.
		Usr 0 00:05:59, Sys 0 00:00:01  -  Run Remote Usage
		Usr 0 00:00:00, Sys 0 00:00:00  -  Run Local Usage
	0  -  Run Bytes Sent By Job
	0  -  Run Bytes Received By Job
	Partitionable Resources :    Usage  Request Allocated
	   Cpus                 :                 1         1
	   Disk (KB)            :       10       10   8863364
	   Gpus                 :                           0
	   Memory (MB)          :     3108        1      4028
...
009 (048.000.000) 03/04 13:10:25 Job was aborted by the user.
	via condor_rm (by user harshal)
...
000 (068.000.000) 03/04 13:12:14 Job submitted from host: <128.83.130.128:56193>
...
001 (068.000.000) 03/04 13:12:26 Job executing on host: <128.83.144.149:47710>
...
006 (068.000.000) 03/04 13:12:35 Image size of job updated: 29536764
	313  -  MemoryUsage of job (MB)
	320036  -  ResidentSetSize of job (KB)
...
006 (068.000.000) 03/04 13:17:36 Image size of job updated: 30202404
	2388  -  MemoryUsage of job (MB)
	2444576  -  ResidentSetSize of job (KB)
...
004 (068.000.000) 03/04 13:43:28 Job was evicted.
	(0) Job was not checkpointed.
		Usr 0 00:57:53, Sys 0 00:00:02  -  Run Remote Usage
		Usr 0 00:00:00, Sys 0 00:00:00  -  Run Local Usage
	0  -  Run Bytes Sent By Job
	0  -  Run Bytes Received By Job
	Partitionable Resources :    Usage  Request Allocated
	   Cpus                 :                 1         1
	   Disk (KB)            :       10       10   8862079
	   Gpus                 :                           0
	   Memory (MB)          :     2388        1      4028
...
009 (068.000.000) 03/04 13:43:28 Job was aborted by the user.
	via condor_rm (by user harshal)
...
000 (090.000.000) 03/04 13:47:41 Job submitted from host: <128.83.130.128:56193>
...
001 (090.000.000) 03/04 13:47:53 Job executing on host: <128.83.144.155:50520>
...
006 (090.000.000) 03/04 13:48:02 Image size of job updated: 102592
	3  -  MemoryUsage of job (MB)
	2248  -  ResidentSetSize of job (KB)
...
006 (090.000.000) 03/04 13:49:09 Image size of job updated: 30335532
	3  -  MemoryUsage of job (MB)
	2248  -  ResidentSetSize of job (KB)
...
004 (090.000.000) 03/04 13:49:09 Job was evicted.
	(0) Job was not checkpointed.
		Usr 0 00:01:30, Sys 0 00:00:00  -  Run Remote Usage
		Usr 0 00:00:00, Sys 0 00:00:00  -  Run Local Usage
	0  -  Run Bytes Sent By Job
	0  -  Run Bytes Received By Job
	Partitionable Resources :    Usage  Request Allocated
	   Cpus                 :                 1         1
	   Disk (KB)            :       10       10   8863364
	   Gpus                 :                           0
	   Memory (MB)          :        3        1      4028
...
009 (090.000.000) 03/04 13:49:09 Job was aborted by the user.
	via condor_rm (by user harshal)
...
000 (113.000.000) 03/04 13:50:14 Job submitted from host: <128.83.130.128:56193>
...
001 (113.000.000) 03/04 13:50:25 Job executing on host: <128.83.120.128:37202>
...
006 (113.000.000) 03/04 13:50:34 Image size of job updated: 37384376
	516  -  MemoryUsage of job (MB)
	527628  -  ResidentSetSize of job (KB)
...
006 (113.000.000) 03/04 13:55:35 Image size of job updated: 38050016
	1719  -  MemoryUsage of job (MB)
	1759596  -  ResidentSetSize of job (KB)
...
006 (113.000.000) 03/04 14:00:35 Image size of job updated: 38050016
	1820  -  MemoryUsage of job (MB)
	1863500  -  ResidentSetSize of job (KB)
...
000 (137.000.000) 03/04 14:25:15 Job submitted from host: <128.83.130.128:56193>
...
001 (137.000.000) 03/04 14:25:33 Job executing on host: <128.83.144.168:32955>
...
006 (137.000.000) 03/04 14:25:41 Image size of job updated: 37035476
	272  -  MemoryUsage of job (MB)
	277568  -  ResidentSetSize of job (KB)
...
006 (113.000.000) 03/04 14:30:38 Image size of job updated: 38050016
	1979  -  MemoryUsage of job (MB)
	2026032  -  ResidentSetSize of job (KB)
...
006 (137.000.000) 03/04 14:30:41 Image size of job updated: 37701116
	4146  -  MemoryUsage of job (MB)
	4245500  -  ResidentSetSize of job (KB)
...
006 (113.000.000) 03/04 14:35:38 Image size of job updated: 38050016
	2347  -  MemoryUsage of job (MB)
	2402736  -  ResidentSetSize of job (KB)
...
010 (137.000.000) 03/04 14:49:14 Job was suspended.
	Number of processes actually suspended: 1
...
011 (137.000.000) 03/04 14:49:28 Job was unsuspended.
...
006 (137.000.000) 03/04 14:55:44 Image size of job updated: 37701116
	4332  -  MemoryUsage of job (MB)
	4435740  -  ResidentSetSize of job (KB)
...
006 (137.000.000) 03/04 15:00:45 Image size of job updated: 37701116
	9689  -  MemoryUsage of job (MB)
	9921272  -  ResidentSetSize of job (KB)
...
006 (137.000.000) 03/04 15:05:46 Image size of job updated: 37701116
	9691  -  MemoryUsage of job (MB)
	9923004  -  ResidentSetSize of job (KB)
...
006 (113.000.000) 03/04 16:10:48 Image size of job updated: 38050016
	2526  -  MemoryUsage of job (MB)
	2585884  -  ResidentSetSize of job (KB)
...
006 (113.000.000) 03/04 17:05:54 Image size of job updated: 38050016
	2665  -  MemoryUsage of job (MB)
	2728676  -  ResidentSetSize of job (KB)
...
006 (113.000.000) 03/04 17:10:55 Image size of job updated: 38050016
	2773  -  MemoryUsage of job (MB)
	2839504  -  ResidentSetSize of job (KB)
...
006 (113.000.000) 03/04 17:15:55 Image size of job updated: 38050016
	2795  -  MemoryUsage of job (MB)
	2861352  -  ResidentSetSize of job (KB)
...
006 (113.000.000) 03/04 17:20:55 Image size of job updated: 38050016
	2812  -  MemoryUsage of job (MB)
	2878604  -  ResidentSetSize of job (KB)
...
005 (137.000.000) 03/04 17:25:51 Job terminated.
	(1) Normal termination (return value 0)
		Usr 0 07:13:18, Sys 0 00:01:03  -  Run Remote Usage
		Usr 0 00:00:00, Sys 0 00:00:00  -  Run Local Usage
		Usr 0 07:13:18, Sys 0 00:01:03  -  Total Remote Usage
		Usr 0 00:00:00, Sys 0 00:00:00  -  Total Local Usage
	0  -  Run Bytes Sent By Job
	0  -  Run Bytes Received By Job
	0  -  Total Bytes Sent By Job
	0  -  Total Bytes Received By Job
	Partitionable Resources :    Usage  Request Allocated
	   Cpus                 :                 1         1
	   Disk (KB)            :       10       10   7541874
	   Gpus                 :                           0
	   Memory (MB)          :     9691        1      4027
...
006 (113.000.000) 03/04 17:25:56 Image size of job updated: 38050016
	2815  -  MemoryUsage of job (MB)
	2882008  -  ResidentSetSize of job (KB)
...
005 (113.000.000) 03/04 17:49:23 Job terminated.
	(1) Normal termination (return value 0)
		Usr 0 08:49:43, Sys 0 00:00:31  -  Run Remote Usage
		Usr 0 00:00:00, Sys 0 00:00:00  -  Run Local Usage
		Usr 0 08:49:43, Sys 0 00:00:31  -  Total Remote Usage
		Usr 0 00:00:00, Sys 0 00:00:00  -  Total Local Usage
	0  -  Run Bytes Sent By Job
	0  -  Run Bytes Received By Job
	0  -  Total Bytes Sent By Job
	0  -  Total Bytes Received By Job
	Partitionable Resources :    Usage  Request Allocated
	   Cpus                 :                 1         1
	   Disk (KB)            :       10       10    835061
	   Gpus                 :                           0
	   Memory (MB)          :     2815        1     12899
...
