000 (2633.006.000) 04/03 14:51:08 Job submitted from host: <128.83.144.174:47204>
...
001 (2633.006.000) 04/03 14:51:51 Job executing on host: <128.83.144.55:43006>
...
006 (2633.006.000) 04/03 14:52:00 Image size of job updated: 37035476
	315  -  MemoryUsage of job (MB)
	322104  -  ResidentSetSize of job (KB)
...
006 (2633.006.000) 04/03 14:57:01 Image size of job updated: 37035476
	4652  -  MemoryUsage of job (MB)
	4763064  -  ResidentSetSize of job (KB)
...
010 (2633.006.000) 04/03 15:00:18 Job was suspended.
	Number of processes actually suspended: 1
...
006 (2633.006.000) 04/03 15:00:18 Image size of job updated: 37035476
	6515  -  MemoryUsage of job (MB)
	6671076  -  ResidentSetSize of job (KB)
...
011 (2633.006.000) 04/03 15:01:04 Job was unsuspended.
...
006 (2633.006.000) 04/03 15:02:01 Image size of job updated: 37035476
	7675  -  MemoryUsage of job (MB)
	7858544  -  ResidentSetSize of job (KB)
...
006 (2633.006.000) 04/03 15:07:01 Image size of job updated: 37035476
	8055  -  MemoryUsage of job (MB)
	8247916  -  ResidentSetSize of job (KB)
...
006 (2633.006.000) 04/03 15:17:01 Image size of job updated: 37035476
	8416  -  MemoryUsage of job (MB)
	8617072  -  ResidentSetSize of job (KB)
...
006 (2633.006.000) 04/03 15:22:01 Image size of job updated: 37035476
	10177  -  MemoryUsage of job (MB)
	10420908  -  ResidentSetSize of job (KB)
...
005 (2633.006.000) 04/03 15:42:41 Job terminated.
	(1) Normal termination (return value 0)
		Usr 0 00:32:39, Sys 0 00:00:46  -  Run Remote Usage
		Usr 0 00:00:00, Sys 0 00:00:00  -  Run Local Usage
		Usr 0 00:32:39, Sys 0 00:00:46  -  Total Remote Usage
		Usr 0 00:00:00, Sys 0 00:00:00  -  Total Local Usage
	0  -  Run Bytes Sent By Job
	0  -  Run Bytes Received By Job
	0  -  Total Bytes Sent By Job
	0  -  Total Bytes Received By Job
	Partitionable Resources :    Usage  Request Allocated
	   Cpus                 :                 1         1
	   Disk (KB)            :       10       10   7541872
	   Gpus                 :                           0
	   Memory (MB)          :    10177        1      4027
...
