000 (2633.005.000) 04/03 14:51:08 Job submitted from host: <128.83.144.174:47204>
...
001 (2633.005.000) 04/03 14:51:51 Job executing on host: <128.83.144.55:43006>
...
006 (2633.005.000) 04/03 14:52:00 Image size of job updated: 37035476
	344  -  MemoryUsage of job (MB)
	352100  -  ResidentSetSize of job (KB)
...
006 (2633.005.000) 04/03 14:57:01 Image size of job updated: 37035476
	4562  -  MemoryUsage of job (MB)
	4671408  -  ResidentSetSize of job (KB)
...
010 (2633.005.000) 04/03 15:00:18 Job was suspended.
	Number of processes actually suspended: 1
...
006 (2633.005.000) 04/03 15:00:19 Image size of job updated: 37035476
	5898  -  MemoryUsage of job (MB)
	6039500  -  ResidentSetSize of job (KB)
...
011 (2633.005.000) 04/03 15:00:54 Job was unsuspended.
...
006 (2633.005.000) 04/03 15:02:02 Image size of job updated: 37035476
	6406  -  MemoryUsage of job (MB)
	6559036  -  ResidentSetSize of job (KB)
...
006 (2633.005.000) 04/03 15:07:02 Image size of job updated: 37035476
	6429  -  MemoryUsage of job (MB)
	6583292  -  ResidentSetSize of job (KB)
...
006 (2633.005.000) 04/03 15:12:03 Image size of job updated: 37035476
	9838  -  MemoryUsage of job (MB)
	10073716  -  ResidentSetSize of job (KB)
...
006 (2633.005.000) 04/03 15:17:03 Image size of job updated: 37035476
	10161  -  MemoryUsage of job (MB)
	10404256  -  ResidentSetSize of job (KB)
...
006 (2633.005.000) 04/03 15:22:05 Image size of job updated: 37035476
	10188  -  MemoryUsage of job (MB)
	10432196  -  ResidentSetSize of job (KB)
...
006 (2633.005.000) 04/03 15:27:05 Image size of job updated: 37035476
	10445  -  MemoryUsage of job (MB)
	10694860  -  ResidentSetSize of job (KB)
...
006 (2633.005.000) 04/03 15:32:05 Image size of job updated: 37035476
	10454  -  MemoryUsage of job (MB)
	10704524  -  ResidentSetSize of job (KB)
...
005 (2633.005.000) 04/03 15:33:38 Job terminated.
	(1) Normal termination (return value 0)
		Usr 0 00:27:54, Sys 0 00:00:49  -  Run Remote Usage
		Usr 0 00:00:00, Sys 0 00:00:00  -  Run Local Usage
		Usr 0 00:27:54, Sys 0 00:00:49  -  Total Remote Usage
		Usr 0 00:00:00, Sys 0 00:00:00  -  Total Local Usage
	0  -  Run Bytes Sent By Job
	0  -  Run Bytes Received By Job
	0  -  Total Bytes Sent By Job
	0  -  Total Bytes Received By Job
	Partitionable Resources :    Usage  Request Allocated
	   Cpus                 :                 1         1
	   Disk (KB)            :       10       10   7541872
	   Gpus                 :                           0
	   Memory (MB)          :    10454        1      4027
...
