000 (2633.004.000) 04/03 14:51:08 Job submitted from host: <128.83.144.174:47204>
...
001 (2633.004.000) 04/03 14:51:51 Job executing on host: <128.83.144.55:43006>
...
006 (2633.004.000) 04/03 14:51:59 Image size of job updated: 37035476
	528  -  MemoryUsage of job (MB)
	540376  -  ResidentSetSize of job (KB)
...
006 (2633.004.000) 04/03 14:56:59 Image size of job updated: 37035476
	4619  -  MemoryUsage of job (MB)
	4729220  -  ResidentSetSize of job (KB)
...
010 (2633.004.000) 04/03 15:00:23 Job was suspended.
	Number of processes actually suspended: 1
...
006 (2633.004.000) 04/03 15:00:24 Image size of job updated: 37035476
	5979  -  MemoryUsage of job (MB)
	6122296  -  ResidentSetSize of job (KB)
...
011 (2633.004.000) 04/03 15:00:49 Job was unsuspended.
...
006 (2633.004.000) 04/03 15:01:59 Image size of job updated: 37035476
	7816  -  MemoryUsage of job (MB)
	8002716  -  ResidentSetSize of job (KB)
...
006 (2633.004.000) 04/03 15:06:59 Image size of job updated: 37035476
	8388  -  MemoryUsage of job (MB)
	8588940  -  ResidentSetSize of job (KB)
...
006 (2633.004.000) 04/03 15:11:59 Image size of job updated: 37035476
	9200  -  MemoryUsage of job (MB)
	9420544  -  ResidentSetSize of job (KB)
...
006 (2633.004.000) 04/03 15:17:01 Image size of job updated: 37035476
	10315  -  MemoryUsage of job (MB)
	10561672  -  ResidentSetSize of job (KB)
...
005 (2633.004.000) 04/03 15:29:24 Job terminated.
	(1) Normal termination (return value 0)
		Usr 0 00:23:33, Sys 0 00:00:38  -  Run Remote Usage
		Usr 0 00:00:00, Sys 0 00:00:00  -  Run Local Usage
		Usr 0 00:23:33, Sys 0 00:00:38  -  Total Remote Usage
		Usr 0 00:00:00, Sys 0 00:00:00  -  Total Local Usage
	0  -  Run Bytes Sent By Job
	0  -  Run Bytes Received By Job
	0  -  Total Bytes Sent By Job
	0  -  Total Bytes Received By Job
	Partitionable Resources :    Usage  Request Allocated
	   Cpus                 :                 1         1
	   Disk (KB)            :       10       10   7541872
	   Gpus                 :                           0
	   Memory (MB)          :    10315        1      4027
...
