000 (2633.000.000) 04/03 14:51:08 Job submitted from host: <128.83.144.174:47204>
...
001 (2633.000.000) 04/03 14:51:50 Job executing on host: <128.83.144.55:43006>
...
006 (2633.000.000) 04/03 14:51:59 Image size of job updated: 37035476
	591  -  MemoryUsage of job (MB)
	605104  -  ResidentSetSize of job (KB)
...
006 (2633.000.000) 04/03 14:57:00 Image size of job updated: 37035476
	6265  -  MemoryUsage of job (MB)
	6415276  -  ResidentSetSize of job (KB)
...
010 (2633.000.000) 04/03 15:00:28 Job was suspended.
	Number of processes actually suspended: 1
...
006 (2633.000.000) 04/03 15:00:28 Image size of job updated: 37035476
	7624  -  MemoryUsage of job (MB)
	7806528  -  ResidentSetSize of job (KB)
...
011 (2633.000.000) 04/03 15:00:43 Job was unsuspended.
...
006 (2633.000.000) 04/03 15:02:01 Image size of job updated: 37035476
	8054  -  MemoryUsage of job (MB)
	8246888  -  ResidentSetSize of job (KB)
...
006 (2633.000.000) 04/03 15:07:01 Image size of job updated: 37035476
	8054  -  MemoryUsage of job (MB)
	8247032  -  ResidentSetSize of job (KB)
...
005 (2633.000.000) 04/03 15:26:37 Job terminated.
	(1) Normal termination (return value 0)
		Usr 0 00:14:56, Sys 0 00:00:25  -  Run Remote Usage
		Usr 0 00:00:00, Sys 0 00:00:00  -  Run Local Usage
		Usr 0 00:14:56, Sys 0 00:00:25  -  Total Remote Usage
		Usr 0 00:00:00, Sys 0 00:00:00  -  Total Local Usage
	0  -  Run Bytes Sent By Job
	0  -  Run Bytes Received By Job
	0  -  Total Bytes Sent By Job
	0  -  Total Bytes Received By Job
	Partitionable Resources :    Usage  Request Allocated
	   Cpus                 :                 1         1
	   Disk (KB)            :       10       10   7541872
	   Gpus                 :                           0
	   Memory (MB)          :     8054        1      4027
...
