000 (2633.007.000) 04/03 14:51:08 Job submitted from host: <128.83.144.174:47204>
...
001 (2633.007.000) 04/03 14:51:52 Job executing on host: <128.83.144.55:43006>
...
006 (2633.007.000) 04/03 14:52:00 Image size of job updated: 37035476
	284  -  MemoryUsage of job (MB)
	290252  -  ResidentSetSize of job (KB)
...
006 (2633.007.000) 04/03 14:57:00 Image size of job updated: 37035476
	4893  -  MemoryUsage of job (MB)
	5009788  -  ResidentSetSize of job (KB)
...
010 (2633.007.000) 04/03 15:00:04 Job was suspended.
	Number of processes actually suspended: 1
...
006 (2633.007.000) 04/03 15:00:04 Image size of job updated: 37035476
	6225  -  MemoryUsage of job (MB)
	6374052  -  ResidentSetSize of job (KB)
...
011 (2633.007.000) 04/03 15:01:14 Job was unsuspended.
...
006 (2633.007.000) 04/03 15:02:01 Image size of job updated: 37035476
	7569  -  MemoryUsage of job (MB)
	7750032  -  ResidentSetSize of job (KB)
...
006 (2633.007.000) 04/03 15:07:01 Image size of job updated: 37035476
	7924  -  MemoryUsage of job (MB)
	8113640  -  ResidentSetSize of job (KB)
...
006 (2633.007.000) 04/03 15:22:02 Image size of job updated: 37035476
	8006  -  MemoryUsage of job (MB)
	8197972  -  ResidentSetSize of job (KB)
...
006 (2633.007.000) 04/03 15:27:03 Image size of job updated: 37035476
	10137  -  MemoryUsage of job (MB)
	10380216  -  ResidentSetSize of job (KB)
...
006 (2633.007.000) 04/03 15:32:03 Image size of job updated: 37035476
	10169  -  MemoryUsage of job (MB)
	10412912  -  ResidentSetSize of job (KB)
...
005 (2633.007.000) 04/03 15:53:13 Job terminated.
	(1) Normal termination (return value 0)
		Usr 0 00:37:18, Sys 0 00:01:00  -  Run Remote Usage
		Usr 0 00:00:00, Sys 0 00:00:00  -  Run Local Usage
		Usr 0 00:37:18, Sys 0 00:01:00  -  Total Remote Usage
		Usr 0 00:00:00, Sys 0 00:00:00  -  Total Local Usage
	0  -  Run Bytes Sent By Job
	0  -  Run Bytes Received By Job
	0  -  Total Bytes Sent By Job
	0  -  Total Bytes Received By Job
	Partitionable Resources :    Usage  Request Allocated
	   Cpus                 :                 1         1
	   Disk (KB)            :       10       10   7541872
	   Gpus                 :                           0
	   Memory (MB)          :    10169        1      4027
...
