000 (015.009.000) 03/04 12:55:06 Job submitted from host: <128.83.130.128:56193>
...
001 (015.009.000) 03/04 12:55:16 Job executing on host: <128.83.139.147:42722>
...
006 (015.009.000) 03/04 12:55:25 Image size of job updated: 37701116
	207  -  MemoryUsage of job (MB)
	211148  -  ResidentSetSize of job (KB)
...
004 (015.009.000) 03/04 12:58:32 Job was evicted.
	(0) Job was not checkpointed.
		Usr 0 00:03:54, Sys 0 00:00:01  -  Run Remote Usage
		Usr 0 00:00:00, Sys 0 00:00:00  -  Run Local Usage
	0  -  Run Bytes Sent By Job
	0  -  Run Bytes Received By Job
	Partitionable Resources :    Usage  Request Allocated
	   Cpus                 :                 1         1
	   Disk (KB)            :       10       10   7541874
	   Gpus                 :                           0
	   Memory (MB)          :      207        1      4027
...
009 (015.009.000) 03/04 12:58:33 Job was aborted by the user.
	via condor_rm (by user harshal)
...
000 (035.009.000) 03/04 13:04:19 Job submitted from host: <128.83.130.128:56193>
...
001 (035.009.000) 03/04 13:04:29 Job executing on host: <128.83.120.18:58771>
...
006 (035.009.000) 03/04 13:04:38 Image size of job updated: 29539332
	97  -  MemoryUsage of job (MB)
	99092  -  ResidentSetSize of job (KB)
...
006 (035.009.000) 03/04 13:09:24 Image size of job updated: 30202404
	97  -  MemoryUsage of job (MB)
	99092  -  ResidentSetSize of job (KB)
...
005 (035.009.000) 03/04 13:09:24 Job terminated.
	(1) Normal termination (return value 0)
		Usr 0 00:06:34, Sys 0 00:00:01  -  Run Remote Usage
		Usr 0 00:00:00, Sys 0 00:00:00  -  Run Local Usage
		Usr 0 00:06:34, Sys 0 00:00:01  -  Total Remote Usage
		Usr 0 00:00:00, Sys 0 00:00:00  -  Total Local Usage
	0  -  Run Bytes Sent By Job
	0  -  Run Bytes Received By Job
	0  -  Total Bytes Sent By Job
	0  -  Total Bytes Received By Job
	Partitionable Resources :    Usage  Request Allocated
	   Cpus                 :                 1         1
	   Disk (KB)            :       10       10   8863364
	   Gpus                 :                           0
	   Memory (MB)          :       97        1      4028
...
000 (055.009.000) 03/04 13:12:12 Job submitted from host: <128.83.130.128:56193>
...
001 (055.009.000) 03/04 13:12:25 Job executing on host: <128.83.139.146:48339>
...
006 (055.009.000) 03/04 13:12:33 Image size of job updated: 35770556
	27  -  MemoryUsage of job (MB)
	27136  -  ResidentSetSize of job (KB)
...
006 (055.009.000) 03/04 13:15:49 Image size of job updated: 37701116
	27  -  MemoryUsage of job (MB)
	27136  -  ResidentSetSize of job (KB)
...
005 (055.009.000) 03/04 13:15:49 Job terminated.
	(1) Normal termination (return value 0)
		Usr 0 00:07:15, Sys 0 00:00:01  -  Run Remote Usage
		Usr 0 00:00:00, Sys 0 00:00:00  -  Run Local Usage
		Usr 0 00:07:15, Sys 0 00:00:01  -  Total Remote Usage
		Usr 0 00:00:00, Sys 0 00:00:00  -  Total Local Usage
	0  -  Run Bytes Sent By Job
	0  -  Run Bytes Received By Job
	0  -  Total Bytes Sent By Job
	0  -  Total Bytes Received By Job
	Partitionable Resources :    Usage  Request Allocated
	   Cpus                 :                 1         1
	   Disk (KB)            :       10       10   7541871
	   Gpus                 :                           0
	   Memory (MB)          :       27        1      4027
...
000 (075.009.000) 03/04 13:47:40 Job submitted from host: <128.83.130.128:56193>
...
001 (075.009.000) 03/04 13:47:51 Job executing on host: <128.83.139.146:48339>
...
006 (075.009.000) 03/04 13:47:59 Image size of job updated: 37701116
	229  -  MemoryUsage of job (MB)
	234348  -  ResidentSetSize of job (KB)
...
006 (075.009.000) 03/04 13:49:09 Image size of job updated: 37834244
	229  -  MemoryUsage of job (MB)
	234348  -  ResidentSetSize of job (KB)
...
004 (075.009.000) 03/04 13:49:09 Job was evicted.
	(0) Job was not checkpointed.
		Usr 0 00:01:30, Sys 0 00:00:00  -  Run Remote Usage
		Usr 0 00:00:00, Sys 0 00:00:00  -  Run Local Usage
	0  -  Run Bytes Sent By Job
	0  -  Run Bytes Received By Job
	Partitionable Resources :    Usage  Request Allocated
	   Cpus                 :                 1         1
	   Disk (KB)            :       10       10   7541874
	   Gpus                 :                           0
	   Memory (MB)          :      229        1      4027
...
009 (075.009.000) 03/04 13:49:12 Job was aborted by the user.
	via condor_rm (by user harshal)
...
000 (097.009.000) 03/04 13:50:12 Job submitted from host: <128.83.130.128:56193>
...
001 (097.009.000) 03/04 13:50:23 Job executing on host: <128.83.144.149:47710>
...
006 (097.009.000) 03/04 13:50:32 Image size of job updated: 29536764
	143  -  MemoryUsage of job (MB)
	145736  -  ResidentSetSize of job (KB)
...
006 (097.009.000) 03/04 13:55:31 Image size of job updated: 30202404
	143  -  MemoryUsage of job (MB)
	145736  -  ResidentSetSize of job (KB)
...
005 (097.009.000) 03/04 13:55:31 Job terminated.
	(1) Normal termination (return value 0)
		Usr 0 00:06:35, Sys 0 00:00:00  -  Run Remote Usage
		Usr 0 00:00:00, Sys 0 00:00:00  -  Run Local Usage
		Usr 0 00:06:35, Sys 0 00:00:00  -  Total Remote Usage
		Usr 0 00:00:00, Sys 0 00:00:00  -  Total Local Usage
	0  -  Run Bytes Sent By Job
	0  -  Run Bytes Received By Job
	0  -  Total Bytes Sent By Job
	0  -  Total Bytes Received By Job
	Partitionable Resources :    Usage  Request Allocated
	   Cpus                 :                 1         1
	   Disk (KB)            :       10       10   8862063
	   Gpus                 :                           0
	   Memory (MB)          :      143        1      4028
...
000 (121.009.000) 03/04 14:25:14 Job submitted from host: <128.83.130.128:56193>
...
001 (121.009.000) 03/04 14:25:23 Job executing on host: <128.83.139.146:48339>
...
006 (121.009.000) 03/04 14:25:32 Image size of job updated: 37035476
	171  -  MemoryUsage of job (MB)
	174492  -  ResidentSetSize of job (KB)
...
006 (121.009.000) 03/04 14:30:33 Image size of job updated: 37701116
	2163  -  MemoryUsage of job (MB)
	2214452  -  ResidentSetSize of job (KB)
...
005 (121.009.000) 03/04 14:30:37 Job terminated.
	(1) Normal termination (return value 0)
		Usr 0 00:06:28, Sys 0 00:00:01  -  Run Remote Usage
		Usr 0 00:00:00, Sys 0 00:00:00  -  Run Local Usage
		Usr 0 00:06:28, Sys 0 00:00:01  -  Total Remote Usage
		Usr 0 00:00:00, Sys 0 00:00:00  -  Total Local Usage
	0  -  Run Bytes Sent By Job
	0  -  Run Bytes Received By Job
	0  -  Total Bytes Sent By Job
	0  -  Total Bytes Received By Job
	Partitionable Resources :    Usage  Request Allocated
	   Cpus                 :                 1         1
	   Disk (KB)            :       10       10   7541874
	   Gpus                 :                           0
	   Memory (MB)          :     2163        1      4027
...
