000 (015.000.000) 03/04 12:55:06 Job submitted from host: <128.83.130.128:56193>
...
001 (015.000.000) 03/04 12:55:18 Job executing on host: <128.83.139.5:45293>
...
006 (015.000.000) 03/04 12:55:27 Image size of job updated: 37701116
	205  -  MemoryUsage of job (MB)
	209388  -  ResidentSetSize of job (KB)
...
004 (015.000.000) 03/04 12:58:33 Job was evicted.
	(0) Job was not checkpointed.
		Usr 0 00:03:13, Sys 0 00:00:01  -  Run Remote Usage
		Usr 0 00:00:00, Sys 0 00:00:00  -  Run Local Usage
	0  -  Run Bytes Sent By Job
	0  -  Run Bytes Received By Job
	Partitionable Resources :    Usage  Request Allocated
	   Cpus                 :                 1         1
	   Disk (KB)            :       10       10   4690005
	   Gpus                 :                           0
	   Memory (MB)          :      205        1      4027
...
009 (015.000.000) 03/04 12:58:34 Job was aborted by the user.
	via condor_rm (by user harshal)
...
000 (035.000.000) 03/04 13:04:19 Job submitted from host: <128.83.130.128:56193>
...
001 (035.000.000) 03/04 13:04:31 Job executing on host: <128.83.139.146:48339>
...
006 (035.000.000) 03/04 13:04:40 Image size of job updated: 102608
	3  -  MemoryUsage of job (MB)
	2252  -  ResidentSetSize of job (KB)
...
006 (035.000.000) 03/04 13:09:41 Image size of job updated: 37701116
	2150  -  MemoryUsage of job (MB)
	2201104  -  ResidentSetSize of job (KB)
...
005 (035.000.000) 03/04 13:09:43 Job terminated.
	(1) Normal termination (return value 0)
		Usr 0 00:07:22, Sys 0 00:00:00  -  Run Remote Usage
		Usr 0 00:00:00, Sys 0 00:00:00  -  Run Local Usage
		Usr 0 00:07:22, Sys 0 00:00:00  -  Total Remote Usage
		Usr 0 00:00:00, Sys 0 00:00:00  -  Total Local Usage
	0  -  Run Bytes Sent By Job
	0  -  Run Bytes Received By Job
	0  -  Total Bytes Sent By Job
	0  -  Total Bytes Received By Job
	Partitionable Resources :    Usage  Request Allocated
	   Cpus                 :                 1         1
	   Disk (KB)            :       10       10   7541874
	   Gpus                 :                           0
	   Memory (MB)          :     2150        1      4027
...
000 (055.000.000) 03/04 13:12:12 Job submitted from host: <128.83.130.128:56193>
...
001 (055.000.000) 03/04 13:12:23 Job executing on host: <128.83.139.150:52130>
...
006 (055.000.000) 03/04 13:12:32 Image size of job updated: 37701116
	238  -  MemoryUsage of job (MB)
	242872  -  ResidentSetSize of job (KB)
...
005 (055.000.000) 03/04 13:16:22 Job terminated.
	(1) Normal termination (return value 0)
		Usr 0 00:06:40, Sys 0 00:00:01  -  Run Remote Usage
		Usr 0 00:00:00, Sys 0 00:00:00  -  Run Local Usage
		Usr 0 00:06:40, Sys 0 00:00:01  -  Total Remote Usage
		Usr 0 00:00:00, Sys 0 00:00:00  -  Total Local Usage
	0  -  Run Bytes Sent By Job
	0  -  Run Bytes Received By Job
	0  -  Total Bytes Sent By Job
	0  -  Total Bytes Received By Job
	Partitionable Resources :    Usage  Request Allocated
	   Cpus                 :                 1         1
	   Disk (KB)            :       10       10   7540591
	   Gpus                 :                           0
	   Memory (MB)          :      238        1      4027
...
000 (075.000.000) 03/04 13:47:40 Job submitted from host: <128.83.130.128:56193>
...
001 (075.000.000) 03/04 13:47:51 Job executing on host: <128.83.139.150:52130>
...
006 (075.000.000) 03/04 13:48:00 Image size of job updated: 37035476
	150  -  MemoryUsage of job (MB)
	152876  -  ResidentSetSize of job (KB)
...
006 (075.000.000) 03/04 13:49:09 Image size of job updated: 37701116
	150  -  MemoryUsage of job (MB)
	152876  -  ResidentSetSize of job (KB)
...
004 (075.000.000) 03/04 13:49:09 Job was evicted.
	(0) Job was not checkpointed.
		Usr 0 00:01:18, Sys 0 00:00:00  -  Run Remote Usage
		Usr 0 00:00:00, Sys 0 00:00:00  -  Run Local Usage
	0  -  Run Bytes Sent By Job
	0  -  Run Bytes Received By Job
	Partitionable Resources :    Usage  Request Allocated
	   Cpus                 :                 1         1
	   Disk (KB)            :       10       10   7540596
	   Gpus                 :                           0
	   Memory (MB)          :      150        1      4027
...
009 (075.000.000) 03/04 13:49:12 Job was aborted by the user.
	via condor_rm (by user harshal)
...
000 (097.000.000) 03/04 13:50:12 Job submitted from host: <128.83.130.128:56193>
...
001 (097.000.000) 03/04 13:50:23 Job executing on host: <128.83.144.155:50520>
...
006 (097.000.000) 03/04 13:50:32 Image size of job updated: 29536748
	35  -  MemoryUsage of job (MB)
	35276  -  ResidentSetSize of job (KB)
...
006 (097.000.000) 03/04 13:53:44 Image size of job updated: 30202404
	35  -  MemoryUsage of job (MB)
	35276  -  ResidentSetSize of job (KB)
...
005 (097.000.000) 03/04 13:53:44 Job terminated.
	(1) Normal termination (return value 0)
		Usr 0 00:07:47, Sys 0 00:00:00  -  Run Remote Usage
		Usr 0 00:00:00, Sys 0 00:00:00  -  Run Local Usage
		Usr 0 00:07:47, Sys 0 00:00:00  -  Total Remote Usage
		Usr 0 00:00:00, Sys 0 00:00:00  -  Total Local Usage
	0  -  Run Bytes Sent By Job
	0  -  Run Bytes Received By Job
	0  -  Total Bytes Sent By Job
	0  -  Total Bytes Received By Job
	Partitionable Resources :    Usage  Request Allocated
	   Cpus                 :                 1         1
	   Disk (KB)            :       10       10   8863364
	   Gpus                 :                           0
	   Memory (MB)          :       35        1      4028
...
000 (121.000.000) 03/04 14:25:14 Job submitted from host: <128.83.130.128:56193>
...
001 (121.000.000) 03/04 14:25:24 Job executing on host: <128.83.139.150:52130>
...
006 (121.000.000) 03/04 14:25:33 Image size of job updated: 37701116
	198  -  MemoryUsage of job (MB)
	202372  -  ResidentSetSize of job (KB)
...
006 (121.000.000) 03/04 14:30:34 Image size of job updated: 37701116
	4167  -  MemoryUsage of job (MB)
	4266588  -  ResidentSetSize of job (KB)
...
005 (121.000.000) 03/04 14:30:44 Job terminated.
	(1) Normal termination (return value 0)
		Usr 0 00:07:04, Sys 0 00:00:01  -  Run Remote Usage
		Usr 0 00:00:00, Sys 0 00:00:00  -  Run Local Usage
		Usr 0 00:07:04, Sys 0 00:00:01  -  Total Remote Usage
		Usr 0 00:00:00, Sys 0 00:00:00  -  Total Local Usage
	0  -  Run Bytes Sent By Job
	0  -  Run Bytes Received By Job
	0  -  Total Bytes Sent By Job
	0  -  Total Bytes Received By Job
	Partitionable Resources :    Usage  Request Allocated
	   Cpus                 :                 1         1
	   Disk (KB)            :       10       10   7539831
	   Gpus                 :                           0
	   Memory (MB)          :     4167        1      4027
...
