000 (015.003.000) 03/04 12:55:06 Job submitted from host: <128.83.130.128:56193>
...
001 (015.003.000) 03/04 12:55:18 Job executing on host: <128.83.139.5:45293>
...
006 (015.003.000) 03/04 12:55:27 Image size of job updated: 37701116
	214  -  MemoryUsage of job (MB)
	218900  -  ResidentSetSize of job (KB)
...
004 (015.003.000) 03/04 12:58:33 Job was evicted.
	(0) Job was not checkpointed.
		Usr 0 00:03:12, Sys 0 00:00:01  -  Run Remote Usage
		Usr 0 00:00:00, Sys 0 00:00:00  -  Run Local Usage
	0  -  Run Bytes Sent By Job
	0  -  Run Bytes Received By Job
	Partitionable Resources :    Usage  Request Allocated
	   Cpus                 :                 1         1
	   Disk (KB)            :       10       10   4690005
	   Gpus                 :                           0
	   Memory (MB)          :      214        1      4027
...
009 (015.003.000) 03/04 12:58:34 Job was aborted by the user.
	via condor_rm (by user harshal)
...
000 (035.003.000) 03/04 13:04:19 Job submitted from host: <128.83.130.128:56193>
...
001 (035.003.000) 03/04 13:04:31 Job executing on host: <128.83.139.146:48339>
...
006 (035.003.000) 03/04 13:04:40 Image size of job updated: 102612
	3  -  MemoryUsage of job (MB)
	2256  -  ResidentSetSize of job (KB)
...
006 (035.003.000) 03/04 13:09:41 Image size of job updated: 37701116
	4140  -  MemoryUsage of job (MB)
	4239132  -  ResidentSetSize of job (KB)
...
005 (035.003.000) 03/04 13:09:55 Job terminated.
	(1) Normal termination (return value 0)
		Usr 0 00:07:55, Sys 0 00:00:01  -  Run Remote Usage
		Usr 0 00:00:00, Sys 0 00:00:00  -  Run Local Usage
		Usr 0 00:07:55, Sys 0 00:00:01  -  Total Remote Usage
		Usr 0 00:00:00, Sys 0 00:00:00  -  Total Local Usage
	0  -  Run Bytes Sent By Job
	0  -  Run Bytes Received By Job
	0  -  Total Bytes Sent By Job
	0  -  Total Bytes Received By Job
	Partitionable Resources :    Usage  Request Allocated
	   Cpus                 :                 1         1
	   Disk (KB)            :       10       10   7541874
	   Gpus                 :                           0
	   Memory (MB)          :     4140        1      4027
...
000 (055.003.000) 03/04 13:12:12 Job submitted from host: <128.83.130.128:56193>
...
001 (055.003.000) 03/04 13:12:23 Job executing on host: <128.83.139.146:48339>
...
006 (055.003.000) 03/04 13:12:31 Image size of job updated: 37035476
	124  -  MemoryUsage of job (MB)
	126928  -  ResidentSetSize of job (KB)
...
006 (055.003.000) 03/04 13:16:04 Image size of job updated: 37701116
	124  -  MemoryUsage of job (MB)
	126928  -  ResidentSetSize of job (KB)
...
005 (055.003.000) 03/04 13:16:04 Job terminated.
	(1) Normal termination (return value 0)
		Usr 0 00:08:03, Sys 0 00:00:01  -  Run Remote Usage
		Usr 0 00:00:00, Sys 0 00:00:00  -  Run Local Usage
		Usr 0 00:08:03, Sys 0 00:00:01  -  Total Remote Usage
		Usr 0 00:00:00, Sys 0 00:00:00  -  Total Local Usage
	0  -  Run Bytes Sent By Job
	0  -  Run Bytes Received By Job
	0  -  Total Bytes Sent By Job
	0  -  Total Bytes Received By Job
	Partitionable Resources :    Usage  Request Allocated
	   Cpus                 :                 1         1
	   Disk (KB)            :       10       10   7541871
	   Gpus                 :                           0
	   Memory (MB)          :      124        1      4027
...
000 (075.003.000) 03/04 13:47:40 Job submitted from host: <128.83.130.128:56193>
...
001 (075.003.000) 03/04 13:47:51 Job executing on host: <128.83.139.150:52130>
...
006 (075.003.000) 03/04 13:48:00 Image size of job updated: 37035476
	130  -  MemoryUsage of job (MB)
	133072  -  ResidentSetSize of job (KB)
...
006 (075.003.000) 03/04 13:49:09 Image size of job updated: 37701116
	130  -  MemoryUsage of job (MB)
	133072  -  ResidentSetSize of job (KB)
...
004 (075.003.000) 03/04 13:49:09 Job was evicted.
	(0) Job was not checkpointed.
		Usr 0 00:01:14, Sys 0 00:00:00  -  Run Remote Usage
		Usr 0 00:00:00, Sys 0 00:00:00  -  Run Local Usage
	0  -  Run Bytes Sent By Job
	0  -  Run Bytes Received By Job
	Partitionable Resources :    Usage  Request Allocated
	   Cpus                 :                 1         1
	   Disk (KB)            :       10       10   7540596
	   Gpus                 :                           0
	   Memory (MB)          :      130        1      4027
...
009 (075.003.000) 03/04 13:49:11 Job was aborted by the user.
	via condor_rm (by user harshal)
...
000 (097.003.000) 03/04 13:50:12 Job submitted from host: <128.83.130.128:56193>
...
001 (097.003.000) 03/04 13:50:23 Job executing on host: <128.83.144.155:50520>
...
006 (097.003.000) 03/04 13:50:32 Image size of job updated: 102592
	3  -  MemoryUsage of job (MB)
	2256  -  ResidentSetSize of job (KB)
...
006 (097.003.000) 03/04 13:53:54 Image size of job updated: 30202404
	3  -  MemoryUsage of job (MB)
	2256  -  ResidentSetSize of job (KB)
...
005 (097.003.000) 03/04 13:53:55 Job terminated.
	(1) Normal termination (return value 0)
		Usr 0 00:08:52, Sys 0 00:00:01  -  Run Remote Usage
		Usr 0 00:00:00, Sys 0 00:00:00  -  Run Local Usage
		Usr 0 00:08:52, Sys 0 00:00:01  -  Total Remote Usage
		Usr 0 00:00:00, Sys 0 00:00:00  -  Total Local Usage
	0  -  Run Bytes Sent By Job
	0  -  Run Bytes Received By Job
	0  -  Total Bytes Sent By Job
	0  -  Total Bytes Received By Job
	Partitionable Resources :    Usage  Request Allocated
	   Cpus                 :                 1         1
	   Disk (KB)            :       10       10   8863364
	   Gpus                 :                           0
	   Memory (MB)          :        3        1      4028
...
000 (121.003.000) 03/04 14:25:14 Job submitted from host: <128.83.130.128:56193>
...
001 (121.003.000) 03/04 14:25:24 Job executing on host: <128.83.139.150:52130>
...
006 (121.003.000) 03/04 14:25:33 Image size of job updated: 37369324
	189  -  MemoryUsage of job (MB)
	193180  -  ResidentSetSize of job (KB)
...
006 (121.003.000) 03/04 14:30:34 Image size of job updated: 37701116
	4122  -  MemoryUsage of job (MB)
	4220648  -  ResidentSetSize of job (KB)
...
005 (121.003.000) 03/04 14:30:51 Job terminated.
	(1) Normal termination (return value 0)
		Usr 0 00:07:29, Sys 0 00:00:01  -  Run Remote Usage
		Usr 0 00:00:00, Sys 0 00:00:00  -  Run Local Usage
		Usr 0 00:07:29, Sys 0 00:00:01  -  Total Remote Usage
		Usr 0 00:00:00, Sys 0 00:00:00  -  Total Local Usage
	0  -  Run Bytes Sent By Job
	0  -  Run Bytes Received By Job
	0  -  Total Bytes Sent By Job
	0  -  Total Bytes Received By Job
	Partitionable Resources :    Usage  Request Allocated
	   Cpus                 :                 1         1
	   Disk (KB)            :       10       10   7539831
	   Gpus                 :                           0
	   Memory (MB)          :     4122        1      4027
...
