000 (015.004.000) 03/04 12:55:06 Job submitted from host: <128.83.130.128:56193>
...
001 (015.004.000) 03/04 12:55:18 Job executing on host: <128.83.139.5:45293>
...
006 (015.004.000) 03/04 12:55:27 Image size of job updated: 37701116
	193  -  MemoryUsage of job (MB)
	197428  -  ResidentSetSize of job (KB)
...
004 (015.004.000) 03/04 12:58:33 Job was evicted.
	(0) Job was not checkpointed.
		Usr 0 00:03:18, Sys 0 00:00:00  -  Run Remote Usage
		Usr 0 00:00:00, Sys 0 00:00:00  -  Run Local Usage
	0  -  Run Bytes Sent By Job
	0  -  Run Bytes Received By Job
	Partitionable Resources :    Usage  Request Allocated
	   Cpus                 :                 1         1
	   Disk (KB)            :       10       10   4690005
	   Gpus                 :                           0
	   Memory (MB)          :      193        1      4027
...
009 (015.004.000) 03/04 12:58:34 Job was aborted by the user.
	via condor_rm (by user harshal)
...
000 (035.004.000) 03/04 13:04:19 Job submitted from host: <128.83.130.128:56193>
...
001 (035.004.000) 03/04 13:04:31 Job executing on host: <128.83.139.146:48339>
...
006 (035.004.000) 03/04 13:04:40 Image size of job updated: 102612
	3  -  MemoryUsage of job (MB)
	2256  -  ResidentSetSize of job (KB)
...
006 (035.004.000) 03/04 13:09:08 Image size of job updated: 37701116
	3  -  MemoryUsage of job (MB)
	2256  -  ResidentSetSize of job (KB)
...
005 (035.004.000) 03/04 13:09:08 Job terminated.
	(1) Normal termination (return value 0)
		Usr 0 00:05:18, Sys 0 00:00:01  -  Run Remote Usage
		Usr 0 00:00:00, Sys 0 00:00:00  -  Run Local Usage
		Usr 0 00:05:18, Sys 0 00:00:01  -  Total Remote Usage
		Usr 0 00:00:00, Sys 0 00:00:00  -  Total Local Usage
	0  -  Run Bytes Sent By Job
	0  -  Run Bytes Received By Job
	0  -  Total Bytes Sent By Job
	0  -  Total Bytes Received By Job
	Partitionable Resources :    Usage  Request Allocated
	   Cpus                 :                 1         1
	   Disk (KB)            :       10       10   7541874
	   Gpus                 :                           0
	   Memory (MB)          :        3        1      4027
...
000 (055.004.000) 03/04 13:12:12 Job submitted from host: <128.83.130.128:56193>
...
001 (055.004.000) 03/04 13:12:23 Job executing on host: <128.83.139.146:48339>
...
006 (055.004.000) 03/04 13:12:32 Image size of job updated: 37035476
	116  -  MemoryUsage of job (MB)
	118728  -  ResidentSetSize of job (KB)
...
006 (055.004.000) 03/04 13:15:23 Image size of job updated: 37701116
	116  -  MemoryUsage of job (MB)
	118728  -  ResidentSetSize of job (KB)
...
005 (055.004.000) 03/04 13:15:23 Job terminated.
	(1) Normal termination (return value 0)
		Usr 0 00:05:37, Sys 0 00:00:01  -  Run Remote Usage
		Usr 0 00:00:00, Sys 0 00:00:00  -  Run Local Usage
		Usr 0 00:05:37, Sys 0 00:00:01  -  Total Remote Usage
		Usr 0 00:00:00, Sys 0 00:00:00  -  Total Local Usage
	0  -  Run Bytes Sent By Job
	0  -  Run Bytes Received By Job
	0  -  Total Bytes Sent By Job
	0  -  Total Bytes Received By Job
	Partitionable Resources :    Usage  Request Allocated
	   Cpus                 :                 1         1
	   Disk (KB)            :       10       10   7541871
	   Gpus                 :                           0
	   Memory (MB)          :      116        1      4027
...
000 (075.004.000) 03/04 13:47:40 Job submitted from host: <128.83.130.128:56193>
...
001 (075.004.000) 03/04 13:47:51 Job executing on host: <128.83.139.150:52130>
...
006 (075.004.000) 03/04 13:48:00 Image size of job updated: 37701116
	186  -  MemoryUsage of job (MB)
	190356  -  ResidentSetSize of job (KB)
...
006 (075.004.000) 03/04 13:49:09 Image size of job updated: 37834244
	186  -  MemoryUsage of job (MB)
	190356  -  ResidentSetSize of job (KB)
...
004 (075.004.000) 03/04 13:49:09 Job was evicted.
	(0) Job was not checkpointed.
		Usr 0 00:01:16, Sys 0 00:00:00  -  Run Remote Usage
		Usr 0 00:00:00, Sys 0 00:00:00  -  Run Local Usage
	0  -  Run Bytes Sent By Job
	0  -  Run Bytes Received By Job
	Partitionable Resources :    Usage  Request Allocated
	   Cpus                 :                 1         1
	   Disk (KB)            :       10       10   7540596
	   Gpus                 :                           0
	   Memory (MB)          :      186        1      4027
...
009 (075.004.000) 03/04 13:49:11 Job was aborted by the user.
	via condor_rm (by user harshal)
...
000 (097.004.000) 03/04 13:50:12 Job submitted from host: <128.83.130.128:56193>
...
001 (097.004.000) 03/04 13:50:23 Job executing on host: <128.83.144.155:50520>
...
006 (097.004.000) 03/04 13:50:32 Image size of job updated: 10
	2  -  MemoryUsage of job (MB)
	2012  -  ResidentSetSize of job (KB)
...
006 (097.004.000) 03/04 13:53:10 Image size of job updated: 30202404
	2  -  MemoryUsage of job (MB)
	2012  -  ResidentSetSize of job (KB)
...
005 (097.004.000) 03/04 13:53:10 Job terminated.
	(1) Normal termination (return value 0)
		Usr 0 00:05:20, Sys 0 00:00:01  -  Run Remote Usage
		Usr 0 00:00:00, Sys 0 00:00:00  -  Run Local Usage
		Usr 0 00:05:20, Sys 0 00:00:01  -  Total Remote Usage
		Usr 0 00:00:00, Sys 0 00:00:00  -  Total Local Usage
	0  -  Run Bytes Sent By Job
	0  -  Run Bytes Received By Job
	0  -  Total Bytes Sent By Job
	0  -  Total Bytes Received By Job
	Partitionable Resources :    Usage  Request Allocated
	   Cpus                 :                 1         1
	   Disk (KB)            :       10       10   8863364
	   Gpus                 :                           0
	   Memory (MB)          :        2        1      4028
...
000 (121.004.000) 03/04 14:25:14 Job submitted from host: <128.83.130.128:56193>
...
001 (121.004.000) 03/04 14:25:24 Job executing on host: <128.83.139.150:52130>
...
006 (121.004.000) 03/04 14:25:33 Image size of job updated: 37701116
	186  -  MemoryUsage of job (MB)
	190164  -  ResidentSetSize of job (KB)
...
005 (121.004.000) 03/04 14:30:07 Job terminated.
	(1) Normal termination (return value 0)
		Usr 0 00:05:16, Sys 0 00:00:01  -  Run Remote Usage
		Usr 0 00:00:00, Sys 0 00:00:00  -  Run Local Usage
		Usr 0 00:05:16, Sys 0 00:00:01  -  Total Remote Usage
		Usr 0 00:00:00, Sys 0 00:00:00  -  Total Local Usage
	0  -  Run Bytes Sent By Job
	0  -  Run Bytes Received By Job
	0  -  Total Bytes Sent By Job
	0  -  Total Bytes Received By Job
	Partitionable Resources :    Usage  Request Allocated
	   Cpus                 :                 1         1
	   Disk (KB)            :       10       10   7539831
	   Gpus                 :                           0
	   Memory (MB)          :      186        1      4027
...
