000 (2630.009.000) 04/03 14:51:07 Job submitted from host: <128.83.144.174:47204>
...
001 (2630.009.000) 04/03 14:52:23 Job executing on host: <128.83.139.150:49921>
...
006 (2630.009.000) 04/03 14:52:31 Image size of job updated: 37035476
	1390  -  MemoryUsage of job (MB)
	1422972  -  ResidentSetSize of job (KB)
...
006 (2630.009.000) 04/03 14:57:31 Image size of job updated: 37035476
	8618  -  MemoryUsage of job (MB)
	8824136  -  ResidentSetSize of job (KB)
...
006 (2630.009.000) 04/03 15:02:33 Image size of job updated: 37035476
	9638  -  MemoryUsage of job (MB)
	9869248  -  ResidentSetSize of job (KB)
...
006 (2630.009.000) 04/03 15:17:35 Image size of job updated: 37035476
	9992  -  MemoryUsage of job (MB)
	10230920  -  ResidentSetSize of job (KB)
...
010 (2630.009.000) 04/03 17:45:55 Job was suspended.
	Number of processes actually suspended: 1
...
011 (2630.009.000) 04/03 17:46:08 Job was unsuspended.
...
006 (2630.009.000) 04/03 18:22:49 Image size of job updated: 37035476
	10487  -  MemoryUsage of job (MB)
	10738576  -  ResidentSetSize of job (KB)
...
006 (2630.009.000) 04/03 18:27:50 Image size of job updated: 37035476
	10507  -  MemoryUsage of job (MB)
	10759056  -  ResidentSetSize of job (KB)
...
005 (2630.009.000) 04/03 19:01:41 Job terminated.
	(1) Normal termination (return value 0)
		Usr 0 02:00:20, Sys 0 00:03:47  -  Run Remote Usage
		Usr 0 00:00:00, Sys 0 00:00:00  -  Run Local Usage
		Usr 0 02:00:20, Sys 0 00:03:47  -  Total Remote Usage
		Usr 0 00:00:00, Sys 0 00:00:00  -  Total Local Usage
	0  -  Run Bytes Sent By Job
	0  -  Run Bytes Received By Job
	0  -  Total Bytes Sent By Job
	0  -  Total Bytes Received By Job
	Partitionable Resources :    Usage  Request Allocated
	   Cpus                 :                 1         1
	   Disk (KB)            :       10       10   7541865
	   Gpus                 :                           0
	   Memory (MB)          :    10507        1      4027
...
