000 (2630.012.000) 04/03 14:51:07 Job submitted from host: <128.83.144.174:47204>
...
001 (2630.012.000) 04/03 14:51:48 Job executing on host: <128.83.144.154:53764>
...
006 (2630.012.000) 04/03 14:51:57 Image size of job updated: 29536764
	645  -  MemoryUsage of job (MB)
	659496  -  ResidentSetSize of job (KB)
...
006 (2630.012.000) 04/03 14:56:58 Image size of job updated: 29536764
	6331  -  MemoryUsage of job (MB)
	6482716  -  ResidentSetSize of job (KB)
...
006 (2630.012.000) 04/03 15:01:58 Image size of job updated: 29536764
	8170  -  MemoryUsage of job (MB)
	8365240  -  ResidentSetSize of job (KB)
...
006 (2630.012.000) 04/03 15:06:58 Image size of job updated: 29536764
	8250  -  MemoryUsage of job (MB)
	8447236  -  ResidentSetSize of job (KB)
...
005 (2630.012.000) 04/03 16:16:27 Job terminated.
	(1) Normal termination (return value 0)
		Usr 0 01:28:01, Sys 0 00:00:57  -  Run Remote Usage
		Usr 0 00:00:00, Sys 0 00:00:00  -  Run Local Usage
		Usr 0 01:28:01, Sys 0 00:00:57  -  Total Remote Usage
		Usr 0 00:00:00, Sys 0 00:00:00  -  Total Local Usage
	0  -  Run Bytes Sent By Job
	0  -  Run Bytes Received By Job
	0  -  Total Bytes Sent By Job
	0  -  Total Bytes Received By Job
	Partitionable Resources :    Usage  Request Allocated
	   Cpus                 :                 1         1
	   Disk (KB)            :       10       10   8862222
	   Gpus                 :                           0
	   Memory (MB)          :     8250        1      4028
...
