000 (2630.010.000) 04/03 14:51:07 Job submitted from host: <128.83.144.174:47204>
...
001 (2630.010.000) 04/03 14:52:23 Job executing on host: <128.83.139.150:49921>
...
006 (2630.010.000) 04/03 14:52:31 Image size of job updated: 37035476
	1402  -  MemoryUsage of job (MB)
	1434872  -  ResidentSetSize of job (KB)
...
006 (2630.010.000) 04/03 14:57:31 Image size of job updated: 37035476
	8514  -  MemoryUsage of job (MB)
	8717820  -  ResidentSetSize of job (KB)
...
006 (2630.010.000) 04/03 15:22:34 Image size of job updated: 37035476
	9995  -  MemoryUsage of job (MB)
	10234180  -  ResidentSetSize of job (KB)
...
006 (2630.010.000) 04/03 15:27:35 Image size of job updated: 37035476
	10209  -  MemoryUsage of job (MB)
	10453852  -  ResidentSetSize of job (KB)
...
006 (2630.010.000) 04/03 17:57:51 Image size of job updated: 37035476
	10849  -  MemoryUsage of job (MB)
	11108856  -  ResidentSetSize of job (KB)
...
006 (2630.010.000) 04/03 18:02:52 Image size of job updated: 37035476
	11299  -  MemoryUsage of job (MB)
	11569400  -  ResidentSetSize of job (KB)
...
006 (2630.010.000) 04/03 18:12:53 Image size of job updated: 37035476
	11723  -  MemoryUsage of job (MB)
	12003808  -  ResidentSetSize of job (KB)
...
006 (2630.010.000) 04/03 18:17:54 Image size of job updated: 37035476
	11809  -  MemoryUsage of job (MB)
	12091432  -  ResidentSetSize of job (KB)
...
006 (2630.010.000) 04/03 18:22:55 Image size of job updated: 37035476
	11840  -  MemoryUsage of job (MB)
	12123952  -  ResidentSetSize of job (KB)
...
006 (2630.010.000) 04/03 18:27:55 Image size of job updated: 37035476
	11937  -  MemoryUsage of job (MB)
	12222508  -  ResidentSetSize of job (KB)
...
006 (2630.010.000) 04/03 18:32:55 Image size of job updated: 37035476
	11966  -  MemoryUsage of job (MB)
	12252796  -  ResidentSetSize of job (KB)
...
006 (2630.010.000) 04/03 18:37:56 Image size of job updated: 37035476
	12058  -  MemoryUsage of job (MB)
	12346932  -  ResidentSetSize of job (KB)
...
006 (2630.010.000) 04/03 18:42:57 Image size of job updated: 37035476
	12072  -  MemoryUsage of job (MB)
	12360812  -  ResidentSetSize of job (KB)
...
006 (2630.010.000) 04/03 18:47:57 Image size of job updated: 37035476
	12072  -  MemoryUsage of job (MB)
	12361536  -  ResidentSetSize of job (KB)
...
005 (2630.010.000) 04/03 18:51:28 Job terminated.
	(1) Normal termination (return value 0)
		Usr 0 02:17:36, Sys 0 00:04:13  -  Run Remote Usage
		Usr 0 00:00:00, Sys 0 00:00:00  -  Run Local Usage
		Usr 0 02:17:36, Sys 0 00:04:13  -  Total Remote Usage
		Usr 0 00:00:00, Sys 0 00:00:00  -  Total Local Usage
	0  -  Run Bytes Sent By Job
	0  -  Run Bytes Received By Job
	0  -  Total Bytes Sent By Job
	0  -  Total Bytes Received By Job
	Partitionable Resources :    Usage  Request Allocated
	   Cpus                 :                 1         1
	   Disk (KB)            :       10       10   7541865
	   Gpus                 :                           0
	   Memory (MB)          :    12072        1      4027
...
