000 (2630.000.000) 04/03 14:51:07 Job submitted from host: <128.83.144.174:47204>
...
001 (2630.000.000) 04/03 14:51:49 Job executing on host: <128.83.139.148:59882>
...
006 (2630.000.000) 04/03 14:51:57 Image size of job updated: 102608
	3  -  MemoryUsage of job (MB)
	2256  -  ResidentSetSize of job (KB)
...
006 (2630.000.000) 04/03 14:56:57 Image size of job updated: 37035476
	10387  -  MemoryUsage of job (MB)
	10636024  -  ResidentSetSize of job (KB)
...
006 (2630.000.000) 04/03 15:01:58 Image size of job updated: 37035476
	10395  -  MemoryUsage of job (MB)
	10643932  -  ResidentSetSize of job (KB)
...
005 (2630.000.000) 04/03 15:13:28 Job terminated.
	(1) Normal termination (return value 0)
		Usr 0 00:22:09, Sys 0 00:00:07  -  Run Remote Usage
		Usr 0 00:00:00, Sys 0 00:00:00  -  Run Local Usage
		Usr 0 00:22:09, Sys 0 00:00:07  -  Total Remote Usage
		Usr 0 00:00:00, Sys 0 00:00:00  -  Total Local Usage
	0  -  Run Bytes Sent By Job
	0  -  Run Bytes Received By Job
	0  -  Total Bytes Sent By Job
	0  -  Total Bytes Received By Job
	Partitionable Resources :    Usage  Request Allocated
	   Cpus                 :                 1         1
	   Disk (KB)            :       10       10   7541872
	   Gpus                 :                           0
	   Memory (MB)          :    10395        1      4027
...
