000 (2630.004.000) 04/03 14:51:07 Job submitted from host: <128.83.144.174:47204>
...
007 (2630.004.000) 04/03 14:52:23 Shadow exception!
	Can no longer talk to condor_starter <128.83.130.161:34242>
	0  -  Run Bytes Sent By Job
	0  -  Run Bytes Received By Job
...
007 (2630.004.000) 04/03 14:52:23 Shadow exception!
	Can no longer talk to condor_starter <128.83.130.161:34242>
	0  -  Run Bytes Sent By Job
	0  -  Run Bytes Received By Job
...
007 (2630.004.000) 04/03 14:52:23 Shadow exception!
	Can no longer talk to condor_starter <128.83.130.161:34242>
	0  -  Run Bytes Sent By Job
	0  -  Run Bytes Received By Job
...
007 (2630.004.000) 04/03 14:52:23 Shadow exception!
	Can no longer talk to condor_starter <128.83.130.161:34242>
	0  -  Run Bytes Sent By Job
	0  -  Run Bytes Received By Job
...
007 (2630.004.000) 04/03 14:52:24 Shadow exception!
	Can no longer talk to condor_starter <128.83.130.161:34242>
	0  -  Run Bytes Sent By Job
	0  -  Run Bytes Received By Job
...
001 (2630.004.000) 04/03 14:52:57 Job executing on host: <128.83.144.48:39202>
...
006 (2630.004.000) 04/03 14:53:06 Image size of job updated: 37035476
	850  -  MemoryUsage of job (MB)
	870260  -  ResidentSetSize of job (KB)
...
010 (2630.004.000) 04/03 14:55:04 Job was suspended.
	Number of processes actually suspended: 1
...
006 (2630.004.000) 04/03 14:55:04 Image size of job updated: 37035476
	4773  -  MemoryUsage of job (MB)
	4887052  -  ResidentSetSize of job (KB)
...
011 (2630.004.000) 04/03 14:56:32 Job was unsuspended.
...
006 (2630.004.000) 04/03 14:58:07 Image size of job updated: 37035476
	8649  -  MemoryUsage of job (MB)
	8855720  -  ResidentSetSize of job (KB)
...
010 (2630.004.000) 04/03 14:58:40 Job was suspended.
	Number of processes actually suspended: 1
...
006 (2630.004.000) 04/03 14:58:40 Image size of job updated: 37035476
	8691  -  MemoryUsage of job (MB)
	8899056  -  ResidentSetSize of job (KB)
...
011 (2630.004.000) 04/03 15:04:33 Job was unsuspended.
...
010 (2630.004.000) 04/03 15:06:39 Job was suspended.
	Number of processes actually suspended: 1
...
006 (2630.004.000) 04/03 15:06:39 Image size of job updated: 37035476
	10333  -  MemoryUsage of job (MB)
	10580480  -  ResidentSetSize of job (KB)
...
011 (2630.004.000) 04/03 15:07:04 Job was unsuspended.
...
006 (2630.004.000) 04/03 15:08:09 Image size of job updated: 37035476
	10339  -  MemoryUsage of job (MB)
	10586640  -  ResidentSetSize of job (KB)
...
010 (2630.004.000) 04/03 15:10:01 Job was suspended.
	Number of processes actually suspended: 1
...
011 (2630.004.000) 04/03 15:13:27 Job was unsuspended.
...
010 (2630.004.000) 04/03 15:15:45 Job was suspended.
	Number of processes actually suspended: 1
...
011 (2630.004.000) 04/03 15:16:51 Job was unsuspended.
...
010 (2630.004.000) 04/03 15:21:58 Job was suspended.
	Number of processes actually suspended: 1
...
011 (2630.004.000) 04/03 15:22:44 Job was unsuspended.
...
010 (2630.004.000) 04/03 15:24:54 Job was suspended.
	Number of processes actually suspended: 1
...
011 (2630.004.000) 04/03 15:28:10 Job was unsuspended.
...
010 (2630.004.000) 04/03 15:30:18 Job was suspended.
	Number of processes actually suspended: 1
...
011 (2630.004.000) 04/03 15:30:48 Job was unsuspended.
...
010 (2630.004.000) 04/03 15:32:55 Job was suspended.
	Number of processes actually suspended: 1
...
011 (2630.004.000) 04/03 15:33:15 Job was unsuspended.
...
010 (2630.004.000) 04/03 15:35:37 Job was suspended.
	Number of processes actually suspended: 1
...
011 (2630.004.000) 04/03 15:35:57 Job was unsuspended.
...
010 (2630.004.000) 04/03 15:43:53 Job was suspended.
	Number of processes actually suspended: 1
...
011 (2630.004.000) 04/03 15:46:01 Job was unsuspended.
...
010 (2630.004.000) 04/03 15:48:17 Job was suspended.
	Number of processes actually suspended: 1
...
011 (2630.004.000) 04/03 15:49:22 Job was unsuspended.
...
010 (2630.004.000) 04/03 15:52:25 Job was suspended.
	Number of processes actually suspended: 1
...
011 (2630.004.000) 04/03 15:53:12 Job was unsuspended.
...
010 (2630.004.000) 04/03 15:56:09 Job was suspended.
	Number of processes actually suspended: 1
...
011 (2630.004.000) 04/03 15:56:49 Job was unsuspended.
...
010 (2630.004.000) 04/03 15:59:23 Job was suspended.
	Number of processes actually suspended: 1
...
011 (2630.004.000) 04/03 16:00:13 Job was unsuspended.
...
010 (2630.004.000) 04/03 16:05:02 Job was suspended.
	Number of processes actually suspended: 1
...
011 (2630.004.000) 04/03 16:05:49 Job was unsuspended.
...
010 (2630.004.000) 04/03 16:08:04 Job was suspended.
	Number of processes actually suspended: 1
...
011 (2630.004.000) 04/03 16:08:55 Job was unsuspended.
...
005 (2630.004.000) 04/03 16:09:18 Job terminated.
	(1) Normal termination (return value 0)
		Usr 0 00:52:45, Sys 0 00:00:09  -  Run Remote Usage
		Usr 0 00:00:00, Sys 0 00:00:00  -  Run Local Usage
		Usr 0 00:52:45, Sys 0 00:00:09  -  Total Remote Usage
		Usr 0 00:00:00, Sys 0 00:00:00  -  Total Local Usage
	0  -  Run Bytes Sent By Job
	0  -  Run Bytes Received By Job
	0  -  Total Bytes Sent By Job
	0  -  Total Bytes Received By Job
	Partitionable Resources :    Usage  Request Allocated
	   Cpus                 :                 1         1
	   Disk (KB)            :       10       10   4691968
	   Gpus                 :                           0
	   Memory (MB)          :    10339        1      4027
...
