000 (022.006.000) 03/04 12:55:07 Job submitted from host: <128.83.130.128:56193>
...
001 (022.006.000) 03/04 12:55:19 Job executing on host: <128.83.139.147:42722>
...
006 (022.006.000) 03/04 12:55:28 Image size of job updated: 102612
	3  -  MemoryUsage of job (MB)
	2256  -  ResidentSetSize of job (KB)
...
006 (022.006.000) 03/04 12:57:35 Image size of job updated: 37035476
	3  -  MemoryUsage of job (MB)
	2256  -  ResidentSetSize of job (KB)
...
005 (022.006.000) 03/04 12:57:35 Job terminated.
	(1) Normal termination (return value 0)
		Usr 0 00:02:08, Sys 0 00:00:01  -  Run Remote Usage
		Usr 0 00:00:00, Sys 0 00:00:00  -  Run Local Usage
		Usr 0 00:02:08, Sys 0 00:00:01  -  Total Remote Usage
		Usr 0 00:00:00, Sys 0 00:00:00  -  Total Local Usage
	0  -  Run Bytes Sent By Job
	0  -  Run Bytes Received By Job
	0  -  Total Bytes Sent By Job
	0  -  Total Bytes Received By Job
	Partitionable Resources :    Usage  Request Allocated
	   Cpus                 :                 1         1
	   Disk (KB)            :       10       10   7541874
	   Gpus                 :                           0
	   Memory (MB)          :        3        1      4027
...
000 (042.006.000) 03/04 13:04:19 Job submitted from host: <128.83.130.128:56193>
...
001 (042.006.000) 03/04 13:04:32 Job executing on host: <128.83.120.252:35638>
...
006 (042.006.000) 03/04 13:04:40 Image size of job updated: 20977540
	96  -  MemoryUsage of job (MB)
	97624  -  ResidentSetSize of job (KB)
...
006 (042.006.000) 03/04 13:10:03 Image size of job updated: 20977540
	3243  -  MemoryUsage of job (MB)
	3320600  -  ResidentSetSize of job (KB)
...
010 (042.006.000) 03/04 13:10:17 Job was suspended.
	Number of processes actually suspended: 1
...
006 (042.006.000) 03/04 13:11:05 Image size of job updated: 21110668
	3243  -  MemoryUsage of job (MB)
	3320600  -  ResidentSetSize of job (KB)
...
004 (042.006.000) 03/04 13:11:05 Job was evicted.
	(0) Job was not checkpointed.
		Usr 0 00:01:53, Sys 0 00:00:03  -  Run Remote Usage
		Usr 0 00:00:00, Sys 0 00:00:00  -  Run Local Usage
	0  -  Run Bytes Sent By Job
	0  -  Run Bytes Received By Job
	Partitionable Resources :    Usage  Request Allocated
	   Cpus                 :                 1         1
	   Disk (KB)            :       10       10    473526
	   Gpus                 :                           0
	   Memory (MB)          :     3243        1      2684
...
009 (042.006.000) 03/04 13:11:06 Job was aborted by the user.
	via condor_rm (by user harshal)
...
000 (062.006.000) 03/04 13:12:13 Job submitted from host: <128.83.130.128:56193>
...
001 (062.006.000) 03/04 13:12:25 Job executing on host: <128.83.144.155:50520>
...
006 (062.006.000) 03/04 13:12:33 Image size of job updated: 29536764
	852  -  MemoryUsage of job (MB)
	871724  -  ResidentSetSize of job (KB)
...
005 (062.006.000) 03/04 13:13:44 Job terminated.
	(1) Normal termination (return value 0)
		Usr 0 00:01:21, Sys 0 00:00:01  -  Run Remote Usage
		Usr 0 00:00:00, Sys 0 00:00:00  -  Run Local Usage
		Usr 0 00:01:21, Sys 0 00:00:01  -  Total Remote Usage
		Usr 0 00:00:00, Sys 0 00:00:00  -  Total Local Usage
	0  -  Run Bytes Sent By Job
	0  -  Run Bytes Received By Job
	0  -  Total Bytes Sent By Job
	0  -  Total Bytes Received By Job
	Partitionable Resources :    Usage  Request Allocated
	   Cpus                 :                 1         1
	   Disk (KB)            :       10       10   8863364
	   Gpus                 :                           0
	   Memory (MB)          :      852        1      4028
...
000 (084.006.000) 03/04 13:47:40 Job submitted from host: <128.83.130.128:56193>
...
001 (084.006.000) 03/04 13:47:51 Job executing on host: <128.83.120.18:58771>
...
006 (084.006.000) 03/04 13:47:59 Image size of job updated: 29536764
	433  -  MemoryUsage of job (MB)
	443268  -  ResidentSetSize of job (KB)
...
004 (084.006.000) 03/04 13:49:09 Job was evicted.
	(0) Job was not checkpointed.
		Usr 0 00:01:19, Sys 0 00:00:01  -  Run Remote Usage
		Usr 0 00:00:00, Sys 0 00:00:00  -  Run Local Usage
	0  -  Run Bytes Sent By Job
	0  -  Run Bytes Received By Job
	Partitionable Resources :    Usage  Request Allocated
	   Cpus                 :                 1         1
	   Disk (KB)            :       10       10   8863364
	   Gpus                 :                           0
	   Memory (MB)          :      433        1      4028
...
009 (084.006.000) 03/04 13:49:10 Job was aborted by the user.
	via condor_rm (by user harshal)
...
000 (107.006.000) 03/04 13:50:13 Job submitted from host: <128.83.130.128:56193>
...
001 (107.006.000) 03/04 13:50:26 Job executing on host: <128.83.144.143:60355>
...
006 (107.006.000) 03/04 13:50:35 Image size of job updated: 28538100
	22  -  MemoryUsage of job (MB)
	22092  -  ResidentSetSize of job (KB)
...
006 (107.006.000) 03/04 13:55:40 Image size of job updated: 29603328
	3221  -  MemoryUsage of job (MB)
	3297592  -  ResidentSetSize of job (KB)
...
005 (107.006.000) 03/04 13:55:48 Job terminated.
	(1) Normal termination (return value 0)
		Usr 0 00:02:05, Sys 0 00:00:02  -  Run Remote Usage
		Usr 0 00:00:00, Sys 0 00:00:00  -  Run Local Usage
		Usr 0 00:02:05, Sys 0 00:00:02  -  Total Remote Usage
		Usr 0 00:00:00, Sys 0 00:00:00  -  Total Local Usage
	0  -  Run Bytes Sent By Job
	0  -  Run Bytes Received By Job
	0  -  Total Bytes Sent By Job
	0  -  Total Bytes Received By Job
	Partitionable Resources :    Usage  Request Allocated
	   Cpus                 :                 1         1
	   Disk (KB)            :       10       10   8863343
	   Gpus                 :                           0
	   Memory (MB)          :     3221        1      4028
...
000 (131.006.000) 03/04 14:25:14 Job submitted from host: <128.83.130.128:56193>
...
001 (131.006.000) 03/04 14:25:25 Job executing on host: <128.83.120.18:58771>
...
006 (131.006.000) 03/04 14:25:34 Image size of job updated: 29536764
	321  -  MemoryUsage of job (MB)
	327736  -  ResidentSetSize of job (KB)
...
005 (131.006.000) 03/04 14:27:40 Job terminated.
	(1) Normal termination (return value 0)
		Usr 0 00:02:13, Sys 0 00:00:01  -  Run Remote Usage
		Usr 0 00:00:00, Sys 0 00:00:00  -  Run Local Usage
		Usr 0 00:02:13, Sys 0 00:00:01  -  Total Remote Usage
		Usr 0 00:00:00, Sys 0 00:00:00  -  Total Local Usage
	0  -  Run Bytes Sent By Job
	0  -  Run Bytes Received By Job
	0  -  Total Bytes Sent By Job
	0  -  Total Bytes Received By Job
	Partitionable Resources :    Usage  Request Allocated
	   Cpus                 :                 1         1
	   Disk (KB)            :       10       10   8863364
	   Gpus                 :                           0
	   Memory (MB)          :      321        1      4028
...
