000 (022.010.000) 03/04 12:55:07 Job submitted from host: <128.83.130.128:56193>
...
001 (022.010.000) 03/04 12:55:17 Job executing on host: <128.83.144.48:41187>
...
006 (022.010.000) 03/04 12:55:25 Image size of job updated: 37035476
	181  -  MemoryUsage of job (MB)
	184932  -  ResidentSetSize of job (KB)
...
004 (022.010.000) 03/04 12:58:40 Job was evicted.
	(0) Job was not checkpointed.
		Usr 0 00:00:44, Sys 0 00:00:06  -  Run Remote Usage
		Usr 0 00:00:00, Sys 0 00:00:00  -  Run Local Usage
	0  -  Run Bytes Sent By Job
	0  -  Run Bytes Received By Job
	Partitionable Resources :    Usage  Request Allocated
	   Cpus                 :                 1         1
	   Disk (KB)            :       10       10   4691970
	   Gpus                 :                           0
	   Memory (MB)          :      181        1      4027
...
009 (022.010.000) 03/04 12:58:40 Job was aborted by the user.
	via condor_rm (by user harshal)
...
000 (042.010.000) 03/04 13:04:19 Job submitted from host: <128.83.130.128:56193>
...
001 (042.010.000) 03/04 13:04:32 Job executing on host: <128.83.120.252:35638>
...
006 (042.010.000) 03/04 13:04:41 Image size of job updated: 20977540
	81  -  MemoryUsage of job (MB)
	82004  -  ResidentSetSize of job (KB)
...
006 (042.010.000) 03/04 13:10:04 Image size of job updated: 20977540
	3316  -  MemoryUsage of job (MB)
	3394744  -  ResidentSetSize of job (KB)
...
010 (042.010.000) 03/04 13:10:17 Job was suspended.
	Number of processes actually suspended: 1
...
006 (042.010.000) 03/04 13:10:17 Image size of job updated: 20977540
	3379  -  MemoryUsage of job (MB)
	3460060  -  ResidentSetSize of job (KB)
...
006 (042.010.000) 03/04 13:11:02 Image size of job updated: 21110668
	3379  -  MemoryUsage of job (MB)
	3460060  -  ResidentSetSize of job (KB)
...
004 (042.010.000) 03/04 13:11:02 Job was evicted.
	(0) Job was not checkpointed.
		Usr 0 00:00:39, Sys 0 00:00:05  -  Run Remote Usage
		Usr 0 00:00:00, Sys 0 00:00:00  -  Run Local Usage
	0  -  Run Bytes Sent By Job
	0  -  Run Bytes Received By Job
	Partitionable Resources :    Usage  Request Allocated
	   Cpus                 :                 1         1
	   Disk (KB)            :       10       10    473526
	   Gpus                 :                           0
	   Memory (MB)          :     3379        1      2684
...
009 (042.010.000) 03/04 13:11:02 Job was aborted by the user.
	via condor_rm (by user harshal)
...
000 (062.010.000) 03/04 13:12:13 Job submitted from host: <128.83.130.128:56193>
...
001 (062.010.000) 03/04 13:12:25 Job executing on host: <128.83.120.212:52194>
...
006 (062.010.000) 03/04 13:12:34 Image size of job updated: 20978484
	131  -  MemoryUsage of job (MB)
	134032  -  ResidentSetSize of job (KB)
...
006 (062.010.000) 03/04 13:18:23 Image size of job updated: 20978484
	3600  -  MemoryUsage of job (MB)
	3685576  -  ResidentSetSize of job (KB)
...
005 (062.010.000) 03/04 13:19:01 Job terminated.
	(1) Normal termination (return value 0)
		Usr 0 00:02:27, Sys 0 00:00:03  -  Run Remote Usage
		Usr 0 00:00:00, Sys 0 00:00:00  -  Run Local Usage
		Usr 0 00:02:27, Sys 0 00:00:03  -  Total Remote Usage
		Usr 0 00:00:00, Sys 0 00:00:00  -  Total Local Usage
	0  -  Run Bytes Sent By Job
	0  -  Run Bytes Received By Job
	0  -  Total Bytes Sent By Job
	0  -  Total Bytes Received By Job
	Partitionable Resources :    Usage  Request Allocated
	   Cpus                 :                 1         1
	   Disk (KB)            :       10       10    473526
	   Gpus                 :                           0
	   Memory (MB)          :     3600        1      2684
...
000 (084.010.000) 03/04 13:47:40 Job submitted from host: <128.83.130.128:56193>
...
001 (084.010.000) 03/04 13:47:51 Job executing on host: <128.83.120.18:58771>
...
006 (084.010.000) 03/04 13:47:59 Image size of job updated: 29536764
	212  -  MemoryUsage of job (MB)
	216284  -  ResidentSetSize of job (KB)
...
006 (084.010.000) 03/04 13:49:09 Image size of job updated: 29669892
	212  -  MemoryUsage of job (MB)
	216284  -  ResidentSetSize of job (KB)
...
004 (084.010.000) 03/04 13:49:09 Job was evicted.
	(0) Job was not checkpointed.
		Usr 0 00:01:19, Sys 0 00:00:01  -  Run Remote Usage
		Usr 0 00:00:00, Sys 0 00:00:00  -  Run Local Usage
	0  -  Run Bytes Sent By Job
	0  -  Run Bytes Received By Job
	Partitionable Resources :    Usage  Request Allocated
	   Cpus                 :                 1         1
	   Disk (KB)            :       10       10   8863364
	   Gpus                 :                           0
	   Memory (MB)          :      212        1      4028
...
009 (084.010.000) 03/04 13:49:11 Job was aborted by the user.
	via condor_rm (by user harshal)
...
000 (107.010.000) 03/04 13:50:13 Job submitted from host: <128.83.130.128:56193>
...
001 (107.010.000) 03/04 13:50:26 Job executing on host: <128.83.144.143:60355>
...
006 (107.010.000) 03/04 13:50:35 Image size of job updated: 28472564
	23  -  MemoryUsage of job (MB)
	23368  -  ResidentSetSize of job (KB)
...
006 (107.010.000) 03/04 13:55:40 Image size of job updated: 29536764
	3458  -  MemoryUsage of job (MB)
	3540944  -  ResidentSetSize of job (KB)
...
010 (107.010.000) 03/04 13:55:45 Job was suspended.
	Number of processes actually suspended: 1
...
006 (107.010.000) 03/04 13:55:45 Image size of job updated: 29536764
	3589  -  MemoryUsage of job (MB)
	3674200  -  ResidentSetSize of job (KB)
...
011 (107.010.000) 03/04 13:57:06 Job was unsuspended.
...
006 (107.010.000) 03/04 13:57:06 Image size of job updated: 29536764
	3591  -  MemoryUsage of job (MB)
	3676248  -  ResidentSetSize of job (KB)
...
005 (107.010.000) 03/04 13:57:09 Job terminated.
	(1) Normal termination (return value 0)
		Usr 0 00:02:15, Sys 0 00:00:05  -  Run Remote Usage
		Usr 0 00:00:00, Sys 0 00:00:00  -  Run Local Usage
		Usr 0 00:02:15, Sys 0 00:00:05  -  Total Remote Usage
		Usr 0 00:00:00, Sys 0 00:00:00  -  Total Local Usage
	0  -  Run Bytes Sent By Job
	0  -  Run Bytes Received By Job
	0  -  Total Bytes Sent By Job
	0  -  Total Bytes Received By Job
	Partitionable Resources :    Usage  Request Allocated
	   Cpus                 :                 1         1
	   Disk (KB)            :       10       10   8863343
	   Gpus                 :                           0
	   Memory (MB)          :     3591        1      4028
...
000 (131.010.000) 03/04 14:25:15 Job submitted from host: <128.83.130.128:56193>
...
001 (131.010.000) 03/04 14:25:26 Job executing on host: <128.83.120.18:58771>
...
006 (131.010.000) 03/04 14:25:34 Image size of job updated: 29536764
	191  -  MemoryUsage of job (MB)
	195084  -  ResidentSetSize of job (KB)
...
005 (131.010.000) 03/04 14:27:39 Job terminated.
	(1) Normal termination (return value 0)
		Usr 0 00:02:11, Sys 0 00:00:01  -  Run Remote Usage
		Usr 0 00:00:00, Sys 0 00:00:00  -  Run Local Usage
		Usr 0 00:02:11, Sys 0 00:00:01  -  Total Remote Usage
		Usr 0 00:00:00, Sys 0 00:00:00  -  Total Local Usage
	0  -  Run Bytes Sent By Job
	0  -  Run Bytes Received By Job
	0  -  Total Bytes Sent By Job
	0  -  Total Bytes Received By Job
	Partitionable Resources :    Usage  Request Allocated
	   Cpus                 :                 1         1
	   Disk (KB)            :       10       10   8863364
	   Gpus                 :                           0
	   Memory (MB)          :      191        1      4028
...
