000 (022.000.000) 03/04 12:55:07 Job submitted from host: <128.83.130.128:56193>
...
001 (022.000.000) 03/04 12:55:19 Job executing on host: <128.83.139.147:42722>
...
006 (022.000.000) 03/04 12:55:28 Image size of job updated: 102608
	3  -  MemoryUsage of job (MB)
	2252  -  ResidentSetSize of job (KB)
...
006 (022.000.000) 03/04 12:57:33 Image size of job updated: 37035476
	3  -  MemoryUsage of job (MB)
	2252  -  ResidentSetSize of job (KB)
...
005 (022.000.000) 03/04 12:57:33 Job terminated.
	(1) Normal termination (return value 0)
		Usr 0 00:02:07, Sys 0 00:00:01  -  Run Remote Usage
		Usr 0 00:00:00, Sys 0 00:00:00  -  Run Local Usage
		Usr 0 00:02:07, Sys 0 00:00:01  -  Total Remote Usage
		Usr 0 00:00:00, Sys 0 00:00:00  -  Total Local Usage
	0  -  Run Bytes Sent By Job
	0  -  Run Bytes Received By Job
	0  -  Total Bytes Sent By Job
	0  -  Total Bytes Received By Job
	Partitionable Resources :    Usage  Request Allocated
	   Cpus                 :                 1         1
	   Disk (KB)            :       10       10   7541874
	   Gpus                 :                           0
	   Memory (MB)          :        3        1      4027
...
000 (042.000.000) 03/04 13:04:19 Job submitted from host: <128.83.130.128:56193>
...
001 (042.000.000) 03/04 13:04:31 Job executing on host: <128.83.120.252:35638>
...
006 (042.000.000) 03/04 13:04:39 Image size of job updated: 20977540
	325  -  MemoryUsage of job (MB)
	332580  -  ResidentSetSize of job (KB)
...
006 (042.000.000) 03/04 13:10:04 Image size of job updated: 20977540
	2758  -  MemoryUsage of job (MB)
	2823608  -  ResidentSetSize of job (KB)
...
010 (042.000.000) 03/04 13:10:17 Job was suspended.
	Number of processes actually suspended: 1
...
006 (042.000.000) 03/04 13:11:07 Image size of job updated: 21110668
	2758  -  MemoryUsage of job (MB)
	2823608  -  ResidentSetSize of job (KB)
...
004 (042.000.000) 03/04 13:11:07 Job was evicted.
	(0) Job was not checkpointed.
		Usr 0 00:00:58, Sys 0 00:00:03  -  Run Remote Usage
		Usr 0 00:00:00, Sys 0 00:00:00  -  Run Local Usage
	0  -  Run Bytes Sent By Job
	0  -  Run Bytes Received By Job
	Partitionable Resources :    Usage  Request Allocated
	   Cpus                 :                 1         1
	   Disk (KB)            :       10       10    473526
	   Gpus                 :                           0
	   Memory (MB)          :     2758        1      2684
...
009 (042.000.000) 03/04 13:11:07 Job was aborted by the user.
	via condor_rm (by user harshal)
...
000 (062.000.000) 03/04 13:12:13 Job submitted from host: <128.83.130.128:56193>
...
001 (062.000.000) 03/04 13:12:25 Job executing on host: <128.83.120.18:58771>
...
006 (062.000.000) 03/04 13:12:34 Image size of job updated: 29536764
	42  -  MemoryUsage of job (MB)
	42168  -  ResidentSetSize of job (KB)
...
005 (062.000.000) 03/04 13:14:36 Job terminated.
	(1) Normal termination (return value 0)
		Usr 0 00:02:10, Sys 0 00:00:01  -  Run Remote Usage
		Usr 0 00:00:00, Sys 0 00:00:00  -  Run Local Usage
		Usr 0 00:02:10, Sys 0 00:00:01  -  Total Remote Usage
		Usr 0 00:00:00, Sys 0 00:00:00  -  Total Local Usage
	0  -  Run Bytes Sent By Job
	0  -  Run Bytes Received By Job
	0  -  Total Bytes Sent By Job
	0  -  Total Bytes Received By Job
	Partitionable Resources :    Usage  Request Allocated
	   Cpus                 :                 1         1
	   Disk (KB)            :       10       10   8863364
	   Gpus                 :                           0
	   Memory (MB)          :       42        1      4028
...
000 (084.000.000) 03/04 13:47:40 Job submitted from host: <128.83.130.128:56193>
...
001 (084.000.000) 03/04 13:47:53 Job executing on host: <128.83.139.146:48339>
...
006 (084.000.000) 03/04 13:48:02 Image size of job updated: 37035476
	59  -  MemoryUsage of job (MB)
	60248  -  ResidentSetSize of job (KB)
...
004 (084.000.000) 03/04 13:49:09 Job was evicted.
	(0) Job was not checkpointed.
		Usr 0 00:01:09, Sys 0 00:00:01  -  Run Remote Usage
		Usr 0 00:00:00, Sys 0 00:00:00  -  Run Local Usage
	0  -  Run Bytes Sent By Job
	0  -  Run Bytes Received By Job
	Partitionable Resources :    Usage  Request Allocated
	   Cpus                 :                 1         1
	   Disk (KB)            :       10       10   7541874
	   Gpus                 :                           0
	   Memory (MB)          :       59        1      4027
...
009 (084.000.000) 03/04 13:49:11 Job was aborted by the user.
	via condor_rm (by user harshal)
...
000 (107.000.000) 03/04 13:50:13 Job submitted from host: <128.83.130.128:56193>
...
001 (107.000.000) 03/04 13:50:24 Job executing on host: <128.83.144.143:60355>
...
006 (107.000.000) 03/04 13:50:32 Image size of job updated: 29539332
	207  -  MemoryUsage of job (MB)
	211848  -  ResidentSetSize of job (KB)
...
006 (107.000.000) 03/04 13:55:37 Image size of job updated: 29539332
	3089  -  MemoryUsage of job (MB)
	3163136  -  ResidentSetSize of job (KB)
...
006 (107.000.000) 03/04 13:56:00 Image size of job updated: 29603328
	3089  -  MemoryUsage of job (MB)
	3163136  -  ResidentSetSize of job (KB)
...
005 (107.000.000) 03/04 13:56:00 Job terminated.
	(1) Normal termination (return value 0)
		Usr 0 00:02:14, Sys 0 00:00:04  -  Run Remote Usage
		Usr 0 00:00:00, Sys 0 00:00:00  -  Run Local Usage
		Usr 0 00:02:14, Sys 0 00:00:04  -  Total Remote Usage
		Usr 0 00:00:00, Sys 0 00:00:00  -  Total Local Usage
	0  -  Run Bytes Sent By Job
	0  -  Run Bytes Received By Job
	0  -  Total Bytes Sent By Job
	0  -  Total Bytes Received By Job
	Partitionable Resources :    Usage  Request Allocated
	   Cpus                 :                 1         1
	   Disk (KB)            :       10       10   8863343
	   Gpus                 :                           0
	   Memory (MB)          :     3089        1      4028
...
000 (131.000.000) 03/04 14:25:14 Job submitted from host: <128.83.130.128:56193>
...
001 (131.000.000) 03/04 14:25:26 Job executing on host: <128.83.139.146:48339>
...
006 (131.000.000) 03/04 14:25:35 Image size of job updated: 102608
	3  -  MemoryUsage of job (MB)
	2252  -  ResidentSetSize of job (KB)
...
006 (131.000.000) 03/04 14:27:42 Image size of job updated: 37035476
	3  -  MemoryUsage of job (MB)
	2252  -  ResidentSetSize of job (KB)
...
005 (131.000.000) 03/04 14:27:42 Job terminated.
	(1) Normal termination (return value 0)
		Usr 0 00:02:05, Sys 0 00:00:01  -  Run Remote Usage
		Usr 0 00:00:00, Sys 0 00:00:00  -  Run Local Usage
		Usr 0 00:02:05, Sys 0 00:00:01  -  Total Remote Usage
		Usr 0 00:00:00, Sys 0 00:00:00  -  Total Local Usage
	0  -  Run Bytes Sent By Job
	0  -  Run Bytes Received By Job
	0  -  Total Bytes Sent By Job
	0  -  Total Bytes Received By Job
	Partitionable Resources :    Usage  Request Allocated
	   Cpus                 :                 1         1
	   Disk (KB)            :       10       10   7541874
	   Gpus                 :                           0
	   Memory (MB)          :        3        1      4027
...
