000 (022.014.000) 03/04 12:55:07 Job submitted from host: <128.83.130.128:56193>
...
001 (022.014.000) 03/04 12:55:18 Job executing on host: <128.83.144.48:41187>
...
006 (022.014.000) 03/04 12:55:27 Image size of job updated: 31939968
	15  -  MemoryUsage of job (MB)
	15032  -  ResidentSetSize of job (KB)
...
006 (022.014.000) 03/04 12:58:40 Image size of job updated: 37035476
	15  -  MemoryUsage of job (MB)
	15032  -  ResidentSetSize of job (KB)
...
004 (022.014.000) 03/04 12:58:40 Job was evicted.
	(0) Job was not checkpointed.
		Usr 0 00:00:39, Sys 0 00:00:06  -  Run Remote Usage
		Usr 0 00:00:00, Sys 0 00:00:00  -  Run Local Usage
	0  -  Run Bytes Sent By Job
	0  -  Run Bytes Received By Job
	Partitionable Resources :    Usage  Request Allocated
	   Cpus                 :                 1         1
	   Disk (KB)            :       10       10   4691970
	   Gpus                 :                           0
	   Memory (MB)          :       15        1      4027
...
009 (022.014.000) 03/04 12:58:40 Job was aborted by the user.
	via condor_rm (by user harshal)
...
000 (042.014.000) 03/04 13:04:19 Job submitted from host: <128.83.130.128:56193>
...
001 (042.014.000) 03/04 13:04:32 Job executing on host: <128.83.120.252:35638>
...
006 (042.014.000) 03/04 13:04:41 Image size of job updated: 20977336
	30  -  MemoryUsage of job (MB)
	29828  -  ResidentSetSize of job (KB)
...
010 (042.014.000) 03/04 13:08:21 Job was suspended.
	Number of processes actually suspended: 1
...
006 (042.014.000) 03/04 13:08:21 Image size of job updated: 20977540
	3327  -  MemoryUsage of job (MB)
	3406168  -  ResidentSetSize of job (KB)
...
006 (042.014.000) 03/04 13:11:04 Image size of job updated: 21110668
	3327  -  MemoryUsage of job (MB)
	3406168  -  ResidentSetSize of job (KB)
...
004 (042.014.000) 03/04 13:11:04 Job was evicted.
	(0) Job was not checkpointed.
		Usr 0 00:00:40, Sys 0 00:00:03  -  Run Remote Usage
		Usr 0 00:00:00, Sys 0 00:00:00  -  Run Local Usage
	0  -  Run Bytes Sent By Job
	0  -  Run Bytes Received By Job
	Partitionable Resources :    Usage  Request Allocated
	   Cpus                 :                 1         1
	   Disk (KB)            :       10       10    473526
	   Gpus                 :                           0
	   Memory (MB)          :     3327        1      2684
...
009 (042.014.000) 03/04 13:11:04 Job was aborted by the user.
	via condor_rm (by user harshal)
...
000 (062.014.000) 03/04 13:12:13 Job submitted from host: <128.83.130.128:56193>
...
001 (062.014.000) 03/04 13:12:25 Job executing on host: <128.83.120.212:52194>
...
006 (062.014.000) 03/04 13:12:34 Image size of job updated: 20977540
	130  -  MemoryUsage of job (MB)
	132912  -  ResidentSetSize of job (KB)
...
005 (062.014.000) 03/04 13:18:33 Job terminated.
	(1) Normal termination (return value 0)
		Usr 0 00:02:02, Sys 0 00:00:02  -  Run Remote Usage
		Usr 0 00:00:00, Sys 0 00:00:00  -  Run Local Usage
		Usr 0 00:02:02, Sys 0 00:00:02  -  Total Remote Usage
		Usr 0 00:00:00, Sys 0 00:00:00  -  Total Local Usage
	0  -  Run Bytes Sent By Job
	0  -  Run Bytes Received By Job
	0  -  Total Bytes Sent By Job
	0  -  Total Bytes Received By Job
	Partitionable Resources :    Usage  Request Allocated
	   Cpus                 :                 1         1
	   Disk (KB)            :       10       10    473526
	   Gpus                 :                           0
	   Memory (MB)          :      130        1      2684
...
000 (084.014.000) 03/04 13:47:40 Job submitted from host: <128.83.130.128:56193>
...
001 (084.014.000) 03/04 13:47:53 Job executing on host: <128.83.120.18:58771>
...
006 (084.014.000) 03/04 13:48:02 Image size of job updated: 28406000
	23  -  MemoryUsage of job (MB)
	23052  -  ResidentSetSize of job (KB)
...
006 (084.014.000) 03/04 13:49:09 Image size of job updated: 29536764
	23  -  MemoryUsage of job (MB)
	23052  -  ResidentSetSize of job (KB)
...
004 (084.014.000) 03/04 13:49:09 Job was evicted.
	(0) Job was not checkpointed.
		Usr 0 00:01:12, Sys 0 00:00:01  -  Run Remote Usage
		Usr 0 00:00:00, Sys 0 00:00:00  -  Run Local Usage
	0  -  Run Bytes Sent By Job
	0  -  Run Bytes Received By Job
	Partitionable Resources :    Usage  Request Allocated
	   Cpus                 :                 1         1
	   Disk (KB)            :       10       10   8863364
	   Gpus                 :                           0
	   Memory (MB)          :       23        1      4028
...
009 (084.014.000) 03/04 13:49:11 Job was aborted by the user.
	via condor_rm (by user harshal)
...
000 (107.014.000) 03/04 13:50:13 Job submitted from host: <128.83.130.128:56193>
...
001 (107.014.000) 03/04 13:50:26 Job executing on host: <128.83.144.143:60355>
...
006 (107.014.000) 03/04 13:50:35 Image size of job updated: 28339436
	23  -  MemoryUsage of job (MB)
	22580  -  ResidentSetSize of job (KB)
...
006 (107.014.000) 03/04 13:55:40 Image size of job updated: 29536764
	3735  -  MemoryUsage of job (MB)
	3824064  -  ResidentSetSize of job (KB)
...
010 (107.014.000) 03/04 13:55:48 Job was suspended.
	Number of processes actually suspended: 1
...
006 (107.014.000) 03/04 13:55:48 Image size of job updated: 29536764
	3977  -  MemoryUsage of job (MB)
	4072360  -  ResidentSetSize of job (KB)
...
011 (107.014.000) 03/04 13:57:12 Job was unsuspended.
...
005 (107.014.000) 03/04 13:57:13 Job terminated.
	(1) Normal termination (return value 0)
		Usr 0 00:02:13, Sys 0 00:00:04  -  Run Remote Usage
		Usr 0 00:00:00, Sys 0 00:00:00  -  Run Local Usage
		Usr 0 00:02:13, Sys 0 00:00:04  -  Total Remote Usage
		Usr 0 00:00:00, Sys 0 00:00:00  -  Total Local Usage
	0  -  Run Bytes Sent By Job
	0  -  Run Bytes Received By Job
	0  -  Total Bytes Sent By Job
	0  -  Total Bytes Received By Job
	Partitionable Resources :    Usage  Request Allocated
	   Cpus                 :                 1         1
	   Disk (KB)            :       10       10   8863343
	   Gpus                 :                           0
	   Memory (MB)          :     3977        1      4028
...
000 (131.014.000) 03/04 14:25:15 Job submitted from host: <128.83.130.128:56193>
...
001 (131.014.000) 03/04 14:25:27 Job executing on host: <128.83.120.18:58771>
...
006 (131.014.000) 03/04 14:25:35 Image size of job updated: 29536764
	142  -  MemoryUsage of job (MB)
	144924  -  ResidentSetSize of job (KB)
...
006 (131.014.000) 03/04 14:27:42 Image size of job updated: 29603328
	142  -  MemoryUsage of job (MB)
	144924  -  ResidentSetSize of job (KB)
...
005 (131.014.000) 03/04 14:27:42 Job terminated.
	(1) Normal termination (return value 0)
		Usr 0 00:02:13, Sys 0 00:00:01  -  Run Remote Usage
		Usr 0 00:00:00, Sys 0 00:00:00  -  Run Local Usage
		Usr 0 00:02:13, Sys 0 00:00:01  -  Total Remote Usage
		Usr 0 00:00:00, Sys 0 00:00:00  -  Total Local Usage
	0  -  Run Bytes Sent By Job
	0  -  Run Bytes Received By Job
	0  -  Total Bytes Sent By Job
	0  -  Total Bytes Received By Job
	Partitionable Resources :    Usage  Request Allocated
	   Cpus                 :                 1         1
	   Disk (KB)            :       10       10   8863364
	   Gpus                 :                           0
	   Memory (MB)          :      142        1      4028
...
