000 (022.002.000) 03/04 12:55:07 Job submitted from host: <128.83.130.128:56193>
...
001 (022.002.000) 03/04 12:55:19 Job executing on host: <128.83.139.147:42722>
...
006 (022.002.000) 03/04 12:55:28 Image size of job updated: 102604
	3  -  MemoryUsage of job (MB)
	2252  -  ResidentSetSize of job (KB)
...
006 (022.002.000) 03/04 12:57:34 Image size of job updated: 37035476
	3  -  MemoryUsage of job (MB)
	2252  -  ResidentSetSize of job (KB)
...
005 (022.002.000) 03/04 12:57:34 Job terminated.
	(1) Normal termination (return value 0)
		Usr 0 00:02:08, Sys 0 00:00:01  -  Run Remote Usage
		Usr 0 00:00:00, Sys 0 00:00:00  -  Run Local Usage
		Usr 0 00:02:08, Sys 0 00:00:01  -  Total Remote Usage
		Usr 0 00:00:00, Sys 0 00:00:00  -  Total Local Usage
	0  -  Run Bytes Sent By Job
	0  -  Run Bytes Received By Job
	0  -  Total Bytes Sent By Job
	0  -  Total Bytes Received By Job
	Partitionable Resources :    Usage  Request Allocated
	   Cpus                 :                 1         1
	   Disk (KB)            :       10       10   7541874
	   Gpus                 :                           0
	   Memory (MB)          :        3        1      4027
...
000 (042.002.000) 03/04 13:04:19 Job submitted from host: <128.83.130.128:56193>
...
001 (042.002.000) 03/04 13:04:31 Job executing on host: <128.83.120.252:35638>
...
006 (042.002.000) 03/04 13:04:39 Image size of job updated: 20977540
	313  -  MemoryUsage of job (MB)
	319992  -  ResidentSetSize of job (KB)
...
006 (042.002.000) 03/04 13:10:05 Image size of job updated: 20977540
	2733  -  MemoryUsage of job (MB)
	2798260  -  ResidentSetSize of job (KB)
...
010 (042.002.000) 03/04 13:10:17 Job was suspended.
	Number of processes actually suspended: 1
...
006 (042.002.000) 03/04 13:10:17 Image size of job updated: 20977540
	2873  -  MemoryUsage of job (MB)
	2941480  -  ResidentSetSize of job (KB)
...
006 (042.002.000) 03/04 13:11:06 Image size of job updated: 21110668
	2873  -  MemoryUsage of job (MB)
	2941480  -  ResidentSetSize of job (KB)
...
004 (042.002.000) 03/04 13:11:06 Job was evicted.
	(0) Job was not checkpointed.
		Usr 0 00:01:05, Sys 0 00:00:03  -  Run Remote Usage
		Usr 0 00:00:00, Sys 0 00:00:00  -  Run Local Usage
	0  -  Run Bytes Sent By Job
	0  -  Run Bytes Received By Job
	Partitionable Resources :    Usage  Request Allocated
	   Cpus                 :                 1         1
	   Disk (KB)            :       10       10    473526
	   Gpus                 :                           0
	   Memory (MB)          :     2873        1      2684
...
009 (042.002.000) 03/04 13:11:06 Job was aborted by the user.
	via condor_rm (by user harshal)
...
000 (062.002.000) 03/04 13:12:13 Job submitted from host: <128.83.130.128:56193>
...
001 (062.002.000) 03/04 13:12:26 Job executing on host: <128.83.120.18:58771>
...
006 (062.002.000) 03/04 13:12:34 Image size of job updated: 29536764
	843  -  MemoryUsage of job (MB)
	862696  -  ResidentSetSize of job (KB)
...
005 (062.002.000) 03/04 13:14:34 Job terminated.
	(1) Normal termination (return value 0)
		Usr 0 00:02:06, Sys 0 00:00:01  -  Run Remote Usage
		Usr 0 00:00:00, Sys 0 00:00:00  -  Run Local Usage
		Usr 0 00:02:06, Sys 0 00:00:01  -  Total Remote Usage
		Usr 0 00:00:00, Sys 0 00:00:00  -  Total Local Usage
	0  -  Run Bytes Sent By Job
	0  -  Run Bytes Received By Job
	0  -  Total Bytes Sent By Job
	0  -  Total Bytes Received By Job
	Partitionable Resources :    Usage  Request Allocated
	   Cpus                 :                 1         1
	   Disk (KB)            :       10       10   8863364
	   Gpus                 :                           0
	   Memory (MB)          :      843        1      4028
...
000 (084.002.000) 03/04 13:47:40 Job submitted from host: <128.83.130.128:56193>
...
001 (084.002.000) 03/04 13:47:53 Job executing on host: <128.83.139.146:48339>
...
006 (084.002.000) 03/04 13:48:02 Image size of job updated: 37035476
	47  -  MemoryUsage of job (MB)
	47312  -  ResidentSetSize of job (KB)
...
004 (084.002.000) 03/04 13:49:09 Job was evicted.
	(0) Job was not checkpointed.
		Usr 0 00:01:09, Sys 0 00:00:00  -  Run Remote Usage
		Usr 0 00:00:00, Sys 0 00:00:00  -  Run Local Usage
	0  -  Run Bytes Sent By Job
	0  -  Run Bytes Received By Job
	Partitionable Resources :    Usage  Request Allocated
	   Cpus                 :                 1         1
	   Disk (KB)            :       10       10   7541874
	   Gpus                 :                           0
	   Memory (MB)          :       47        1      4027
...
009 (084.002.000) 03/04 13:49:11 Job was aborted by the user.
	via condor_rm (by user harshal)
...
000 (107.002.000) 03/04 13:50:13 Job submitted from host: <128.83.130.128:56193>
...
001 (107.002.000) 03/04 13:50:24 Job executing on host: <128.83.144.143:60355>
...
006 (107.002.000) 03/04 13:50:32 Image size of job updated: 29536764
	186  -  MemoryUsage of job (MB)
	190452  -  ResidentSetSize of job (KB)
...
006 (107.002.000) 03/04 13:55:45 Image size of job updated: 29536764
	3449  -  MemoryUsage of job (MB)
	3531192  -  ResidentSetSize of job (KB)
...
006 (107.002.000) 03/04 13:55:54 Image size of job updated: 29603328
	3449  -  MemoryUsage of job (MB)
	3531192  -  ResidentSetSize of job (KB)
...
005 (107.002.000) 03/04 13:55:54 Job terminated.
	(1) Normal termination (return value 0)
		Usr 0 00:02:18, Sys 0 00:00:04  -  Run Remote Usage
		Usr 0 00:00:00, Sys 0 00:00:00  -  Run Local Usage
		Usr 0 00:02:18, Sys 0 00:00:04  -  Total Remote Usage
		Usr 0 00:00:00, Sys 0 00:00:00  -  Total Local Usage
	0  -  Run Bytes Sent By Job
	0  -  Run Bytes Received By Job
	0  -  Total Bytes Sent By Job
	0  -  Total Bytes Received By Job
	Partitionable Resources :    Usage  Request Allocated
	   Cpus                 :                 1         1
	   Disk (KB)            :       10       10   8863343
	   Gpus                 :                           0
	   Memory (MB)          :     3449        1      4028
...
000 (131.002.000) 03/04 14:25:14 Job submitted from host: <128.83.130.128:56193>
...
001 (131.002.000) 03/04 14:25:25 Job executing on host: <128.83.120.18:58771>
...
006 (131.002.000) 03/04 14:25:33 Image size of job updated: 29536764
	473  -  MemoryUsage of job (MB)
	483412  -  ResidentSetSize of job (KB)
...
005 (131.002.000) 03/04 14:27:31 Job terminated.
	(1) Normal termination (return value 0)
		Usr 0 00:02:06, Sys 0 00:00:01  -  Run Remote Usage
		Usr 0 00:00:00, Sys 0 00:00:00  -  Run Local Usage
		Usr 0 00:02:06, Sys 0 00:00:01  -  Total Remote Usage
		Usr 0 00:00:00, Sys 0 00:00:00  -  Total Local Usage
	0  -  Run Bytes Sent By Job
	0  -  Run Bytes Received By Job
	0  -  Total Bytes Sent By Job
	0  -  Total Bytes Received By Job
	Partitionable Resources :    Usage  Request Allocated
	   Cpus                 :                 1         1
	   Disk (KB)            :       10       10   8863364
	   Gpus                 :                           0
	   Memory (MB)          :      473        1      4028
...
