000 (022.011.000) 03/04 12:55:07 Job submitted from host: <128.83.130.128:56193>
...
001 (022.011.000) 03/04 12:55:17 Job executing on host: <128.83.144.48:41187>
...
006 (022.011.000) 03/04 12:55:25 Image size of job updated: 37035476
	135  -  MemoryUsage of job (MB)
	137288  -  ResidentSetSize of job (KB)
...
004 (022.011.000) 03/04 12:58:40 Job was evicted.
	(0) Job was not checkpointed.
		Usr 0 00:00:41, Sys 0 00:00:06  -  Run Remote Usage
		Usr 0 00:00:00, Sys 0 00:00:00  -  Run Local Usage
	0  -  Run Bytes Sent By Job
	0  -  Run Bytes Received By Job
	Partitionable Resources :    Usage  Request Allocated
	   Cpus                 :                 1         1
	   Disk (KB)            :       10       10   4691970
	   Gpus                 :                           0
	   Memory (MB)          :      135        1      4027
...
009 (022.011.000) 03/04 12:58:40 Job was aborted by the user.
	via condor_rm (by user harshal)
...
000 (042.011.000) 03/04 13:04:19 Job submitted from host: <128.83.130.128:56193>
...
001 (042.011.000) 03/04 13:04:32 Job executing on host: <128.83.120.252:35638>
...
006 (042.011.000) 03/04 13:04:41 Image size of job updated: 20977524
	32  -  MemoryUsage of job (MB)
	32428  -  ResidentSetSize of job (KB)
...
006 (042.011.000) 03/04 13:10:04 Image size of job updated: 20977540
	2956  -  MemoryUsage of job (MB)
	3026636  -  ResidentSetSize of job (KB)
...
010 (042.011.000) 03/04 13:10:17 Job was suspended.
	Number of processes actually suspended: 1
...
006 (042.011.000) 03/04 13:10:17 Image size of job updated: 20977540
	3005  -  MemoryUsage of job (MB)
	3076648  -  ResidentSetSize of job (KB)
...
006 (042.011.000) 03/04 13:10:59 Image size of job updated: 21110668
	3005  -  MemoryUsage of job (MB)
	3076648  -  ResidentSetSize of job (KB)
...
004 (042.011.000) 03/04 13:11:00 Job was evicted.
	(0) Job was not checkpointed.
		Usr 0 00:00:40, Sys 0 00:00:03  -  Run Remote Usage
		Usr 0 00:00:00, Sys 0 00:00:00  -  Run Local Usage
	0  -  Run Bytes Sent By Job
	0  -  Run Bytes Received By Job
	Partitionable Resources :    Usage  Request Allocated
	   Cpus                 :                 1         1
	   Disk (KB)            :       10       10    473526
	   Gpus                 :                           0
	   Memory (MB)          :     3005        1      2684
...
009 (042.011.000) 03/04 13:11:00 Job was aborted by the user.
	via condor_rm (by user harshal)
...
000 (062.011.000) 03/04 13:12:13 Job submitted from host: <128.83.130.128:56193>
...
001 (062.011.000) 03/04 13:12:25 Job executing on host: <128.83.120.212:52194>
...
006 (062.011.000) 03/04 13:12:34 Image size of job updated: 20977540
	142  -  MemoryUsage of job (MB)
	144688  -  ResidentSetSize of job (KB)
...
006 (062.011.000) 03/04 13:18:23 Image size of job updated: 20977540
	3778  -  MemoryUsage of job (MB)
	3868212  -  ResidentSetSize of job (KB)
...
006 (062.011.000) 03/04 13:18:31 Image size of job updated: 21044104
	3778  -  MemoryUsage of job (MB)
	3868212  -  ResidentSetSize of job (KB)
...
005 (062.011.000) 03/04 13:18:33 Job terminated.
	(1) Normal termination (return value 0)
		Usr 0 00:02:31, Sys 0 00:00:06  -  Run Remote Usage
		Usr 0 00:00:00, Sys 0 00:00:00  -  Run Local Usage
		Usr 0 00:02:31, Sys 0 00:00:06  -  Total Remote Usage
		Usr 0 00:00:00, Sys 0 00:00:00  -  Total Local Usage
	0  -  Run Bytes Sent By Job
	0  -  Run Bytes Received By Job
	0  -  Total Bytes Sent By Job
	0  -  Total Bytes Received By Job
	Partitionable Resources :    Usage  Request Allocated
	   Cpus                 :                 1         1
	   Disk (KB)            :       10       10    473526
	   Gpus                 :                           0
	   Memory (MB)          :     3778        1      2684
...
000 (084.011.000) 03/04 13:47:40 Job submitted from host: <128.83.130.128:56193>
...
001 (084.011.000) 03/04 13:47:51 Job executing on host: <128.83.120.18:58771>
...
006 (084.011.000) 03/04 13:48:00 Image size of job updated: 29536764
	161  -  MemoryUsage of job (MB)
	164116  -  ResidentSetSize of job (KB)
...
006 (084.011.000) 03/04 13:49:09 Image size of job updated: 29669892
	161  -  MemoryUsage of job (MB)
	164116  -  ResidentSetSize of job (KB)
...
004 (084.011.000) 03/04 13:49:09 Job was evicted.
	(0) Job was not checkpointed.
		Usr 0 00:01:15, Sys 0 00:00:00  -  Run Remote Usage
		Usr 0 00:00:00, Sys 0 00:00:00  -  Run Local Usage
	0  -  Run Bytes Sent By Job
	0  -  Run Bytes Received By Job
	Partitionable Resources :    Usage  Request Allocated
	   Cpus                 :                 1         1
	   Disk (KB)            :       10       10   8863364
	   Gpus                 :                           0
	   Memory (MB)          :      161        1      4028
...
009 (084.011.000) 03/04 13:49:11 Job was aborted by the user.
	via condor_rm (by user harshal)
...
000 (107.011.000) 03/04 13:50:13 Job submitted from host: <128.83.130.128:56193>
...
001 (107.011.000) 03/04 13:50:26 Job executing on host: <128.83.144.143:60355>
...
006 (107.011.000) 03/04 13:50:35 Image size of job updated: 28339436
	24  -  MemoryUsage of job (MB)
	24568  -  ResidentSetSize of job (KB)
...
006 (107.011.000) 03/04 13:55:39 Image size of job updated: 29536764
	3251  -  MemoryUsage of job (MB)
	3328324  -  ResidentSetSize of job (KB)
...
010 (107.011.000) 03/04 13:55:48 Job was suspended.
	Number of processes actually suspended: 1
...
006 (107.011.000) 03/04 13:55:48 Image size of job updated: 29536764
	3824  -  MemoryUsage of job (MB)
	3915048  -  ResidentSetSize of job (KB)
...
011 (107.011.000) 03/04 13:57:06 Job was unsuspended.
...
005 (107.011.000) 03/04 13:57:08 Job terminated.
	(1) Normal termination (return value 0)
		Usr 0 00:02:13, Sys 0 00:00:05  -  Run Remote Usage
		Usr 0 00:00:00, Sys 0 00:00:00  -  Run Local Usage
		Usr 0 00:02:13, Sys 0 00:00:05  -  Total Remote Usage
		Usr 0 00:00:00, Sys 0 00:00:00  -  Total Local Usage
	0  -  Run Bytes Sent By Job
	0  -  Run Bytes Received By Job
	0  -  Total Bytes Sent By Job
	0  -  Total Bytes Received By Job
	Partitionable Resources :    Usage  Request Allocated
	   Cpus                 :                 1         1
	   Disk (KB)            :       10       10   8863343
	   Gpus                 :                           0
	   Memory (MB)          :     3824        1      4028
...
000 (131.011.000) 03/04 14:25:15 Job submitted from host: <128.83.130.128:56193>
...
001 (131.011.000) 03/04 14:25:26 Job executing on host: <128.83.120.18:58771>
...
006 (131.011.000) 03/04 14:25:35 Image size of job updated: 29536764
	180  -  MemoryUsage of job (MB)
	183644  -  ResidentSetSize of job (KB)
...
005 (131.011.000) 03/04 14:27:37 Job terminated.
	(1) Normal termination (return value 0)
		Usr 0 00:02:07, Sys 0 00:00:01  -  Run Remote Usage
		Usr 0 00:00:00, Sys 0 00:00:00  -  Run Local Usage
		Usr 0 00:02:07, Sys 0 00:00:01  -  Total Remote Usage
		Usr 0 00:00:00, Sys 0 00:00:00  -  Total Local Usage
	0  -  Run Bytes Sent By Job
	0  -  Run Bytes Received By Job
	0  -  Total Bytes Sent By Job
	0  -  Total Bytes Received By Job
	Partitionable Resources :    Usage  Request Allocated
	   Cpus                 :                 1         1
	   Disk (KB)            :       10       10   8863364
	   Gpus                 :                           0
	   Memory (MB)          :      180        1      4028
...
