000 (022.008.000) 03/04 12:55:07 Job submitted from host: <128.83.130.128:56193>
...
001 (022.008.000) 03/04 12:55:16 Job executing on host: <128.83.144.48:41187>
...
006 (022.008.000) 03/04 12:55:25 Image size of job updated: 37035476
	197  -  MemoryUsage of job (MB)
	201092  -  ResidentSetSize of job (KB)
...
004 (022.008.000) 03/04 12:58:40 Job was evicted.
	(0) Job was not checkpointed.
		Usr 0 00:01:34, Sys 0 00:00:06  -  Run Remote Usage
		Usr 0 00:00:00, Sys 0 00:00:00  -  Run Local Usage
	0  -  Run Bytes Sent By Job
	0  -  Run Bytes Received By Job
	Partitionable Resources :    Usage  Request Allocated
	   Cpus                 :                 1         1
	   Disk (KB)            :       10       10   4691970
	   Gpus                 :                           0
	   Memory (MB)          :      197        1      4027
...
009 (022.008.000) 03/04 12:58:40 Job was aborted by the user.
	via condor_rm (by user harshal)
...
000 (042.008.000) 03/04 13:04:19 Job submitted from host: <128.83.130.128:56193>
...
001 (042.008.000) 03/04 13:04:32 Job executing on host: <128.83.120.252:35638>
...
006 (042.008.000) 03/04 13:04:41 Image size of job updated: 20977540
	48  -  MemoryUsage of job (MB)
	48716  -  ResidentSetSize of job (KB)
...
006 (042.008.000) 03/04 13:10:04 Image size of job updated: 20977540
	3162  -  MemoryUsage of job (MB)
	3236980  -  ResidentSetSize of job (KB)
...
010 (042.008.000) 03/04 13:10:17 Job was suspended.
	Number of processes actually suspended: 1
...
006 (042.008.000) 03/04 13:11:04 Image size of job updated: 21110668
	3162  -  MemoryUsage of job (MB)
	3236980  -  ResidentSetSize of job (KB)
...
004 (042.008.000) 03/04 13:11:04 Job was evicted.
	(0) Job was not checkpointed.
		Usr 0 00:00:42, Sys 0 00:00:04  -  Run Remote Usage
		Usr 0 00:00:00, Sys 0 00:00:00  -  Run Local Usage
	0  -  Run Bytes Sent By Job
	0  -  Run Bytes Received By Job
	Partitionable Resources :    Usage  Request Allocated
	   Cpus                 :                 1         1
	   Disk (KB)            :       10       10    473526
	   Gpus                 :                           0
	   Memory (MB)          :     3162        1      2684
...
009 (042.008.000) 03/04 13:11:04 Job was aborted by the user.
	via condor_rm (by user harshal)
...
000 (062.008.000) 03/04 13:12:13 Job submitted from host: <128.83.130.128:56193>
...
001 (062.008.000) 03/04 13:12:25 Job executing on host: <128.83.120.212:52194>
...
006 (062.008.000) 03/04 13:12:34 Image size of job updated: 20978484
	147  -  MemoryUsage of job (MB)
	150496  -  ResidentSetSize of job (KB)
...
006 (062.008.000) 03/04 13:18:28 Image size of job updated: 20978484
	3627  -  MemoryUsage of job (MB)
	3713264  -  ResidentSetSize of job (KB)
...
005 (062.008.000) 03/04 13:20:10 Job terminated.
	(1) Normal termination (return value 0)
		Usr 0 00:02:50, Sys 0 00:00:05  -  Run Remote Usage
		Usr 0 00:00:00, Sys 0 00:00:00  -  Run Local Usage
		Usr 0 00:02:50, Sys 0 00:00:05  -  Total Remote Usage
		Usr 0 00:00:00, Sys 0 00:00:00  -  Total Local Usage
	0  -  Run Bytes Sent By Job
	0  -  Run Bytes Received By Job
	0  -  Total Bytes Sent By Job
	0  -  Total Bytes Received By Job
	Partitionable Resources :    Usage  Request Allocated
	   Cpus                 :                 1         1
	   Disk (KB)            :       10       10    473526
	   Gpus                 :                           0
	   Memory (MB)          :     3627        1      2684
...
000 (084.008.000) 03/04 13:47:40 Job submitted from host: <128.83.130.128:56193>
...
001 (084.008.000) 03/04 13:47:51 Job executing on host: <128.83.120.18:58771>
...
006 (084.008.000) 03/04 13:47:59 Image size of job updated: 29538532
	249  -  MemoryUsage of job (MB)
	254976  -  ResidentSetSize of job (KB)
...
004 (084.008.000) 03/04 13:49:09 Job was evicted.
	(0) Job was not checkpointed.
		Usr 0 00:01:20, Sys 0 00:00:01  -  Run Remote Usage
		Usr 0 00:00:00, Sys 0 00:00:00  -  Run Local Usage
	0  -  Run Bytes Sent By Job
	0  -  Run Bytes Received By Job
	Partitionable Resources :    Usage  Request Allocated
	   Cpus                 :                 1         1
	   Disk (KB)            :       10       10   8863364
	   Gpus                 :                           0
	   Memory (MB)          :      249        1      4028
...
009 (084.008.000) 03/04 13:49:10 Job was aborted by the user.
	via condor_rm (by user harshal)
...
000 (107.008.000) 03/04 13:50:13 Job submitted from host: <128.83.130.128:56193>
...
001 (107.008.000) 03/04 13:50:26 Job executing on host: <128.83.144.143:60355>
...
006 (107.008.000) 03/04 13:50:35 Image size of job updated: 28277304
	20  -  MemoryUsage of job (MB)
	19952  -  ResidentSetSize of job (KB)
...
006 (107.008.000) 03/04 13:55:42 Image size of job updated: 29536764
	3660  -  MemoryUsage of job (MB)
	3747220  -  ResidentSetSize of job (KB)
...
010 (107.008.000) 03/04 13:55:54 Job was suspended.
	Number of processes actually suspended: 1
...
006 (107.008.000) 03/04 13:55:54 Image size of job updated: 29536764
	3806  -  MemoryUsage of job (MB)
	3896372  -  ResidentSetSize of job (KB)
...
011 (107.008.000) 03/04 13:57:00 Job was unsuspended.
...
005 (107.008.000) 03/04 13:57:01 Job terminated.
	(1) Normal termination (return value 0)
		Usr 0 00:02:11, Sys 0 00:00:05  -  Run Remote Usage
		Usr 0 00:00:00, Sys 0 00:00:00  -  Run Local Usage
		Usr 0 00:02:11, Sys 0 00:00:05  -  Total Remote Usage
		Usr 0 00:00:00, Sys 0 00:00:00  -  Total Local Usage
	0  -  Run Bytes Sent By Job
	0  -  Run Bytes Received By Job
	0  -  Total Bytes Sent By Job
	0  -  Total Bytes Received By Job
	Partitionable Resources :    Usage  Request Allocated
	   Cpus                 :                 1         1
	   Disk (KB)            :       10       10   8863343
	   Gpus                 :                           0
	   Memory (MB)          :     3806        1      4028
...
000 (131.008.000) 03/04 14:25:14 Job submitted from host: <128.83.130.128:56193>
...
001 (131.008.000) 03/04 14:25:26 Job executing on host: <128.83.120.18:58771>
...
006 (131.008.000) 03/04 14:25:34 Image size of job updated: 29536764
	177  -  MemoryUsage of job (MB)
	180288  -  ResidentSetSize of job (KB)
...
005 (131.008.000) 03/04 14:27:35 Job terminated.
	(1) Normal termination (return value 0)
		Usr 0 00:02:07, Sys 0 00:00:01  -  Run Remote Usage
		Usr 0 00:00:00, Sys 0 00:00:00  -  Run Local Usage
		Usr 0 00:02:07, Sys 0 00:00:01  -  Total Remote Usage
		Usr 0 00:00:00, Sys 0 00:00:00  -  Total Local Usage
	0  -  Run Bytes Sent By Job
	0  -  Run Bytes Received By Job
	0  -  Total Bytes Sent By Job
	0  -  Total Bytes Received By Job
	Partitionable Resources :    Usage  Request Allocated
	   Cpus                 :                 1         1
	   Disk (KB)            :       10       10   8863364
	   Gpus                 :                           0
	   Memory (MB)          :      177        1      4028
...
