000 (022.003.000) 03/04 12:55:07 Job submitted from host: <128.83.130.128:56193>
...
001 (022.003.000) 03/04 12:55:19 Job executing on host: <128.83.139.147:42722>
...
006 (022.003.000) 03/04 12:55:28 Image size of job updated: 102604
	3  -  MemoryUsage of job (MB)
	2256  -  ResidentSetSize of job (KB)
...
006 (022.003.000) 03/04 12:57:33 Image size of job updated: 37035476
	3  -  MemoryUsage of job (MB)
	2256  -  ResidentSetSize of job (KB)
...
005 (022.003.000) 03/04 12:57:33 Job terminated.
	(1) Normal termination (return value 0)
		Usr 0 00:02:06, Sys 0 00:00:01  -  Run Remote Usage
		Usr 0 00:00:00, Sys 0 00:00:00  -  Run Local Usage
		Usr 0 00:02:06, Sys 0 00:00:01  -  Total Remote Usage
		Usr 0 00:00:00, Sys 0 00:00:00  -  Total Local Usage
	0  -  Run Bytes Sent By Job
	0  -  Run Bytes Received By Job
	0  -  Total Bytes Sent By Job
	0  -  Total Bytes Received By Job
	Partitionable Resources :    Usage  Request Allocated
	   Cpus                 :                 1         1
	   Disk (KB)            :       10       10   7541874
	   Gpus                 :                           0
	   Memory (MB)          :        3        1      4027
...
000 (042.003.000) 03/04 13:04:19 Job submitted from host: <128.83.130.128:56193>
...
001 (042.003.000) 03/04 13:04:31 Job executing on host: <128.83.120.252:35638>
...
006 (042.003.000) 03/04 13:04:40 Image size of job updated: 20977544
	193  -  MemoryUsage of job (MB)
	196828  -  ResidentSetSize of job (KB)
...
006 (042.003.000) 03/04 13:10:03 Image size of job updated: 20977544
	3358  -  MemoryUsage of job (MB)
	3437932  -  ResidentSetSize of job (KB)
...
010 (042.003.000) 03/04 13:10:17 Job was suspended.
	Number of processes actually suspended: 1
...
006 (042.003.000) 03/04 13:10:17 Image size of job updated: 20977544
	3481  -  MemoryUsage of job (MB)
	3564320  -  ResidentSetSize of job (KB)
...
006 (042.003.000) 03/04 13:11:05 Image size of job updated: 21110668
	3481  -  MemoryUsage of job (MB)
	3564320  -  ResidentSetSize of job (KB)
...
004 (042.003.000) 03/04 13:11:05 Job was evicted.
	(0) Job was not checkpointed.
		Usr 0 00:01:54, Sys 0 00:00:05  -  Run Remote Usage
		Usr 0 00:00:00, Sys 0 00:00:00  -  Run Local Usage
	0  -  Run Bytes Sent By Job
	0  -  Run Bytes Received By Job
	Partitionable Resources :    Usage  Request Allocated
	   Cpus                 :                 1         1
	   Disk (KB)            :       10       10    473526
	   Gpus                 :                           0
	   Memory (MB)          :     3481        1      2684
...
009 (042.003.000) 03/04 13:11:05 Job was aborted by the user.
	via condor_rm (by user harshal)
...
000 (062.003.000) 03/04 13:12:13 Job submitted from host: <128.83.130.128:56193>
...
001 (062.003.000) 03/04 13:12:26 Job executing on host: <128.83.120.18:58771>
...
006 (062.003.000) 03/04 13:12:34 Image size of job updated: 29536764
	846  -  MemoryUsage of job (MB)
	865508  -  ResidentSetSize of job (KB)
...
005 (062.003.000) 03/04 13:14:36 Job terminated.
	(1) Normal termination (return value 0)
		Usr 0 00:02:10, Sys 0 00:00:01  -  Run Remote Usage
		Usr 0 00:00:00, Sys 0 00:00:00  -  Run Local Usage
		Usr 0 00:02:10, Sys 0 00:00:01  -  Total Remote Usage
		Usr 0 00:00:00, Sys 0 00:00:00  -  Total Local Usage
	0  -  Run Bytes Sent By Job
	0  -  Run Bytes Received By Job
	0  -  Total Bytes Sent By Job
	0  -  Total Bytes Received By Job
	Partitionable Resources :    Usage  Request Allocated
	   Cpus                 :                 1         1
	   Disk (KB)            :       10       10   8863364
	   Gpus                 :                           0
	   Memory (MB)          :      846        1      4028
...
000 (084.003.000) 03/04 13:47:40 Job submitted from host: <128.83.130.128:56193>
...
001 (084.003.000) 03/04 13:47:50 Job executing on host: <128.83.120.18:58771>
...
006 (084.003.000) 03/04 13:47:59 Image size of job updated: 29536764
	434  -  MemoryUsage of job (MB)
	443936  -  ResidentSetSize of job (KB)
...
004 (084.003.000) 03/04 13:49:09 Job was evicted.
	(0) Job was not checkpointed.
		Usr 0 00:01:20, Sys 0 00:00:01  -  Run Remote Usage
		Usr 0 00:00:00, Sys 0 00:00:00  -  Run Local Usage
	0  -  Run Bytes Sent By Job
	0  -  Run Bytes Received By Job
	Partitionable Resources :    Usage  Request Allocated
	   Cpus                 :                 1         1
	   Disk (KB)            :       10       10   8863364
	   Gpus                 :                           0
	   Memory (MB)          :      434        1      4028
...
009 (084.003.000) 03/04 13:49:10 Job was aborted by the user.
	via condor_rm (by user harshal)
...
000 (107.003.000) 03/04 13:50:13 Job submitted from host: <128.83.130.128:56193>
...
001 (107.003.000) 03/04 13:50:24 Job executing on host: <128.83.144.143:60355>
...
006 (107.003.000) 03/04 13:50:33 Image size of job updated: 29536764
	135  -  MemoryUsage of job (MB)
	137388  -  ResidentSetSize of job (KB)
...
006 (107.003.000) 03/04 13:55:39 Image size of job updated: 29536764
	3762  -  MemoryUsage of job (MB)
	3851564  -  ResidentSetSize of job (KB)
...
006 (107.003.000) 03/04 13:55:53 Image size of job updated: 29603328
	3762  -  MemoryUsage of job (MB)
	3851564  -  ResidentSetSize of job (KB)
...
005 (107.003.000) 03/04 13:55:53 Job terminated.
	(1) Normal termination (return value 0)
		Usr 0 00:02:09, Sys 0 00:00:03  -  Run Remote Usage
		Usr 0 00:00:00, Sys 0 00:00:00  -  Run Local Usage
		Usr 0 00:02:09, Sys 0 00:00:03  -  Total Remote Usage
		Usr 0 00:00:00, Sys 0 00:00:00  -  Total Local Usage
	0  -  Run Bytes Sent By Job
	0  -  Run Bytes Received By Job
	0  -  Total Bytes Sent By Job
	0  -  Total Bytes Received By Job
	Partitionable Resources :    Usage  Request Allocated
	   Cpus                 :                 1         1
	   Disk (KB)            :       10       10   8863343
	   Gpus                 :                           0
	   Memory (MB)          :     3762        1      4028
...
000 (131.003.000) 03/04 14:25:14 Job submitted from host: <128.83.130.128:56193>
...
001 (131.003.000) 03/04 14:25:25 Job executing on host: <128.83.120.18:58771>
...
006 (131.003.000) 03/04 14:25:33 Image size of job updated: 29538604
	463  -  MemoryUsage of job (MB)
	473424  -  ResidentSetSize of job (KB)
...
005 (131.003.000) 03/04 14:27:39 Job terminated.
	(1) Normal termination (return value 0)
		Usr 0 00:02:15, Sys 0 00:00:01  -  Run Remote Usage
		Usr 0 00:00:00, Sys 0 00:00:00  -  Run Local Usage
		Usr 0 00:02:15, Sys 0 00:00:01  -  Total Remote Usage
		Usr 0 00:00:00, Sys 0 00:00:00  -  Total Local Usage
	0  -  Run Bytes Sent By Job
	0  -  Run Bytes Received By Job
	0  -  Total Bytes Sent By Job
	0  -  Total Bytes Received By Job
	Partitionable Resources :    Usage  Request Allocated
	   Cpus                 :                 1         1
	   Disk (KB)            :       10       10   8863364
	   Gpus                 :                           0
	   Memory (MB)          :      463        1      4028
...
