000 (012.012.000) 03/06 18:48:32 Job submitted from host: <128.83.144.121:48069>
...
001 (012.012.000) 03/06 18:49:12 Job executing on host: <128.83.144.48:41187>
...
006 (012.012.000) 03/06 18:49:21 Image size of job updated: 37035460
	43  -  MemoryUsage of job (MB)
	43868  -  ResidentSetSize of job (KB)
...
006 (012.012.000) 03/06 18:51:18 Image size of job updated: 37035476
	43  -  MemoryUsage of job (MB)
	43868  -  ResidentSetSize of job (KB)
...
005 (012.012.000) 03/06 18:51:18 Job terminated.
	(1) Normal termination (return value 0)
		Usr 0 00:02:02, Sys 0 00:00:01  -  Run Remote Usage
		Usr 0 00:00:00, Sys 0 00:00:00  -  Run Local Usage
		Usr 0 00:02:02, Sys 0 00:00:01  -  Total Remote Usage
		Usr 0 00:00:00, Sys 0 00:00:00  -  Total Local Usage
	0  -  Run Bytes Sent By Job
	0  -  Run Bytes Received By Job
	0  -  Total Bytes Sent By Job
	0  -  Total Bytes Received By Job
	Partitionable Resources :    Usage  Request Allocated
	   Cpus                 :                 1         1
	   Disk (KB)            :       10       10   4691980
	   Gpus                 :                           0
	   Memory (MB)          :       43        1      4027
...
