000 (014.009.000) 03/04 12:55:06 Job submitted from host: <128.83.130.128:56193>
...
001 (014.009.000) 03/04 12:55:18 Job executing on host: <128.83.139.5:45293>
...
006 (014.009.000) 03/04 12:55:27 Image size of job updated: 37701116
	185  -  MemoryUsage of job (MB)
	188732  -  ResidentSetSize of job (KB)
...
004 (014.009.000) 03/04 12:58:33 Job was evicted.
	(0) Job was not checkpointed.
		Usr 0 00:03:13, Sys 0 00:00:01  -  Run Remote Usage
		Usr 0 00:00:00, Sys 0 00:00:00  -  Run Local Usage
	0  -  Run Bytes Sent By Job
	0  -  Run Bytes Received By Job
	Partitionable Resources :    Usage  Request Allocated
	   Cpus                 :                 1         1
	   Disk (KB)            :       10       10   4690005
	   Gpus                 :                           0
	   Memory (MB)          :      185        1      4027
...
009 (014.009.000) 03/04 12:58:34 Job was aborted by the user.
	via condor_rm (by user harshal)
...
000 (034.009.000) 03/04 13:04:18 Job submitted from host: <128.83.130.128:56193>
...
001 (034.009.000) 03/04 13:04:31 Job executing on host: <128.83.139.146:48339>
...
006 (034.009.000) 03/04 13:04:40 Image size of job updated: 102608
	3  -  MemoryUsage of job (MB)
	2252  -  ResidentSetSize of job (KB)
...
006 (034.009.000) 03/04 13:08:20 Image size of job updated: 37701116
	3  -  MemoryUsage of job (MB)
	2252  -  ResidentSetSize of job (KB)
...
005 (034.009.000) 03/04 13:08:20 Job terminated.
	(1) Normal termination (return value 0)
		Usr 0 00:03:51, Sys 0 00:00:00  -  Run Remote Usage
		Usr 0 00:00:00, Sys 0 00:00:00  -  Run Local Usage
		Usr 0 00:03:51, Sys 0 00:00:00  -  Total Remote Usage
		Usr 0 00:00:00, Sys 0 00:00:00  -  Total Local Usage
	0  -  Run Bytes Sent By Job
	0  -  Run Bytes Received By Job
	0  -  Total Bytes Sent By Job
	0  -  Total Bytes Received By Job
	Partitionable Resources :    Usage  Request Allocated
	   Cpus                 :                 1         1
	   Disk (KB)            :       10       10   7541874
	   Gpus                 :                           0
	   Memory (MB)          :        3        1      4027
...
000 (054.009.000) 03/04 13:12:12 Job submitted from host: <128.83.130.128:56193>
...
001 (054.009.000) 03/04 13:12:23 Job executing on host: <128.83.139.150:52130>
...
006 (054.009.000) 03/04 13:12:32 Image size of job updated: 37701116
	248  -  MemoryUsage of job (MB)
	253664  -  ResidentSetSize of job (KB)
...
005 (054.009.000) 03/04 13:15:21 Job terminated.
	(1) Normal termination (return value 0)
		Usr 0 00:04:03, Sys 0 00:00:01  -  Run Remote Usage
		Usr 0 00:00:00, Sys 0 00:00:00  -  Run Local Usage
		Usr 0 00:04:03, Sys 0 00:00:01  -  Total Remote Usage
		Usr 0 00:00:00, Sys 0 00:00:00  -  Total Local Usage
	0  -  Run Bytes Sent By Job
	0  -  Run Bytes Received By Job
	0  -  Total Bytes Sent By Job
	0  -  Total Bytes Received By Job
	Partitionable Resources :    Usage  Request Allocated
	   Cpus                 :                 1         1
	   Disk (KB)            :       10       10   7540591
	   Gpus                 :                           0
	   Memory (MB)          :      248        1      4027
...
000 (074.009.000) 03/04 13:47:39 Job submitted from host: <128.83.130.128:56193>
...
001 (074.009.000) 03/04 13:47:51 Job executing on host: <128.83.139.150:52130>
...
006 (074.009.000) 03/04 13:48:00 Image size of job updated: 37035476
	136  -  MemoryUsage of job (MB)
	138924  -  ResidentSetSize of job (KB)
...
006 (074.009.000) 03/04 13:49:09 Image size of job updated: 37701116
	136  -  MemoryUsage of job (MB)
	138924  -  ResidentSetSize of job (KB)
...
004 (074.009.000) 03/04 13:49:09 Job was evicted.
	(0) Job was not checkpointed.
		Usr 0 00:01:05, Sys 0 00:00:00  -  Run Remote Usage
		Usr 0 00:00:00, Sys 0 00:00:00  -  Run Local Usage
	0  -  Run Bytes Sent By Job
	0  -  Run Bytes Received By Job
	Partitionable Resources :    Usage  Request Allocated
	   Cpus                 :                 1         1
	   Disk (KB)            :       10       10   7540596
	   Gpus                 :                           0
	   Memory (MB)          :      136        1      4027
...
009 (074.009.000) 03/04 13:49:09 Job was aborted by the user.
	via condor_rm (by user harshal)
...
000 (096.009.000) 03/04 13:50:12 Job submitted from host: <128.83.130.128:56193>
...
001 (096.009.000) 03/04 13:50:23 Job executing on host: <128.83.144.155:50520>
...
006 (096.009.000) 03/04 13:50:31 Image size of job updated: 29536764
	48  -  MemoryUsage of job (MB)
	48620  -  ResidentSetSize of job (KB)
...
006 (096.009.000) 03/04 13:52:47 Image size of job updated: 30202404
	48  -  MemoryUsage of job (MB)
	48620  -  ResidentSetSize of job (KB)
...
005 (096.009.000) 03/04 13:52:47 Job terminated.
	(1) Normal termination (return value 0)
		Usr 0 00:03:56, Sys 0 00:00:00  -  Run Remote Usage
		Usr 0 00:00:00, Sys 0 00:00:00  -  Run Local Usage
		Usr 0 00:03:56, Sys 0 00:00:00  -  Total Remote Usage
		Usr 0 00:00:00, Sys 0 00:00:00  -  Total Local Usage
	0  -  Run Bytes Sent By Job
	0  -  Run Bytes Received By Job
	0  -  Total Bytes Sent By Job
	0  -  Total Bytes Received By Job
	Partitionable Resources :    Usage  Request Allocated
	   Cpus                 :                 1         1
	   Disk (KB)            :       10       10   8863364
	   Gpus                 :                           0
	   Memory (MB)          :       48        1      4028
...
000 (120.009.000) 03/04 14:25:13 Job submitted from host: <128.83.130.128:56193>
...
001 (120.009.000) 03/04 14:25:24 Job executing on host: <128.83.139.150:52130>
...
006 (120.009.000) 03/04 14:25:32 Image size of job updated: 37701116
	184  -  MemoryUsage of job (MB)
	187656  -  ResidentSetSize of job (KB)
...
005 (120.009.000) 03/04 14:29:16 Job terminated.
	(1) Normal termination (return value 0)
		Usr 0 00:03:51, Sys 0 00:00:01  -  Run Remote Usage
		Usr 0 00:00:00, Sys 0 00:00:00  -  Run Local Usage
		Usr 0 00:03:51, Sys 0 00:00:01  -  Total Remote Usage
		Usr 0 00:00:00, Sys 0 00:00:00  -  Total Local Usage
	0  -  Run Bytes Sent By Job
	0  -  Run Bytes Received By Job
	0  -  Total Bytes Sent By Job
	0  -  Total Bytes Received By Job
	Partitionable Resources :    Usage  Request Allocated
	   Cpus                 :                 1         1
	   Disk (KB)            :       10       10   7539831
	   Gpus                 :                           0
	   Memory (MB)          :      184        1      4027
...
