000 (014.001.000) 03/04 12:55:06 Job submitted from host: <128.83.130.128:56193>
...
001 (014.001.000) 03/04 12:55:16 Job executing on host: <128.83.139.5:45293>
...
006 (014.001.000) 03/04 12:55:25 Image size of job updated: 37703304
	236  -  MemoryUsage of job (MB)
	241140  -  ResidentSetSize of job (KB)
...
004 (014.001.000) 03/04 12:58:33 Job was evicted.
	(0) Job was not checkpointed.
		Usr 0 00:03:18, Sys 0 00:00:01  -  Run Remote Usage
		Usr 0 00:00:00, Sys 0 00:00:00  -  Run Local Usage
	0  -  Run Bytes Sent By Job
	0  -  Run Bytes Received By Job
	Partitionable Resources :    Usage  Request Allocated
	   Cpus                 :                 1         1
	   Disk (KB)            :       10       10   4690005
	   Gpus                 :                           0
	   Memory (MB)          :      236        1      4027
...
009 (014.001.000) 03/04 12:58:34 Job was aborted by the user.
	via condor_rm (by user harshal)
...
000 (034.001.000) 03/04 13:04:18 Job submitted from host: <128.83.130.128:56193>
...
001 (034.001.000) 03/04 13:04:31 Job executing on host: <128.83.139.146:48339>
...
006 (034.001.000) 03/04 13:04:40 Image size of job updated: 37035476
	43  -  MemoryUsage of job (MB)
	43740  -  ResidentSetSize of job (KB)
...
006 (034.001.000) 03/04 13:08:24 Image size of job updated: 37701116
	43  -  MemoryUsage of job (MB)
	43740  -  ResidentSetSize of job (KB)
...
005 (034.001.000) 03/04 13:08:24 Job terminated.
	(1) Normal termination (return value 0)
		Usr 0 00:04:01, Sys 0 00:00:00  -  Run Remote Usage
		Usr 0 00:00:00, Sys 0 00:00:00  -  Run Local Usage
		Usr 0 00:04:01, Sys 0 00:00:00  -  Total Remote Usage
		Usr 0 00:00:00, Sys 0 00:00:00  -  Total Local Usage
	0  -  Run Bytes Sent By Job
	0  -  Run Bytes Received By Job
	0  -  Total Bytes Sent By Job
	0  -  Total Bytes Received By Job
	Partitionable Resources :    Usage  Request Allocated
	   Cpus                 :                 1         1
	   Disk (KB)            :       10       10   7541874
	   Gpus                 :                           0
	   Memory (MB)          :       43        1      4027
...
000 (054.001.000) 03/04 13:12:12 Job submitted from host: <128.83.130.128:56193>
...
001 (054.001.000) 03/04 13:12:23 Job executing on host: <128.83.139.150:52130>
...
006 (054.001.000) 03/04 13:12:31 Image size of job updated: 37701116
	290  -  MemoryUsage of job (MB)
	296928  -  ResidentSetSize of job (KB)
...
005 (054.001.000) 03/04 13:15:23 Job terminated.
	(1) Normal termination (return value 0)
		Usr 0 00:04:06, Sys 0 00:00:01  -  Run Remote Usage
		Usr 0 00:00:00, Sys 0 00:00:00  -  Run Local Usage
		Usr 0 00:04:06, Sys 0 00:00:01  -  Total Remote Usage
		Usr 0 00:00:00, Sys 0 00:00:00  -  Total Local Usage
	0  -  Run Bytes Sent By Job
	0  -  Run Bytes Received By Job
	0  -  Total Bytes Sent By Job
	0  -  Total Bytes Received By Job
	Partitionable Resources :    Usage  Request Allocated
	   Cpus                 :                 1         1
	   Disk (KB)            :       10       10   7540596
	   Gpus                 :                           0
	   Memory (MB)          :      290        1      4027
...
000 (074.001.000) 03/04 13:47:39 Job submitted from host: <128.83.130.128:56193>
...
001 (074.001.000) 03/04 13:47:50 Job executing on host: <128.83.139.150:52130>
...
006 (074.001.000) 03/04 13:47:59 Image size of job updated: 37701116
	227  -  MemoryUsage of job (MB)
	232288  -  ResidentSetSize of job (KB)
...
004 (074.001.000) 03/04 13:49:09 Job was evicted.
	(0) Job was not checkpointed.
		Usr 0 00:01:17, Sys 0 00:00:00  -  Run Remote Usage
		Usr 0 00:00:00, Sys 0 00:00:00  -  Run Local Usage
	0  -  Run Bytes Sent By Job
	0  -  Run Bytes Received By Job
	Partitionable Resources :    Usage  Request Allocated
	   Cpus                 :                 1         1
	   Disk (KB)            :       10       10   7540596
	   Gpus                 :                           0
	   Memory (MB)          :      227        1      4027
...
009 (074.001.000) 03/04 13:49:10 Job was aborted by the user.
	via condor_rm (by user harshal)
...
000 (096.001.000) 03/04 13:50:12 Job submitted from host: <128.83.130.128:56193>
...
001 (096.001.000) 03/04 13:50:24 Job executing on host: <128.83.120.18:58771>
...
006 (096.001.000) 03/04 13:50:32 Image size of job updated: 10
	2  -  MemoryUsage of job (MB)
	2020  -  ResidentSetSize of job (KB)
...
006 (096.001.000) 03/04 13:53:30 Image size of job updated: 30202404
	2  -  MemoryUsage of job (MB)
	2020  -  ResidentSetSize of job (KB)
...
005 (096.001.000) 03/04 13:53:30 Job terminated.
	(1) Normal termination (return value 0)
		Usr 0 00:03:58, Sys 0 00:00:00  -  Run Remote Usage
		Usr 0 00:00:00, Sys 0 00:00:00  -  Run Local Usage
		Usr 0 00:03:58, Sys 0 00:00:00  -  Total Remote Usage
		Usr 0 00:00:00, Sys 0 00:00:00  -  Total Local Usage
	0  -  Run Bytes Sent By Job
	0  -  Run Bytes Received By Job
	0  -  Total Bytes Sent By Job
	0  -  Total Bytes Received By Job
	Partitionable Resources :    Usage  Request Allocated
	   Cpus                 :                 1         1
	   Disk (KB)            :       10       10   8863364
	   Gpus                 :                           0
	   Memory (MB)          :        2        1      4028
...
000 (120.001.000) 03/04 14:25:13 Job submitted from host: <128.83.130.128:56193>
...
001 (120.001.000) 03/04 14:25:22 Job executing on host: <128.83.139.150:52130>
...
006 (120.001.000) 03/04 14:25:31 Image size of job updated: 37701116
	308  -  MemoryUsage of job (MB)
	315120  -  ResidentSetSize of job (KB)
...
005 (120.001.000) 03/04 14:29:16 Job terminated.
	(1) Normal termination (return value 0)
		Usr 0 00:03:46, Sys 0 00:00:01  -  Run Remote Usage
		Usr 0 00:00:00, Sys 0 00:00:00  -  Run Local Usage
		Usr 0 00:03:46, Sys 0 00:00:01  -  Total Remote Usage
		Usr 0 00:00:00, Sys 0 00:00:00  -  Total Local Usage
	0  -  Run Bytes Sent By Job
	0  -  Run Bytes Received By Job
	0  -  Total Bytes Sent By Job
	0  -  Total Bytes Received By Job
	Partitionable Resources :    Usage  Request Allocated
	   Cpus                 :                 1         1
	   Disk (KB)            :       10       10   7539831
	   Gpus                 :                           0
	   Memory (MB)          :      308        1      4027
...
