000 (014.003.000) 03/04 12:55:06 Job submitted from host: <128.83.130.128:56193>
...
001 (014.003.000) 03/04 12:55:17 Job executing on host: <128.83.139.5:45293>
...
006 (014.003.000) 03/04 12:55:26 Image size of job updated: 37701116
	226  -  MemoryUsage of job (MB)
	230616  -  ResidentSetSize of job (KB)
...
004 (014.003.000) 03/04 12:58:33 Job was evicted.
	(0) Job was not checkpointed.
		Usr 0 00:03:15, Sys 0 00:00:01  -  Run Remote Usage
		Usr 0 00:00:00, Sys 0 00:00:00  -  Run Local Usage
	0  -  Run Bytes Sent By Job
	0  -  Run Bytes Received By Job
	Partitionable Resources :    Usage  Request Allocated
	   Cpus                 :                 1         1
	   Disk (KB)            :       10       10   4690005
	   Gpus                 :                           0
	   Memory (MB)          :      226        1      4027
...
009 (014.003.000) 03/04 12:58:34 Job was aborted by the user.
	via condor_rm (by user harshal)
...
000 (034.003.000) 03/04 13:04:18 Job submitted from host: <128.83.130.128:56193>
...
001 (034.003.000) 03/04 13:04:31 Job executing on host: <128.83.139.146:48339>
...
006 (034.003.000) 03/04 13:04:40 Image size of job updated: 102608
	3  -  MemoryUsage of job (MB)
	2252  -  ResidentSetSize of job (KB)
...
006 (034.003.000) 03/04 13:08:12 Image size of job updated: 37701116
	3  -  MemoryUsage of job (MB)
	2252  -  ResidentSetSize of job (KB)
...
005 (034.003.000) 03/04 13:08:12 Job terminated.
	(1) Normal termination (return value 0)
		Usr 0 00:03:38, Sys 0 00:00:01  -  Run Remote Usage
		Usr 0 00:00:00, Sys 0 00:00:00  -  Run Local Usage
		Usr 0 00:03:38, Sys 0 00:00:01  -  Total Remote Usage
		Usr 0 00:00:00, Sys 0 00:00:00  -  Total Local Usage
	0  -  Run Bytes Sent By Job
	0  -  Run Bytes Received By Job
	0  -  Total Bytes Sent By Job
	0  -  Total Bytes Received By Job
	Partitionable Resources :    Usage  Request Allocated
	   Cpus                 :                 1         1
	   Disk (KB)            :       10       10   7541874
	   Gpus                 :                           0
	   Memory (MB)          :        3        1      4027
...
000 (054.003.000) 03/04 13:12:12 Job submitted from host: <128.83.130.128:56193>
...
001 (054.003.000) 03/04 13:12:23 Job executing on host: <128.83.139.150:52130>
...
006 (054.003.000) 03/04 13:12:32 Image size of job updated: 37701116
	277  -  MemoryUsage of job (MB)
	283420  -  ResidentSetSize of job (KB)
...
006 (054.003.000) 03/04 13:15:18 Image size of job updated: 37704248
	277  -  MemoryUsage of job (MB)
	283420  -  ResidentSetSize of job (KB)
...
005 (054.003.000) 03/04 13:15:18 Job terminated.
	(1) Normal termination (return value 0)
		Usr 0 00:04:04, Sys 0 00:00:01  -  Run Remote Usage
		Usr 0 00:00:00, Sys 0 00:00:00  -  Run Local Usage
		Usr 0 00:04:04, Sys 0 00:00:01  -  Total Remote Usage
		Usr 0 00:00:00, Sys 0 00:00:00  -  Total Local Usage
	0  -  Run Bytes Sent By Job
	0  -  Run Bytes Received By Job
	0  -  Total Bytes Sent By Job
	0  -  Total Bytes Received By Job
	Partitionable Resources :    Usage  Request Allocated
	   Cpus                 :                 1         1
	   Disk (KB)            :       10       10   7540595
	   Gpus                 :                           0
	   Memory (MB)          :      277        1      4027
...
000 (074.003.000) 03/04 13:47:39 Job submitted from host: <128.83.130.128:56193>
...
001 (074.003.000) 03/04 13:47:51 Job executing on host: <128.83.139.150:52130>
...
006 (074.003.000) 03/04 13:47:59 Image size of job updated: 37701116
	184  -  MemoryUsage of job (MB)
	187472  -  ResidentSetSize of job (KB)
...
006 (074.003.000) 03/04 13:49:09 Image size of job updated: 37834244
	184  -  MemoryUsage of job (MB)
	187472  -  ResidentSetSize of job (KB)
...
004 (074.003.000) 03/04 13:49:09 Job was evicted.
	(0) Job was not checkpointed.
		Usr 0 00:01:16, Sys 0 00:00:00  -  Run Remote Usage
		Usr 0 00:00:00, Sys 0 00:00:00  -  Run Local Usage
	0  -  Run Bytes Sent By Job
	0  -  Run Bytes Received By Job
	Partitionable Resources :    Usage  Request Allocated
	   Cpus                 :                 1         1
	   Disk (KB)            :       10       10   7540596
	   Gpus                 :                           0
	   Memory (MB)          :      184        1      4027
...
009 (074.003.000) 03/04 13:49:11 Job was aborted by the user.
	via condor_rm (by user harshal)
...
000 (096.003.000) 03/04 13:50:12 Job submitted from host: <128.83.130.128:56193>
...
001 (096.003.000) 03/04 13:50:23 Job executing on host: <128.83.144.155:50520>
...
006 (096.003.000) 03/04 13:50:31 Image size of job updated: 29536764
	75  -  MemoryUsage of job (MB)
	76416  -  ResidentSetSize of job (KB)
...
006 (096.003.000) 03/04 13:52:34 Image size of job updated: 30202404
	75  -  MemoryUsage of job (MB)
	76416  -  ResidentSetSize of job (KB)
...
005 (096.003.000) 03/04 13:52:34 Job terminated.
	(1) Normal termination (return value 0)
		Usr 0 00:03:38, Sys 0 00:00:01  -  Run Remote Usage
		Usr 0 00:00:00, Sys 0 00:00:00  -  Run Local Usage
		Usr 0 00:03:38, Sys 0 00:00:01  -  Total Remote Usage
		Usr 0 00:00:00, Sys 0 00:00:00  -  Total Local Usage
	0  -  Run Bytes Sent By Job
	0  -  Run Bytes Received By Job
	0  -  Total Bytes Sent By Job
	0  -  Total Bytes Received By Job
	Partitionable Resources :    Usage  Request Allocated
	   Cpus                 :                 1         1
	   Disk (KB)            :       10       10   8863364
	   Gpus                 :                           0
	   Memory (MB)          :       75        1      4028
...
000 (120.003.000) 03/04 14:25:13 Job submitted from host: <128.83.130.128:56193>
...
001 (120.003.000) 03/04 14:25:23 Job executing on host: <128.83.139.150:52130>
...
006 (120.003.000) 03/04 14:25:31 Image size of job updated: 37701116
	221  -  MemoryUsage of job (MB)
	225684  -  ResidentSetSize of job (KB)
...
005 (120.003.000) 03/04 14:29:01 Job terminated.
	(1) Normal termination (return value 0)
		Usr 0 00:03:41, Sys 0 00:00:00  -  Run Remote Usage
		Usr 0 00:00:00, Sys 0 00:00:00  -  Run Local Usage
		Usr 0 00:03:41, Sys 0 00:00:00  -  Total Remote Usage
		Usr 0 00:00:00, Sys 0 00:00:00  -  Total Local Usage
	0  -  Run Bytes Sent By Job
	0  -  Run Bytes Received By Job
	0  -  Total Bytes Sent By Job
	0  -  Total Bytes Received By Job
	Partitionable Resources :    Usage  Request Allocated
	   Cpus                 :                 1         1
	   Disk (KB)            :       10       10   7539831
	   Gpus                 :                           0
	   Memory (MB)          :      221        1      4027
...
