000 (014.005.000) 03/04 12:55:06 Job submitted from host: <128.83.130.128:56193>
...
001 (014.005.000) 03/04 12:55:18 Job executing on host: <128.83.139.5:45293>
...
006 (014.005.000) 03/04 12:55:26 Image size of job updated: 37701116
	210  -  MemoryUsage of job (MB)
	214640  -  ResidentSetSize of job (KB)
...
004 (014.005.000) 03/04 12:58:32 Job was evicted.
	(0) Job was not checkpointed.
		Usr 0 00:03:02, Sys 0 00:00:01  -  Run Remote Usage
		Usr 0 00:00:00, Sys 0 00:00:00  -  Run Local Usage
	0  -  Run Bytes Sent By Job
	0  -  Run Bytes Received By Job
	Partitionable Resources :    Usage  Request Allocated
	   Cpus                 :                 1         1
	   Disk (KB)            :       10       10   4690005
	   Gpus                 :                           0
	   Memory (MB)          :      210        1      4027
...
009 (014.005.000) 03/04 12:58:34 Job was aborted by the user.
	via condor_rm (by user harshal)
...
000 (034.005.000) 03/04 13:04:18 Job submitted from host: <128.83.130.128:56193>
...
001 (034.005.000) 03/04 13:04:31 Job executing on host: <128.83.139.146:48339>
...
006 (034.005.000) 03/04 13:04:40 Image size of job updated: 102612
	3  -  MemoryUsage of job (MB)
	2252  -  ResidentSetSize of job (KB)
...
006 (034.005.000) 03/04 13:08:49 Image size of job updated: 37701116
	3  -  MemoryUsage of job (MB)
	2252  -  ResidentSetSize of job (KB)
...
005 (034.005.000) 03/04 13:08:49 Job terminated.
	(1) Normal termination (return value 0)
		Usr 0 00:04:32, Sys 0 00:00:00  -  Run Remote Usage
		Usr 0 00:00:00, Sys 0 00:00:00  -  Run Local Usage
		Usr 0 00:04:32, Sys 0 00:00:00  -  Total Remote Usage
		Usr 0 00:00:00, Sys 0 00:00:00  -  Total Local Usage
	0  -  Run Bytes Sent By Job
	0  -  Run Bytes Received By Job
	0  -  Total Bytes Sent By Job
	0  -  Total Bytes Received By Job
	Partitionable Resources :    Usage  Request Allocated
	   Cpus                 :                 1         1
	   Disk (KB)            :       10       10   7541874
	   Gpus                 :                           0
	   Memory (MB)          :        3        1      4027
...
000 (054.005.000) 03/04 13:12:12 Job submitted from host: <128.83.130.128:56193>
...
001 (054.005.000) 03/04 13:12:23 Job executing on host: <128.83.139.150:52130>
...
006 (054.005.000) 03/04 13:12:32 Image size of job updated: 37701116
	238  -  MemoryUsage of job (MB)
	242812  -  ResidentSetSize of job (KB)
...
005 (054.005.000) 03/04 13:15:46 Job terminated.
	(1) Normal termination (return value 0)
		Usr 0 00:04:51, Sys 0 00:00:01  -  Run Remote Usage
		Usr 0 00:00:00, Sys 0 00:00:00  -  Run Local Usage
		Usr 0 00:04:51, Sys 0 00:00:01  -  Total Remote Usage
		Usr 0 00:00:00, Sys 0 00:00:00  -  Total Local Usage
	0  -  Run Bytes Sent By Job
	0  -  Run Bytes Received By Job
	0  -  Total Bytes Sent By Job
	0  -  Total Bytes Received By Job
	Partitionable Resources :    Usage  Request Allocated
	   Cpus                 :                 1         1
	   Disk (KB)            :       10       10   7540593
	   Gpus                 :                           0
	   Memory (MB)          :      238        1      4027
...
000 (074.005.000) 03/04 13:47:39 Job submitted from host: <128.83.130.128:56193>
...
001 (074.005.000) 03/04 13:47:51 Job executing on host: <128.83.139.150:52130>
...
006 (074.005.000) 03/04 13:47:59 Image size of job updated: 37701116
	194  -  MemoryUsage of job (MB)
	198544  -  ResidentSetSize of job (KB)
...
004 (074.005.000) 03/04 13:49:09 Job was evicted.
	(0) Job was not checkpointed.
		Usr 0 00:01:17, Sys 0 00:00:00  -  Run Remote Usage
		Usr 0 00:00:00, Sys 0 00:00:00  -  Run Local Usage
	0  -  Run Bytes Sent By Job
	0  -  Run Bytes Received By Job
	Partitionable Resources :    Usage  Request Allocated
	   Cpus                 :                 1         1
	   Disk (KB)            :       10       10   7540596
	   Gpus                 :                           0
	   Memory (MB)          :      194        1      4027
...
009 (074.005.000) 03/04 13:49:12 Job was aborted by the user.
	via condor_rm (by user harshal)
...
000 (096.005.000) 03/04 13:50:12 Job submitted from host: <128.83.130.128:56193>
...
001 (096.005.000) 03/04 13:50:22 Job executing on host: <128.83.144.155:50520>
...
006 (096.005.000) 03/04 13:50:31 Image size of job updated: 29536764
	80  -  MemoryUsage of job (MB)
	81256  -  ResidentSetSize of job (KB)
...
006 (096.005.000) 03/04 13:53:02 Image size of job updated: 30202404
	80  -  MemoryUsage of job (MB)
	81256  -  ResidentSetSize of job (KB)
...
005 (096.005.000) 03/04 13:53:02 Job terminated.
	(1) Normal termination (return value 0)
		Usr 0 00:04:38, Sys 0 00:00:01  -  Run Remote Usage
		Usr 0 00:00:00, Sys 0 00:00:00  -  Run Local Usage
		Usr 0 00:04:38, Sys 0 00:00:01  -  Total Remote Usage
		Usr 0 00:00:00, Sys 0 00:00:00  -  Total Local Usage
	0  -  Run Bytes Sent By Job
	0  -  Run Bytes Received By Job
	0  -  Total Bytes Sent By Job
	0  -  Total Bytes Received By Job
	Partitionable Resources :    Usage  Request Allocated
	   Cpus                 :                 1         1
	   Disk (KB)            :       10       10   8863364
	   Gpus                 :                           0
	   Memory (MB)          :       80        1      4028
...
000 (120.005.000) 03/04 14:25:13 Job submitted from host: <128.83.130.128:56193>
...
001 (120.005.000) 03/04 14:25:23 Job executing on host: <128.83.139.150:52130>
...
006 (120.005.000) 03/04 14:25:32 Image size of job updated: 37701116
	208  -  MemoryUsage of job (MB)
	212700  -  ResidentSetSize of job (KB)
...
005 (120.005.000) 03/04 14:29:40 Job terminated.
	(1) Normal termination (return value 0)
		Usr 0 00:04:23, Sys 0 00:00:01  -  Run Remote Usage
		Usr 0 00:00:00, Sys 0 00:00:00  -  Run Local Usage
		Usr 0 00:04:23, Sys 0 00:00:01  -  Total Remote Usage
		Usr 0 00:00:00, Sys 0 00:00:00  -  Total Local Usage
	0  -  Run Bytes Sent By Job
	0  -  Run Bytes Received By Job
	0  -  Total Bytes Sent By Job
	0  -  Total Bytes Received By Job
	Partitionable Resources :    Usage  Request Allocated
	   Cpus                 :                 1         1
	   Disk (KB)            :       10       10   7539831
	   Gpus                 :                           0
	   Memory (MB)          :      208        1      4027
...
