000 (014.006.000) 03/04 12:55:06 Job submitted from host: <128.83.130.128:56193>
...
001 (014.006.000) 03/04 12:55:18 Job executing on host: <128.83.139.5:45293>
...
006 (014.006.000) 03/04 12:55:27 Image size of job updated: 37701116
	201  -  MemoryUsage of job (MB)
	205036  -  ResidentSetSize of job (KB)
...
004 (014.006.000) 03/04 12:58:33 Job was evicted.
	(0) Job was not checkpointed.
		Usr 0 00:03:16, Sys 0 00:00:00  -  Run Remote Usage
		Usr 0 00:00:00, Sys 0 00:00:00  -  Run Local Usage
	0  -  Run Bytes Sent By Job
	0  -  Run Bytes Received By Job
	Partitionable Resources :    Usage  Request Allocated
	   Cpus                 :                 1         1
	   Disk (KB)            :       10       10   4690005
	   Gpus                 :                           0
	   Memory (MB)          :      201        1      4027
...
009 (014.006.000) 03/04 12:58:34 Job was aborted by the user.
	via condor_rm (by user harshal)
...
000 (034.006.000) 03/04 13:04:18 Job submitted from host: <128.83.130.128:56193>
...
001 (034.006.000) 03/04 13:04:31 Job executing on host: <128.83.139.146:48339>
...
006 (034.006.000) 03/04 13:04:40 Image size of job updated: 102604
	3  -  MemoryUsage of job (MB)
	2248  -  ResidentSetSize of job (KB)
...
006 (034.006.000) 03/04 13:07:49 Image size of job updated: 37701116
	3  -  MemoryUsage of job (MB)
	2248  -  ResidentSetSize of job (KB)
...
005 (034.006.000) 03/04 13:07:49 Job terminated.
	(1) Normal termination (return value 0)
		Usr 0 00:03:08, Sys 0 00:00:00  -  Run Remote Usage
		Usr 0 00:00:00, Sys 0 00:00:00  -  Run Local Usage
		Usr 0 00:03:08, Sys 0 00:00:00  -  Total Remote Usage
		Usr 0 00:00:00, Sys 0 00:00:00  -  Total Local Usage
	0  -  Run Bytes Sent By Job
	0  -  Run Bytes Received By Job
	0  -  Total Bytes Sent By Job
	0  -  Total Bytes Received By Job
	Partitionable Resources :    Usage  Request Allocated
	   Cpus                 :                 1         1
	   Disk (KB)            :       10       10   7541874
	   Gpus                 :                           0
	   Memory (MB)          :        3        1      4027
...
000 (054.006.000) 03/04 13:12:12 Job submitted from host: <128.83.130.128:56193>
...
001 (054.006.000) 03/04 13:12:23 Job executing on host: <128.83.139.150:52130>
...
006 (054.006.000) 03/04 13:12:32 Image size of job updated: 37701116
	248  -  MemoryUsage of job (MB)
	253132  -  ResidentSetSize of job (KB)
...
005 (054.006.000) 03/04 13:14:52 Job terminated.
	(1) Normal termination (return value 0)
		Usr 0 00:03:15, Sys 0 00:00:01  -  Run Remote Usage
		Usr 0 00:00:00, Sys 0 00:00:00  -  Run Local Usage
		Usr 0 00:03:15, Sys 0 00:00:01  -  Total Remote Usage
		Usr 0 00:00:00, Sys 0 00:00:00  -  Total Local Usage
	0  -  Run Bytes Sent By Job
	0  -  Run Bytes Received By Job
	0  -  Total Bytes Sent By Job
	0  -  Total Bytes Received By Job
	Partitionable Resources :    Usage  Request Allocated
	   Cpus                 :                 1         1
	   Disk (KB)            :       10       10   7540591
	   Gpus                 :                           0
	   Memory (MB)          :      248        1      4027
...
000 (074.006.000) 03/04 13:47:39 Job submitted from host: <128.83.130.128:56193>
...
001 (074.006.000) 03/04 13:47:51 Job executing on host: <128.83.139.150:52130>
...
006 (074.006.000) 03/04 13:47:59 Image size of job updated: 37035476
	160  -  MemoryUsage of job (MB)
	163136  -  ResidentSetSize of job (KB)
...
006 (074.006.000) 03/04 13:49:09 Image size of job updated: 37834244
	160  -  MemoryUsage of job (MB)
	163136  -  ResidentSetSize of job (KB)
...
004 (074.006.000) 03/04 13:49:09 Job was evicted.
	(0) Job was not checkpointed.
		Usr 0 00:01:15, Sys 0 00:00:00  -  Run Remote Usage
		Usr 0 00:00:00, Sys 0 00:00:00  -  Run Local Usage
	0  -  Run Bytes Sent By Job
	0  -  Run Bytes Received By Job
	Partitionable Resources :    Usage  Request Allocated
	   Cpus                 :                 1         1
	   Disk (KB)            :       10       10   7540596
	   Gpus                 :                           0
	   Memory (MB)          :      160        1      4027
...
009 (074.006.000) 03/04 13:49:12 Job was aborted by the user.
	via condor_rm (by user harshal)
...
000 (096.006.000) 03/04 13:50:12 Job submitted from host: <128.83.130.128:56193>
...
001 (096.006.000) 03/04 13:50:23 Job executing on host: <128.83.144.155:50520>
...
006 (096.006.000) 03/04 13:50:31 Image size of job updated: 29536764
	71  -  MemoryUsage of job (MB)
	71860  -  ResidentSetSize of job (KB)
...
006 (096.006.000) 03/04 13:52:20 Image size of job updated: 30202404
	71  -  MemoryUsage of job (MB)
	71860  -  ResidentSetSize of job (KB)
...
005 (096.006.000) 03/04 13:52:20 Job terminated.
	(1) Normal termination (return value 0)
		Usr 0 00:03:01, Sys 0 00:00:00  -  Run Remote Usage
		Usr 0 00:00:00, Sys 0 00:00:00  -  Run Local Usage
		Usr 0 00:03:01, Sys 0 00:00:00  -  Total Remote Usage
		Usr 0 00:00:00, Sys 0 00:00:00  -  Total Local Usage
	0  -  Run Bytes Sent By Job
	0  -  Run Bytes Received By Job
	0  -  Total Bytes Sent By Job
	0  -  Total Bytes Received By Job
	Partitionable Resources :    Usage  Request Allocated
	   Cpus                 :                 1         1
	   Disk (KB)            :       10       10   8863364
	   Gpus                 :                           0
	   Memory (MB)          :       71        1      4028
...
000 (120.006.000) 03/04 14:25:13 Job submitted from host: <128.83.130.128:56193>
...
001 (120.006.000) 03/04 14:25:23 Job executing on host: <128.83.139.150:52130>
...
006 (120.006.000) 03/04 14:25:32 Image size of job updated: 37701116
	244  -  MemoryUsage of job (MB)
	249404  -  ResidentSetSize of job (KB)
...
005 (120.006.000) 03/04 14:28:39 Job terminated.
	(1) Normal termination (return value 0)
		Usr 0 00:03:06, Sys 0 00:00:01  -  Run Remote Usage
		Usr 0 00:00:00, Sys 0 00:00:00  -  Run Local Usage
		Usr 0 00:03:06, Sys 0 00:00:01  -  Total Remote Usage
		Usr 0 00:00:00, Sys 0 00:00:00  -  Total Local Usage
	0  -  Run Bytes Sent By Job
	0  -  Run Bytes Received By Job
	0  -  Total Bytes Sent By Job
	0  -  Total Bytes Received By Job
	Partitionable Resources :    Usage  Request Allocated
	   Cpus                 :                 1         1
	   Disk (KB)            :       10       10   7539831
	   Gpus                 :                           0
	   Memory (MB)          :      244        1      4027
...
