000 (014.007.000) 03/04 12:55:06 Job submitted from host: <128.83.130.128:56193>
...
001 (014.007.000) 03/04 12:55:18 Job executing on host: <128.83.139.5:45293>
...
006 (014.007.000) 03/04 12:55:27 Image size of job updated: 37701116
	187  -  MemoryUsage of job (MB)
	191488  -  ResidentSetSize of job (KB)
...
004 (014.007.000) 03/04 12:58:32 Job was evicted.
	(0) Job was not checkpointed.
		Usr 0 00:03:04, Sys 0 00:00:00  -  Run Remote Usage
		Usr 0 00:00:00, Sys 0 00:00:00  -  Run Local Usage
	0  -  Run Bytes Sent By Job
	0  -  Run Bytes Received By Job
	Partitionable Resources :    Usage  Request Allocated
	   Cpus                 :                 1         1
	   Disk (KB)            :       10       10   4690005
	   Gpus                 :                           0
	   Memory (MB)          :      187        1      4027
...
009 (014.007.000) 03/04 12:58:33 Job was aborted by the user.
	via condor_rm (by user harshal)
...
000 (034.007.000) 03/04 13:04:18 Job submitted from host: <128.83.130.128:56193>
...
001 (034.007.000) 03/04 13:04:31 Job executing on host: <128.83.139.146:48339>
...
006 (034.007.000) 03/04 13:04:40 Image size of job updated: 102604
	3  -  MemoryUsage of job (MB)
	2252  -  ResidentSetSize of job (KB)
...
006 (034.007.000) 03/04 13:08:34 Image size of job updated: 37701116
	3  -  MemoryUsage of job (MB)
	2252  -  ResidentSetSize of job (KB)
...
005 (034.007.000) 03/04 13:08:34 Job terminated.
	(1) Normal termination (return value 0)
		Usr 0 00:04:18, Sys 0 00:00:00  -  Run Remote Usage
		Usr 0 00:00:00, Sys 0 00:00:00  -  Run Local Usage
		Usr 0 00:04:18, Sys 0 00:00:00  -  Total Remote Usage
		Usr 0 00:00:00, Sys 0 00:00:00  -  Total Local Usage
	0  -  Run Bytes Sent By Job
	0  -  Run Bytes Received By Job
	0  -  Total Bytes Sent By Job
	0  -  Total Bytes Received By Job
	Partitionable Resources :    Usage  Request Allocated
	   Cpus                 :                 1         1
	   Disk (KB)            :       10       10   7541874
	   Gpus                 :                           0
	   Memory (MB)          :        3        1      4027
...
000 (054.007.000) 03/04 13:12:12 Job submitted from host: <128.83.130.128:56193>
...
001 (054.007.000) 03/04 13:12:23 Job executing on host: <128.83.139.150:52130>
...
006 (054.007.000) 03/04 13:12:32 Image size of job updated: 37701116
	235  -  MemoryUsage of job (MB)
	240056  -  ResidentSetSize of job (KB)
...
005 (054.007.000) 03/04 13:15:33 Job terminated.
	(1) Normal termination (return value 0)
		Usr 0 00:04:36, Sys 0 00:00:00  -  Run Remote Usage
		Usr 0 00:00:00, Sys 0 00:00:00  -  Run Local Usage
		Usr 0 00:04:36, Sys 0 00:00:00  -  Total Remote Usage
		Usr 0 00:00:00, Sys 0 00:00:00  -  Total Local Usage
	0  -  Run Bytes Sent By Job
	0  -  Run Bytes Received By Job
	0  -  Total Bytes Sent By Job
	0  -  Total Bytes Received By Job
	Partitionable Resources :    Usage  Request Allocated
	   Cpus                 :                 1         1
	   Disk (KB)            :       10       10   7540591
	   Gpus                 :                           0
	   Memory (MB)          :      235        1      4027
...
000 (074.007.000) 03/04 13:47:39 Job submitted from host: <128.83.130.128:56193>
...
001 (074.007.000) 03/04 13:47:51 Job executing on host: <128.83.139.150:52130>
...
006 (074.007.000) 03/04 13:47:59 Image size of job updated: 37035476
	158  -  MemoryUsage of job (MB)
	161448  -  ResidentSetSize of job (KB)
...
006 (074.007.000) 03/04 13:49:09 Image size of job updated: 37834244
	158  -  MemoryUsage of job (MB)
	161448  -  ResidentSetSize of job (KB)
...
004 (074.007.000) 03/04 13:49:09 Job was evicted.
	(0) Job was not checkpointed.
		Usr 0 00:01:16, Sys 0 00:00:00  -  Run Remote Usage
		Usr 0 00:00:00, Sys 0 00:00:00  -  Run Local Usage
	0  -  Run Bytes Sent By Job
	0  -  Run Bytes Received By Job
	Partitionable Resources :    Usage  Request Allocated
	   Cpus                 :                 1         1
	   Disk (KB)            :       10       10   7540596
	   Gpus                 :                           0
	   Memory (MB)          :      158        1      4027
...
009 (074.007.000) 03/04 13:49:12 Job was aborted by the user.
	via condor_rm (by user harshal)
...
000 (096.007.000) 03/04 13:50:12 Job submitted from host: <128.83.130.128:56193>
...
001 (096.007.000) 03/04 13:50:23 Job executing on host: <128.83.144.155:50520>
...
006 (096.007.000) 03/04 13:50:31 Image size of job updated: 29536764
	69  -  MemoryUsage of job (MB)
	70580  -  ResidentSetSize of job (KB)
...
006 (096.007.000) 03/04 13:52:48 Image size of job updated: 30202404
	69  -  MemoryUsage of job (MB)
	70580  -  ResidentSetSize of job (KB)
...
005 (096.007.000) 03/04 13:52:48 Job terminated.
	(1) Normal termination (return value 0)
		Usr 0 00:04:20, Sys 0 00:00:00  -  Run Remote Usage
		Usr 0 00:00:00, Sys 0 00:00:00  -  Run Local Usage
		Usr 0 00:04:20, Sys 0 00:00:00  -  Total Remote Usage
		Usr 0 00:00:00, Sys 0 00:00:00  -  Total Local Usage
	0  -  Run Bytes Sent By Job
	0  -  Run Bytes Received By Job
	0  -  Total Bytes Sent By Job
	0  -  Total Bytes Received By Job
	Partitionable Resources :    Usage  Request Allocated
	   Cpus                 :                 1         1
	   Disk (KB)            :       10       10   8863350
	   Gpus                 :                           0
	   Memory (MB)          :       69        1      4028
...
000 (120.007.000) 03/04 14:25:13 Job submitted from host: <128.83.130.128:56193>
...
001 (120.007.000) 03/04 14:25:23 Job executing on host: <128.83.139.150:52130>
...
006 (120.007.000) 03/04 14:25:32 Image size of job updated: 37701116
	242  -  MemoryUsage of job (MB)
	247460  -  ResidentSetSize of job (KB)
...
005 (120.007.000) 03/04 14:29:21 Job terminated.
	(1) Normal termination (return value 0)
		Usr 0 00:04:03, Sys 0 00:00:01  -  Run Remote Usage
		Usr 0 00:00:00, Sys 0 00:00:00  -  Run Local Usage
		Usr 0 00:04:03, Sys 0 00:00:01  -  Total Remote Usage
		Usr 0 00:00:00, Sys 0 00:00:00  -  Total Local Usage
	0  -  Run Bytes Sent By Job
	0  -  Run Bytes Received By Job
	0  -  Total Bytes Sent By Job
	0  -  Total Bytes Received By Job
	Partitionable Resources :    Usage  Request Allocated
	   Cpus                 :                 1         1
	   Disk (KB)            :       10       10   7539831
	   Gpus                 :                           0
	   Memory (MB)          :      242        1      4027
...
