000 (2637.008.000) 04/03 14:51:09 Job submitted from host: <128.83.144.174:47204>
...
001 (2637.008.000) 04/03 14:51:50 Job executing on host: <128.83.139.150:49921>
...
006 (2637.008.000) 04/03 14:51:59 Image size of job updated: 35558040
	17  -  MemoryUsage of job (MB)
	16656  -  ResidentSetSize of job (KB)
...
006 (2637.008.000) 04/03 14:57:00 Image size of job updated: 37035476
	8565  -  MemoryUsage of job (MB)
	8769568  -  ResidentSetSize of job (KB)
...
006 (2637.008.000) 04/03 15:02:01 Image size of job updated: 37035476
	9088  -  MemoryUsage of job (MB)
	9305304  -  ResidentSetSize of job (KB)
...
006 (2637.008.000) 04/03 15:07:01 Image size of job updated: 37035476
	9247  -  MemoryUsage of job (MB)
	9468692  -  ResidentSetSize of job (KB)
...
006 (2637.008.000) 04/03 15:12:02 Image size of job updated: 37035476
	9324  -  MemoryUsage of job (MB)
	9547560  -  ResidentSetSize of job (KB)
...
006 (2637.008.000) 04/03 15:52:07 Image size of job updated: 37035476
	9336  -  MemoryUsage of job (MB)
	9559820  -  ResidentSetSize of job (KB)
...
006 (2637.008.000) 04/03 16:42:12 Image size of job updated: 37035476
	9342  -  MemoryUsage of job (MB)
	9565224  -  ResidentSetSize of job (KB)
...
006 (2637.008.000) 04/03 16:47:12 Image size of job updated: 37035476
	9419  -  MemoryUsage of job (MB)
	9644660  -  ResidentSetSize of job (KB)
...
006 (2637.008.000) 04/03 17:32:16 Image size of job updated: 37035476
	9905  -  MemoryUsage of job (MB)
	10142564  -  ResidentSetSize of job (KB)
...
006 (2637.008.000) 04/03 17:37:17 Image size of job updated: 37035476
	10027  -  MemoryUsage of job (MB)
	10267260  -  ResidentSetSize of job (KB)
...
006 (2637.008.000) 04/03 17:57:18 Image size of job updated: 37035476
	10156  -  MemoryUsage of job (MB)
	10399648  -  ResidentSetSize of job (KB)
...
006 (2637.008.000) 04/03 18:02:18 Image size of job updated: 37035476
	10174  -  MemoryUsage of job (MB)
	10417756  -  ResidentSetSize of job (KB)
...
005 (2637.008.000) 04/03 18:52:58 Job terminated.
	(1) Normal termination (return value 0)
		Usr 0 01:13:45, Sys 0 00:03:13  -  Run Remote Usage
		Usr 0 00:00:00, Sys 0 00:00:00  -  Run Local Usage
		Usr 0 01:13:45, Sys 0 00:03:13  -  Total Remote Usage
		Usr 0 00:00:00, Sys 0 00:00:00  -  Total Local Usage
	0  -  Run Bytes Sent By Job
	0  -  Run Bytes Received By Job
	0  -  Total Bytes Sent By Job
	0  -  Total Bytes Received By Job
	Partitionable Resources :    Usage  Request Allocated
	   Cpus                 :                 1         1
	   Disk (KB)            :       10       10   7541873
	   Gpus                 :                           0
	   Memory (MB)          :    10174        1      4027
...
