000 (2637.007.000) 04/03 14:51:09 Job submitted from host: <128.83.144.174:47204>
...
001 (2637.007.000) 04/03 14:51:50 Job executing on host: <128.83.139.150:49921>
...
006 (2637.007.000) 04/03 14:51:59 Image size of job updated: 35558040
	19  -  MemoryUsage of job (MB)
	18560  -  ResidentSetSize of job (KB)
...
006 (2637.007.000) 04/03 14:57:00 Image size of job updated: 37035476
	8550  -  MemoryUsage of job (MB)
	8754192  -  ResidentSetSize of job (KB)
...
006 (2637.007.000) 04/03 15:02:01 Image size of job updated: 37035476
	8682  -  MemoryUsage of job (MB)
	8890096  -  ResidentSetSize of job (KB)
...
006 (2637.007.000) 04/03 15:07:01 Image size of job updated: 37035476
	9058  -  MemoryUsage of job (MB)
	9274840  -  ResidentSetSize of job (KB)
...
006 (2637.007.000) 04/03 15:12:02 Image size of job updated: 37035476
	9247  -  MemoryUsage of job (MB)
	9468520  -  ResidentSetSize of job (KB)
...
006 (2637.007.000) 04/03 15:47:05 Image size of job updated: 37035476
	9329  -  MemoryUsage of job (MB)
	9552280  -  ResidentSetSize of job (KB)
...
006 (2637.007.000) 04/03 15:52:05 Image size of job updated: 37035476
	9541  -  MemoryUsage of job (MB)
	9769440  -  ResidentSetSize of job (KB)
...
006 (2637.007.000) 04/03 15:57:06 Image size of job updated: 37035476
	9814  -  MemoryUsage of job (MB)
	10049536  -  ResidentSetSize of job (KB)
...
006 (2637.007.000) 04/03 16:42:11 Image size of job updated: 37035476
	9851  -  MemoryUsage of job (MB)
	10087144  -  ResidentSetSize of job (KB)
...
006 (2637.007.000) 04/03 17:32:14 Image size of job updated: 37035476
	10115  -  MemoryUsage of job (MB)
	10356740  -  ResidentSetSize of job (KB)
...
005 (2637.007.000) 04/03 18:40:48 Job terminated.
	(1) Normal termination (return value 0)
		Usr 0 01:05:34, Sys 0 00:02:47  -  Run Remote Usage
		Usr 0 00:00:00, Sys 0 00:00:00  -  Run Local Usage
		Usr 0 01:05:34, Sys 0 00:02:47  -  Total Remote Usage
		Usr 0 00:00:00, Sys 0 00:00:00  -  Total Local Usage
	0  -  Run Bytes Sent By Job
	0  -  Run Bytes Received By Job
	0  -  Total Bytes Sent By Job
	0  -  Total Bytes Received By Job
	Partitionable Resources :    Usage  Request Allocated
	   Cpus                 :                 1         1
	   Disk (KB)            :       10       10   7541873
	   Gpus                 :                           0
	   Memory (MB)          :    10115        1      4027
...
