000 (2637.012.000) 04/03 14:51:09 Job submitted from host: <128.83.144.174:47204>
...
001 (2637.012.000) 04/03 14:51:50 Job executing on host: <128.83.139.150:49921>
...
006 (2637.012.000) 04/03 14:51:59 Image size of job updated: 10
	2  -  MemoryUsage of job (MB)
	2008  -  ResidentSetSize of job (KB)
...
006 (2637.012.000) 04/03 14:57:00 Image size of job updated: 37035476
	8606  -  MemoryUsage of job (MB)
	8811628  -  ResidentSetSize of job (KB)
...
006 (2637.012.000) 04/03 15:02:00 Image size of job updated: 37035476
	8780  -  MemoryUsage of job (MB)
	8989936  -  ResidentSetSize of job (KB)
...
006 (2637.012.000) 04/03 15:07:01 Image size of job updated: 37035476
	9063  -  MemoryUsage of job (MB)
	9279496  -  ResidentSetSize of job (KB)
...
006 (2637.012.000) 04/03 15:32:04 Image size of job updated: 37035476
	9378  -  MemoryUsage of job (MB)
	9602848  -  ResidentSetSize of job (KB)
...
006 (2637.012.000) 04/03 17:32:15 Image size of job updated: 37035476
	9786  -  MemoryUsage of job (MB)
	10019940  -  ResidentSetSize of job (KB)
...
006 (2637.012.000) 04/03 17:37:17 Image size of job updated: 37035476
	10013  -  MemoryUsage of job (MB)
	10252884  -  ResidentSetSize of job (KB)
...
005 (2637.012.000) 04/03 19:04:03 Job terminated.
	(1) Normal termination (return value 0)
		Usr 0 01:20:37, Sys 0 00:02:58  -  Run Remote Usage
		Usr 0 00:00:00, Sys 0 00:00:00  -  Run Local Usage
		Usr 0 01:20:37, Sys 0 00:02:58  -  Total Remote Usage
		Usr 0 00:00:00, Sys 0 00:00:00  -  Total Local Usage
	0  -  Run Bytes Sent By Job
	0  -  Run Bytes Received By Job
	0  -  Total Bytes Sent By Job
	0  -  Total Bytes Received By Job
	Partitionable Resources :    Usage  Request Allocated
	   Cpus                 :                 1         1
	   Disk (KB)            :       10       10   7541873
	   Gpus                 :                           0
	   Memory (MB)          :    10013        1      4027
...
