000 (2637.002.000) 04/03 14:51:09 Job submitted from host: <128.83.144.174:47204>
...
001 (2637.002.000) 04/03 14:51:53 Job executing on host: <128.83.144.70:53241>
...
006 (2637.002.000) 04/03 14:52:02 Image size of job updated: 10
	2  -  MemoryUsage of job (MB)
	2008  -  ResidentSetSize of job (KB)
...
006 (2637.002.000) 04/03 14:57:03 Image size of job updated: 34347984
	7487  -  MemoryUsage of job (MB)
	7666116  -  ResidentSetSize of job (KB)
...
006 (2637.002.000) 04/03 15:02:04 Image size of job updated: 34347984
	9435  -  MemoryUsage of job (MB)
	9660820  -  ResidentSetSize of job (KB)
...
006 (2637.002.000) 04/03 15:07:04 Image size of job updated: 34347984
	9460  -  MemoryUsage of job (MB)
	9686340  -  ResidentSetSize of job (KB)
...
005 (2637.002.000) 04/03 15:09:37 Job terminated.
	(1) Normal termination (return value 0)
		Usr 0 00:17:46, Sys 0 00:00:06  -  Run Remote Usage
		Usr 0 00:00:00, Sys 0 00:00:00  -  Run Local Usage
		Usr 0 00:17:46, Sys 0 00:00:06  -  Total Remote Usage
		Usr 0 00:00:00, Sys 0 00:00:00  -  Total Local Usage
	0  -  Run Bytes Sent By Job
	0  -  Run Bytes Received By Job
	0  -  Total Bytes Sent By Job
	0  -  Total Bytes Received By Job
	Partitionable Resources :    Usage  Request Allocated
	   Cpus                 :                 1         1
	   Disk (KB)            :       10       10   4691980
	   Gpus                 :                           0
	   Memory (MB)          :     9460        1      3523
...
