000 (2637.003.000) 04/03 14:51:09 Job submitted from host: <128.83.144.174:47204>
...
001 (2637.003.000) 04/03 14:51:49 Job executing on host: <128.83.120.148:40342>
...
006 (2637.003.000) 04/03 14:51:58 Image size of job updated: 11190132
	222  -  MemoryUsage of job (MB)
	226452  -  ResidentSetSize of job (KB)
...
006 (2637.003.000) 04/03 14:56:59 Image size of job updated: 11190132
	2959  -  MemoryUsage of job (MB)
	3029224  -  ResidentSetSize of job (KB)
...
006 (2637.003.000) 04/03 15:01:59 Image size of job updated: 11190132
	3075  -  MemoryUsage of job (MB)
	3148040  -  ResidentSetSize of job (KB)
...
006 (2637.003.000) 04/03 15:06:59 Image size of job updated: 11190132
	3075  -  MemoryUsage of job (MB)
	3148044  -  ResidentSetSize of job (KB)
...
006 (2637.003.000) 04/03 15:12:00 Image size of job updated: 11190132
	3087  -  MemoryUsage of job (MB)
	3160392  -  ResidentSetSize of job (KB)
...
006 (2637.003.000) 04/03 15:17:01 Image size of job updated: 11190132
	3096  -  MemoryUsage of job (MB)
	3169532  -  ResidentSetSize of job (KB)
...
005 (2637.003.000) 04/03 15:18:10 Job terminated.
	(1) Normal termination (return value 0)
		Usr 0 00:26:58, Sys 0 00:00:10  -  Run Remote Usage
		Usr 0 00:00:00, Sys 0 00:00:00  -  Run Local Usage
		Usr 0 00:26:58, Sys 0 00:00:10  -  Total Remote Usage
		Usr 0 00:00:00, Sys 0 00:00:00  -  Total Local Usage
	0  -  Run Bytes Sent By Job
	0  -  Run Bytes Received By Job
	0  -  Total Bytes Sent By Job
	0  -  Total Bytes Received By Job
	Partitionable Resources :    Usage  Request Allocated
	   Cpus                 :                 1         1
	   Disk (KB)            :       10       10    749897
	   Gpus                 :                           0
	   Memory (MB)          :     3096        1      4021
...
