000 (016.001.000) 03/04 12:55:06 Job submitted from host: <128.83.130.128:56193>
...
001 (016.001.000) 03/04 12:55:17 Job executing on host: <128.83.139.147:42722>
...
006 (016.001.000) 03/04 12:55:25 Image size of job updated: 37035476
	157  -  MemoryUsage of job (MB)
	160672  -  ResidentSetSize of job (KB)
...
006 (016.001.000) 03/04 12:57:44 Image size of job updated: 37701116
	157  -  MemoryUsage of job (MB)
	160672  -  ResidentSetSize of job (KB)
...
005 (016.001.000) 03/04 12:57:44 Job terminated.
	(1) Normal termination (return value 0)
		Usr 0 00:02:24, Sys 0 00:00:01  -  Run Remote Usage
		Usr 0 00:00:00, Sys 0 00:00:00  -  Run Local Usage
		Usr 0 00:02:24, Sys 0 00:00:01  -  Total Remote Usage
		Usr 0 00:00:00, Sys 0 00:00:00  -  Total Local Usage
	0  -  Run Bytes Sent By Job
	0  -  Run Bytes Received By Job
	0  -  Total Bytes Sent By Job
	0  -  Total Bytes Received By Job
	Partitionable Resources :    Usage  Request Allocated
	   Cpus                 :                 1         1
	   Disk (KB)            :       10       10   7541874
	   Gpus                 :                           0
	   Memory (MB)          :      157        1      4027
...
000 (036.001.000) 03/04 13:04:19 Job submitted from host: <128.83.130.128:56193>
...
001 (036.001.000) 03/04 13:04:29 Job executing on host: <128.83.120.18:58771>
...
006 (036.001.000) 03/04 13:04:38 Image size of job updated: 29539332
	97  -  MemoryUsage of job (MB)
	99032  -  ResidentSetSize of job (KB)
...
006 (036.001.000) 03/04 13:07:08 Image size of job updated: 30202404
	97  -  MemoryUsage of job (MB)
	99032  -  ResidentSetSize of job (KB)
...
005 (036.001.000) 03/04 13:07:08 Job terminated.
	(1) Normal termination (return value 0)
		Usr 0 00:02:39, Sys 0 00:00:00  -  Run Remote Usage
		Usr 0 00:00:00, Sys 0 00:00:00  -  Run Local Usage
		Usr 0 00:02:39, Sys 0 00:00:00  -  Total Remote Usage
		Usr 0 00:00:00, Sys 0 00:00:00  -  Total Local Usage
	0  -  Run Bytes Sent By Job
	0  -  Run Bytes Received By Job
	0  -  Total Bytes Sent By Job
	0  -  Total Bytes Received By Job
	Partitionable Resources :    Usage  Request Allocated
	   Cpus                 :                 1         1
	   Disk (KB)            :       10       10   8863364
	   Gpus                 :                           0
	   Memory (MB)          :       97        1      4028
...
000 (056.001.000) 03/04 13:12:13 Job submitted from host: <128.83.130.128:56193>
...
001 (056.001.000) 03/04 13:12:25 Job executing on host: <128.83.139.146:48339>
...
006 (056.001.000) 03/04 13:12:33 Image size of job updated: 102608
	3  -  MemoryUsage of job (MB)
	2256  -  ResidentSetSize of job (KB)
...
006 (056.001.000) 03/04 13:14:03 Image size of job updated: 37701116
	3  -  MemoryUsage of job (MB)
	2256  -  ResidentSetSize of job (KB)
...
005 (056.001.000) 03/04 13:14:03 Job terminated.
	(1) Normal termination (return value 0)
		Usr 0 00:02:26, Sys 0 00:00:00  -  Run Remote Usage
		Usr 0 00:00:00, Sys 0 00:00:00  -  Run Local Usage
		Usr 0 00:02:26, Sys 0 00:00:00  -  Total Remote Usage
		Usr 0 00:00:00, Sys 0 00:00:00  -  Total Local Usage
	0  -  Run Bytes Sent By Job
	0  -  Run Bytes Received By Job
	0  -  Total Bytes Sent By Job
	0  -  Total Bytes Received By Job
	Partitionable Resources :    Usage  Request Allocated
	   Cpus                 :                 1         1
	   Disk (KB)            :       10       10   7541871
	   Gpus                 :                           0
	   Memory (MB)          :        3        1      4027
...
000 (076.001.000) 03/04 13:47:40 Job submitted from host: <128.83.130.128:56193>
...
001 (076.001.000) 03/04 13:47:51 Job executing on host: <128.83.139.146:48339>
...
006 (076.001.000) 03/04 13:48:00 Image size of job updated: 37701116
	220  -  MemoryUsage of job (MB)
	224344  -  ResidentSetSize of job (KB)
...
006 (076.001.000) 03/04 13:49:09 Image size of job updated: 37703004
	220  -  MemoryUsage of job (MB)
	224344  -  ResidentSetSize of job (KB)
...
004 (076.001.000) 03/04 13:49:09 Job was evicted.
	(0) Job was not checkpointed.
		Usr 0 00:01:26, Sys 0 00:00:00  -  Run Remote Usage
		Usr 0 00:00:00, Sys 0 00:00:00  -  Run Local Usage
	0  -  Run Bytes Sent By Job
	0  -  Run Bytes Received By Job
	Partitionable Resources :    Usage  Request Allocated
	   Cpus                 :                 1         1
	   Disk (KB)            :       10       10   7541874
	   Gpus                 :                           0
	   Memory (MB)          :      220        1      4027
...
009 (076.001.000) 03/04 13:49:11 Job was aborted by the user.
	via condor_rm (by user harshal)
...
000 (098.001.000) 03/04 13:50:12 Job submitted from host: <128.83.130.128:56193>
...
001 (098.001.000) 03/04 13:50:24 Job executing on host: <128.83.144.149:47710>
...
006 (098.001.000) 03/04 13:50:32 Image size of job updated: 29536764
	113  -  MemoryUsage of job (MB)
	115000  -  ResidentSetSize of job (KB)
...
006 (098.001.000) 03/04 13:53:00 Image size of job updated: 30202404
	113  -  MemoryUsage of job (MB)
	115000  -  ResidentSetSize of job (KB)
...
005 (098.001.000) 03/04 13:53:00 Job terminated.
	(1) Normal termination (return value 0)
		Usr 0 00:02:36, Sys 0 00:00:00  -  Run Remote Usage
		Usr 0 00:00:00, Sys 0 00:00:00  -  Run Local Usage
		Usr 0 00:02:36, Sys 0 00:00:00  -  Total Remote Usage
		Usr 0 00:00:00, Sys 0 00:00:00  -  Total Local Usage
	0  -  Run Bytes Sent By Job
	0  -  Run Bytes Received By Job
	0  -  Total Bytes Sent By Job
	0  -  Total Bytes Received By Job
	Partitionable Resources :    Usage  Request Allocated
	   Cpus                 :                 1         1
	   Disk (KB)            :       10       10   8862063
	   Gpus                 :                           0
	   Memory (MB)          :      113        1      4028
...
000 (122.001.000) 03/04 14:25:14 Job submitted from host: <128.83.130.128:56193>
...
001 (122.001.000) 03/04 14:25:23 Job executing on host: <128.83.139.146:48339>
...
006 (122.001.000) 03/04 14:25:31 Image size of job updated: 37701116
	214  -  MemoryUsage of job (MB)
	218748  -  ResidentSetSize of job (KB)
...
005 (122.001.000) 03/04 14:27:56 Job terminated.
	(1) Normal termination (return value 0)
		Usr 0 00:02:25, Sys 0 00:00:01  -  Run Remote Usage
		Usr 0 00:00:00, Sys 0 00:00:00  -  Run Local Usage
		Usr 0 00:02:25, Sys 0 00:00:01  -  Total Remote Usage
		Usr 0 00:00:00, Sys 0 00:00:00  -  Total Local Usage
	0  -  Run Bytes Sent By Job
	0  -  Run Bytes Received By Job
	0  -  Total Bytes Sent By Job
	0  -  Total Bytes Received By Job
	Partitionable Resources :    Usage  Request Allocated
	   Cpus                 :                 1         1
	   Disk (KB)            :       10       10   7541874
	   Gpus                 :                           0
	   Memory (MB)          :      214        1      4027
...
