000 (016.002.000) 03/04 12:55:06 Job submitted from host: <128.83.130.128:56193>
...
001 (016.002.000) 03/04 12:55:17 Job executing on host: <128.83.139.147:42722>
...
006 (016.002.000) 03/04 12:55:26 Image size of job updated: 37701116
	186  -  MemoryUsage of job (MB)
	189880  -  ResidentSetSize of job (KB)
...
004 (016.002.000) 03/04 12:58:32 Job was evicted.
	(0) Job was not checkpointed.
		Usr 0 00:03:50, Sys 0 00:00:01  -  Run Remote Usage
		Usr 0 00:00:00, Sys 0 00:00:00  -  Run Local Usage
	0  -  Run Bytes Sent By Job
	0  -  Run Bytes Received By Job
	Partitionable Resources :    Usage  Request Allocated
	   Cpus                 :                 1         1
	   Disk (KB)            :       10       10   7541874
	   Gpus                 :                           0
	   Memory (MB)          :      186        1      4027
...
009 (016.002.000) 03/04 12:58:33 Job was aborted by the user.
	via condor_rm (by user harshal)
...
000 (036.002.000) 03/04 13:04:19 Job submitted from host: <128.83.130.128:56193>
...
001 (036.002.000) 03/04 13:04:30 Job executing on host: <128.83.120.18:58771>
...
006 (036.002.000) 03/04 13:04:38 Image size of job updated: 29536764
	104  -  MemoryUsage of job (MB)
	106064  -  ResidentSetSize of job (KB)
...
006 (036.002.000) 03/04 13:09:11 Image size of job updated: 30202404
	104  -  MemoryUsage of job (MB)
	106064  -  ResidentSetSize of job (KB)
...
005 (036.002.000) 03/04 13:09:11 Job terminated.
	(1) Normal termination (return value 0)
		Usr 0 00:06:04, Sys 0 00:00:01  -  Run Remote Usage
		Usr 0 00:00:00, Sys 0 00:00:00  -  Run Local Usage
		Usr 0 00:06:04, Sys 0 00:00:01  -  Total Remote Usage
		Usr 0 00:00:00, Sys 0 00:00:00  -  Total Local Usage
	0  -  Run Bytes Sent By Job
	0  -  Run Bytes Received By Job
	0  -  Total Bytes Sent By Job
	0  -  Total Bytes Received By Job
	Partitionable Resources :    Usage  Request Allocated
	   Cpus                 :                 1         1
	   Disk (KB)            :       10       10   8863364
	   Gpus                 :                           0
	   Memory (MB)          :      104        1      4028
...
000 (056.002.000) 03/04 13:12:13 Job submitted from host: <128.83.130.128:56193>
...
001 (056.002.000) 03/04 13:12:25 Job executing on host: <128.83.139.146:48339>
...
006 (056.002.000) 03/04 13:12:33 Image size of job updated: 102612
	3  -  MemoryUsage of job (MB)
	2256  -  ResidentSetSize of job (KB)
...
006 (056.002.000) 03/04 13:15:36 Image size of job updated: 37701116
	3  -  MemoryUsage of job (MB)
	2256  -  ResidentSetSize of job (KB)
...
005 (056.002.000) 03/04 13:15:36 Job terminated.
	(1) Normal termination (return value 0)
		Usr 0 00:06:18, Sys 0 00:00:02  -  Run Remote Usage
		Usr 0 00:00:00, Sys 0 00:00:00  -  Run Local Usage
		Usr 0 00:06:18, Sys 0 00:00:02  -  Total Remote Usage
		Usr 0 00:00:00, Sys 0 00:00:00  -  Total Local Usage
	0  -  Run Bytes Sent By Job
	0  -  Run Bytes Received By Job
	0  -  Total Bytes Sent By Job
	0  -  Total Bytes Received By Job
	Partitionable Resources :    Usage  Request Allocated
	   Cpus                 :                 1         1
	   Disk (KB)            :       10       10   7541871
	   Gpus                 :                           0
	   Memory (MB)          :        3        1      4027
...
000 (076.002.000) 03/04 13:47:40 Job submitted from host: <128.83.130.128:56193>
...
001 (076.002.000) 03/04 13:47:52 Job executing on host: <128.83.139.146:48339>
...
006 (076.002.000) 03/04 13:48:00 Image size of job updated: 37701116
	211  -  MemoryUsage of job (MB)
	215072  -  ResidentSetSize of job (KB)
...
004 (076.002.000) 03/04 13:49:09 Job was evicted.
	(0) Job was not checkpointed.
		Usr 0 00:01:26, Sys 0 00:00:00  -  Run Remote Usage
		Usr 0 00:00:00, Sys 0 00:00:00  -  Run Local Usage
	0  -  Run Bytes Sent By Job
	0  -  Run Bytes Received By Job
	Partitionable Resources :    Usage  Request Allocated
	   Cpus                 :                 1         1
	   Disk (KB)            :       10       10   7541874
	   Gpus                 :                           0
	   Memory (MB)          :      211        1      4027
...
009 (076.002.000) 03/04 13:49:12 Job was aborted by the user.
	via condor_rm (by user harshal)
...
000 (098.002.000) 03/04 13:50:12 Job submitted from host: <128.83.130.128:56193>
...
001 (098.002.000) 03/04 13:50:24 Job executing on host: <128.83.144.149:47710>
...
006 (098.002.000) 03/04 13:50:33 Image size of job updated: 29536768
	81  -  MemoryUsage of job (MB)
	82564  -  ResidentSetSize of job (KB)
...
006 (098.002.000) 03/04 13:55:15 Image size of job updated: 30202404
	81  -  MemoryUsage of job (MB)
	82564  -  ResidentSetSize of job (KB)
...
005 (098.002.000) 03/04 13:55:15 Job terminated.
	(1) Normal termination (return value 0)
		Usr 0 00:05:59, Sys 0 00:00:01  -  Run Remote Usage
		Usr 0 00:00:00, Sys 0 00:00:00  -  Run Local Usage
		Usr 0 00:05:59, Sys 0 00:00:01  -  Total Remote Usage
		Usr 0 00:00:00, Sys 0 00:00:00  -  Total Local Usage
	0  -  Run Bytes Sent By Job
	0  -  Run Bytes Received By Job
	0  -  Total Bytes Sent By Job
	0  -  Total Bytes Received By Job
	Partitionable Resources :    Usage  Request Allocated
	   Cpus                 :                 1         1
	   Disk (KB)            :       10       10   8862063
	   Gpus                 :                           0
	   Memory (MB)          :       81        1      4028
...
000 (122.002.000) 03/04 14:25:14 Job submitted from host: <128.83.130.128:56193>
...
001 (122.002.000) 03/04 14:25:23 Job executing on host: <128.83.139.146:48339>
...
006 (122.002.000) 03/04 14:25:32 Image size of job updated: 37035480
	160  -  MemoryUsage of job (MB)
	163352  -  ResidentSetSize of job (KB)
...
006 (122.002.000) 03/04 14:30:16 Image size of job updated: 37701116
	160  -  MemoryUsage of job (MB)
	163352  -  ResidentSetSize of job (KB)
...
005 (122.002.000) 03/04 14:30:16 Job terminated.
	(1) Normal termination (return value 0)
		Usr 0 00:05:53, Sys 0 00:00:01  -  Run Remote Usage
		Usr 0 00:00:00, Sys 0 00:00:00  -  Run Local Usage
		Usr 0 00:05:53, Sys 0 00:00:01  -  Total Remote Usage
		Usr 0 00:00:00, Sys 0 00:00:00  -  Total Local Usage
	0  -  Run Bytes Sent By Job
	0  -  Run Bytes Received By Job
	0  -  Total Bytes Sent By Job
	0  -  Total Bytes Received By Job
	Partitionable Resources :    Usage  Request Allocated
	   Cpus                 :                 1         1
	   Disk (KB)            :       10       10   7541874
	   Gpus                 :                           0
	   Memory (MB)          :      160        1      4027
...
