000 (016.003.000) 03/04 12:55:06 Job submitted from host: <128.83.130.128:56193>
...
001 (016.003.000) 03/04 12:55:17 Job executing on host: <128.83.139.147:42722>
...
006 (016.003.000) 03/04 12:55:26 Image size of job updated: 37035476
	168  -  MemoryUsage of job (MB)
	171680  -  ResidentSetSize of job (KB)
...
006 (016.003.000) 03/04 12:58:32 Image size of job updated: 37701116
	168  -  MemoryUsage of job (MB)
	171680  -  ResidentSetSize of job (KB)
...
004 (016.003.000) 03/04 12:58:32 Job was evicted.
	(0) Job was not checkpointed.
		Usr 0 00:03:47, Sys 0 00:00:01  -  Run Remote Usage
		Usr 0 00:00:00, Sys 0 00:00:00  -  Run Local Usage
	0  -  Run Bytes Sent By Job
	0  -  Run Bytes Received By Job
	Partitionable Resources :    Usage  Request Allocated
	   Cpus                 :                 1         1
	   Disk (KB)            :       10       10   7541874
	   Gpus                 :                           0
	   Memory (MB)          :      168        1      4027
...
009 (016.003.000) 03/04 12:58:33 Job was aborted by the user.
	via condor_rm (by user harshal)
...
000 (036.003.000) 03/04 13:04:19 Job submitted from host: <128.83.130.128:56193>
...
001 (036.003.000) 03/04 13:04:30 Job executing on host: <128.83.120.18:58771>
...
006 (036.003.000) 03/04 13:04:38 Image size of job updated: 29536764
	83  -  MemoryUsage of job (MB)
	84188  -  ResidentSetSize of job (KB)
...
006 (036.003.000) 03/04 13:09:11 Image size of job updated: 30202404
	83  -  MemoryUsage of job (MB)
	84188  -  ResidentSetSize of job (KB)
...
005 (036.003.000) 03/04 13:09:11 Job terminated.
	(1) Normal termination (return value 0)
		Usr 0 00:06:02, Sys 0 00:00:01  -  Run Remote Usage
		Usr 0 00:00:00, Sys 0 00:00:00  -  Run Local Usage
		Usr 0 00:06:02, Sys 0 00:00:01  -  Total Remote Usage
		Usr 0 00:00:00, Sys 0 00:00:00  -  Total Local Usage
	0  -  Run Bytes Sent By Job
	0  -  Run Bytes Received By Job
	0  -  Total Bytes Sent By Job
	0  -  Total Bytes Received By Job
	Partitionable Resources :    Usage  Request Allocated
	   Cpus                 :                 1         1
	   Disk (KB)            :       10       10   8863364
	   Gpus                 :                           0
	   Memory (MB)          :       83        1      4028
...
000 (056.003.000) 03/04 13:12:13 Job submitted from host: <128.83.130.128:56193>
...
001 (056.003.000) 03/04 13:12:25 Job executing on host: <128.83.139.146:48339>
...
006 (056.003.000) 03/04 13:12:33 Image size of job updated: 102608
	3  -  MemoryUsage of job (MB)
	2260  -  ResidentSetSize of job (KB)
...
006 (056.003.000) 03/04 13:15:31 Image size of job updated: 37701116
	3  -  MemoryUsage of job (MB)
	2260  -  ResidentSetSize of job (KB)
...
005 (056.003.000) 03/04 13:15:32 Job terminated.
	(1) Normal termination (return value 0)
		Usr 0 00:05:44, Sys 0 00:00:01  -  Run Remote Usage
		Usr 0 00:00:00, Sys 0 00:00:00  -  Run Local Usage
		Usr 0 00:05:44, Sys 0 00:00:01  -  Total Remote Usage
		Usr 0 00:00:00, Sys 0 00:00:00  -  Total Local Usage
	0  -  Run Bytes Sent By Job
	0  -  Run Bytes Received By Job
	0  -  Total Bytes Sent By Job
	0  -  Total Bytes Received By Job
	Partitionable Resources :    Usage  Request Allocated
	   Cpus                 :                 1         1
	   Disk (KB)            :       10       10   7541871
	   Gpus                 :                           0
	   Memory (MB)          :        3        1      4027
...
000 (076.003.000) 03/04 13:47:40 Job submitted from host: <128.83.130.128:56193>
...
001 (076.003.000) 03/04 13:47:52 Job executing on host: <128.83.139.146:48339>
...
006 (076.003.000) 03/04 13:48:01 Image size of job updated: 37701116
	191  -  MemoryUsage of job (MB)
	194724  -  ResidentSetSize of job (KB)
...
004 (076.003.000) 03/04 13:49:09 Job was evicted.
	(0) Job was not checkpointed.
		Usr 0 00:01:22, Sys 0 00:00:00  -  Run Remote Usage
		Usr 0 00:00:00, Sys 0 00:00:00  -  Run Local Usage
	0  -  Run Bytes Sent By Job
	0  -  Run Bytes Received By Job
	Partitionable Resources :    Usage  Request Allocated
	   Cpus                 :                 1         1
	   Disk (KB)            :       10       10   7541874
	   Gpus                 :                           0
	   Memory (MB)          :      191        1      4027
...
009 (076.003.000) 03/04 13:49:11 Job was aborted by the user.
	via condor_rm (by user harshal)
...
000 (098.003.000) 03/04 13:50:12 Job submitted from host: <128.83.130.128:56193>
...
001 (098.003.000) 03/04 13:50:24 Job executing on host: <128.83.144.149:47710>
...
006 (098.003.000) 03/04 13:50:33 Image size of job updated: 29536764
	101  -  MemoryUsage of job (MB)
	102792  -  ResidentSetSize of job (KB)
...
006 (098.003.000) 03/04 13:55:16 Image size of job updated: 30202404
	101  -  MemoryUsage of job (MB)
	102792  -  ResidentSetSize of job (KB)
...
005 (098.003.000) 03/04 13:55:16 Job terminated.
	(1) Normal termination (return value 0)
		Usr 0 00:06:08, Sys 0 00:00:00  -  Run Remote Usage
		Usr 0 00:00:00, Sys 0 00:00:00  -  Run Local Usage
		Usr 0 00:06:08, Sys 0 00:00:00  -  Total Remote Usage
		Usr 0 00:00:00, Sys 0 00:00:00  -  Total Local Usage
	0  -  Run Bytes Sent By Job
	0  -  Run Bytes Received By Job
	0  -  Total Bytes Sent By Job
	0  -  Total Bytes Received By Job
	Partitionable Resources :    Usage  Request Allocated
	   Cpus                 :                 1         1
	   Disk (KB)            :       10       10   8862063
	   Gpus                 :                           0
	   Memory (MB)          :      101        1      4028
...
000 (122.003.000) 03/04 14:25:14 Job submitted from host: <128.83.130.128:56193>
...
001 (122.003.000) 03/04 14:25:23 Job executing on host: <128.83.139.146:48339>
...
006 (122.003.000) 03/04 14:25:32 Image size of job updated: 37035476
	170  -  MemoryUsage of job (MB)
	173272  -  ResidentSetSize of job (KB)
...
006 (122.003.000) 03/04 14:30:18 Image size of job updated: 37701116
	170  -  MemoryUsage of job (MB)
	173272  -  ResidentSetSize of job (KB)
...
005 (122.003.000) 03/04 14:30:18 Job terminated.
	(1) Normal termination (return value 0)
		Usr 0 00:05:59, Sys 0 00:00:01  -  Run Remote Usage
		Usr 0 00:00:00, Sys 0 00:00:00  -  Run Local Usage
		Usr 0 00:05:59, Sys 0 00:00:01  -  Total Remote Usage
		Usr 0 00:00:00, Sys 0 00:00:00  -  Total Local Usage
	0  -  Run Bytes Sent By Job
	0  -  Run Bytes Received By Job
	0  -  Total Bytes Sent By Job
	0  -  Total Bytes Received By Job
	Partitionable Resources :    Usage  Request Allocated
	   Cpus                 :                 1         1
	   Disk (KB)            :       10       10   7541874
	   Gpus                 :                           0
	   Memory (MB)          :      170        1      4027
...
