000 (016.004.000) 03/04 12:55:06 Job submitted from host: <128.83.130.128:56193>
...
001 (016.004.000) 03/04 12:55:17 Job executing on host: <128.83.139.147:42722>
...
006 (016.004.000) 03/04 12:55:26 Image size of job updated: 37035476
	148  -  MemoryUsage of job (MB)
	150744  -  ResidentSetSize of job (KB)
...
006 (016.004.000) 03/04 12:58:25 Image size of job updated: 37701116
	148  -  MemoryUsage of job (MB)
	150744  -  ResidentSetSize of job (KB)
...
005 (016.004.000) 03/04 12:58:25 Job terminated.
	(1) Normal termination (return value 0)
		Usr 0 00:03:36, Sys 0 00:00:01  -  Run Remote Usage
		Usr 0 00:00:00, Sys 0 00:00:00  -  Run Local Usage
		Usr 0 00:03:36, Sys 0 00:00:01  -  Total Remote Usage
		Usr 0 00:00:00, Sys 0 00:00:00  -  Total Local Usage
	0  -  Run Bytes Sent By Job
	0  -  Run Bytes Received By Job
	0  -  Total Bytes Sent By Job
	0  -  Total Bytes Received By Job
	Partitionable Resources :    Usage  Request Allocated
	   Cpus                 :                 1         1
	   Disk (KB)            :       10       10   7541874
	   Gpus                 :                           0
	   Memory (MB)          :      148        1      4027
...
000 (036.004.000) 03/04 13:04:19 Job submitted from host: <128.83.130.128:56193>
...
001 (036.004.000) 03/04 13:04:30 Job executing on host: <128.83.120.18:58771>
...
006 (036.004.000) 03/04 13:04:39 Image size of job updated: 29539332
	63  -  MemoryUsage of job (MB)
	63884  -  ResidentSetSize of job (KB)
...
006 (036.004.000) 03/04 13:08:01 Image size of job updated: 30202404
	63  -  MemoryUsage of job (MB)
	63884  -  ResidentSetSize of job (KB)
...
005 (036.004.000) 03/04 13:08:01 Job terminated.
	(1) Normal termination (return value 0)
		Usr 0 00:03:38, Sys 0 00:00:01  -  Run Remote Usage
		Usr 0 00:00:00, Sys 0 00:00:00  -  Run Local Usage
		Usr 0 00:03:38, Sys 0 00:00:01  -  Total Remote Usage
		Usr 0 00:00:00, Sys 0 00:00:00  -  Total Local Usage
	0  -  Run Bytes Sent By Job
	0  -  Run Bytes Received By Job
	0  -  Total Bytes Sent By Job
	0  -  Total Bytes Received By Job
	Partitionable Resources :    Usage  Request Allocated
	   Cpus                 :                 1         1
	   Disk (KB)            :       10       10   8863364
	   Gpus                 :                           0
	   Memory (MB)          :       63        1      4028
...
000 (056.004.000) 03/04 13:12:13 Job submitted from host: <128.83.130.128:56193>
...
001 (056.004.000) 03/04 13:12:25 Job executing on host: <128.83.139.146:48339>
...
006 (056.004.000) 03/04 13:12:33 Image size of job updated: 102604
	3  -  MemoryUsage of job (MB)
	2256  -  ResidentSetSize of job (KB)
...
006 (056.004.000) 03/04 13:14:33 Image size of job updated: 37701116
	3  -  MemoryUsage of job (MB)
	2256  -  ResidentSetSize of job (KB)
...
005 (056.004.000) 03/04 13:14:33 Job terminated.
	(1) Normal termination (return value 0)
		Usr 0 00:03:25, Sys 0 00:00:00  -  Run Remote Usage
		Usr 0 00:00:00, Sys 0 00:00:00  -  Run Local Usage
		Usr 0 00:03:25, Sys 0 00:00:00  -  Total Remote Usage
		Usr 0 00:00:00, Sys 0 00:00:00  -  Total Local Usage
	0  -  Run Bytes Sent By Job
	0  -  Run Bytes Received By Job
	0  -  Total Bytes Sent By Job
	0  -  Total Bytes Received By Job
	Partitionable Resources :    Usage  Request Allocated
	   Cpus                 :                 1         1
	   Disk (KB)            :       10       10   7541871
	   Gpus                 :                           0
	   Memory (MB)          :        3        1      4027
...
000 (076.004.000) 03/04 13:47:40 Job submitted from host: <128.83.130.128:56193>
...
001 (076.004.000) 03/04 13:47:53 Job executing on host: <128.83.139.146:48339>
...
006 (076.004.000) 03/04 13:48:01 Image size of job updated: 37435888
	182  -  MemoryUsage of job (MB)
	186196  -  ResidentSetSize of job (KB)
...
006 (076.004.000) 03/04 13:49:09 Image size of job updated: 37834244
	182  -  MemoryUsage of job (MB)
	186196  -  ResidentSetSize of job (KB)
...
004 (076.004.000) 03/04 13:49:09 Job was evicted.
	(0) Job was not checkpointed.
		Usr 0 00:01:23, Sys 0 00:00:00  -  Run Remote Usage
		Usr 0 00:00:00, Sys 0 00:00:00  -  Run Local Usage
	0  -  Run Bytes Sent By Job
	0  -  Run Bytes Received By Job
	Partitionable Resources :    Usage  Request Allocated
	   Cpus                 :                 1         1
	   Disk (KB)            :       10       10   7541874
	   Gpus                 :                           0
	   Memory (MB)          :      182        1      4027
...
009 (076.004.000) 03/04 13:49:12 Job was aborted by the user.
	via condor_rm (by user harshal)
...
000 (098.004.000) 03/04 13:50:12 Job submitted from host: <128.83.130.128:56193>
...
001 (098.004.000) 03/04 13:50:25 Job executing on host: <128.83.144.149:47710>
...
006 (098.004.000) 03/04 13:50:34 Image size of job updated: 29536764
	52  -  MemoryUsage of job (MB)
	52748  -  ResidentSetSize of job (KB)
...
006 (098.004.000) 03/04 13:53:52 Image size of job updated: 30204420
	52  -  MemoryUsage of job (MB)
	52748  -  ResidentSetSize of job (KB)
...
005 (098.004.000) 03/04 13:53:52 Job terminated.
	(1) Normal termination (return value 0)
		Usr 0 00:03:16, Sys 0 00:00:00  -  Run Remote Usage
		Usr 0 00:00:00, Sys 0 00:00:00  -  Run Local Usage
		Usr 0 00:03:16, Sys 0 00:00:00  -  Total Remote Usage
		Usr 0 00:00:00, Sys 0 00:00:00  -  Total Local Usage
	0  -  Run Bytes Sent By Job
	0  -  Run Bytes Received By Job
	0  -  Total Bytes Sent By Job
	0  -  Total Bytes Received By Job
	Partitionable Resources :    Usage  Request Allocated
	   Cpus                 :                 1         1
	   Disk (KB)            :       10       10   8862063
	   Gpus                 :                           0
	   Memory (MB)          :       52        1      4028
...
000 (122.004.000) 03/04 14:25:14 Job submitted from host: <128.83.130.128:56193>
...
001 (122.004.000) 03/04 14:25:24 Job executing on host: <128.83.139.146:48339>
...
006 (122.004.000) 03/04 14:25:32 Image size of job updated: 37035476
	161  -  MemoryUsage of job (MB)
	163856  -  ResidentSetSize of job (KB)
...
006 (122.004.000) 03/04 14:28:56 Image size of job updated: 37701116
	161  -  MemoryUsage of job (MB)
	163856  -  ResidentSetSize of job (KB)
...
005 (122.004.000) 03/04 14:28:56 Job terminated.
	(1) Normal termination (return value 0)
		Usr 0 00:03:41, Sys 0 00:00:01  -  Run Remote Usage
		Usr 0 00:00:00, Sys 0 00:00:00  -  Run Local Usage
		Usr 0 00:03:41, Sys 0 00:00:01  -  Total Remote Usage
		Usr 0 00:00:00, Sys 0 00:00:00  -  Total Local Usage
	0  -  Run Bytes Sent By Job
	0  -  Run Bytes Received By Job
	0  -  Total Bytes Sent By Job
	0  -  Total Bytes Received By Job
	Partitionable Resources :    Usage  Request Allocated
	   Cpus                 :                 1         1
	   Disk (KB)            :       10       10   7541874
	   Gpus                 :                           0
	   Memory (MB)          :      161        1      4027
...
