000 (016.007.000) 03/04 12:55:06 Job submitted from host: <128.83.130.128:56193>
...
001 (016.007.000) 03/04 12:55:19 Job executing on host: <128.83.139.147:42722>
...
006 (016.007.000) 03/04 12:55:27 Image size of job updated: 37035476
	87  -  MemoryUsage of job (MB)
	88436  -  ResidentSetSize of job (KB)
...
006 (016.007.000) 03/04 12:58:29 Image size of job updated: 37701116
	87  -  MemoryUsage of job (MB)
	88436  -  ResidentSetSize of job (KB)
...
005 (016.007.000) 03/04 12:58:29 Job terminated.
	(1) Normal termination (return value 0)
		Usr 0 00:03:35, Sys 0 00:00:00  -  Run Remote Usage
		Usr 0 00:00:00, Sys 0 00:00:00  -  Run Local Usage
		Usr 0 00:03:35, Sys 0 00:00:00  -  Total Remote Usage
		Usr 0 00:00:00, Sys 0 00:00:00  -  Total Local Usage
	0  -  Run Bytes Sent By Job
	0  -  Run Bytes Received By Job
	0  -  Total Bytes Sent By Job
	0  -  Total Bytes Received By Job
	Partitionable Resources :    Usage  Request Allocated
	   Cpus                 :                 1         1
	   Disk (KB)            :       10       10   7541874
	   Gpus                 :                           0
	   Memory (MB)          :       87        1      4027
...
000 (036.007.000) 03/04 13:04:19 Job submitted from host: <128.83.130.128:56193>
...
001 (036.007.000) 03/04 13:04:30 Job executing on host: <128.83.120.18:58771>
...
006 (036.007.000) 03/04 13:04:39 Image size of job updated: 29536764
	43  -  MemoryUsage of job (MB)
	43596  -  ResidentSetSize of job (KB)
...
006 (036.007.000) 03/04 13:08:04 Image size of job updated: 30202404
	43  -  MemoryUsage of job (MB)
	43596  -  ResidentSetSize of job (KB)
...
005 (036.007.000) 03/04 13:08:04 Job terminated.
	(1) Normal termination (return value 0)
		Usr 0 00:03:34, Sys 0 00:00:00  -  Run Remote Usage
		Usr 0 00:00:00, Sys 0 00:00:00  -  Run Local Usage
		Usr 0 00:03:34, Sys 0 00:00:00  -  Total Remote Usage
		Usr 0 00:00:00, Sys 0 00:00:00  -  Total Local Usage
	0  -  Run Bytes Sent By Job
	0  -  Run Bytes Received By Job
	0  -  Total Bytes Sent By Job
	0  -  Total Bytes Received By Job
	Partitionable Resources :    Usage  Request Allocated
	   Cpus                 :                 1         1
	   Disk (KB)            :       10       10   8863364
	   Gpus                 :                           0
	   Memory (MB)          :       43        1      4028
...
000 (056.007.000) 03/04 13:12:13 Job submitted from host: <128.83.130.128:56193>
...
001 (056.007.000) 03/04 13:12:25 Job executing on host: <128.83.139.146:48339>
...
006 (056.007.000) 03/04 13:12:33 Image size of job updated: 102604
	3  -  MemoryUsage of job (MB)
	2252  -  ResidentSetSize of job (KB)
...
006 (056.007.000) 03/04 13:14:41 Image size of job updated: 37701116
	3  -  MemoryUsage of job (MB)
	2252  -  ResidentSetSize of job (KB)
...
005 (056.007.000) 03/04 13:14:41 Job terminated.
	(1) Normal termination (return value 0)
		Usr 0 00:03:47, Sys 0 00:00:01  -  Run Remote Usage
		Usr 0 00:00:00, Sys 0 00:00:00  -  Run Local Usage
		Usr 0 00:03:47, Sys 0 00:00:01  -  Total Remote Usage
		Usr 0 00:00:00, Sys 0 00:00:00  -  Total Local Usage
	0  -  Run Bytes Sent By Job
	0  -  Run Bytes Received By Job
	0  -  Total Bytes Sent By Job
	0  -  Total Bytes Received By Job
	Partitionable Resources :    Usage  Request Allocated
	   Cpus                 :                 1         1
	   Disk (KB)            :       10       10   7541871
	   Gpus                 :                           0
	   Memory (MB)          :        3        1      4027
...
000 (076.007.000) 03/04 13:47:40 Job submitted from host: <128.83.130.128:56193>
...
001 (076.007.000) 03/04 13:47:53 Job executing on host: <128.83.139.146:48339>
...
006 (076.007.000) 03/04 13:48:02 Image size of job updated: 37035476
	76  -  MemoryUsage of job (MB)
	77132  -  ResidentSetSize of job (KB)
...
006 (076.007.000) 03/04 13:49:09 Image size of job updated: 37834244
	76  -  MemoryUsage of job (MB)
	77132  -  ResidentSetSize of job (KB)
...
004 (076.007.000) 03/04 13:49:09 Job was evicted.
	(0) Job was not checkpointed.
		Usr 0 00:01:24, Sys 0 00:00:00  -  Run Remote Usage
		Usr 0 00:00:00, Sys 0 00:00:00  -  Run Local Usage
	0  -  Run Bytes Sent By Job
	0  -  Run Bytes Received By Job
	Partitionable Resources :    Usage  Request Allocated
	   Cpus                 :                 1         1
	   Disk (KB)            :       10       10   7541874
	   Gpus                 :                           0
	   Memory (MB)          :       76        1      4027
...
009 (076.007.000) 03/04 13:49:12 Job was aborted by the user.
	via condor_rm (by user harshal)
...
000 (098.007.000) 03/04 13:50:12 Job submitted from host: <128.83.130.128:56193>
...
001 (098.007.000) 03/04 13:50:25 Job executing on host: <128.83.144.149:47710>
...
006 (098.007.000) 03/04 13:50:34 Image size of job updated: 102588
	3  -  MemoryUsage of job (MB)
	2256  -  ResidentSetSize of job (KB)
...
006 (098.007.000) 03/04 13:54:02 Image size of job updated: 30202404
	3  -  MemoryUsage of job (MB)
	2256  -  ResidentSetSize of job (KB)
...
005 (098.007.000) 03/04 13:54:02 Job terminated.
	(1) Normal termination (return value 0)
		Usr 0 00:03:39, Sys 0 00:00:00  -  Run Remote Usage
		Usr 0 00:00:00, Sys 0 00:00:00  -  Run Local Usage
		Usr 0 00:03:39, Sys 0 00:00:00  -  Total Remote Usage
		Usr 0 00:00:00, Sys 0 00:00:00  -  Total Local Usage
	0  -  Run Bytes Sent By Job
	0  -  Run Bytes Received By Job
	0  -  Total Bytes Sent By Job
	0  -  Total Bytes Received By Job
	Partitionable Resources :    Usage  Request Allocated
	   Cpus                 :                 1         1
	   Disk (KB)            :       10       10   8862063
	   Gpus                 :                           0
	   Memory (MB)          :        3        1      4028
...
000 (122.007.000) 03/04 14:25:14 Job submitted from host: <128.83.130.128:56193>
...
001 (122.007.000) 03/04 14:25:25 Job executing on host: <128.83.139.146:48339>
...
006 (122.007.000) 03/04 14:25:34 Image size of job updated: 37035480
	108  -  MemoryUsage of job (MB)
	110272  -  ResidentSetSize of job (KB)
...
006 (122.007.000) 03/04 14:28:57 Image size of job updated: 37701116
	108  -  MemoryUsage of job (MB)
	110272  -  ResidentSetSize of job (KB)
...
005 (122.007.000) 03/04 14:28:57 Job terminated.
	(1) Normal termination (return value 0)
		Usr 0 00:03:45, Sys 0 00:00:00  -  Run Remote Usage
		Usr 0 00:00:00, Sys 0 00:00:00  -  Run Local Usage
		Usr 0 00:03:45, Sys 0 00:00:00  -  Total Remote Usage
		Usr 0 00:00:00, Sys 0 00:00:00  -  Total Local Usage
	0  -  Run Bytes Sent By Job
	0  -  Run Bytes Received By Job
	0  -  Total Bytes Sent By Job
	0  -  Total Bytes Received By Job
	Partitionable Resources :    Usage  Request Allocated
	   Cpus                 :                 1         1
	   Disk (KB)            :       10       10   7541874
	   Gpus                 :                           0
	   Memory (MB)          :      108        1      4027
...
