000 (016.008.000) 03/04 12:55:06 Job submitted from host: <128.83.130.128:56193>
...
001 (016.008.000) 03/04 12:55:19 Job executing on host: <128.83.139.147:42722>
...
006 (016.008.000) 03/04 12:55:28 Image size of job updated: 36902144
	32  -  MemoryUsage of job (MB)
	31756  -  ResidentSetSize of job (KB)
...
006 (016.008.000) 03/04 12:58:32 Image size of job updated: 37701116
	32  -  MemoryUsage of job (MB)
	31756  -  ResidentSetSize of job (KB)
...
004 (016.008.000) 03/04 12:58:32 Job was evicted.
	(0) Job was not checkpointed.
		Usr 0 00:03:42, Sys 0 00:00:01  -  Run Remote Usage
		Usr 0 00:00:00, Sys 0 00:00:00  -  Run Local Usage
	0  -  Run Bytes Sent By Job
	0  -  Run Bytes Received By Job
	Partitionable Resources :    Usage  Request Allocated
	   Cpus                 :                 1         1
	   Disk (KB)            :       10       10   7541874
	   Gpus                 :                           0
	   Memory (MB)          :       32        1      4027
...
009 (016.008.000) 03/04 12:58:33 Job was aborted by the user.
	via condor_rm (by user harshal)
...
000 (036.008.000) 03/04 13:04:19 Job submitted from host: <128.83.130.128:56193>
...
001 (036.008.000) 03/04 13:04:30 Job executing on host: <128.83.120.18:58771>
...
006 (036.008.000) 03/04 13:04:39 Image size of job updated: 29536764
	48  -  MemoryUsage of job (MB)
	48628  -  ResidentSetSize of job (KB)
...
006 (036.008.000) 03/04 13:08:14 Image size of job updated: 30202404
	48  -  MemoryUsage of job (MB)
	48628  -  ResidentSetSize of job (KB)
...
005 (036.008.000) 03/04 13:08:14 Job terminated.
	(1) Normal termination (return value 0)
		Usr 0 00:03:48, Sys 0 00:00:00  -  Run Remote Usage
		Usr 0 00:00:00, Sys 0 00:00:00  -  Run Local Usage
		Usr 0 00:03:48, Sys 0 00:00:00  -  Total Remote Usage
		Usr 0 00:00:00, Sys 0 00:00:00  -  Total Local Usage
	0  -  Run Bytes Sent By Job
	0  -  Run Bytes Received By Job
	0  -  Total Bytes Sent By Job
	0  -  Total Bytes Received By Job
	Partitionable Resources :    Usage  Request Allocated
	   Cpus                 :                 1         1
	   Disk (KB)            :       10       10   8863364
	   Gpus                 :                           0
	   Memory (MB)          :       48        1      4028
...
000 (056.008.000) 03/04 13:12:13 Job submitted from host: <128.83.130.128:56193>
...
001 (056.008.000) 03/04 13:12:25 Job executing on host: <128.83.139.146:48339>
...
006 (056.008.000) 03/04 13:12:33 Image size of job updated: 102604
	3  -  MemoryUsage of job (MB)
	2260  -  ResidentSetSize of job (KB)
...
006 (056.008.000) 03/04 13:14:48 Image size of job updated: 37701116
	3  -  MemoryUsage of job (MB)
	2260  -  ResidentSetSize of job (KB)
...
005 (056.008.000) 03/04 13:14:48 Job terminated.
	(1) Normal termination (return value 0)
		Usr 0 00:04:03, Sys 0 00:00:01  -  Run Remote Usage
		Usr 0 00:00:00, Sys 0 00:00:00  -  Run Local Usage
		Usr 0 00:04:03, Sys 0 00:00:01  -  Total Remote Usage
		Usr 0 00:00:00, Sys 0 00:00:00  -  Total Local Usage
	0  -  Run Bytes Sent By Job
	0  -  Run Bytes Received By Job
	0  -  Total Bytes Sent By Job
	0  -  Total Bytes Received By Job
	Partitionable Resources :    Usage  Request Allocated
	   Cpus                 :                 1         1
	   Disk (KB)            :       10       10   7541873
	   Gpus                 :                           0
	   Memory (MB)          :        3        1      4027
...
000 (076.008.000) 03/04 13:47:40 Job submitted from host: <128.83.130.128:56193>
...
001 (076.008.000) 03/04 13:47:53 Job executing on host: <128.83.139.146:48339>
...
006 (076.008.000) 03/04 13:48:02 Image size of job updated: 37035476
	57  -  MemoryUsage of job (MB)
	57780  -  ResidentSetSize of job (KB)
...
006 (076.008.000) 03/04 13:49:09 Image size of job updated: 37701116
	57  -  MemoryUsage of job (MB)
	57780  -  ResidentSetSize of job (KB)
...
004 (076.008.000) 03/04 13:49:09 Job was evicted.
	(0) Job was not checkpointed.
		Usr 0 00:01:21, Sys 0 00:00:00  -  Run Remote Usage
		Usr 0 00:00:00, Sys 0 00:00:00  -  Run Local Usage
	0  -  Run Bytes Sent By Job
	0  -  Run Bytes Received By Job
	Partitionable Resources :    Usage  Request Allocated
	   Cpus                 :                 1         1
	   Disk (KB)            :       10       10   7541874
	   Gpus                 :                           0
	   Memory (MB)          :       57        1      4027
...
009 (076.008.000) 03/04 13:49:12 Job was aborted by the user.
	via condor_rm (by user harshal)
...
000 (098.008.000) 03/04 13:50:12 Job submitted from host: <128.83.130.128:56193>
...
001 (098.008.000) 03/04 13:50:25 Job executing on host: <128.83.144.149:47710>
...
006 (098.008.000) 03/04 13:50:34 Image size of job updated: 102588
	3  -  MemoryUsage of job (MB)
	2260  -  ResidentSetSize of job (KB)
...
006 (098.008.000) 03/04 13:54:14 Image size of job updated: 30202404
	3  -  MemoryUsage of job (MB)
	2260  -  ResidentSetSize of job (KB)
...
005 (098.008.000) 03/04 13:54:14 Job terminated.
	(1) Normal termination (return value 0)
		Usr 0 00:03:59, Sys 0 00:00:00  -  Run Remote Usage
		Usr 0 00:00:00, Sys 0 00:00:00  -  Run Local Usage
		Usr 0 00:03:59, Sys 0 00:00:00  -  Total Remote Usage
		Usr 0 00:00:00, Sys 0 00:00:00  -  Total Local Usage
	0  -  Run Bytes Sent By Job
	0  -  Run Bytes Received By Job
	0  -  Total Bytes Sent By Job
	0  -  Total Bytes Received By Job
	Partitionable Resources :    Usage  Request Allocated
	   Cpus                 :                 1         1
	   Disk (KB)            :       10       10   8862063
	   Gpus                 :                           0
	   Memory (MB)          :        3        1      4028
...
000 (122.008.000) 03/04 14:25:14 Job submitted from host: <128.83.130.128:56193>
...
001 (122.008.000) 03/04 14:25:26 Job executing on host: <128.83.139.146:48339>
...
006 (122.008.000) 03/04 14:25:35 Image size of job updated: 37036420
	47  -  MemoryUsage of job (MB)
	47276  -  ResidentSetSize of job (KB)
...
006 (122.008.000) 03/04 14:29:08 Image size of job updated: 37701116
	47  -  MemoryUsage of job (MB)
	47276  -  ResidentSetSize of job (KB)
...
005 (122.008.000) 03/04 14:29:08 Job terminated.
	(1) Normal termination (return value 0)
		Usr 0 00:03:52, Sys 0 00:00:01  -  Run Remote Usage
		Usr 0 00:00:00, Sys 0 00:00:00  -  Run Local Usage
		Usr 0 00:03:52, Sys 0 00:00:01  -  Total Remote Usage
		Usr 0 00:00:00, Sys 0 00:00:00  -  Total Local Usage
	0  -  Run Bytes Sent By Job
	0  -  Run Bytes Received By Job
	0  -  Total Bytes Sent By Job
	0  -  Total Bytes Received By Job
	Partitionable Resources :    Usage  Request Allocated
	   Cpus                 :                 1         1
	   Disk (KB)            :       10       10   7541874
	   Gpus                 :                           0
	   Memory (MB)          :       47        1      4027
...
