000 (013.002.000) 03/04 12:55:06 Job submitted from host: <128.83.130.128:56193>
...
001 (013.002.000) 03/04 12:55:15 Job executing on host: <128.83.139.5:45293>
...
006 (013.002.000) 03/04 12:55:24 Image size of job updated: 37035476
	161  -  MemoryUsage of job (MB)
	164260  -  ResidentSetSize of job (KB)
...
006 (013.002.000) 03/04 12:58:32 Image size of job updated: 37701116
	161  -  MemoryUsage of job (MB)
	164260  -  ResidentSetSize of job (KB)
...
004 (013.002.000) 03/04 12:58:32 Job was evicted.
	(0) Job was not checkpointed.
		Usr 0 00:03:18, Sys 0 00:00:01  -  Run Remote Usage
		Usr 0 00:00:00, Sys 0 00:00:00  -  Run Local Usage
	0  -  Run Bytes Sent By Job
	0  -  Run Bytes Received By Job
	Partitionable Resources :    Usage  Request Allocated
	   Cpus                 :                 1         1
	   Disk (KB)            :       10       10   4690005
	   Gpus                 :                           0
	   Memory (MB)          :      161        1      4027
...
009 (013.002.000) 03/04 12:58:34 Job was aborted by the user.
	via condor_rm (by user harshal)
...
000 (033.002.000) 03/04 13:04:18 Job submitted from host: <128.83.130.128:56193>
...
001 (033.002.000) 03/04 13:04:29 Job executing on host: <128.83.139.146:48339>
...
006 (033.002.000) 03/04 13:04:38 Image size of job updated: 37035476
	138  -  MemoryUsage of job (MB)
	140460  -  ResidentSetSize of job (KB)
...
006 (033.002.000) 03/04 13:09:17 Image size of job updated: 37703920
	138  -  MemoryUsage of job (MB)
	140460  -  ResidentSetSize of job (KB)
...
005 (033.002.000) 03/04 13:09:17 Job terminated.
	(1) Normal termination (return value 0)
		Usr 0 00:05:56, Sys 0 00:00:00  -  Run Remote Usage
		Usr 0 00:00:00, Sys 0 00:00:00  -  Run Local Usage
		Usr 0 00:05:56, Sys 0 00:00:00  -  Total Remote Usage
		Usr 0 00:00:00, Sys 0 00:00:00  -  Total Local Usage
	0  -  Run Bytes Sent By Job
	0  -  Run Bytes Received By Job
	0  -  Total Bytes Sent By Job
	0  -  Total Bytes Received By Job
	Partitionable Resources :    Usage  Request Allocated
	   Cpus                 :                 1         1
	   Disk (KB)            :       10       10   7541874
	   Gpus                 :                           0
	   Memory (MB)          :      138        1      4027
...
000 (053.002.000) 03/04 13:12:12 Job submitted from host: <128.83.130.128:56193>
...
001 (053.002.000) 03/04 13:12:22 Job executing on host: <128.83.139.150:52130>
...
006 (053.002.000) 03/04 13:12:31 Image size of job updated: 37701116
	356  -  MemoryUsage of job (MB)
	363676  -  ResidentSetSize of job (KB)
...
005 (053.002.000) 03/04 13:16:07 Job terminated.
	(1) Normal termination (return value 0)
		Usr 0 00:05:44, Sys 0 00:00:01  -  Run Remote Usage
		Usr 0 00:00:00, Sys 0 00:00:00  -  Run Local Usage
		Usr 0 00:05:44, Sys 0 00:00:01  -  Total Remote Usage
		Usr 0 00:00:00, Sys 0 00:00:00  -  Total Local Usage
	0  -  Run Bytes Sent By Job
	0  -  Run Bytes Received By Job
	0  -  Total Bytes Sent By Job
	0  -  Total Bytes Received By Job
	Partitionable Resources :    Usage  Request Allocated
	   Cpus                 :                 1         1
	   Disk (KB)            :       10       10   7540591
	   Gpus                 :                           0
	   Memory (MB)          :      356        1      4027
...
000 (073.002.000) 03/04 13:47:39 Job submitted from host: <128.83.130.128:56193>
...
001 (073.002.000) 03/04 13:47:49 Job executing on host: <128.83.139.150:52130>
...
006 (073.002.000) 03/04 13:47:57 Image size of job updated: 37701116
	250  -  MemoryUsage of job (MB)
	255680  -  ResidentSetSize of job (KB)
...
004 (073.002.000) 03/04 13:49:09 Job was evicted.
	(0) Job was not checkpointed.
		Usr 0 00:01:24, Sys 0 00:00:00  -  Run Remote Usage
		Usr 0 00:00:00, Sys 0 00:00:00  -  Run Local Usage
	0  -  Run Bytes Sent By Job
	0  -  Run Bytes Received By Job
	Partitionable Resources :    Usage  Request Allocated
	   Cpus                 :                 1         1
	   Disk (KB)            :       10       10   7540596
	   Gpus                 :                           0
	   Memory (MB)          :      250        1      4027
...
009 (073.002.000) 03/04 13:49:12 Job was aborted by the user.
	via condor_rm (by user harshal)
...
000 (095.002.000) 03/04 13:50:12 Job submitted from host: <128.83.130.128:56193>
...
001 (095.002.000) 03/04 13:50:23 Job executing on host: <128.83.120.18:58771>
...
006 (095.002.000) 03/04 13:50:32 Image size of job updated: 29536748
	37  -  MemoryUsage of job (MB)
	37336  -  ResidentSetSize of job (KB)
...
006 (095.002.000) 03/04 13:54:11 Image size of job updated: 30202404
	37  -  MemoryUsage of job (MB)
	37336  -  ResidentSetSize of job (KB)
...
005 (095.002.000) 03/04 13:54:11 Job terminated.
	(1) Normal termination (return value 0)
		Usr 0 00:05:43, Sys 0 00:00:00  -  Run Remote Usage
		Usr 0 00:00:00, Sys 0 00:00:00  -  Run Local Usage
		Usr 0 00:05:43, Sys 0 00:00:00  -  Total Remote Usage
		Usr 0 00:00:00, Sys 0 00:00:00  -  Total Local Usage
	0  -  Run Bytes Sent By Job
	0  -  Run Bytes Received By Job
	0  -  Total Bytes Sent By Job
	0  -  Total Bytes Received By Job
	Partitionable Resources :    Usage  Request Allocated
	   Cpus                 :                 1         1
	   Disk (KB)            :       10       10   8863364
	   Gpus                 :                           0
	   Memory (MB)          :       37        1      4028
...
000 (119.002.000) 03/04 14:25:13 Job submitted from host: <128.83.130.128:56193>
...
001 (119.002.000) 03/04 14:25:26 Job executing on host: <128.83.144.168:32955>
...
006 (119.002.000) 03/04 14:25:35 Image size of job updated: 37701116
	206  -  MemoryUsage of job (MB)
	210488  -  ResidentSetSize of job (KB)
...
005 (119.002.000) 03/04 14:30:30 Job terminated.
	(1) Normal termination (return value 0)
		Usr 0 00:05:35, Sys 0 00:00:01  -  Run Remote Usage
		Usr 0 00:00:00, Sys 0 00:00:00  -  Run Local Usage
		Usr 0 00:05:35, Sys 0 00:00:01  -  Total Remote Usage
		Usr 0 00:00:00, Sys 0 00:00:00  -  Total Local Usage
	0  -  Run Bytes Sent By Job
	0  -  Run Bytes Received By Job
	0  -  Total Bytes Sent By Job
	0  -  Total Bytes Received By Job
	Partitionable Resources :    Usage  Request Allocated
	   Cpus                 :                 1         1
	   Disk (KB)            :       10       10   7541874
	   Gpus                 :                           0
	   Memory (MB)          :      206        1      4027
...
