000 (013.003.000) 03/04 12:55:06 Job submitted from host: <128.83.130.128:56193>
...
001 (013.003.000) 03/04 12:55:15 Job executing on host: <128.83.139.5:45293>
...
006 (013.003.000) 03/04 12:55:25 Image size of job updated: 37701116
	366  -  MemoryUsage of job (MB)
	373824  -  ResidentSetSize of job (KB)
...
004 (013.003.000) 03/04 12:58:33 Job was evicted.
	(0) Job was not checkpointed.
		Usr 0 00:03:19, Sys 0 00:00:01  -  Run Remote Usage
		Usr 0 00:00:00, Sys 0 00:00:00  -  Run Local Usage
	0  -  Run Bytes Sent By Job
	0  -  Run Bytes Received By Job
	Partitionable Resources :    Usage  Request Allocated
	   Cpus                 :                 1         1
	   Disk (KB)            :       10       10   4690005
	   Gpus                 :                           0
	   Memory (MB)          :      366        1      4027
...
009 (013.003.000) 03/04 12:58:34 Job was aborted by the user.
	via condor_rm (by user harshal)
...
000 (033.003.000) 03/04 13:04:18 Job submitted from host: <128.83.130.128:56193>
...
001 (033.003.000) 03/04 13:04:30 Job executing on host: <128.83.139.146:48339>
...
006 (033.003.000) 03/04 13:04:38 Image size of job updated: 37035480
	110  -  MemoryUsage of job (MB)
	111804  -  ResidentSetSize of job (KB)
...
006 (033.003.000) 03/04 13:09:10 Image size of job updated: 37701116
	110  -  MemoryUsage of job (MB)
	111804  -  ResidentSetSize of job (KB)
...
005 (033.003.000) 03/04 13:09:10 Job terminated.
	(1) Normal termination (return value 0)
		Usr 0 00:05:31, Sys 0 00:00:01  -  Run Remote Usage
		Usr 0 00:00:00, Sys 0 00:00:00  -  Run Local Usage
		Usr 0 00:05:31, Sys 0 00:00:01  -  Total Remote Usage
		Usr 0 00:00:00, Sys 0 00:00:00  -  Total Local Usage
	0  -  Run Bytes Sent By Job
	0  -  Run Bytes Received By Job
	0  -  Total Bytes Sent By Job
	0  -  Total Bytes Received By Job
	Partitionable Resources :    Usage  Request Allocated
	   Cpus                 :                 1         1
	   Disk (KB)            :       10       10   7541874
	   Gpus                 :                           0
	   Memory (MB)          :      110        1      4027
...
000 (053.003.000) 03/04 13:12:12 Job submitted from host: <128.83.130.128:56193>
...
001 (053.003.000) 03/04 13:12:22 Job executing on host: <128.83.139.150:52130>
...
006 (053.003.000) 03/04 13:12:31 Image size of job updated: 37702868
	371  -  MemoryUsage of job (MB)
	379732  -  ResidentSetSize of job (KB)
...
005 (053.003.000) 03/04 13:15:58 Job terminated.
	(1) Normal termination (return value 0)
		Usr 0 00:05:13, Sys 0 00:00:01  -  Run Remote Usage
		Usr 0 00:00:00, Sys 0 00:00:00  -  Run Local Usage
		Usr 0 00:05:13, Sys 0 00:00:01  -  Total Remote Usage
		Usr 0 00:00:00, Sys 0 00:00:00  -  Total Local Usage
	0  -  Run Bytes Sent By Job
	0  -  Run Bytes Received By Job
	0  -  Total Bytes Sent By Job
	0  -  Total Bytes Received By Job
	Partitionable Resources :    Usage  Request Allocated
	   Cpus                 :                 1         1
	   Disk (KB)            :       10       10   7540591
	   Gpus                 :                           0
	   Memory (MB)          :      371        1      4027
...
000 (073.003.000) 03/04 13:47:39 Job submitted from host: <128.83.130.128:56193>
...
001 (073.003.000) 03/04 13:47:49 Job executing on host: <128.83.139.150:52130>
...
006 (073.003.000) 03/04 13:47:57 Image size of job updated: 37701116
	285  -  MemoryUsage of job (MB)
	291556  -  ResidentSetSize of job (KB)
...
006 (073.003.000) 03/04 13:49:09 Image size of job updated: 37834244
	285  -  MemoryUsage of job (MB)
	291556  -  ResidentSetSize of job (KB)
...
004 (073.003.000) 03/04 13:49:09 Job was evicted.
	(0) Job was not checkpointed.
		Usr 0 00:01:21, Sys 0 00:00:00  -  Run Remote Usage
		Usr 0 00:00:00, Sys 0 00:00:00  -  Run Local Usage
	0  -  Run Bytes Sent By Job
	0  -  Run Bytes Received By Job
	Partitionable Resources :    Usage  Request Allocated
	   Cpus                 :                 1         1
	   Disk (KB)            :       10       10   7540596
	   Gpus                 :                           0
	   Memory (MB)          :      285        1      4027
...
009 (073.003.000) 03/04 13:49:11 Job was aborted by the user.
	via condor_rm (by user harshal)
...
000 (095.003.000) 03/04 13:50:12 Job submitted from host: <128.83.130.128:56193>
...
001 (095.003.000) 03/04 13:50:24 Job executing on host: <128.83.120.18:58771>
...
006 (095.003.000) 03/04 13:50:32 Image size of job updated: 25195512
	11  -  MemoryUsage of job (MB)
	10408  -  ResidentSetSize of job (KB)
...
006 (095.003.000) 03/04 13:54:05 Image size of job updated: 30202404
	11  -  MemoryUsage of job (MB)
	10408  -  ResidentSetSize of job (KB)
...
005 (095.003.000) 03/04 13:54:05 Job terminated.
	(1) Normal termination (return value 0)
		Usr 0 00:05:04, Sys 0 00:00:01  -  Run Remote Usage
		Usr 0 00:00:00, Sys 0 00:00:00  -  Run Local Usage
		Usr 0 00:05:04, Sys 0 00:00:01  -  Total Remote Usage
		Usr 0 00:00:00, Sys 0 00:00:00  -  Total Local Usage
	0  -  Run Bytes Sent By Job
	0  -  Run Bytes Received By Job
	0  -  Total Bytes Sent By Job
	0  -  Total Bytes Received By Job
	Partitionable Resources :    Usage  Request Allocated
	   Cpus                 :                 1         1
	   Disk (KB)            :       10       10   8863364
	   Gpus                 :                           0
	   Memory (MB)          :       11        1      4028
...
000 (119.003.000) 03/04 14:25:13 Job submitted from host: <128.83.130.128:56193>
...
001 (119.003.000) 03/04 14:25:22 Job executing on host: <128.83.139.150:52130>
...
006 (119.003.000) 03/04 14:25:31 Image size of job updated: 37701116
	262  -  MemoryUsage of job (MB)
	267896  -  ResidentSetSize of job (KB)
...
005 (119.003.000) 03/04 14:30:11 Job terminated.
	(1) Normal termination (return value 0)
		Usr 0 00:05:31, Sys 0 00:00:01  -  Run Remote Usage
		Usr 0 00:00:00, Sys 0 00:00:00  -  Run Local Usage
		Usr 0 00:05:31, Sys 0 00:00:01  -  Total Remote Usage
		Usr 0 00:00:00, Sys 0 00:00:00  -  Total Local Usage
	0  -  Run Bytes Sent By Job
	0  -  Run Bytes Received By Job
	0  -  Total Bytes Sent By Job
	0  -  Total Bytes Received By Job
	Partitionable Resources :    Usage  Request Allocated
	   Cpus                 :                 1         1
	   Disk (KB)            :       10       10   7539831
	   Gpus                 :                           0
	   Memory (MB)          :      262        1      4027
...
