000 (013.005.000) 03/04 12:55:06 Job submitted from host: <128.83.130.128:56193>
...
001 (013.005.000) 03/04 12:55:16 Job executing on host: <128.83.139.5:45293>
...
006 (013.005.000) 03/04 12:55:25 Image size of job updated: 37701116
	264  -  MemoryUsage of job (MB)
	269384  -  ResidentSetSize of job (KB)
...
004 (013.005.000) 03/04 12:58:33 Job was evicted.
	(0) Job was not checkpointed.
		Usr 0 00:03:18, Sys 0 00:00:01  -  Run Remote Usage
		Usr 0 00:00:00, Sys 0 00:00:00  -  Run Local Usage
	0  -  Run Bytes Sent By Job
	0  -  Run Bytes Received By Job
	Partitionable Resources :    Usage  Request Allocated
	   Cpus                 :                 1         1
	   Disk (KB)            :       10       10   4690005
	   Gpus                 :                           0
	   Memory (MB)          :      264        1      4027
...
009 (013.005.000) 03/04 12:58:34 Job was aborted by the user.
	via condor_rm (by user harshal)
...
000 (033.005.000) 03/04 13:04:18 Job submitted from host: <128.83.130.128:56193>
...
001 (033.005.000) 03/04 13:04:31 Job executing on host: <128.83.139.146:48339>
...
006 (033.005.000) 03/04 13:04:40 Image size of job updated: 37038044
	42  -  MemoryUsage of job (MB)
	42336  -  ResidentSetSize of job (KB)
...
006 (033.005.000) 03/04 13:09:23 Image size of job updated: 37701116
	42  -  MemoryUsage of job (MB)
	42336  -  ResidentSetSize of job (KB)
...
005 (033.005.000) 03/04 13:09:23 Job terminated.
	(1) Normal termination (return value 0)
		Usr 0 00:05:39, Sys 0 00:00:00  -  Run Remote Usage
		Usr 0 00:00:00, Sys 0 00:00:00  -  Run Local Usage
		Usr 0 00:05:39, Sys 0 00:00:00  -  Total Remote Usage
		Usr 0 00:00:00, Sys 0 00:00:00  -  Total Local Usage
	0  -  Run Bytes Sent By Job
	0  -  Run Bytes Received By Job
	0  -  Total Bytes Sent By Job
	0  -  Total Bytes Received By Job
	Partitionable Resources :    Usage  Request Allocated
	   Cpus                 :                 1         1
	   Disk (KB)            :       10       10   7541874
	   Gpus                 :                           0
	   Memory (MB)          :       42        1      4027
...
000 (053.005.000) 03/04 13:12:12 Job submitted from host: <128.83.130.128:56193>
...
001 (053.005.000) 03/04 13:12:22 Job executing on host: <128.83.139.150:52130>
...
006 (053.005.000) 03/04 13:12:31 Image size of job updated: 37701116
	264  -  MemoryUsage of job (MB)
	269372  -  ResidentSetSize of job (KB)
...
005 (053.005.000) 03/04 13:16:09 Job terminated.
	(1) Normal termination (return value 0)
		Usr 0 00:06:05, Sys 0 00:00:00  -  Run Remote Usage
		Usr 0 00:00:00, Sys 0 00:00:00  -  Run Local Usage
		Usr 0 00:06:05, Sys 0 00:00:00  -  Total Remote Usage
		Usr 0 00:00:00, Sys 0 00:00:00  -  Total Local Usage
	0  -  Run Bytes Sent By Job
	0  -  Run Bytes Received By Job
	0  -  Total Bytes Sent By Job
	0  -  Total Bytes Received By Job
	Partitionable Resources :    Usage  Request Allocated
	   Cpus                 :                 1         1
	   Disk (KB)            :       10       10   7540591
	   Gpus                 :                           0
	   Memory (MB)          :      264        1      4027
...
000 (073.005.000) 03/04 13:47:39 Job submitted from host: <128.83.130.128:56193>
...
001 (073.005.000) 03/04 13:47:49 Job executing on host: <128.83.139.150:52130>
...
006 (073.005.000) 03/04 13:47:57 Image size of job updated: 37701116
	258  -  MemoryUsage of job (MB)
	263268  -  ResidentSetSize of job (KB)
...
004 (073.005.000) 03/04 13:49:09 Job was evicted.
	(0) Job was not checkpointed.
		Usr 0 00:01:25, Sys 0 00:00:00  -  Run Remote Usage
		Usr 0 00:00:00, Sys 0 00:00:00  -  Run Local Usage
	0  -  Run Bytes Sent By Job
	0  -  Run Bytes Received By Job
	Partitionable Resources :    Usage  Request Allocated
	   Cpus                 :                 1         1
	   Disk (KB)            :       10       10   7540596
	   Gpus                 :                           0
	   Memory (MB)          :      258        1      4027
...
009 (073.005.000) 03/04 13:49:10 Job was aborted by the user.
	via condor_rm (by user harshal)
...
000 (095.005.000) 03/04 13:50:12 Job submitted from host: <128.83.130.128:56193>
...
001 (095.005.000) 03/04 13:50:24 Job executing on host: <128.83.120.18:58771>
...
006 (095.005.000) 03/04 13:50:32 Image size of job updated: 28538100
	24  -  MemoryUsage of job (MB)
	23912  -  ResidentSetSize of job (KB)
...
006 (095.005.000) 03/04 13:54:14 Image size of job updated: 30202404
	24  -  MemoryUsage of job (MB)
	23912  -  ResidentSetSize of job (KB)
...
005 (095.005.000) 03/04 13:54:14 Job terminated.
	(1) Normal termination (return value 0)
		Usr 0 00:05:56, Sys 0 00:00:01  -  Run Remote Usage
		Usr 0 00:00:00, Sys 0 00:00:00  -  Run Local Usage
		Usr 0 00:05:56, Sys 0 00:00:01  -  Total Remote Usage
		Usr 0 00:00:00, Sys 0 00:00:00  -  Total Local Usage
	0  -  Run Bytes Sent By Job
	0  -  Run Bytes Received By Job
	0  -  Total Bytes Sent By Job
	0  -  Total Bytes Received By Job
	Partitionable Resources :    Usage  Request Allocated
	   Cpus                 :                 1         1
	   Disk (KB)            :       10       10   8863364
	   Gpus                 :                           0
	   Memory (MB)          :       24        1      4028
...
000 (119.005.000) 03/04 14:25:13 Job submitted from host: <128.83.130.128:56193>
...
001 (119.005.000) 03/04 14:25:22 Job executing on host: <128.83.139.150:52130>
...
006 (119.005.000) 03/04 14:25:31 Image size of job updated: 37701116
	316  -  MemoryUsage of job (MB)
	322808  -  ResidentSetSize of job (KB)
...
005 (119.005.000) 03/04 14:30:23 Job terminated.
	(1) Normal termination (return value 0)
		Usr 0 00:05:59, Sys 0 00:00:01  -  Run Remote Usage
		Usr 0 00:00:00, Sys 0 00:00:00  -  Run Local Usage
		Usr 0 00:05:59, Sys 0 00:00:01  -  Total Remote Usage
		Usr 0 00:00:00, Sys 0 00:00:00  -  Total Local Usage
	0  -  Run Bytes Sent By Job
	0  -  Run Bytes Received By Job
	0  -  Total Bytes Sent By Job
	0  -  Total Bytes Received By Job
	Partitionable Resources :    Usage  Request Allocated
	   Cpus                 :                 1         1
	   Disk (KB)            :       10       10   7539831
	   Gpus                 :                           0
	   Memory (MB)          :      316        1      4027
...
