000 (013.007.000) 03/04 12:55:06 Job submitted from host: <128.83.130.128:56193>
...
001 (013.007.000) 03/04 12:55:17 Job executing on host: <128.83.139.5:45293>
...
006 (013.007.000) 03/04 12:55:25 Image size of job updated: 37701116
	265  -  MemoryUsage of job (MB)
	270588  -  ResidentSetSize of job (KB)
...
004 (013.007.000) 03/04 12:58:33 Job was evicted.
	(0) Job was not checkpointed.
		Usr 0 00:03:15, Sys 0 00:00:01  -  Run Remote Usage
		Usr 0 00:00:00, Sys 0 00:00:00  -  Run Local Usage
	0  -  Run Bytes Sent By Job
	0  -  Run Bytes Received By Job
	Partitionable Resources :    Usage  Request Allocated
	   Cpus                 :                 1         1
	   Disk (KB)            :       10       10   4690005
	   Gpus                 :                           0
	   Memory (MB)          :      265        1      4027
...
009 (013.007.000) 03/04 12:58:34 Job was aborted by the user.
	via condor_rm (by user harshal)
...
000 (033.007.000) 03/04 13:04:18 Job submitted from host: <128.83.130.128:56193>
...
001 (033.007.000) 03/04 13:04:31 Job executing on host: <128.83.139.146:48339>
...
006 (033.007.000) 03/04 13:04:40 Image size of job updated: 35837120
	28  -  MemoryUsage of job (MB)
	27748  -  ResidentSetSize of job (KB)
...
006 (033.007.000) 03/04 13:08:14 Image size of job updated: 37701116
	28  -  MemoryUsage of job (MB)
	27748  -  ResidentSetSize of job (KB)
...
005 (033.007.000) 03/04 13:08:14 Job terminated.
	(1) Normal termination (return value 0)
		Usr 0 00:03:46, Sys 0 00:00:01  -  Run Remote Usage
		Usr 0 00:00:00, Sys 0 00:00:00  -  Run Local Usage
		Usr 0 00:03:46, Sys 0 00:00:01  -  Total Remote Usage
		Usr 0 00:00:00, Sys 0 00:00:00  -  Total Local Usage
	0  -  Run Bytes Sent By Job
	0  -  Run Bytes Received By Job
	0  -  Total Bytes Sent By Job
	0  -  Total Bytes Received By Job
	Partitionable Resources :    Usage  Request Allocated
	   Cpus                 :                 1         1
	   Disk (KB)            :       10       10   7541874
	   Gpus                 :                           0
	   Memory (MB)          :       28        1      4027
...
000 (053.007.000) 03/04 13:12:12 Job submitted from host: <128.83.130.128:56193>
...
001 (053.007.000) 03/04 13:12:23 Job executing on host: <128.83.139.150:52130>
...
006 (053.007.000) 03/04 13:12:31 Image size of job updated: 37701116
	262  -  MemoryUsage of job (MB)
	267608  -  ResidentSetSize of job (KB)
...
005 (053.007.000) 03/04 13:15:09 Job terminated.
	(1) Normal termination (return value 0)
		Usr 0 00:03:42, Sys 0 00:00:01  -  Run Remote Usage
		Usr 0 00:00:00, Sys 0 00:00:00  -  Run Local Usage
		Usr 0 00:03:42, Sys 0 00:00:01  -  Total Remote Usage
		Usr 0 00:00:00, Sys 0 00:00:00  -  Total Local Usage
	0  -  Run Bytes Sent By Job
	0  -  Run Bytes Received By Job
	0  -  Total Bytes Sent By Job
	0  -  Total Bytes Received By Job
	Partitionable Resources :    Usage  Request Allocated
	   Cpus                 :                 1         1
	   Disk (KB)            :       10       10   7540593
	   Gpus                 :                           0
	   Memory (MB)          :      262        1      4027
...
000 (073.007.000) 03/04 13:47:39 Job submitted from host: <128.83.130.128:56193>
...
001 (073.007.000) 03/04 13:47:49 Job executing on host: <128.83.139.150:52130>
...
006 (073.007.000) 03/04 13:47:58 Image size of job updated: 37701116
	238  -  MemoryUsage of job (MB)
	243040  -  ResidentSetSize of job (KB)
...
004 (073.007.000) 03/04 13:49:09 Job was evicted.
	(0) Job was not checkpointed.
		Usr 0 00:01:22, Sys 0 00:00:00  -  Run Remote Usage
		Usr 0 00:00:00, Sys 0 00:00:00  -  Run Local Usage
	0  -  Run Bytes Sent By Job
	0  -  Run Bytes Received By Job
	Partitionable Resources :    Usage  Request Allocated
	   Cpus                 :                 1         1
	   Disk (KB)            :       10       10   7540596
	   Gpus                 :                           0
	   Memory (MB)          :      238        1      4027
...
009 (073.007.000) 03/04 13:49:11 Job was aborted by the user.
	via condor_rm (by user harshal)
...
000 (095.007.000) 03/04 13:50:12 Job submitted from host: <128.83.130.128:56193>
...
001 (095.007.000) 03/04 13:50:24 Job executing on host: <128.83.120.18:58771>
...
006 (095.007.000) 03/04 13:50:32 Image size of job updated: 102588
	3  -  MemoryUsage of job (MB)
	2256  -  ResidentSetSize of job (KB)
...
006 (095.007.000) 03/04 13:53:21 Image size of job updated: 30202404
	3  -  MemoryUsage of job (MB)
	2256  -  ResidentSetSize of job (KB)
...
005 (095.007.000) 03/04 13:53:21 Job terminated.
	(1) Normal termination (return value 0)
		Usr 0 00:03:36, Sys 0 00:00:01  -  Run Remote Usage
		Usr 0 00:00:00, Sys 0 00:00:00  -  Run Local Usage
		Usr 0 00:03:36, Sys 0 00:00:01  -  Total Remote Usage
		Usr 0 00:00:00, Sys 0 00:00:00  -  Total Local Usage
	0  -  Run Bytes Sent By Job
	0  -  Run Bytes Received By Job
	0  -  Total Bytes Sent By Job
	0  -  Total Bytes Received By Job
	Partitionable Resources :    Usage  Request Allocated
	   Cpus                 :                 1         1
	   Disk (KB)            :       10       10   8863364
	   Gpus                 :                           0
	   Memory (MB)          :        3        1      4028
...
000 (119.007.000) 03/04 14:25:13 Job submitted from host: <128.83.130.128:56193>
...
001 (119.007.000) 03/04 14:25:22 Job executing on host: <128.83.139.150:52130>
...
006 (119.007.000) 03/04 14:25:31 Image size of job updated: 37701116
	255  -  MemoryUsage of job (MB)
	260552  -  ResidentSetSize of job (KB)
...
005 (119.007.000) 03/04 14:28:57 Job terminated.
	(1) Normal termination (return value 0)
		Usr 0 00:03:28, Sys 0 00:00:01  -  Run Remote Usage
		Usr 0 00:00:00, Sys 0 00:00:00  -  Run Local Usage
		Usr 0 00:03:28, Sys 0 00:00:01  -  Total Remote Usage
		Usr 0 00:00:00, Sys 0 00:00:00  -  Total Local Usage
	0  -  Run Bytes Sent By Job
	0  -  Run Bytes Received By Job
	0  -  Total Bytes Sent By Job
	0  -  Total Bytes Received By Job
	Partitionable Resources :    Usage  Request Allocated
	   Cpus                 :                 1         1
	   Disk (KB)            :       10       10   7539831
	   Gpus                 :                           0
	   Memory (MB)          :      255        1      4027
...
