000 (011.000.000) 03/04 12:55:05 Job submitted from host: <128.83.130.128:56193>
...
001 (011.000.000) 03/04 12:55:15 Job executing on host: <128.83.139.150:52130>
...
006 (011.000.000) 03/04 12:55:23 Image size of job updated: 37701116
	233  -  MemoryUsage of job (MB)
	238372  -  ResidentSetSize of job (KB)
...
004 (011.000.000) 03/04 12:58:32 Job was evicted.
	(0) Job was not checkpointed.
		Usr 0 00:05:09, Sys 0 00:00:01  -  Run Remote Usage
		Usr 0 00:00:00, Sys 0 00:00:00  -  Run Local Usage
	0  -  Run Bytes Sent By Job
	0  -  Run Bytes Received By Job
	Partitionable Resources :    Usage  Request Allocated
	   Cpus                 :                 1         1
	   Disk (KB)            :       10       10   7540597
	   Gpus                 :                           0
	   Memory (MB)          :      233        1      4027
...
009 (011.000.000) 03/04 12:58:33 Job was aborted by the user.
	via condor_rm (by user harshal)
...
000 (031.000.000) 03/04 13:04:18 Job submitted from host: <128.83.130.128:56193>
...
001 (031.000.000) 03/04 13:04:28 Job executing on host: <128.83.139.150:52130>
...
006 (031.000.000) 03/04 13:04:37 Image size of job updated: 37701116
	300  -  MemoryUsage of job (MB)
	306224  -  ResidentSetSize of job (KB)
...
005 (031.000.000) 03/04 13:08:35 Job terminated.
	(1) Normal termination (return value 0)
		Usr 0 00:08:10, Sys 0 00:00:00  -  Run Remote Usage
		Usr 0 00:00:00, Sys 0 00:00:00  -  Run Local Usage
		Usr 0 00:08:10, Sys 0 00:00:00  -  Total Remote Usage
		Usr 0 00:00:00, Sys 0 00:00:00  -  Total Local Usage
	0  -  Run Bytes Sent By Job
	0  -  Run Bytes Received By Job
	0  -  Total Bytes Sent By Job
	0  -  Total Bytes Received By Job
	Partitionable Resources :    Usage  Request Allocated
	   Cpus                 :                 1         1
	   Disk (KB)            :       10       10   7540596
	   Gpus                 :                           0
	   Memory (MB)          :      300        1      4027
...
000 (051.000.000) 03/04 13:12:12 Job submitted from host: <128.83.130.128:56193>
...
001 (051.000.000) 03/04 13:12:25 Job executing on host: <128.83.144.84:41463>
...
006 (051.000.000) 03/04 13:12:33 Image size of job updated: 37701116
	268  -  MemoryUsage of job (MB)
	273688  -  ResidentSetSize of job (KB)
...
005 (051.000.000) 03/04 13:16:31 Job terminated.
	(1) Normal termination (return value 0)
		Usr 0 00:08:11, Sys 0 00:00:01  -  Run Remote Usage
		Usr 0 00:00:00, Sys 0 00:00:00  -  Run Local Usage
		Usr 0 00:08:11, Sys 0 00:00:01  -  Total Remote Usage
		Usr 0 00:00:00, Sys 0 00:00:00  -  Total Local Usage
	0  -  Run Bytes Sent By Job
	0  -  Run Bytes Received By Job
	0  -  Total Bytes Sent By Job
	0  -  Total Bytes Received By Job
	Partitionable Resources :    Usage  Request Allocated
	   Cpus                 :                 1         1
	   Disk (KB)            :       10       10   7541874
	   Gpus                 :                           0
	   Memory (MB)          :      268        1      4027
...
000 (071.000.000) 03/04 13:47:39 Job submitted from host: <128.83.130.128:56193>
...
001 (071.000.000) 03/04 13:47:51 Job executing on host: <128.83.144.84:41463>
...
006 (071.000.000) 03/04 13:47:59 Image size of job updated: 37701116
	230  -  MemoryUsage of job (MB)
	235520  -  ResidentSetSize of job (KB)
...
004 (071.000.000) 03/04 13:49:09 Job was evicted.
	(0) Job was not checkpointed.
		Usr 0 00:01:51, Sys 0 00:00:00  -  Run Remote Usage
		Usr 0 00:00:00, Sys 0 00:00:00  -  Run Local Usage
	0  -  Run Bytes Sent By Job
	0  -  Run Bytes Received By Job
	Partitionable Resources :    Usage  Request Allocated
	   Cpus                 :                 1         1
	   Disk (KB)            :       10       10   7541873
	   Gpus                 :                           0
	   Memory (MB)          :      230        1      4027
...
009 (071.000.000) 03/04 13:49:11 Job was aborted by the user.
	via condor_rm (by user harshal)
...
000 (093.000.000) 03/04 13:50:12 Job submitted from host: <128.83.130.128:56193>
...
001 (093.000.000) 03/04 13:50:21 Job executing on host: <128.83.139.150:52130>
...
006 (093.000.000) 03/04 13:50:30 Image size of job updated: 37701116
	313  -  MemoryUsage of job (MB)
	319808  -  ResidentSetSize of job (KB)
...
006 (093.000.000) 03/04 13:54:11 Image size of job updated: 37703000
	313  -  MemoryUsage of job (MB)
	319808  -  ResidentSetSize of job (KB)
...
005 (093.000.000) 03/04 13:54:11 Job terminated.
	(1) Normal termination (return value 0)
		Usr 0 00:08:13, Sys 0 00:00:01  -  Run Remote Usage
		Usr 0 00:00:00, Sys 0 00:00:00  -  Run Local Usage
		Usr 0 00:08:13, Sys 0 00:00:01  -  Total Remote Usage
		Usr 0 00:00:00, Sys 0 00:00:00  -  Total Local Usage
	0  -  Run Bytes Sent By Job
	0  -  Run Bytes Received By Job
	0  -  Total Bytes Sent By Job
	0  -  Total Bytes Received By Job
	Partitionable Resources :    Usage  Request Allocated
	   Cpus                 :                 1         1
	   Disk (KB)            :       10       10   7540596
	   Gpus                 :                           0
	   Memory (MB)          :      313        1      4027
...
000 (117.000.000) 03/04 14:25:13 Job submitted from host: <128.83.130.128:56193>
...
001 (117.000.000) 03/04 14:25:24 Job executing on host: <128.83.144.168:32955>
...
006 (117.000.000) 03/04 14:25:32 Image size of job updated: 37701116
	254  -  MemoryUsage of job (MB)
	259560  -  ResidentSetSize of job (KB)
...
006 (117.000.000) 03/04 14:30:32 Image size of job updated: 37701116
	2146  -  MemoryUsage of job (MB)
	2196988  -  ResidentSetSize of job (KB)
...
005 (117.000.000) 03/04 14:31:37 Job terminated.
	(1) Normal termination (return value 0)
		Usr 0 00:07:54, Sys 0 00:00:01  -  Run Remote Usage
		Usr 0 00:00:00, Sys 0 00:00:00  -  Run Local Usage
		Usr 0 00:07:54, Sys 0 00:00:01  -  Total Remote Usage
		Usr 0 00:00:00, Sys 0 00:00:00  -  Total Local Usage
	0  -  Run Bytes Sent By Job
	0  -  Run Bytes Received By Job
	0  -  Total Bytes Sent By Job
	0  -  Total Bytes Received By Job
	Partitionable Resources :    Usage  Request Allocated
	   Cpus                 :                 1         1
	   Disk (KB)            :       10       10   7541874
	   Gpus                 :                           0
	   Memory (MB)          :     2146        1      4027
...
