000 (011.006.000) 03/04 12:55:05 Job submitted from host: <128.83.130.128:56193>
...
001 (011.006.000) 03/04 12:55:16 Job executing on host: <128.83.139.150:52130>
...
006 (011.006.000) 03/04 12:55:26 Image size of job updated: 37701116
	234  -  MemoryUsage of job (MB)
	238668  -  ResidentSetSize of job (KB)
...
005 (011.006.000) 03/04 12:58:07 Job terminated.
	(1) Normal termination (return value 0)
		Usr 0 00:04:08, Sys 0 00:00:00  -  Run Remote Usage
		Usr 0 00:00:00, Sys 0 00:00:00  -  Run Local Usage
		Usr 0 00:04:08, Sys 0 00:00:00  -  Total Remote Usage
		Usr 0 00:00:00, Sys 0 00:00:00  -  Total Local Usage
	0  -  Run Bytes Sent By Job
	0  -  Run Bytes Received By Job
	0  -  Total Bytes Sent By Job
	0  -  Total Bytes Received By Job
	Partitionable Resources :    Usage  Request Allocated
	   Cpus                 :                 1         1
	   Disk (KB)            :       10       10   7540597
	   Gpus                 :                           0
	   Memory (MB)          :      234        1      4027
...
000 (031.006.000) 03/04 13:04:18 Job submitted from host: <128.83.130.128:56193>
...
001 (031.006.000) 03/04 13:04:29 Job executing on host: <128.83.139.150:52130>
...
006 (031.006.000) 03/04 13:04:38 Image size of job updated: 37701116
	235  -  MemoryUsage of job (MB)
	240596  -  ResidentSetSize of job (KB)
...
005 (031.006.000) 03/04 13:07:13 Job terminated.
	(1) Normal termination (return value 0)
		Usr 0 00:04:25, Sys 0 00:00:01  -  Run Remote Usage
		Usr 0 00:00:00, Sys 0 00:00:00  -  Run Local Usage
		Usr 0 00:04:25, Sys 0 00:00:01  -  Total Remote Usage
		Usr 0 00:00:00, Sys 0 00:00:00  -  Total Local Usage
	0  -  Run Bytes Sent By Job
	0  -  Run Bytes Received By Job
	0  -  Total Bytes Sent By Job
	0  -  Total Bytes Received By Job
	Partitionable Resources :    Usage  Request Allocated
	   Cpus                 :                 1         1
	   Disk (KB)            :       10       10   7540596
	   Gpus                 :                           0
	   Memory (MB)          :      235        1      4027
...
000 (051.006.000) 03/04 13:12:12 Job submitted from host: <128.83.130.128:56193>
...
001 (051.006.000) 03/04 13:12:26 Job executing on host: <128.83.144.84:41463>
...
006 (051.006.000) 03/04 13:12:35 Image size of job updated: 37701116
	252  -  MemoryUsage of job (MB)
	257952  -  ResidentSetSize of job (KB)
...
006 (051.006.000) 03/04 13:15:16 Image size of job updated: 37703000
	252  -  MemoryUsage of job (MB)
	257952  -  ResidentSetSize of job (KB)
...
005 (051.006.000) 03/04 13:15:16 Job terminated.
	(1) Normal termination (return value 0)
		Usr 0 00:04:10, Sys 0 00:00:00  -  Run Remote Usage
		Usr 0 00:00:00, Sys 0 00:00:00  -  Run Local Usage
		Usr 0 00:04:10, Sys 0 00:00:00  -  Total Remote Usage
		Usr 0 00:00:00, Sys 0 00:00:00  -  Total Local Usage
	0  -  Run Bytes Sent By Job
	0  -  Run Bytes Received By Job
	0  -  Total Bytes Sent By Job
	0  -  Total Bytes Received By Job
	Partitionable Resources :    Usage  Request Allocated
	   Cpus                 :                 1         1
	   Disk (KB)            :       10       10   7541874
	   Gpus                 :                           0
	   Memory (MB)          :      252        1      4027
...
000 (071.006.000) 03/04 13:47:39 Job submitted from host: <128.83.130.128:56193>
...
001 (071.006.000) 03/04 13:47:51 Job executing on host: <128.83.144.84:41463>
...
006 (071.006.000) 03/04 13:48:00 Image size of job updated: 37701116
	231  -  MemoryUsage of job (MB)
	235976  -  ResidentSetSize of job (KB)
...
006 (071.006.000) 03/04 13:49:09 Image size of job updated: 37834244
	231  -  MemoryUsage of job (MB)
	235976  -  ResidentSetSize of job (KB)
...
004 (071.006.000) 03/04 13:49:09 Job was evicted.
	(0) Job was not checkpointed.
		Usr 0 00:01:47, Sys 0 00:00:00  -  Run Remote Usage
		Usr 0 00:00:00, Sys 0 00:00:00  -  Run Local Usage
	0  -  Run Bytes Sent By Job
	0  -  Run Bytes Received By Job
	Partitionable Resources :    Usage  Request Allocated
	   Cpus                 :                 1         1
	   Disk (KB)            :       10       10   7541873
	   Gpus                 :                           0
	   Memory (MB)          :      231        1      4027
...
009 (071.006.000) 03/04 13:49:10 Job was aborted by the user.
	via condor_rm (by user harshal)
...
000 (093.006.000) 03/04 13:50:12 Job submitted from host: <128.83.130.128:56193>
...
001 (093.006.000) 03/04 13:50:22 Job executing on host: <128.83.139.150:52130>
...
006 (093.006.000) 03/04 13:50:30 Image size of job updated: 37701116
	252  -  MemoryUsage of job (MB)
	257376  -  ResidentSetSize of job (KB)
...
005 (093.006.000) 03/04 13:52:49 Job terminated.
	(1) Normal termination (return value 0)
		Usr 0 00:04:45, Sys 0 00:00:01  -  Run Remote Usage
		Usr 0 00:00:00, Sys 0 00:00:00  -  Run Local Usage
		Usr 0 00:04:45, Sys 0 00:00:01  -  Total Remote Usage
		Usr 0 00:00:00, Sys 0 00:00:00  -  Total Local Usage
	0  -  Run Bytes Sent By Job
	0  -  Run Bytes Received By Job
	0  -  Total Bytes Sent By Job
	0  -  Total Bytes Received By Job
	Partitionable Resources :    Usage  Request Allocated
	   Cpus                 :                 1         1
	   Disk (KB)            :       10       10   7540596
	   Gpus                 :                           0
	   Memory (MB)          :      252        1      4027
...
000 (117.006.000) 03/04 14:25:13 Job submitted from host: <128.83.130.128:56193>
...
001 (117.006.000) 03/04 14:25:26 Job executing on host: <128.83.144.168:32955>
...
006 (117.006.000) 03/04 14:25:34 Image size of job updated: 37702752
	222  -  MemoryUsage of job (MB)
	226844  -  ResidentSetSize of job (KB)
...
005 (117.006.000) 03/04 14:29:36 Job terminated.
	(1) Normal termination (return value 0)
		Usr 0 00:04:11, Sys 0 00:00:01  -  Run Remote Usage
		Usr 0 00:00:00, Sys 0 00:00:00  -  Run Local Usage
		Usr 0 00:04:11, Sys 0 00:00:01  -  Total Remote Usage
		Usr 0 00:00:00, Sys 0 00:00:00  -  Total Local Usage
	0  -  Run Bytes Sent By Job
	0  -  Run Bytes Received By Job
	0  -  Total Bytes Sent By Job
	0  -  Total Bytes Received By Job
	Partitionable Resources :    Usage  Request Allocated
	   Cpus                 :                 1         1
	   Disk (KB)            :       10       10   7541874
	   Gpus                 :                           0
	   Memory (MB)          :      222        1      4027
...
