000 (011.008.000) 03/04 12:55:05 Job submitted from host: <128.83.130.128:56193>
...
001 (011.008.000) 03/04 12:55:16 Job executing on host: <128.83.139.150:52130>
...
006 (011.008.000) 03/04 12:55:25 Image size of job updated: 37701116
	207  -  MemoryUsage of job (MB)
	211688  -  ResidentSetSize of job (KB)
...
006 (011.008.000) 03/04 12:58:32 Image size of job updated: 37767680
	207  -  MemoryUsage of job (MB)
	211688  -  ResidentSetSize of job (KB)
...
004 (011.008.000) 03/04 12:58:32 Job was evicted.
	(0) Job was not checkpointed.
		Usr 0 00:05:22, Sys 0 00:00:01  -  Run Remote Usage
		Usr 0 00:00:00, Sys 0 00:00:00  -  Run Local Usage
	0  -  Run Bytes Sent By Job
	0  -  Run Bytes Received By Job
	Partitionable Resources :    Usage  Request Allocated
	   Cpus                 :                 1         1
	   Disk (KB)            :       10       10   7540597
	   Gpus                 :                           0
	   Memory (MB)          :      207        1      4027
...
009 (011.008.000) 03/04 12:58:33 Job was aborted by the user.
	via condor_rm (by user harshal)
...
000 (031.008.000) 03/04 13:04:18 Job submitted from host: <128.83.130.128:56193>
...
001 (031.008.000) 03/04 13:04:29 Job executing on host: <128.83.139.150:52130>
...
006 (031.008.000) 03/04 13:04:38 Image size of job updated: 37702832
	240  -  MemoryUsage of job (MB)
	245588  -  ResidentSetSize of job (KB)
...
005 (031.008.000) 03/04 13:07:54 Job terminated.
	(1) Normal termination (return value 0)
		Usr 0 00:06:09, Sys 0 00:00:01  -  Run Remote Usage
		Usr 0 00:00:00, Sys 0 00:00:00  -  Run Local Usage
		Usr 0 00:06:09, Sys 0 00:00:01  -  Total Remote Usage
		Usr 0 00:00:00, Sys 0 00:00:00  -  Total Local Usage
	0  -  Run Bytes Sent By Job
	0  -  Run Bytes Received By Job
	0  -  Total Bytes Sent By Job
	0  -  Total Bytes Received By Job
	Partitionable Resources :    Usage  Request Allocated
	   Cpus                 :                 1         1
	   Disk (KB)            :       10       10   7540596
	   Gpus                 :                           0
	   Memory (MB)          :      240        1      4027
...
000 (051.008.000) 03/04 13:12:12 Job submitted from host: <128.83.130.128:56193>
...
001 (051.008.000) 03/04 13:12:26 Job executing on host: <128.83.144.84:41463>
...
006 (051.008.000) 03/04 13:12:35 Image size of job updated: 37701116
	279  -  MemoryUsage of job (MB)
	284820  -  ResidentSetSize of job (KB)
...
005 (051.008.000) 03/04 13:15:55 Job terminated.
	(1) Normal termination (return value 0)
		Usr 0 00:05:51, Sys 0 00:00:01  -  Run Remote Usage
		Usr 0 00:00:00, Sys 0 00:00:00  -  Run Local Usage
		Usr 0 00:05:51, Sys 0 00:00:01  -  Total Remote Usage
		Usr 0 00:00:00, Sys 0 00:00:00  -  Total Local Usage
	0  -  Run Bytes Sent By Job
	0  -  Run Bytes Received By Job
	0  -  Total Bytes Sent By Job
	0  -  Total Bytes Received By Job
	Partitionable Resources :    Usage  Request Allocated
	   Cpus                 :                 1         1
	   Disk (KB)            :       10       10   7541874
	   Gpus                 :                           0
	   Memory (MB)          :      279        1      4027
...
000 (071.008.000) 03/04 13:47:39 Job submitted from host: <128.83.130.128:56193>
...
001 (071.008.000) 03/04 13:47:51 Job executing on host: <128.83.144.84:41463>
...
006 (071.008.000) 03/04 13:48:00 Image size of job updated: 37701116
	250  -  MemoryUsage of job (MB)
	255364  -  ResidentSetSize of job (KB)
...
004 (071.008.000) 03/04 13:49:09 Job was evicted.
	(0) Job was not checkpointed.
		Usr 0 00:01:46, Sys 0 00:00:00  -  Run Remote Usage
		Usr 0 00:00:00, Sys 0 00:00:00  -  Run Local Usage
	0  -  Run Bytes Sent By Job
	0  -  Run Bytes Received By Job
	Partitionable Resources :    Usage  Request Allocated
	   Cpus                 :                 1         1
	   Disk (KB)            :       10       10   7541873
	   Gpus                 :                           0
	   Memory (MB)          :      250        1      4027
...
009 (071.008.000) 03/04 13:49:10 Job was aborted by the user.
	via condor_rm (by user harshal)
...
000 (093.008.000) 03/04 13:50:12 Job submitted from host: <128.83.130.128:56193>
...
001 (093.008.000) 03/04 13:50:22 Job executing on host: <128.83.139.150:52130>
...
006 (093.008.000) 03/04 13:50:31 Image size of job updated: 37701116
	269  -  MemoryUsage of job (MB)
	275188  -  ResidentSetSize of job (KB)
...
005 (093.008.000) 03/04 13:53:24 Job terminated.
	(1) Normal termination (return value 0)
		Usr 0 00:05:52, Sys 0 00:00:01  -  Run Remote Usage
		Usr 0 00:00:00, Sys 0 00:00:00  -  Run Local Usage
		Usr 0 00:05:52, Sys 0 00:00:01  -  Total Remote Usage
		Usr 0 00:00:00, Sys 0 00:00:00  -  Total Local Usage
	0  -  Run Bytes Sent By Job
	0  -  Run Bytes Received By Job
	0  -  Total Bytes Sent By Job
	0  -  Total Bytes Received By Job
	Partitionable Resources :    Usage  Request Allocated
	   Cpus                 :                 1         1
	   Disk (KB)            :       10       10   7540596
	   Gpus                 :                           0
	   Memory (MB)          :      269        1      4027
...
000 (117.008.000) 03/04 14:25:13 Job submitted from host: <128.83.130.128:56193>
...
001 (117.008.000) 03/04 14:25:26 Job executing on host: <128.83.144.168:32955>
...
006 (117.008.000) 03/04 14:25:34 Image size of job updated: 37703144
	215  -  MemoryUsage of job (MB)
	219840  -  ResidentSetSize of job (KB)
...
006 (117.008.000) 03/04 14:30:34 Image size of job updated: 37703544
	4206  -  MemoryUsage of job (MB)
	4306804  -  ResidentSetSize of job (KB)
...
005 (117.008.000) 03/04 14:30:35 Job terminated.
	(1) Normal termination (return value 0)
		Usr 0 00:05:50, Sys 0 00:00:01  -  Run Remote Usage
		Usr 0 00:00:00, Sys 0 00:00:00  -  Run Local Usage
		Usr 0 00:05:50, Sys 0 00:00:01  -  Total Remote Usage
		Usr 0 00:00:00, Sys 0 00:00:00  -  Total Local Usage
	0  -  Run Bytes Sent By Job
	0  -  Run Bytes Received By Job
	0  -  Total Bytes Sent By Job
	0  -  Total Bytes Received By Job
	Partitionable Resources :    Usage  Request Allocated
	   Cpus                 :                 1         1
	   Disk (KB)            :       10       10   7541874
	   Gpus                 :                           0
	   Memory (MB)          :     4206        1      4027
...
